#
# There is insufficient memory for the Java Runtime Environment to continue.
# Native memory allocation (malloc) failed to allocate 32744 bytes for ChunkPool::allocate
# Possible reasons:
#   The system is out of physical RAM or swap space
#   The process is running with CompressedOops enabled, and the Java Heap may be blocking the growth of the native heap
# Possible solutions:
#   Reduce memory load on the system
#   Increase physical memory or swap space
#   Check if swap backing store is full
#   Decrease Java heap size (-Xmx/-Xms)
#   Decrease number of Java threads
#   Decrease Java thread stack sizes (-Xss)
#   Set larger code cache with -XX:ReservedCodeCacheSize=
#   JVM is running with Unscaled Compressed Oops mode in which the Java heap is
#     placed in the first 4GB address space. The Java Heap base address is the
#     maximum limit for the native heap growth. Please use -XX:HeapBaseMinAddress
#     to set the Java Heap base and to place the Java Heap above 4GB virtual address.
# This output file may be truncated or incomplete.
#
#  Out of Memory Error (./src/hotspot/share/memory/arena.cpp:81), pid=4440, tid=4432
#
# JRE version: OpenJDK Runtime Environment Temurin-11.0.12+7 (11.0.12+7) (build 11.0.12+7)
# Java VM: OpenJDK 64-Bit Server VM Temurin-11.0.12+7 (11.0.12+7, mixed mode, tiered, compressed oops, g1 gc, windows-amd64)
# No core dump will be written. Minidumps are not enabled by default on client versions of Windows
#

---------------  S U M M A R Y ------------

Command Line: -Dclassworlds.conf=C:\Users\usuario_devops\.m2\wrapper\dists\apache-maven-3.6.3-bin\1iopthnavndlasol9gbrbg6bf2\apache-maven-3.6.3\bin\..\bin\m2.conf -Dmaven.home=C:\Users\usuario_devops\.m2\wrapper\dists\apache-maven-3.6.3-bin\1iopthnavndlasol9gbrbg6bf2\apache-maven-3.6.3\bin\.. -Dlibrary.jansi.path=C:\Users\usuario_devops\.m2\wrapper\dists\apache-maven-3.6.3-bin\1iopthnavndlasol9gbrbg6bf2\apache-maven-3.6.3\bin\..\lib\jansi-native -Dmaven.multiModuleProjectDirectory=C:\Users\usuario_devops\Desktop\deisw-spring-onewebs org.codehaus.plexus.classworlds.launcher.Launcher test -Dtest=pe.edu.upc.onewebs.ui.CrearUsuarioTest

Host: Intel(R) Xeon(R) Platinum 8171M CPU @ 2.60GHz, 2 cores, 7G,  Windows 10 , 64 bit Build 19041 (10.0.19041.1202)
Time: Wed Nov  3 21:00:52 2021 Coordinated Universal Time elapsed time: 17.468687 seconds (0d 0h 0m 17s)

---------------  T H R E A D  ---------------

Current thread (0x0000016d6b5f1000):  VMThread "VM Thread" [stack: 0x0000005f06b00000,0x0000005f06c00000] [id=4432] _threads_hazard_ptr=0x0000016d704edad0

Stack: [0x0000005f06b00000,0x0000005f06c00000]
[error occurred during error reporting (printing stack bounds), id 0xc0000005, EXCEPTION_ACCESS_VIOLATION (0xc0000005) at pc=0x0000016d551c112d]

Native frames: (J=compiled Java code, j=interpreted, Vv=VM code, C=native code)
V  [jvm.dll+0x601d0a]
V  [jvm.dll+0x78ab6e]
V  [jvm.dll+0x78c23f]
V  [jvm.dll+0x78c865]
V  [jvm.dll+0x78c81b]
V  [jvm.dll+0x6011f3]
V  [jvm.dll+0x601908]
C  [ntdll.dll+0xa20cf]
C  [ntdll.dll+0x51454]
C  [ntdll.dll+0xa0bfe]
C  0x0000016d551c112d

VM_Operation (0x0000005f080fc2c0): BulkRevokeBias, mode: safepoint, requested by thread 0x0000016d6d44a800


---------------  P R O C E S S  ---------------

Threads class SMR info:
_java_thread_list=0x0000016d704edad0, length=21, elements={
0x0000016d4ca8b800, 0x0000016d6b5f3800, 0x0000016d6b5ff800, 0x0000016d6b611800,
0x0000016d6b613800, 0x0000016d6b615000, 0x0000016d6b619800, 0x0000016d6b622800,
0x0000016d6b635000, 0x0000016d6c0eb000, 0x0000016d70a60800, 0x0000016d6f3a7800,
0x0000016d6f438000, 0x0000016d6f438800, 0x0000016d6d7fe800, 0x0000016d6e8d6000,
0x0000016d70500000, 0x0000016d6f332800, 0x0000016d70126800, 0x0000016d6d44a800,
0x0000016d6d44e800
}

Java Threads: ( => current thread )
  0x0000016d4ca8b800 JavaThread "main" [_thread_in_native, id=4668, stack(0x0000005f06500000,0x0000005f06600000)]
  0x0000016d6b5f3800 JavaThread "Reference Handler" daemon [_thread_blocked, id=1520, stack(0x0000005f06c00000,0x0000005f06d00000)]
  0x0000016d6b5ff800 JavaThread "Finalizer" daemon [_thread_blocked, id=8548, stack(0x0000005f06d00000,0x0000005f06e00000)]
  0x0000016d6b611800 JavaThread "Signal Dispatcher" daemon [_thread_blocked, id=8204, stack(0x0000005f06e00000,0x0000005f06f00000)]
  0x0000016d6b613800 JavaThread "Attach Listener" daemon [_thread_blocked, id=11184, stack(0x0000005f06f00000,0x0000005f07000000)]
  0x0000016d6b615000 JavaThread "Service Thread" daemon [_thread_blocked, id=392, stack(0x0000005f07000000,0x0000005f07100000)]
  0x0000016d6b619800 JavaThread "C2 CompilerThread0" daemon [_thread_in_native, id=10264, stack(0x0000005f07100000,0x0000005f07200000)]
  0x0000016d6b622800 JavaThread "C1 CompilerThread0" daemon [_thread_blocked, id=5240, stack(0x0000005f07200000,0x0000005f07300000)]
  0x0000016d6b635000 JavaThread "Sweeper thread" daemon [_thread_blocked, id=5780, stack(0x0000005f07300000,0x0000005f07400000)]
  0x0000016d6c0eb000 JavaThread "Common-Cleaner" daemon [_thread_blocked, id=7140, stack(0x0000005f07500000,0x0000005f07600000)]
  0x0000016d70a60800 JavaThread "resolver-1" daemon [_thread_blocked, id=3788, stack(0x0000005f07700000,0x0000005f07800000)]
  0x0000016d6f3a7800 JavaThread "resolver-2" daemon [_thread_blocked, id=11008, stack(0x0000005f07800000,0x0000005f07900000)]
  0x0000016d6f438000 JavaThread "resolver-3" daemon [_thread_blocked, id=3916, stack(0x0000005f07900000,0x0000005f07a00000)]
  0x0000016d6f438800 JavaThread "resolver-4" daemon [_thread_blocked, id=5472, stack(0x0000005f07a00000,0x0000005f07b00000)]
  0x0000016d6d7fe800 JavaThread "resolver-5" daemon [_thread_blocked, id=9628, stack(0x0000005f07b00000,0x0000005f07c00000)]
  0x0000016d6e8d6000 JavaThread "timeout-check-timer" daemon [_thread_blocked, id=10356, stack(0x0000005f07c00000,0x0000005f07d00000)]
  0x0000016d70500000 JavaThread "ping-timer-10s" daemon [_thread_blocked, id=9228, stack(0x0000005f07d00000,0x0000005f07e00000)]
  0x0000016d6f332800 JavaThread "ThreadedStreamConsumer" daemon [_thread_blocked, id=10808, stack(0x0000005f07e00000,0x0000005f07f00000)]
  0x0000016d70126800 JavaThread "std-in-fork-1" daemon [_thread_blocked, id=9536, stack(0x0000005f07f00000,0x0000005f08000000)]
  0x0000016d6d44a800 JavaThread "fork-1-event-thread" daemon [_thread_blocked, id=2428, stack(0x0000005f08000000,0x0000005f08100000)]
  0x0000016d6d44e800 JavaThread "fork-1-err-thread" daemon [_thread_in_native, id=2764, stack(0x0000005f08100000,0x0000005f08200000)]

Other Threads:
=>0x0000016d6b5f1000 VMThread "VM Thread" [stack: 0x0000005f06b00000,0x0000005f06c00000] [id=4432] _threads_hazard_ptr=0x0000016d704edad0
  0x0000016d6c0e6800 WatcherThread [stack: 0x0000005f07400000,0x0000005f07500000] [id=11164]
  0x0000016d4caa4800 GCTaskThread "GC Thread#0" [stack: 0x0000005f06600000,0x0000005f06700000] [id=10016]
  0x0000016d6c48b000 GCTaskThread "GC Thread#1" [stack: 0x0000005f07600000,0x0000005f07700000] [id=9788]
  0x0000016d4cad4000 ConcurrentGCThread "G1 Main Marker" [stack: 0x0000005f06700000,0x0000005f06800000] [id=6636]
  0x0000016d4cad6800 ConcurrentGCThread "G1 Conc#0" [stack: 0x0000005f06800000,0x0000005f06900000] [id=1616]
  0x0000016d4cb60000 ConcurrentGCThread "G1 Refine#0" [stack: 0x0000005f06900000,0x0000005f06a00000] [id=10432]
  0x0000016d4cb61000 ConcurrentGCThread "G1 Young RemSet Sampling" [stack: 0x0000005f06a00000,0x0000005f06b00000] [id=476]

Threads with active compile tasks:
C2 CompilerThread0  17488 7113   !   4       jdk.internal.loader.BuiltinClassLoader::loadClassOrNull (143 bytes)

VM state:at safepoint (normal execution)

VM Mutex/Monitor currently owned by a thread:  ([mutex/lock_event])
[0x0000016d4ca887b0] Threads_lock - owner thread: 0x0000016d6b5f1000

Heap address: 0x0000000080000000, size: 2048 MB, Compressed Oops mode: 32-bit
Narrow klass base: 0x0000000000000000, Narrow klass shift: 3
Compressed class space size: 1073741824 Address: 0x0000000100000000

Heap:
 garbage-first heap   total 247808K, used 79360K [0x0000000080000000, 0x0000000100000000)
  region size 1024K, 28 young (28672K), 5 survivors (5120K)
 Metaspace       used 39731K, capacity 40643K, committed 40732K, reserved 1085440K
  class space    used 4145K, capacity 4474K, committed 4480K, reserved 1048576K
Heap Regions: E=young(eden), S=young(survivor), O=old, HS=humongous(starts), HC=humongous(continues), CS=collection set, F=free, A=archive, TAMS=top-at-mark-start (previous, next)
|   0|0x0000000080000000, 0x0000000080100000, 0x0000000080100000|100%| O|  |TAMS 0x0000000080100000, 0x0000000080000000| Untracked 
|   1|0x0000000080100000, 0x0000000080200000, 0x0000000080200000|100%| O|  |TAMS 0x0000000080200000, 0x0000000080100000| Untracked 
|   2|0x0000000080200000, 0x0000000080300000, 0x0000000080300000|100%| O|  |TAMS 0x0000000080300000, 0x0000000080200000| Untracked 
|   3|0x0000000080300000, 0x0000000080400000, 0x0000000080400000|100%| O|  |TAMS 0x0000000080400000, 0x0000000080300000| Untracked 
|   4|0x0000000080400000, 0x0000000080500000, 0x0000000080500000|100%| O|  |TAMS 0x0000000080500000, 0x0000000080400000| Untracked 
|   5|0x0000000080500000, 0x0000000080600000, 0x0000000080600000|100%| O|  |TAMS 0x0000000080600000, 0x0000000080500000| Untracked 
|   6|0x0000000080600000, 0x0000000080700000, 0x0000000080700000|100%| O|  |TAMS 0x0000000080700000, 0x0000000080600000| Untracked 
|   7|0x0000000080700000, 0x0000000080800000, 0x0000000080800000|100%| O|  |TAMS 0x0000000080800000, 0x0000000080700000| Untracked 
|   8|0x0000000080800000, 0x0000000080900000, 0x0000000080900000|100%| O|  |TAMS 0x0000000080900000, 0x0000000080800000| Untracked 
|   9|0x0000000080900000, 0x0000000080a00000, 0x0000000080a00000|100%| O|  |TAMS 0x0000000080a00000, 0x0000000080900000| Untracked 
|  10|0x0000000080a00000, 0x0000000080b00000, 0x0000000080b00000|100%|HS|  |TAMS 0x0000000080b00000, 0x0000000080a00000| Complete 
|  11|0x0000000080b00000, 0x0000000080b00000, 0x0000000080c00000|  0%| F|  |TAMS 0x0000000080b00000, 0x0000000080b00000| Untracked 
|  12|0x0000000080c00000, 0x0000000080d00000, 0x0000000080d00000|100%|HS|  |TAMS 0x0000000080d00000, 0x0000000080c00000| Complete 
|  13|0x0000000080d00000, 0x0000000080e00000, 0x0000000080e00000|100%| O|  |TAMS 0x0000000080e00000, 0x0000000080d00000| Untracked 
|  14|0x0000000080e00000, 0x0000000080f00000, 0x0000000080f00000|100%| O|  |TAMS 0x0000000080f00000, 0x0000000080e00000| Untracked 
|  15|0x0000000080f00000, 0x0000000081000000, 0x0000000081000000|100%| O|  |TAMS 0x0000000081000000, 0x0000000080f00000| Untracked 
|  16|0x0000000081000000, 0x0000000081100000, 0x0000000081100000|100%| O|  |TAMS 0x0000000081100000, 0x0000000081000000| Untracked 
|  17|0x0000000081100000, 0x0000000081200000, 0x0000000081200000|100%| O|  |TAMS 0x0000000081200000, 0x0000000081100000| Untracked 
|  18|0x0000000081200000, 0x0000000081300000, 0x0000000081300000|100%| O|  |TAMS 0x0000000081300000, 0x0000000081200000| Untracked 
|  19|0x0000000081300000, 0x0000000081400000, 0x0000000081400000|100%| O|  |TAMS 0x0000000081400000, 0x0000000081300000| Untracked 
|  20|0x0000000081400000, 0x0000000081500000, 0x0000000081500000|100%| O|  |TAMS 0x0000000081500000, 0x0000000081400000| Untracked 
|  21|0x0000000081500000, 0x0000000081600000, 0x0000000081600000|100%| O|  |TAMS 0x0000000081600000, 0x0000000081500000| Untracked 
|  22|0x0000000081600000, 0x0000000081700000, 0x0000000081700000|100%| O|  |TAMS 0x0000000081700000, 0x0000000081600000| Untracked 
|  23|0x0000000081700000, 0x0000000081800000, 0x0000000081800000|100%| O|  |TAMS 0x0000000081800000, 0x0000000081700000| Untracked 
|  24|0x0000000081800000, 0x0000000081900000, 0x0000000081900000|100%| O|  |TAMS 0x0000000081900000, 0x0000000081800000| Untracked 
|  25|0x0000000081900000, 0x0000000081a00000, 0x0000000081a00000|100%| O|  |TAMS 0x0000000081a00000, 0x0000000081900000| Untracked 
|  26|0x0000000081a00000, 0x0000000081b00000, 0x0000000081b00000|100%| O|  |TAMS 0x0000000081b00000, 0x0000000081a00000| Untracked 
|  27|0x0000000081b00000, 0x0000000081c00000, 0x0000000081c00000|100%| O|  |TAMS 0x0000000081c00000, 0x0000000081b00000| Untracked 
|  28|0x0000000081c00000, 0x0000000081d00000, 0x0000000081d00000|100%| O|  |TAMS 0x0000000081d00000, 0x0000000081c00000| Untracked 
|  29|0x0000000081d00000, 0x0000000081e00000, 0x0000000081e00000|100%| O|  |TAMS 0x0000000081e00000, 0x0000000081d00000| Untracked 
|  30|0x0000000081e00000, 0x0000000081f00000, 0x0000000081f00000|100%| O|  |TAMS 0x0000000081f00000, 0x0000000081e00000| Untracked 
|  31|0x0000000081f00000, 0x0000000082000000, 0x0000000082000000|100%| O|  |TAMS 0x0000000082000000, 0x0000000081f00000| Untracked 
|  32|0x0000000082000000, 0x0000000082100000, 0x0000000082100000|100%| O|  |TAMS 0x0000000082100000, 0x0000000082000000| Untracked 
|  33|0x0000000082100000, 0x0000000082200000, 0x0000000082200000|100%| O|  |TAMS 0x0000000082200000, 0x0000000082100000| Untracked 
|  34|0x0000000082200000, 0x0000000082300000, 0x0000000082300000|100%| O|  |TAMS 0x0000000082300000, 0x0000000082200000| Untracked 
|  35|0x0000000082300000, 0x0000000082400000, 0x0000000082400000|100%| O|  |TAMS 0x0000000082400000, 0x0000000082300000| Untracked 
|  36|0x0000000082400000, 0x0000000082500000, 0x0000000082500000|100%| O|  |TAMS 0x0000000082500000, 0x0000000082400000| Untracked 
|  37|0x0000000082500000, 0x0000000082600000, 0x0000000082600000|100%| O|  |TAMS 0x0000000082600000, 0x0000000082500000| Untracked 
|  38|0x0000000082600000, 0x0000000082700000, 0x0000000082700000|100%| O|  |TAMS 0x0000000082700000, 0x0000000082600000| Untracked 
|  39|0x0000000082700000, 0x0000000082800000, 0x0000000082800000|100%| O|  |TAMS 0x0000000082800000, 0x0000000082700000| Untracked 
|  40|0x0000000082800000, 0x0000000082900000, 0x0000000082900000|100%| O|  |TAMS 0x0000000082900000, 0x0000000082800000| Untracked 
|  41|0x0000000082900000, 0x0000000082a00000, 0x0000000082a00000|100%| O|  |TAMS 0x0000000082a00000, 0x0000000082900000| Untracked 
|  42|0x0000000082a00000, 0x0000000082b00000, 0x0000000082b00000|100%| O|  |TAMS 0x0000000082b00000, 0x0000000082a00000| Untracked 
|  43|0x0000000082b00000, 0x0000000082c00000, 0x0000000082c00000|100%| O|  |TAMS 0x0000000082c00000, 0x0000000082b00000| Untracked 
|  44|0x0000000082c00000, 0x0000000082d00000, 0x0000000082d00000|100%| O|  |TAMS 0x0000000082d00000, 0x0000000082c00000| Untracked 
|  45|0x0000000082d00000, 0x0000000082e00000, 0x0000000082e00000|100%| O|  |TAMS 0x0000000082e00000, 0x0000000082d00000| Untracked 
|  46|0x0000000082e00000, 0x0000000082f00000, 0x0000000082f00000|100%| O|  |TAMS 0x0000000082f00000, 0x0000000082e00000| Untracked 
|  47|0x0000000082f00000, 0x0000000083000000, 0x0000000083000000|100%| O|  |TAMS 0x0000000083000000, 0x0000000082f00000| Untracked 
|  48|0x0000000083000000, 0x0000000083100000, 0x0000000083100000|100%| O|  |TAMS 0x0000000083100000, 0x0000000083000000| Untracked 
|  49|0x0000000083100000, 0x0000000083200000, 0x0000000083200000|100%| O|  |TAMS 0x0000000083200000, 0x0000000083100000| Untracked 
|  50|0x0000000083200000, 0x0000000083300000, 0x0000000083300000|100%| O|  |TAMS 0x0000000083300000, 0x0000000083200000| Untracked 
|  51|0x0000000083300000, 0x0000000083380000, 0x0000000083400000| 50%| O|  |TAMS 0x0000000083380000, 0x0000000083300000| Untracked 
|  52|0x0000000083400000, 0x0000000083400000, 0x0000000083500000|  0%| F|  |TAMS 0x0000000083400000, 0x0000000083400000| Untracked 
|  53|0x0000000083500000, 0x0000000083500000, 0x0000000083600000|  0%| F|  |TAMS 0x0000000083500000, 0x0000000083500000| Untracked 
|  54|0x0000000083600000, 0x0000000083600000, 0x0000000083700000|  0%| F|  |TAMS 0x0000000083600000, 0x0000000083600000| Untracked 
|  55|0x0000000083700000, 0x0000000083700000, 0x0000000083800000|  0%| F|  |TAMS 0x0000000083700000, 0x0000000083700000| Untracked 
|  56|0x0000000083800000, 0x0000000083800000, 0x0000000083900000|  0%| F|  |TAMS 0x0000000083800000, 0x0000000083800000| Untracked 
|  57|0x0000000083900000, 0x0000000083900000, 0x0000000083a00000|  0%| F|  |TAMS 0x0000000083900000, 0x0000000083900000| Untracked 
|  58|0x0000000083a00000, 0x0000000083a00000, 0x0000000083b00000|  0%| F|  |TAMS 0x0000000083a00000, 0x0000000083a00000| Untracked 
|  59|0x0000000083b00000, 0x0000000083b00000, 0x0000000083c00000|  0%| F|  |TAMS 0x0000000083b00000, 0x0000000083b00000| Untracked 
|  60|0x0000000083c00000, 0x0000000083c00000, 0x0000000083d00000|  0%| F|  |TAMS 0x0000000083c00000, 0x0000000083c00000| Untracked 
|  61|0x0000000083d00000, 0x0000000083d00000, 0x0000000083e00000|  0%| F|  |TAMS 0x0000000083d00000, 0x0000000083d00000| Untracked 
|  62|0x0000000083e00000, 0x0000000083e00000, 0x0000000083f00000|  0%| F|  |TAMS 0x0000000083e00000, 0x0000000083e00000| Untracked 
|  63|0x0000000083f00000, 0x0000000083f00000, 0x0000000084000000|  0%| F|  |TAMS 0x0000000083f00000, 0x0000000083f00000| Untracked 
|  64|0x0000000084000000, 0x0000000084000000, 0x0000000084100000|  0%| F|  |TAMS 0x0000000084000000, 0x0000000084000000| Untracked 
|  65|0x0000000084100000, 0x0000000084100000, 0x0000000084200000|  0%| F|  |TAMS 0x0000000084100000, 0x0000000084100000| Untracked 
|  66|0x0000000084200000, 0x0000000084200000, 0x0000000084300000|  0%| F|  |TAMS 0x0000000084200000, 0x0000000084200000| Untracked 
|  67|0x0000000084300000, 0x0000000084300000, 0x0000000084400000|  0%| F|  |TAMS 0x0000000084300000, 0x0000000084300000| Untracked 
|  68|0x0000000084400000, 0x0000000084400000, 0x0000000084500000|  0%| F|  |TAMS 0x0000000084400000, 0x0000000084400000| Untracked 
|  69|0x0000000084500000, 0x0000000084500000, 0x0000000084600000|  0%| F|  |TAMS 0x0000000084500000, 0x0000000084500000| Untracked 
|  70|0x0000000084600000, 0x0000000084600000, 0x0000000084700000|  0%| F|  |TAMS 0x0000000084600000, 0x0000000084600000| Untracked 
|  71|0x0000000084700000, 0x0000000084700000, 0x0000000084800000|  0%| F|  |TAMS 0x0000000084700000, 0x0000000084700000| Untracked 
|  72|0x0000000084800000, 0x0000000084800000, 0x0000000084900000|  0%| F|  |TAMS 0x0000000084800000, 0x0000000084800000| Untracked 
|  73|0x0000000084900000, 0x0000000084900000, 0x0000000084a00000|  0%| F|  |TAMS 0x0000000084900000, 0x0000000084900000| Untracked 
|  74|0x0000000084a00000, 0x0000000084a00000, 0x0000000084b00000|  0%| F|  |TAMS 0x0000000084a00000, 0x0000000084a00000| Untracked 
|  75|0x0000000084b00000, 0x0000000084b00000, 0x0000000084c00000|  0%| F|  |TAMS 0x0000000084b00000, 0x0000000084b00000| Untracked 
|  76|0x0000000084c00000, 0x0000000084c00000, 0x0000000084d00000|  0%| F|  |TAMS 0x0000000084c00000, 0x0000000084c00000| Untracked 
|  77|0x0000000084d00000, 0x0000000084d00000, 0x0000000084e00000|  0%| F|  |TAMS 0x0000000084d00000, 0x0000000084d00000| Untracked 
|  78|0x0000000084e00000, 0x0000000084e00000, 0x0000000084f00000|  0%| F|  |TAMS 0x0000000084e00000, 0x0000000084e00000| Untracked 
|  79|0x0000000084f00000, 0x0000000084f00000, 0x0000000085000000|  0%| F|  |TAMS 0x0000000084f00000, 0x0000000084f00000| Untracked 
|  80|0x0000000085000000, 0x0000000085000000, 0x0000000085100000|  0%| F|  |TAMS 0x0000000085000000, 0x0000000085000000| Untracked 
|  81|0x0000000085100000, 0x0000000085100000, 0x0000000085200000|  0%| F|  |TAMS 0x0000000085100000, 0x0000000085100000| Untracked 
|  82|0x0000000085200000, 0x0000000085200000, 0x0000000085300000|  0%| F|  |TAMS 0x0000000085200000, 0x0000000085200000| Untracked 
|  83|0x0000000085300000, 0x0000000085300000, 0x0000000085400000|  0%| F|  |TAMS 0x0000000085300000, 0x0000000085300000| Untracked 
|  84|0x0000000085400000, 0x0000000085400000, 0x0000000085500000|  0%| F|  |TAMS 0x0000000085400000, 0x0000000085400000| Untracked 
|  85|0x0000000085500000, 0x0000000085500000, 0x0000000085600000|  0%| F|  |TAMS 0x0000000085500000, 0x0000000085500000| Untracked 
|  86|0x0000000085600000, 0x0000000085600000, 0x0000000085700000|  0%| F|  |TAMS 0x0000000085600000, 0x0000000085600000| Untracked 
|  87|0x0000000085700000, 0x0000000085700000, 0x0000000085800000|  0%| F|  |TAMS 0x0000000085700000, 0x0000000085700000| Untracked 
|  88|0x0000000085800000, 0x0000000085800000, 0x0000000085900000|  0%| F|  |TAMS 0x0000000085800000, 0x0000000085800000| Untracked 
|  89|0x0000000085900000, 0x0000000085900000, 0x0000000085a00000|  0%| F|  |TAMS 0x0000000085900000, 0x0000000085900000| Untracked 
|  90|0x0000000085a00000, 0x0000000085a00000, 0x0000000085b00000|  0%| F|  |TAMS 0x0000000085a00000, 0x0000000085a00000| Untracked 
|  91|0x0000000085b00000, 0x0000000085b00000, 0x0000000085c00000|  0%| F|  |TAMS 0x0000000085b00000, 0x0000000085b00000| Untracked 
|  92|0x0000000085c00000, 0x0000000085c00000, 0x0000000085d00000|  0%| F|  |TAMS 0x0000000085c00000, 0x0000000085c00000| Untracked 
|  93|0x0000000085d00000, 0x0000000085d00000, 0x0000000085e00000|  0%| F|  |TAMS 0x0000000085d00000, 0x0000000085d00000| Untracked 
|  94|0x0000000085e00000, 0x0000000085e00000, 0x0000000085f00000|  0%| F|  |TAMS 0x0000000085e00000, 0x0000000085e00000| Untracked 
|  95|0x0000000085f00000, 0x0000000085f00000, 0x0000000086000000|  0%| F|  |TAMS 0x0000000085f00000, 0x0000000085f00000| Untracked 
|  96|0x0000000086000000, 0x0000000086000000, 0x0000000086100000|  0%| F|  |TAMS 0x0000000086000000, 0x0000000086000000| Untracked 
|  97|0x0000000086100000, 0x0000000086100000, 0x0000000086200000|  0%| F|  |TAMS 0x0000000086100000, 0x0000000086100000| Untracked 
|  98|0x0000000086200000, 0x0000000086200000, 0x0000000086300000|  0%| F|  |TAMS 0x0000000086200000, 0x0000000086200000| Untracked 
|  99|0x0000000086300000, 0x0000000086300000, 0x0000000086400000|  0%| F|  |TAMS 0x0000000086300000, 0x0000000086300000| Untracked 
| 100|0x0000000086400000, 0x0000000086400000, 0x0000000086500000|  0%| F|  |TAMS 0x0000000086400000, 0x0000000086400000| Untracked 
| 101|0x0000000086500000, 0x0000000086500000, 0x0000000086600000|  0%| F|  |TAMS 0x0000000086500000, 0x0000000086500000| Untracked 
| 102|0x0000000086600000, 0x0000000086600000, 0x0000000086700000|  0%| F|  |TAMS 0x0000000086600000, 0x0000000086600000| Untracked 
| 103|0x0000000086700000, 0x0000000086700000, 0x0000000086800000|  0%| F|  |TAMS 0x0000000086700000, 0x0000000086700000| Untracked 
| 104|0x0000000086800000, 0x0000000086800000, 0x0000000086900000|  0%| F|  |TAMS 0x0000000086800000, 0x0000000086800000| Untracked 
| 105|0x0000000086900000, 0x0000000086900000, 0x0000000086a00000|  0%| F|  |TAMS 0x0000000086900000, 0x0000000086900000| Untracked 
| 106|0x0000000086a00000, 0x0000000086a00000, 0x0000000086b00000|  0%| F|  |TAMS 0x0000000086a00000, 0x0000000086a00000| Untracked 
| 107|0x0000000086b00000, 0x0000000086b00000, 0x0000000086c00000|  0%| F|  |TAMS 0x0000000086b00000, 0x0000000086b00000| Untracked 
| 108|0x0000000086c00000, 0x0000000086c00000, 0x0000000086d00000|  0%| F|  |TAMS 0x0000000086c00000, 0x0000000086c00000| Untracked 
| 109|0x0000000086d00000, 0x0000000086d00000, 0x0000000086e00000|  0%| F|  |TAMS 0x0000000086d00000, 0x0000000086d00000| Untracked 
| 110|0x0000000086e00000, 0x0000000086e00000, 0x0000000086f00000|  0%| F|  |TAMS 0x0000000086e00000, 0x0000000086e00000| Untracked 
| 111|0x0000000086f00000, 0x0000000086f00000, 0x0000000087000000|  0%| F|  |TAMS 0x0000000086f00000, 0x0000000086f00000| Untracked 
| 112|0x0000000087000000, 0x0000000087000000, 0x0000000087100000|  0%| F|  |TAMS 0x0000000087000000, 0x0000000087000000| Untracked 
| 113|0x0000000087100000, 0x0000000087100000, 0x0000000087200000|  0%| F|  |TAMS 0x0000000087100000, 0x0000000087100000| Untracked 
| 114|0x0000000087200000, 0x0000000087200000, 0x0000000087300000|  0%| F|  |TAMS 0x0000000087200000, 0x0000000087200000| Untracked 
| 115|0x0000000087300000, 0x0000000087300000, 0x0000000087400000|  0%| F|  |TAMS 0x0000000087300000, 0x0000000087300000| Untracked 
| 116|0x0000000087400000, 0x0000000087400000, 0x0000000087500000|  0%| F|  |TAMS 0x0000000087400000, 0x0000000087400000| Untracked 
| 117|0x0000000087500000, 0x0000000087500000, 0x0000000087600000|  0%| F|  |TAMS 0x0000000087500000, 0x0000000087500000| Untracked 
| 118|0x0000000087600000, 0x0000000087600000, 0x0000000087700000|  0%| F|  |TAMS 0x0000000087600000, 0x0000000087600000| Untracked 
| 119|0x0000000087700000, 0x0000000087700000, 0x0000000087800000|  0%| F|  |TAMS 0x0000000087700000, 0x0000000087700000| Untracked 
| 120|0x0000000087800000, 0x0000000087800000, 0x0000000087900000|  0%| F|  |TAMS 0x0000000087800000, 0x0000000087800000| Untracked 
| 121|0x0000000087900000, 0x0000000087900000, 0x0000000087a00000|  0%| F|  |TAMS 0x0000000087900000, 0x0000000087900000| Untracked 
| 122|0x0000000087a00000, 0x0000000087a00000, 0x0000000087b00000|  0%| F|  |TAMS 0x0000000087a00000, 0x0000000087a00000| Untracked 
| 123|0x0000000087b00000, 0x0000000087b00000, 0x0000000087c00000|  0%| F|  |TAMS 0x0000000087b00000, 0x0000000087b00000| Untracked 
| 124|0x0000000087c00000, 0x0000000087c00000, 0x0000000087d00000|  0%| F|  |TAMS 0x0000000087c00000, 0x0000000087c00000| Untracked 
| 125|0x0000000087d00000, 0x0000000087d00000, 0x0000000087e00000|  0%| F|  |TAMS 0x0000000087d00000, 0x0000000087d00000| Untracked 
| 126|0x0000000087e00000, 0x0000000087e00000, 0x0000000087f00000|  0%| F|  |TAMS 0x0000000087e00000, 0x0000000087e00000| Untracked 
| 127|0x0000000087f00000, 0x0000000087f00000, 0x0000000088000000|  0%| F|  |TAMS 0x0000000087f00000, 0x0000000087f00000| Untracked 
| 128|0x0000000088000000, 0x0000000088000000, 0x0000000088100000|  0%| F|  |TAMS 0x0000000088000000, 0x0000000088000000| Untracked 
| 129|0x0000000088100000, 0x0000000088100000, 0x0000000088200000|  0%| F|  |TAMS 0x0000000088100000, 0x0000000088100000| Untracked 
| 130|0x0000000088200000, 0x0000000088200000, 0x0000000088300000|  0%| F|  |TAMS 0x0000000088200000, 0x0000000088200000| Untracked 
| 131|0x0000000088300000, 0x0000000088300000, 0x0000000088400000|  0%| F|  |TAMS 0x0000000088300000, 0x0000000088300000| Untracked 
| 132|0x0000000088400000, 0x0000000088500000, 0x0000000088500000|100%| S|CS|TAMS 0x0000000088400000, 0x0000000088400000| Complete 
| 133|0x0000000088500000, 0x0000000088600000, 0x0000000088600000|100%| S|CS|TAMS 0x0000000088500000, 0x0000000088500000| Complete 
| 134|0x0000000088600000, 0x0000000088700000, 0x0000000088700000|100%| S|CS|TAMS 0x0000000088600000, 0x0000000088600000| Complete 
| 135|0x0000000088700000, 0x0000000088800000, 0x0000000088800000|100%| S|CS|TAMS 0x0000000088700000, 0x0000000088700000| Complete 
| 136|0x0000000088800000, 0x0000000088900000, 0x0000000088900000|100%| S|CS|TAMS 0x0000000088800000, 0x0000000088800000| Complete 
| 137|0x0000000088900000, 0x0000000088900000, 0x0000000088a00000|  0%| F|  |TAMS 0x0000000088900000, 0x0000000088900000| Untracked 
| 138|0x0000000088a00000, 0x0000000088a00000, 0x0000000088b00000|  0%| F|  |TAMS 0x0000000088a00000, 0x0000000088a00000| Untracked 
| 139|0x0000000088b00000, 0x0000000088b00000, 0x0000000088c00000|  0%| F|  |TAMS 0x0000000088b00000, 0x0000000088b00000| Untracked 
| 140|0x0000000088c00000, 0x0000000088c00000, 0x0000000088d00000|  0%| F|  |TAMS 0x0000000088c00000, 0x0000000088c00000| Untracked 
| 141|0x0000000088d00000, 0x0000000088d00000, 0x0000000088e00000|  0%| F|  |TAMS 0x0000000088d00000, 0x0000000088d00000| Untracked 
| 142|0x0000000088e00000, 0x0000000088e00000, 0x0000000088f00000|  0%| F|  |TAMS 0x0000000088e00000, 0x0000000088e00000| Untracked 
| 143|0x0000000088f00000, 0x0000000088f00000, 0x0000000089000000|  0%| F|  |TAMS 0x0000000088f00000, 0x0000000088f00000| Untracked 
| 144|0x0000000089000000, 0x0000000089000000, 0x0000000089100000|  0%| F|  |TAMS 0x0000000089000000, 0x0000000089000000| Untracked 
| 145|0x0000000089100000, 0x0000000089100000, 0x0000000089200000|  0%| F|  |TAMS 0x0000000089100000, 0x0000000089100000| Untracked 
| 146|0x0000000089200000, 0x0000000089200000, 0x0000000089300000|  0%| F|  |TAMS 0x0000000089200000, 0x0000000089200000| Untracked 
| 147|0x0000000089300000, 0x0000000089300000, 0x0000000089400000|  0%| F|  |TAMS 0x0000000089300000, 0x0000000089300000| Untracked 
| 148|0x0000000089400000, 0x0000000089400000, 0x0000000089500000|  0%| F|  |TAMS 0x0000000089400000, 0x0000000089400000| Untracked 
| 149|0x0000000089500000, 0x0000000089500000, 0x0000000089600000|  0%| F|  |TAMS 0x0000000089500000, 0x0000000089500000| Untracked 
| 150|0x0000000089600000, 0x0000000089600000, 0x0000000089700000|  0%| F|  |TAMS 0x0000000089600000, 0x0000000089600000| Untracked 
| 151|0x0000000089700000, 0x0000000089700000, 0x0000000089800000|  0%| F|  |TAMS 0x0000000089700000, 0x0000000089700000| Untracked 
| 152|0x0000000089800000, 0x0000000089800000, 0x0000000089900000|  0%| F|  |TAMS 0x0000000089800000, 0x0000000089800000| Untracked 
| 153|0x0000000089900000, 0x0000000089900000, 0x0000000089a00000|  0%| F|  |TAMS 0x0000000089900000, 0x0000000089900000| Untracked 
| 154|0x0000000089a00000, 0x0000000089a00000, 0x0000000089b00000|  0%| F|  |TAMS 0x0000000089a00000, 0x0000000089a00000| Untracked 
| 155|0x0000000089b00000, 0x0000000089b00000, 0x0000000089c00000|  0%| F|  |TAMS 0x0000000089b00000, 0x0000000089b00000| Untracked 
| 156|0x0000000089c00000, 0x0000000089c00000, 0x0000000089d00000|  0%| F|  |TAMS 0x0000000089c00000, 0x0000000089c00000| Untracked 
| 157|0x0000000089d00000, 0x0000000089d00000, 0x0000000089e00000|  0%| F|  |TAMS 0x0000000089d00000, 0x0000000089d00000| Untracked 
| 158|0x0000000089e00000, 0x0000000089e00000, 0x0000000089f00000|  0%| F|  |TAMS 0x0000000089e00000, 0x0000000089e00000| Untracked 
| 159|0x0000000089f00000, 0x0000000089f00000, 0x000000008a000000|  0%| F|  |TAMS 0x0000000089f00000, 0x0000000089f00000| Untracked 
| 160|0x000000008a000000, 0x000000008a000000, 0x000000008a100000|  0%| F|  |TAMS 0x000000008a000000, 0x000000008a000000| Untracked 
| 161|0x000000008a100000, 0x000000008a100000, 0x000000008a200000|  0%| F|  |TAMS 0x000000008a100000, 0x000000008a100000| Untracked 
| 162|0x000000008a200000, 0x000000008a200000, 0x000000008a300000|  0%| F|  |TAMS 0x000000008a200000, 0x000000008a200000| Untracked 
| 163|0x000000008a300000, 0x000000008a300000, 0x000000008a400000|  0%| F|  |TAMS 0x000000008a300000, 0x000000008a300000| Untracked 
| 164|0x000000008a400000, 0x000000008a400000, 0x000000008a500000|  0%| F|  |TAMS 0x000000008a400000, 0x000000008a400000| Untracked 
| 165|0x000000008a500000, 0x000000008a500000, 0x000000008a600000|  0%| F|  |TAMS 0x000000008a500000, 0x000000008a500000| Untracked 
| 166|0x000000008a600000, 0x000000008a600000, 0x000000008a700000|  0%| F|  |TAMS 0x000000008a600000, 0x000000008a600000| Untracked 
| 167|0x000000008a700000, 0x000000008a700000, 0x000000008a800000|  0%| F|  |TAMS 0x000000008a700000, 0x000000008a700000| Untracked 
| 168|0x000000008a800000, 0x000000008a800000, 0x000000008a900000|  0%| F|  |TAMS 0x000000008a800000, 0x000000008a800000| Untracked 
| 169|0x000000008a900000, 0x000000008a900000, 0x000000008aa00000|  0%| F|  |TAMS 0x000000008a900000, 0x000000008a900000| Untracked 
| 170|0x000000008aa00000, 0x000000008aa00000, 0x000000008ab00000|  0%| F|  |TAMS 0x000000008aa00000, 0x000000008aa00000| Untracked 
| 171|0x000000008ab00000, 0x000000008ab00000, 0x000000008ac00000|  0%| F|  |TAMS 0x000000008ab00000, 0x000000008ab00000| Untracked 
| 172|0x000000008ac00000, 0x000000008ac00000, 0x000000008ad00000|  0%| F|  |TAMS 0x000000008ac00000, 0x000000008ac00000| Untracked 
| 173|0x000000008ad00000, 0x000000008ad00000, 0x000000008ae00000|  0%| F|  |TAMS 0x000000008ad00000, 0x000000008ad00000| Untracked 
| 174|0x000000008ae00000, 0x000000008ae00000, 0x000000008af00000|  0%| F|  |TAMS 0x000000008ae00000, 0x000000008ae00000| Untracked 
| 175|0x000000008af00000, 0x000000008af00000, 0x000000008b000000|  0%| F|  |TAMS 0x000000008af00000, 0x000000008af00000| Untracked 
| 176|0x000000008b000000, 0x000000008b000000, 0x000000008b100000|  0%| F|  |TAMS 0x000000008b000000, 0x000000008b000000| Untracked 
| 177|0x000000008b100000, 0x000000008b100000, 0x000000008b200000|  0%| F|  |TAMS 0x000000008b100000, 0x000000008b100000| Untracked 
| 178|0x000000008b200000, 0x000000008b200000, 0x000000008b300000|  0%| F|  |TAMS 0x000000008b200000, 0x000000008b200000| Untracked 
| 179|0x000000008b300000, 0x000000008b300000, 0x000000008b400000|  0%| F|  |TAMS 0x000000008b300000, 0x000000008b300000| Untracked 
| 180|0x000000008b400000, 0x000000008b400000, 0x000000008b500000|  0%| F|  |TAMS 0x000000008b400000, 0x000000008b400000| Untracked 
| 181|0x000000008b500000, 0x000000008b500000, 0x000000008b600000|  0%| F|  |TAMS 0x000000008b500000, 0x000000008b500000| Untracked 
| 182|0x000000008b600000, 0x000000008b600000, 0x000000008b700000|  0%| F|  |TAMS 0x000000008b600000, 0x000000008b600000| Untracked 
| 183|0x000000008b700000, 0x000000008b700000, 0x000000008b800000|  0%| F|  |TAMS 0x000000008b700000, 0x000000008b700000| Untracked 
| 184|0x000000008b800000, 0x000000008b800000, 0x000000008b900000|  0%| F|  |TAMS 0x000000008b800000, 0x000000008b800000| Untracked 
| 185|0x000000008b900000, 0x000000008b900000, 0x000000008ba00000|  0%| F|  |TAMS 0x000000008b900000, 0x000000008b900000| Untracked 
| 186|0x000000008ba00000, 0x000000008ba00000, 0x000000008bb00000|  0%| F|  |TAMS 0x000000008ba00000, 0x000000008ba00000| Untracked 
| 187|0x000000008bb00000, 0x000000008bb00000, 0x000000008bc00000|  0%| F|  |TAMS 0x000000008bb00000, 0x000000008bb00000| Untracked 
| 188|0x000000008bc00000, 0x000000008bc00000, 0x000000008bd00000|  0%| F|  |TAMS 0x000000008bc00000, 0x000000008bc00000| Untracked 
| 189|0x000000008bd00000, 0x000000008bd00000, 0x000000008be00000|  0%| F|  |TAMS 0x000000008bd00000, 0x000000008bd00000| Untracked 
| 190|0x000000008be00000, 0x000000008be00000, 0x000000008bf00000|  0%| F|  |TAMS 0x000000008be00000, 0x000000008be00000| Untracked 
| 191|0x000000008bf00000, 0x000000008bf00000, 0x000000008c000000|  0%| F|  |TAMS 0x000000008bf00000, 0x000000008bf00000| Untracked 
| 192|0x000000008c000000, 0x000000008c000000, 0x000000008c100000|  0%| F|  |TAMS 0x000000008c000000, 0x000000008c000000| Untracked 
| 193|0x000000008c100000, 0x000000008c100000, 0x000000008c200000|  0%| F|  |TAMS 0x000000008c100000, 0x000000008c100000| Untracked 
| 194|0x000000008c200000, 0x000000008c200000, 0x000000008c300000|  0%| F|  |TAMS 0x000000008c200000, 0x000000008c200000| Untracked 
| 195|0x000000008c300000, 0x000000008c300000, 0x000000008c400000|  0%| F|  |TAMS 0x000000008c300000, 0x000000008c300000| Untracked 
| 196|0x000000008c400000, 0x000000008c400000, 0x000000008c500000|  0%| F|  |TAMS 0x000000008c400000, 0x000000008c400000| Untracked 
| 197|0x000000008c500000, 0x000000008c500000, 0x000000008c600000|  0%| F|  |TAMS 0x000000008c500000, 0x000000008c500000| Untracked 
| 198|0x000000008c600000, 0x000000008c600000, 0x000000008c700000|  0%| F|  |TAMS 0x000000008c600000, 0x000000008c600000| Untracked 
| 199|0x000000008c700000, 0x000000008c700000, 0x000000008c800000|  0%| F|  |TAMS 0x000000008c700000, 0x000000008c700000| Untracked 
| 200|0x000000008c800000, 0x000000008c800000, 0x000000008c900000|  0%| F|  |TAMS 0x000000008c800000, 0x000000008c800000| Untracked 
| 201|0x000000008c900000, 0x000000008c900000, 0x000000008ca00000|  0%| F|  |TAMS 0x000000008c900000, 0x000000008c900000| Untracked 
| 202|0x000000008ca00000, 0x000000008ca00000, 0x000000008cb00000|  0%| F|  |TAMS 0x000000008ca00000, 0x000000008ca00000| Untracked 
| 203|0x000000008cb00000, 0x000000008cb00000, 0x000000008cc00000|  0%| F|  |TAMS 0x000000008cb00000, 0x000000008cb00000| Untracked 
| 204|0x000000008cc00000, 0x000000008cc00000, 0x000000008cd00000|  0%| F|  |TAMS 0x000000008cc00000, 0x000000008cc00000| Untracked 
| 205|0x000000008cd00000, 0x000000008cd00000, 0x000000008ce00000|  0%| F|  |TAMS 0x000000008cd00000, 0x000000008cd00000| Untracked 
| 206|0x000000008ce00000, 0x000000008ce00000, 0x000000008cf00000|  0%| F|  |TAMS 0x000000008ce00000, 0x000000008ce00000| Untracked 
| 207|0x000000008cf00000, 0x000000008cf00000, 0x000000008d000000|  0%| F|  |TAMS 0x000000008cf00000, 0x000000008cf00000| Untracked 
| 208|0x000000008d000000, 0x000000008d000000, 0x000000008d100000|  0%| F|  |TAMS 0x000000008d000000, 0x000000008d000000| Untracked 
| 209|0x000000008d100000, 0x000000008d100000, 0x000000008d200000|  0%| F|  |TAMS 0x000000008d100000, 0x000000008d100000| Untracked 
| 210|0x000000008d200000, 0x000000008d200000, 0x000000008d300000|  0%| F|  |TAMS 0x000000008d200000, 0x000000008d200000| Untracked 
| 211|0x000000008d300000, 0x000000008d300000, 0x000000008d400000|  0%| F|  |TAMS 0x000000008d300000, 0x000000008d300000| Untracked 
| 212|0x000000008d400000, 0x000000008d400000, 0x000000008d500000|  0%| F|  |TAMS 0x000000008d400000, 0x000000008d400000| Untracked 
| 213|0x000000008d500000, 0x000000008d500000, 0x000000008d600000|  0%| F|  |TAMS 0x000000008d500000, 0x000000008d500000| Untracked 
| 214|0x000000008d600000, 0x000000008d600000, 0x000000008d700000|  0%| F|  |TAMS 0x000000008d600000, 0x000000008d600000| Untracked 
| 215|0x000000008d700000, 0x000000008d700000, 0x000000008d800000|  0%| F|  |TAMS 0x000000008d700000, 0x000000008d700000| Untracked 
| 216|0x000000008d800000, 0x000000008d800000, 0x000000008d900000|  0%| F|  |TAMS 0x000000008d800000, 0x000000008d800000| Untracked 
| 217|0x000000008d900000, 0x000000008d900000, 0x000000008da00000|  0%| F|  |TAMS 0x000000008d900000, 0x000000008d900000| Untracked 
| 218|0x000000008da00000, 0x000000008da00000, 0x000000008db00000|  0%| F|  |TAMS 0x000000008da00000, 0x000000008da00000| Untracked 
| 219|0x000000008db00000, 0x000000008dc00000, 0x000000008dc00000|100%| E|  |TAMS 0x000000008db00000, 0x000000008db00000| Complete 
| 220|0x000000008dc00000, 0x000000008dd00000, 0x000000008dd00000|100%| E|CS|TAMS 0x000000008dc00000, 0x000000008dc00000| Complete 
| 221|0x000000008dd00000, 0x000000008de00000, 0x000000008de00000|100%| E|CS|TAMS 0x000000008dd00000, 0x000000008dd00000| Complete 
| 222|0x000000008de00000, 0x000000008df00000, 0x000000008df00000|100%| E|CS|TAMS 0x000000008de00000, 0x000000008de00000| Complete 
| 223|0x000000008df00000, 0x000000008e000000, 0x000000008e000000|100%| E|CS|TAMS 0x000000008df00000, 0x000000008df00000| Complete 
| 224|0x000000008e000000, 0x000000008e100000, 0x000000008e100000|100%| E|CS|TAMS 0x000000008e000000, 0x000000008e000000| Complete 
| 225|0x000000008e100000, 0x000000008e200000, 0x000000008e200000|100%| E|CS|TAMS 0x000000008e100000, 0x000000008e100000| Complete 
| 226|0x000000008e200000, 0x000000008e300000, 0x000000008e300000|100%| E|CS|TAMS 0x000000008e200000, 0x000000008e200000| Complete 
| 227|0x000000008e300000, 0x000000008e400000, 0x000000008e400000|100%| E|CS|TAMS 0x000000008e300000, 0x000000008e300000| Complete 
| 228|0x000000008e400000, 0x000000008e500000, 0x000000008e500000|100%| E|CS|TAMS 0x000000008e400000, 0x000000008e400000| Complete 
| 229|0x000000008e500000, 0x000000008e600000, 0x000000008e600000|100%| E|CS|TAMS 0x000000008e500000, 0x000000008e500000| Complete 
| 230|0x000000008e600000, 0x000000008e700000, 0x000000008e700000|100%| E|CS|TAMS 0x000000008e600000, 0x000000008e600000| Complete 
| 231|0x000000008e700000, 0x000000008e800000, 0x000000008e800000|100%| E|CS|TAMS 0x000000008e700000, 0x000000008e700000| Complete 
| 232|0x000000008e800000, 0x000000008e900000, 0x000000008e900000|100%| E|CS|TAMS 0x000000008e800000, 0x000000008e800000| Complete 
| 233|0x000000008e900000, 0x000000008ea00000, 0x000000008ea00000|100%| E|CS|TAMS 0x000000008e900000, 0x000000008e900000| Complete 
| 234|0x000000008ea00000, 0x000000008eb00000, 0x000000008eb00000|100%| E|CS|TAMS 0x000000008ea00000, 0x000000008ea00000| Complete 
| 235|0x000000008eb00000, 0x000000008ec00000, 0x000000008ec00000|100%| E|CS|TAMS 0x000000008eb00000, 0x000000008eb00000| Complete 
| 236|0x000000008ec00000, 0x000000008ed00000, 0x000000008ed00000|100%| E|CS|TAMS 0x000000008ec00000, 0x000000008ec00000| Complete 
| 237|0x000000008ed00000, 0x000000008ee00000, 0x000000008ee00000|100%| E|CS|TAMS 0x000000008ed00000, 0x000000008ed00000| Complete 
| 238|0x000000008ee00000, 0x000000008ef00000, 0x000000008ef00000|100%| E|CS|TAMS 0x000000008ee00000, 0x000000008ee00000| Complete 
| 239|0x000000008ef00000, 0x000000008f000000, 0x000000008f000000|100%| E|CS|TAMS 0x000000008ef00000, 0x000000008ef00000| Complete 
| 240|0x000000008f000000, 0x000000008f100000, 0x000000008f100000|100%| E|CS|TAMS 0x000000008f000000, 0x000000008f000000| Complete 
| 241|0x000000008f100000, 0x000000008f200000, 0x000000008f200000|100%| E|CS|TAMS 0x000000008f100000, 0x000000008f100000| Complete 

Card table byte_map: [0x0000016d649e0000,0x0000016d64de0000] _byte_map_base: 0x0000016d645e0000

Marking Bits (Prev, Next): (CMBitMap*) 0x0000016d4cacb368, (CMBitMap*) 0x0000016d4cacb3a0
 Prev Bits: [0x0000016d651e0000, 0x0000016d671e0000)
 Next Bits: [0x0000016d671e0000, 0x0000016d691e0000)

Polling page: 0x0000016d4b1c0000

Metaspace:

Usage:
  Non-class:     35.32 MB capacity,    34.75 MB ( 98%) used,   509.67 KB (  1%) free+waste,    73.38 KB ( <1%) overhead. 
      Class:      4.37 MB capacity,     4.05 MB ( 93%) used,   298.29 KB (  7%) free+waste,    30.31 KB ( <1%) overhead. 
       Both:     39.69 MB capacity,    38.80 MB ( 98%) used,   807.96 KB (  2%) free+waste,   103.69 KB ( <1%) overhead. 

Virtual space:
  Non-class space:       36.00 MB reserved,      35.40 MB ( 98%) committed 
      Class space:        1.00 GB reserved,       4.38 MB ( <1%) committed 
             Both:        1.04 GB reserved,      39.78 MB (  4%) committed 

Chunk freelists:
   Non-Class:  19.00 KB
       Class:  6.00 KB
        Both:  25.00 KB

MaxMetaspaceSize: 17179869184.00 GB
CompressedClassSpaceSize: 1.00 GB
Initial GC threshold: 20.80 MB
Current GC threshold: 59.00 MB
CDS: off

CodeHeap 'non-profiled nmethods': size=120064Kb used=3556Kb max_used=3556Kb free=116507Kb
 bounds [0x0000016d5cc80000, 0x0000016d5d000000, 0x0000016d641c0000]
CodeHeap 'profiled nmethods': size=120000Kb used=17379Kb max_used=17379Kb free=102621Kb
 bounds [0x0000016d55750000, 0x0000016d56850000, 0x0000016d5cc80000]
CodeHeap 'non-nmethods': size=5696Kb used=1247Kb max_used=1283Kb free=4448Kb
 bounds [0x0000016d551c0000, 0x0000016d55430000, 0x0000016d55750000]
 total_blobs=7687 nmethods=7165 adapters=434
 compilation: enabled
              stopped_count=0, restarted_count=0
 full_count=0

Compilation events (20 events):
Event: 17.232 Thread 0x0000016d6b622800 7188       2       java.util.Arrays::binarySearch (9 bytes)
Event: 17.233 Thread 0x0000016d6b622800 nmethod 7188 0x0000016d56845410 code [0x0000016d568455c0, 0x0000016d568456c8]
Event: 17.233 Thread 0x0000016d6b622800 7189       2       java.util.Arrays::binarySearch0 (72 bytes)
Event: 17.233 Thread 0x0000016d6b622800 nmethod 7189 0x0000016d56845790 code [0x0000016d56845940, 0x0000016d56845af8]
Event: 17.237 Thread 0x0000016d6b622800 7190       2       java.lang.ProcessEnvironment$CheckedEntrySet$1::hasNext (10 bytes)
Event: 17.237 Thread 0x0000016d6b622800 nmethod 7190 0x0000016d56845c10 code [0x0000016d56845dc0, 0x0000016d56845ee8]
Event: 17.237 Thread 0x0000016d6b622800 7191       2       java.lang.ProcessEnvironment$CheckedEntrySet$1::next (20 bytes)
Event: 17.237 Thread 0x0000016d6b622800 nmethod 7191 0x0000016d56845f90 code [0x0000016d56846160, 0x0000016d56846388]
Event: 17.237 Thread 0x0000016d6b622800 7192       2       java.lang.ProcessEnvironment$CheckedEntry::getKey (5 bytes)
Event: 17.237 Thread 0x0000016d6b622800 nmethod 7192 0x0000016d56846490 code [0x0000016d56846640, 0x0000016d56846788]
Event: 17.237 Thread 0x0000016d6b622800 7193       2       java.lang.ProcessEnvironment$NameComparator::compare (90 bytes)
Event: 17.238 Thread 0x0000016d6b622800 nmethod 7193 0x0000016d56846890 code [0x0000016d56846ac0, 0x0000016d568470f8]
Event: 17.238 Thread 0x0000016d6b622800 7194       2       java.lang.ProcessEnvironment$EntryComparator::compare (13 bytes)
Event: 17.238 Thread 0x0000016d6b622800 nmethod 7194 0x0000016d56847690 code [0x0000016d56847880, 0x0000016d56847b08]
Event: 17.238 Thread 0x0000016d6b622800 7195       2       java.lang.ProcessEnvironment$CheckedEntry::getValue (5 bytes)
Event: 17.239 Thread 0x0000016d6b622800 nmethod 7195 0x0000016d56847c90 code [0x0000016d56847e40, 0x0000016d56847f88]
Event: 17.278 Thread 0x0000016d6b622800 7196       2       java.lang.invoke.MethodHandles$Lookup::checkMethod (83 bytes)
Event: 17.278 Thread 0x0000016d6b622800 nmethod 7196 0x0000016d56848090 code [0x0000016d56848260, 0x0000016d56848478]
Event: 17.279 Thread 0x0000016d6b622800 7198       2       java.lang.invoke.MethodHandles$Lookup::maybeBindCaller (47 bytes)
Event: 17.279 Thread 0x0000016d6b622800 nmethod 7198 0x0000016d56848590 code [0x0000016d56848760, 0x0000016d56848a88]

GC Heap History (20 events):
Event: 1.467 GC heap before
{Heap before GC invocations=3 (full 0):
 garbage-first heap   total 131072K, used 23093K [0x0000000080000000, 0x0000000100000000)
  region size 1024K, 21 young (21504K), 2 survivors (2048K)
 Metaspace       used 14726K, capacity 14871K, committed 14976K, reserved 1062912K
  class space    used 1528K, capacity 1611K, committed 1664K, reserved 1048576K
}
Event: 1.476 GC heap after
{Heap after GC invocations=4 (full 0):
 garbage-first heap   total 131072K, used 4126K [0x0000000080000000, 0x0000000100000000)
  region size 1024K, 2 young (2048K), 2 survivors (2048K)
 Metaspace       used 14726K, capacity 14871K, committed 14976K, reserved 1062912K
  class space    used 1528K, capacity 1611K, committed 1664K, reserved 1048576K
}
Event: 2.466 GC heap before
{Heap before GC invocations=4 (full 0):
 garbage-first heap   total 131072K, used 37918K [0x0000000080000000, 0x0000000100000000)
  region size 1024K, 35 young (35840K), 2 survivors (2048K)
 Metaspace       used 20132K, capacity 20422K, committed 20480K, reserved 1067008K
  class space    used 2152K, capacity 2278K, committed 2304K, reserved 1048576K
}
Event: 2.483 GC heap after
{Heap after GC invocations=5 (full 0):
 garbage-first heap   total 157696K, used 7100K [0x0000000080000000, 0x0000000100000000)
  region size 1024K, 5 young (5120K), 5 survivors (5120K)
 Metaspace       used 20132K, capacity 20422K, committed 20480K, reserved 1067008K
  class space    used 2152K, capacity 2278K, committed 2304K, reserved 1048576K
}
Event: 3.196 GC heap before
{Heap before GC invocations=5 (full 0):
 garbage-first heap   total 157696K, used 35772K [0x0000000080000000, 0x0000000100000000)
  region size 1024K, 34 young (34816K), 5 survivors (5120K)
 Metaspace       used 20837K, capacity 21101K, committed 21296K, reserved 1069056K
  class space    used 2191K, capacity 2312K, committed 2432K, reserved 1048576K
}
Event: 3.218 GC heap after
{Heap after GC invocations=6 (full 0):
 garbage-first heap   total 157696K, used 10102K [0x0000000080000000, 0x0000000100000000)
  region size 1024K, 6 young (6144K), 6 survivors (6144K)
 Metaspace       used 20837K, capacity 21101K, committed 21296K, reserved 1069056K
  class space    used 2191K, capacity 2312K, committed 2432K, reserved 1048576K
}
Event: 4.053 GC heap before
{Heap before GC invocations=7 (full 0):
 garbage-first heap   total 157696K, used 51062K [0x0000000080000000, 0x0000000100000000)
  region size 1024K, 46 young (47104K), 6 survivors (6144K)
 Metaspace       used 21445K, capacity 21766K, committed 22064K, reserved 1069056K
  class space    used 2197K, capacity 2319K, committed 2432K, reserved 1048576K
}
Event: 4.071 GC heap after
{Heap after GC invocations=8 (full 0):
 garbage-first heap   total 157696K, used 13174K [0x0000000080000000, 0x0000000100000000)
  region size 1024K, 3 young (3072K), 3 survivors (3072K)
 Metaspace       used 21445K, capacity 21766K, committed 22064K, reserved 1069056K
  class space    used 2197K, capacity 2319K, committed 2432K, reserved 1048576K
}
Event: 5.120 GC heap before
{Heap before GC invocations=8 (full 0):
 garbage-first heap   total 157696K, used 68470K [0x0000000080000000, 0x0000000100000000)
  region size 1024K, 57 young (58368K), 3 survivors (3072K)
 Metaspace       used 21910K, capacity 22223K, committed 22576K, reserved 1069056K
  class space    used 2216K, capacity 2322K, committed 2432K, reserved 1048576K
}
Event: 5.129 GC heap after
{Heap after GC invocations=9 (full 0):
 garbage-first heap   total 157696K, used 15555K [0x0000000080000000, 0x0000000100000000)
  region size 1024K, 6 young (6144K), 6 survivors (6144K)
 Metaspace       used 21910K, capacity 22223K, committed 22576K, reserved 1069056K
  class space    used 2216K, capacity 2322K, committed 2432K, reserved 1048576K
}
Event: 10.126 GC heap before
{Heap before GC invocations=9 (full 0):
 garbage-first heap   total 157696K, used 91331K [0x0000000080000000, 0x0000000100000000)
  region size 1024K, 80 young (81920K), 6 survivors (6144K)
 Metaspace       used 25829K, capacity 26330K, committed 26416K, reserved 1073152K
  class space    used 2668K, capacity 2884K, committed 2944K, reserved 1048576K
}
Event: 10.149 GC heap after
{Heap after GC invocations=10 (full 0):
 garbage-first heap   total 205824K, used 19777K [0x0000000080000000, 0x0000000100000000)
  region size 1024K, 9 young (9216K), 9 survivors (9216K)
 Metaspace       used 25829K, capacity 26330K, committed 26416K, reserved 1073152K
  class space    used 2668K, capacity 2884K, committed 2944K, reserved 1048576K
}
Event: 12.190 GC heap before
{Heap before GC invocations=10 (full 0):
 garbage-first heap   total 205824K, used 134465K [0x0000000080000000, 0x0000000100000000)
  region size 1024K, 120 young (122880K), 9 survivors (9216K)
 Metaspace       used 31954K, capacity 32542K, committed 32816K, reserved 1079296K
  class space    used 3365K, capacity 3637K, committed 3712K, reserved 1048576K
}
Event: 12.214 GC heap after
{Heap after GC invocations=11 (full 0):
 garbage-first heap   total 205824K, used 32715K [0x0000000080000000, 0x0000000100000000)
  region size 1024K, 15 young (15360K), 15 survivors (15360K)
 Metaspace       used 31954K, capacity 32542K, committed 32816K, reserved 1079296K
  class space    used 3365K, capacity 3637K, committed 3712K, reserved 1048576K
}
Event: 14.321 GC heap before
{Heap before GC invocations=11 (full 0):
 garbage-first heap   total 205824K, used 140235K [0x0000000080000000, 0x0000000100000000)
  region size 1024K, 120 young (122880K), 15 survivors (15360K)
 Metaspace       used 34745K, capacity 35550K, committed 35632K, reserved 1081344K
  class space    used 3640K, capacity 3954K, committed 3968K, reserved 1048576K
}
Event: 14.365 GC heap after
{Heap after GC invocations=12 (full 0):
 garbage-first heap   total 205824K, used 52222K [0x0000000080000000, 0x0000000100000000)
  region size 1024K, 15 young (15360K), 15 survivors (15360K)
 Metaspace       used 34745K, capacity 35550K, committed 35632K, reserved 1081344K
  class space    used 3640K, capacity 3954K, committed 3968K, reserved 1048576K
}
Event: 14.628 GC heap before
{Heap before GC invocations=12 (full 0):
 garbage-first heap   total 205824K, used 67582K [0x0000000080000000, 0x0000000100000000)
  region size 1024K, 31 young (31744K), 15 survivors (15360K)
 Metaspace       used 35095K, capacity 35850K, committed 35888K, reserved 1081344K
  class space    used 3661K, capacity 3964K, committed 3968K, reserved 1048576K
}
Event: 14.651 GC heap after
{Heap after GC invocations=13 (full 0):
 garbage-first heap   total 205824K, used 53760K [0x0000000080000000, 0x0000000100000000)
  region size 1024K, 1 young (1024K), 1 survivors (1024K)
 Metaspace       used 35095K, capacity 35850K, committed 35888K, reserved 1081344K
  class space    used 3661K, capacity 3964K, committed 3968K, reserved 1048576K
}
Event: 16.695 GC heap before
{Heap before GC invocations=14 (full 0):
 garbage-first heap   total 205824K, used 118272K [0x0000000080000000, 0x0000000100000000)
  region size 1024K, 64 young (65536K), 1 survivors (1024K)
 Metaspace       used 38214K, capacity 39144K, committed 39324K, reserved 1085440K
  class space    used 3981K, capacity 4335K, committed 4352K, reserved 1048576K
}
Event: 16.711 GC heap after
{Heap after GC invocations=15 (full 0):
 garbage-first heap   total 247808K, used 56832K [0x0000000080000000, 0x0000000100000000)
  region size 1024K, 5 young (5120K), 5 survivors (5120K)
 Metaspace       used 38214K, capacity 39144K, committed 39324K, reserved 1085440K
  class space    used 3981K, capacity 4335K, committed 4352K, reserved 1048576K
}

Deoptimization events (20 events):
Event: 17.321 Thread 0x0000016d6d44e800 Uncommon trap: trap_request=0xffffff4d fr.pc=0x0000016d5cd52254 relative=0x0000000000000474
Event: 17.321 Thread 0x0000016d6d44e800 Uncommon trap: reason=unstable_if action=reinterpret pc=0x0000016d5cd52254 method=java.lang.AbstractStringBuilder.putStringAt(ILjava/lang/String;)V @ 8 c2
Event: 17.321 Thread 0x0000016d6d44e800 DEOPT PACKING pc=0x0000016d5cd52254 sp=0x0000005f081ff260
Event: 17.321 Thread 0x0000016d6d44e800 DEOPT UNPACKING pc=0x0000016d5520a1af sp=0x0000005f081ff1d0 mode 2
Event: 17.321 Thread 0x0000016d6d44e800 Uncommon trap: trap_request=0xffffff4d fr.pc=0x0000016d5cca75ec relative=0x00000000000000cc
Event: 17.321 Thread 0x0000016d6d44e800 Uncommon trap: reason=unstable_if action=reinterpret pc=0x0000016d5cca75ec method=java.lang.String.getBytes([BIB)V @ 5 c2
Event: 17.321 Thread 0x0000016d6d44e800 DEOPT PACKING pc=0x0000016d5cca75ec sp=0x0000005f081ff180
Event: 17.321 Thread 0x0000016d6d44e800 DEOPT UNPACKING pc=0x0000016d5520a1af sp=0x0000005f081ff148 mode 2
Event: 17.321 Thread 0x0000016d6d44e800 Uncommon trap: trap_request=0xffffff4d fr.pc=0x0000016d5ccedec0 relative=0x0000000000000380
Event: 17.321 Thread 0x0000016d6d44e800 Uncommon trap: reason=unstable_if action=reinterpret pc=0x0000016d5ccedec0 method=java.lang.StringBuilder.toString()Ljava/lang/String; @ 4 c2
Event: 17.321 Thread 0x0000016d6d44e800 DEOPT PACKING pc=0x0000016d5ccedec0 sp=0x0000005f081ff2e0
Event: 17.321 Thread 0x0000016d6d44e800 DEOPT UNPACKING pc=0x0000016d5520a1af sp=0x0000005f081ff2c0 mode 2
Event: 17.321 Thread 0x0000016d6d44e800 Uncommon trap: trap_request=0xffffff4d fr.pc=0x0000016d5cf0729c relative=0x000000000000007c
Event: 17.321 Thread 0x0000016d6d44e800 Uncommon trap: reason=unstable_if action=reinterpret pc=0x0000016d5cf0729c method=java.lang.String.codePointAt(I)I @ 4 c2
Event: 17.321 Thread 0x0000016d6d44e800 DEOPT PACKING pc=0x0000016d5cf0729c sp=0x0000005f081ff1f0
Event: 17.321 Thread 0x0000016d6d44e800 DEOPT UNPACKING pc=0x0000016d5520a1af sp=0x0000005f081ff188 mode 2
Event: 17.322 Thread 0x0000016d6d44e800 Uncommon trap: trap_request=0xffffffc6 fr.pc=0x0000016d5cdef810 relative=0x0000000000000230
Event: 17.322 Thread 0x0000016d6d44e800 Uncommon trap: reason=bimorphic_or_optimized_type_check action=maybe_recompile pc=0x0000016d5cdef810 method=java.util.regex.Matcher.getTextLength()I @ 4 c2
Event: 17.322 Thread 0x0000016d6d44e800 DEOPT PACKING pc=0x0000016d5cdef810 sp=0x0000005f081ff340
Event: 17.322 Thread 0x0000016d6d44e800 DEOPT UNPACKING pc=0x0000016d5520a1af sp=0x0000005f081ff270 mode 2

Classes redefined (0 events):
No events

Internal exceptions (20 events):
Event: 15.527 Thread 0x0000016d4ca8b800 Exception <a 'sun/nio/fs/WindowsException'{0x000000008b917278}> (0x000000008b917278) thrown at [./src/hotspot/share/prims/jni.cpp, line 615]
Event: 15.527 Thread 0x0000016d4ca8b800 Exception <a 'sun/nio/fs/WindowsException'{0x000000008b917970}> (0x000000008b917970) thrown at [./src/hotspot/share/prims/jni.cpp, line 615]
Event: 15.527 Thread 0x0000016d4ca8b800 Exception <a 'sun/nio/fs/WindowsException'{0x000000008b918360}> (0x000000008b918360) thrown at [./src/hotspot/share/prims/jni.cpp, line 615]
Event: 15.543 Thread 0x0000016d4ca8b800 Exception <a 'sun/nio/fs/WindowsException'{0x000000008b9af320}> (0x000000008b9af320) thrown at [./src/hotspot/share/prims/jni.cpp, line 615]
Event: 15.543 Thread 0x0000016d4ca8b800 Exception <a 'sun/nio/fs/WindowsException'{0x000000008b9afa10}> (0x000000008b9afa10) thrown at [./src/hotspot/share/prims/jni.cpp, line 615]
Event: 15.543 Thread 0x0000016d4ca8b800 Exception <a 'sun/nio/fs/WindowsException'{0x000000008b9b03b0}> (0x000000008b9b03b0) thrown at [./src/hotspot/share/prims/jni.cpp, line 615]
Event: 15.845 Thread 0x0000016d4ca8b800 Exception <a 'java/lang/NoClassDefFoundError'{0x000000008a686710}: org/sonatype/aether/deployment/DeploymentException> (0x000000008a686710) thrown at [./src/hotspot/share/classfile/systemDictionary.cpp, line 220]
Event: 15.849 Thread 0x0000016d4ca8b800 Exception <a 'java/lang/NoClassDefFoundError'{0x000000008a6c4c98}: org/sonatype/aether/resolution/ArtifactResolutionException> (0x000000008a6c4c98) thrown at [./src/hotspot/share/classfile/systemDictionary.cpp, line 220]
Event: 15.849 Thread 0x0000016d4ca8b800 Exception <a 'java/lang/NoClassDefFoundError'{0x000000008a6d4250}: org/sonatype/aether/collection/DependencyCollectionException> (0x000000008a6d4250) thrown at [./src/hotspot/share/classfile/systemDictionary.cpp, line 220]
Event: 15.852 Thread 0x0000016d4ca8b800 Exception <a 'java/lang/NoClassDefFoundError'{0x000000008a508cc8}: org/sonatype/aether/installation/InstallationException> (0x000000008a508cc8) thrown at [./src/hotspot/share/classfile/systemDictionary.cpp, line 220]
Event: 15.853 Thread 0x0000016d4ca8b800 Exception <a 'java/lang/NoClassDefFoundError'{0x000000008a51e6b8}: org/sonatype/aether/resolution/ArtifactDescriptorException> (0x000000008a51e6b8) thrown at [./src/hotspot/share/classfile/systemDictionary.cpp, line 220]
Event: 15.854 Thread 0x0000016d4ca8b800 Exception <a 'java/lang/NoClassDefFoundError'{0x000000008a52d5f0}: org/sonatype/aether/metadata/Metadata> (0x000000008a52d5f0) thrown at [./src/hotspot/share/classfile/systemDictionary.cpp, line 220]
Event: 15.854 Thread 0x0000016d4ca8b800 Exception <a 'java/lang/NoClassDefFoundError'{0x000000008a536aa8}: org/sonatype/aether/metadata/Metadata> (0x000000008a536aa8) thrown at [./src/hotspot/share/classfile/systemDictionary.cpp, line 220]
Event: 16.086 Thread 0x0000016d710de000 Exception <a 'java/lang/NoSuchMethodError'{0x000000008a4947d0}: 'java.lang.Object java.lang.invoke.DirectMethodHandle$Holder.invokeStaticInit(java.lang.Object, java.lang.Object, long, java.lang.Object)'> (0x000000008a4947d0) thrown at [./src/hotspot/share/interpreter/linkResolver.cpp, line 773]
Event: 16.092 Thread 0x0000016d710de000 Exception <a 'java/lang/NoSuchMethodError'{0x000000008a4a08f0}: 'java.lang.Object java.lang.invoke.Invokers$Holder.linkToTargetMethod(java.lang.Object, long, java.lang.Object)'> (0x000000008a4a08f0) thrown at [./src/hotspot/share/interpreter/linkResolver.cpp, line 773]
Event: 16.442 Thread 0x0000016d4ca8b800 Exception <a 'java/lang/NoSuchMethodError'{0x000000008a046250}: 'java.lang.Object java.lang.invoke.DirectMethodHandle$Holder.invokeStaticInit(java.lang.Object, java.lang.Object, int, int, int, int)'> (0x000000008a046250) thrown at [./src/hotspot/share/interpreter/linkResolver.cpp, line 773]
Event: 17.278 Thread 0x0000016d4ca8b800 Exception <a 'java/lang/NoSuchMethodError'{0x000000008ddd2de0}: 'void java.lang.invoke.DirectMethodHandle$Holder.invokeStatic(java.lang.Object, long)'> (0x000000008ddd2de0) thrown at [./src/hotspot/share/interpreter/linkResolver.cpp, line 773]
Event: 17.279 Thread 0x0000016d4ca8b800 Exception <a 'java/lang/NoSuchMethodError'{0x000000008ddd7ff8}: 'java.lang.Object java.lang.invoke.DirectMethodHandle$Holder.invokeStatic(java.lang.Object, long)'> (0x000000008ddd7ff8) thrown at [./src/hotspot/share/interpreter/linkResolver.cpp, line 773]
Event: 17.280 Thread 0x0000016d4ca8b800 Exception <a 'java/lang/NoSuchMethodError'{0x000000008dddb320}: 'java.lang.Object java.lang.invoke.DirectMethodHandle$Holder.invokeSpecial(java.lang.Object, java.lang.Object, long)'> (0x000000008dddb320) thrown at [./src/hotspot/share/interpreter/linkResolver.cpp, line 773]
Event: 17.280 Thread 0x0000016d4ca8b800 Exception <a 'java/lang/NoSuchMethodError'{0x000000008ddde088}: 'java.lang.Object java.lang.invoke.Invokers$Holder.linkToTargetMethod(long, java.lang.Object)'> (0x000000008ddde088) thrown at [./src/hotspot/share/interpreter/linkResolver.cpp, line 773]

Events (20 events):
Event: 17.460 Executing VM operation: RevokeBias done
Event: 17.460 Executing VM operation: RevokeBias
Event: 17.460 Executing VM operation: RevokeBias done
Event: 17.460 Executing VM operation: RevokeBias
Event: 17.460 Executing VM operation: RevokeBias done
Event: 17.460 Executing VM operation: RevokeBias
Event: 17.460 Executing VM operation: RevokeBias done
Event: 17.460 Executing VM operation: RevokeBias
Event: 17.460 Executing VM operation: RevokeBias done
Event: 17.460 Executing VM operation: RevokeBias
Event: 17.460 Executing VM operation: RevokeBias done
Event: 17.460 Executing VM operation: RevokeBias
Event: 17.460 Executing VM operation: RevokeBias done
Event: 17.460 Executing VM operation: RevokeBias
Event: 17.460 Executing VM operation: RevokeBias done
Event: 17.460 Executing VM operation: RevokeBias
Event: 17.461 Executing VM operation: RevokeBias done
Event: 17.461 Executing VM operation: RevokeBias
Event: 17.461 Executing VM operation: RevokeBias done
Event: 17.461 Executing VM operation: BulkRevokeBias


Dynamic libraries:
0x00007ff798280000 - 0x00007ff79828d000 	C:\Program Files\Eclipse Foundation\jdk-11.0.12.7-hotspot\bin\java.exe
0x00007ff869a30000 - 0x00007ff869c25000 	C:\Windows\SYSTEM32\ntdll.dll
0x00007ff868970000 - 0x00007ff868a2e000 	C:\Windows\System32\KERNEL32.DLL
0x00007ff8675f0000 - 0x00007ff8678b9000 	C:\Windows\System32\KERNELBASE.dll
0x00007ff867290000 - 0x00007ff867390000 	C:\Windows\System32\ucrtbase.dll
0x00007ff85dcb0000 - 0x00007ff85dcc5000 	C:\Program Files\Eclipse Foundation\jdk-11.0.12.7-hotspot\bin\VCRUNTIME140.dll
0x00007ff85dc90000 - 0x00007ff85dca7000 	C:\Program Files\Eclipse Foundation\jdk-11.0.12.7-hotspot\bin\jli.dll
0x00007ff868d20000 - 0x00007ff868ec1000 	C:\Windows\System32\USER32.dll
0x00007ff867150000 - 0x00007ff867172000 	C:\Windows\System32\win32u.dll
0x00007ff8683f0000 - 0x00007ff86841b000 	C:\Windows\System32\GDI32.dll
0x00007ff867180000 - 0x00007ff86728b000 	C:\Windows\System32\gdi32full.dll
0x00007ff867390000 - 0x00007ff86742d000 	C:\Windows\System32\msvcp_win.dll
0x00007ff854300000 - 0x00007ff85459a000 	C:\Windows\WinSxS\amd64_microsoft.windows.common-controls_6595b64144ccf1df_6.0.19041.1110_none_60b5254171f9507e\COMCTL32.dll
0x00007ff8698d0000 - 0x00007ff86996e000 	C:\Windows\System32\msvcrt.dll
0x00007ff868bc0000 - 0x00007ff868bf0000 	C:\Windows\System32\IMM32.DLL
0x00007ff85dae0000 - 0x00007ff85db7b000 	C:\Program Files\Eclipse Foundation\jdk-11.0.12.7-hotspot\bin\msvcp140.dll
0x00007ff8537a0000 - 0x00007ff8542f9000 	C:\Program Files\Eclipse Foundation\jdk-11.0.12.7-hotspot\bin\server\jvm.dll
0x00007ff8693b0000 - 0x00007ff86945c000 	C:\Windows\System32\ADVAPI32.dll
0x00007ff868a30000 - 0x00007ff868acb000 	C:\Windows\System32\sechost.dll
0x00007ff868790000 - 0x00007ff8688ba000 	C:\Windows\System32\RPCRT4.dll
0x00007ff8694d0000 - 0x00007ff8694d8000 	C:\Windows\System32\PSAPI.DLL
0x00007ff85dc60000 - 0x00007ff85dc69000 	C:\Windows\SYSTEM32\WSOCK32.dll
0x00007ff85db90000 - 0x00007ff85dbb7000 	C:\Windows\SYSTEM32\WINMM.dll
0x00007ff869460000 - 0x00007ff8694cb000 	C:\Windows\System32\WS2_32.dll
0x00007ff85eb10000 - 0x00007ff85eb1a000 	C:\Windows\SYSTEM32\VERSION.dll
0x00007ff864f90000 - 0x00007ff864fa2000 	C:\Windows\SYSTEM32\kernel.appcore.dll
0x00007ff85db80000 - 0x00007ff85db90000 	C:\Program Files\Eclipse Foundation\jdk-11.0.12.7-hotspot\bin\verify.dll
0x00007ff858b30000 - 0x00007ff858d14000 	C:\Windows\SYSTEM32\DBGHELP.DLL
0x00007ff858b00000 - 0x00007ff858b2c000 	C:\Windows\SYSTEM32\dbgcore.DLL
0x00007ff8679f0000 - 0x00007ff867a73000 	C:\Windows\System32\bcryptPrimitives.dll
0x00007ff85dab0000 - 0x00007ff85dad8000 	C:\Program Files\Eclipse Foundation\jdk-11.0.12.7-hotspot\bin\java.dll
0x00007ff85daa0000 - 0x00007ff85daaa000 	C:\Program Files\Eclipse Foundation\jdk-11.0.12.7-hotspot\bin\jimage.dll
0x00007ff85da80000 - 0x00007ff85da97000 	C:\Program Files\Eclipse Foundation\jdk-11.0.12.7-hotspot\bin\zip.dll
0x00007ff867c20000 - 0x00007ff86835f000 	C:\Windows\System32\SHELL32.dll
0x00007ff865270000 - 0x00007ff865a00000 	C:\Windows\SYSTEM32\windows.storage.dll
0x00007ff868420000 - 0x00007ff868775000 	C:\Windows\System32\combase.dll
0x00007ff866ad0000 - 0x00007ff866afc000 	C:\Windows\SYSTEM32\Wldp.dll
0x00007ff8688c0000 - 0x00007ff86896d000 	C:\Windows\System32\SHCORE.dll
0x00007ff867ae0000 - 0x00007ff867b35000 	C:\Windows\System32\shlwapi.dll
0x00007ff867090000 - 0x00007ff8670af000 	C:\Windows\SYSTEM32\profapi.dll
0x00007ff85da60000 - 0x00007ff85da79000 	C:\Program Files\Eclipse Foundation\jdk-11.0.12.7-hotspot\bin\net.dll
0x00007ff85e870000 - 0x00007ff85e978000 	C:\Windows\SYSTEM32\WINHTTP.dll
0x00007ff866830000 - 0x00007ff86689a000 	C:\Windows\system32\mswsock.dll
0x00007ff85da40000 - 0x00007ff85da52000 	C:\Program Files\Eclipse Foundation\jdk-11.0.12.7-hotspot\bin\nio.dll
0x00007ff862bd0000 - 0x00007ff862bda000 	C:\Users\usuario_devops\.m2\wrapper\dists\apache-maven-3.6.3-bin\1iopthnavndlasol9gbrbg6bf2\apache-maven-3.6.3\lib\jansi-native\windows64\jansi.dll
0x00007ff866a20000 - 0x00007ff866a38000 	C:\Windows\SYSTEM32\CRYPTSP.dll
0x00007ff8661b0000 - 0x00007ff8661e4000 	C:\Windows\system32\rsaenh.dll
0x00007ff867970000 - 0x00007ff867997000 	C:\Windows\System32\bcrypt.dll
0x00007ff867010000 - 0x00007ff86703e000 	C:\Windows\SYSTEM32\USERENV.dll
0x00007ff866a40000 - 0x00007ff866a4c000 	C:\Windows\SYSTEM32\CRYPTBASE.dll
0x00007ff866520000 - 0x00007ff86655b000 	C:\Windows\SYSTEM32\IPHLPAPI.DLL
0x00007ff8695f0000 - 0x00007ff8695f8000 	C:\Windows\System32\NSI.dll
0x00007ff85f510000 - 0x00007ff85f527000 	C:\Windows\SYSTEM32\dhcpcsvc6.DLL
0x00007ff85f4f0000 - 0x00007ff85f50d000 	C:\Windows\SYSTEM32\dhcpcsvc.DLL
0x00007ff866560000 - 0x00007ff86662c000 	C:\Windows\SYSTEM32\DNSAPI.dll

dbghelp: loaded successfully - version: 4.0.5 - missing functions: none
symbol engine: initialized successfully - sym options: 0x614 - pdb path: .;C:\Program Files\Eclipse Foundation\jdk-11.0.12.7-hotspot\bin;C:\Windows\SYSTEM32;C:\Windows\WinSxS\amd64_microsoft.windows.common-controls_6595b64144ccf1df_6.0.19041.1110_none_60b5254171f9507e;C:\Program Files\Eclipse Foundation\jdk-11.0.12.7-hotspot\bin\server;C:\Users\usuario_devops\.m2\wrapper\dists\apache-maven-3.6.3-bin\1iopthnavndlasol9gbrbg6bf2\apache-maven-3.6.3\lib\jansi-native\windows64

VM Arguments:
jvm_args: -Dclassworlds.conf=C:\Users\usuario_devops\.m2\wrapper\dists\apache-maven-3.6.3-bin\1iopthnavndlasol9gbrbg6bf2\apache-maven-3.6.3\bin\..\bin\m2.conf -Dmaven.home=C:\Users\usuario_devops\.m2\wrapper\dists\apache-maven-3.6.3-bin\1iopthnavndlasol9gbrbg6bf2\apache-maven-3.6.3\bin\.. -Dlibrary.jansi.path=C:\Users\usuario_devops\.m2\wrapper\dists\apache-maven-3.6.3-bin\1iopthnavndlasol9gbrbg6bf2\apache-maven-3.6.3\bin\..\lib\jansi-native -Dmaven.multiModuleProjectDirectory=C:\Users\usuario_devops\Desktop\deisw-spring-onewebs 
java_command: org.codehaus.plexus.classworlds.launcher.Launcher test -Dtest=pe.edu.upc.onewebs.ui.CrearUsuarioTest
java_class_path (initial): C:\Users\usuario_devops\.m2\wrapper\dists\apache-maven-3.6.3-bin\1iopthnavndlasol9gbrbg6bf2\apache-maven-3.6.3\bin\..\boot\plexus-classworlds-2.6.0.jar
Launcher Type: SUN_STANDARD

[Global flags]
     intx CICompilerCount                          = 2                                         {product} {ergonomic}
     uint ConcGCThreads                            = 1                                         {product} {ergonomic}
     uint G1ConcRefinementThreads                  = 2                                         {product} {ergonomic}
   size_t G1HeapRegionSize                         = 1048576                                   {product} {ergonomic}
    uintx GCDrainStackTargetSize                   = 64                                        {product} {ergonomic}
   size_t InitialHeapSize                          = 134217728                                 {product} {ergonomic}
   size_t MarkStackSize                            = 4194304                                   {product} {ergonomic}
   size_t MaxHeapSize                              = 2147483648                                {product} {ergonomic}
   size_t MaxNewSize                               = 1287651328                                {product} {ergonomic}
   size_t MinHeapDeltaBytes                        = 1048576                                   {product} {ergonomic}
    uintx NonNMethodCodeHeapSize                   = 5825164                                {pd product} {ergonomic}
    uintx NonProfiledCodeHeapSize                  = 122916538                              {pd product} {ergonomic}
    uintx ProfiledCodeHeapSize                     = 122916538                              {pd product} {ergonomic}
    uintx ReservedCodeCacheSize                    = 251658240                              {pd product} {ergonomic}
     bool SegmentedCodeCache                       = true                                      {product} {ergonomic}
     bool UseCompressedClassPointers               = true                                 {lp64_product} {ergonomic}
     bool UseCompressedOops                        = true                                 {lp64_product} {ergonomic}
     bool UseG1GC                                  = true                                      {product} {ergonomic}
     bool UseLargePagesIndividualAllocation        = false                                  {pd product} {ergonomic}

Logging:
Log output configuration:
 #0: stdout all=warning uptime,level,tags
 #1: stderr all=off uptime,level,tags

Environment Variables:
JAVA_HOME=C:\Program Files\Eclipse Foundation\jdk-11.0.12.7-hotspot\
PATH=C:\Program Files\Eclipse Foundation\jdk-11.0.12.7-hotspot\bin;C:\Program Files (x86)\Common Files\Oracle\Java\javapath;C:\Windows\system32;C:\Windows;C:\Windows\System32\Wbem;C:\Windows\System32\WindowsPowerShell\v1.0\;C:\Windows\System32\OpenSSH\;C:\Program Files\Git\cmd;C:\Users\usuario_devops\AppData\Local\Microsoft\WindowsApps;C:\Program Files\JetBrains\IntelliJ IDEA 2021.2.1\bin;;C:\Users\usuario_devops\.m2\wrapper\dists\apache-maven-3.6.3-bin\1iopthnavndlasol9gbrbg6bf2\apache-maven-3.6.3\bin;
USERNAME=usuario_devops
OS=Windows_NT
PROCESSOR_IDENTIFIER=Intel64 Family 6 Model 85 Stepping 4, GenuineIntel



---------------  S Y S T E M  ---------------

OS: Windows 10 , 64 bit Build 19041 (10.0.19041.1202)
OS uptime: 0 days 5:24 hours
Hyper-V virtualization detected

CPU:total 2 (initial active 2) (2 cores per cpu, 1 threads per core) family 6 model 85 stepping 4 microcode 0xffffffff, cmov, cx8, fxsr, mmx, sse, sse2, sse3, ssse3, sse4.1, sse4.2, popcnt, avx, avx2, aes, clmul, erms, rtm, 3dnowpref, lzcnt, tsc, bmi1, bmi2, adx, fma

Memory: 4k page, system-wide physical 8191M (575M free)
TotalPageFile size 10239M (AvailPageFile size 3M)
current process WorkingSet (physical memory assigned to process): 365M, peak: 365M
current process commit charge ("private bytes"): 424M, peak: 424M

vm_info: OpenJDK 64-Bit Server VM (11.0.12+7) for windows-amd64 JRE (11.0.12+7), built on Jul 21 2021 16:23:49 by "" with unknown MS VC++:1916

END.
