#
# There is insufficient memory for the Java Runtime Environment to continue.
# Native memory allocation (malloc) failed to allocate 1048576 bytes for AllocateHeap
# Possible reasons:
#   The system is out of physical RAM or swap space
#   The process is running with CompressedOops enabled, and the Java Heap may be blocking the growth of the native heap
# Possible solutions:
#   Reduce memory load on the system
#   Increase physical memory or swap space
#   Check if swap backing store is full
#   Decrease Java heap size (-Xmx/-Xms)
#   Decrease number of Java threads
#   Decrease Java thread stack sizes (-Xss)
#   Set larger code cache with -XX:ReservedCodeCacheSize=
# This output file may be truncated or incomplete.
#
#  Out of Memory Error (./src/hotspot/share/memory/allocation.cpp:46), pid=10084, tid=2344
#
# JRE version:  (11.0.12+7) (build )
# Java VM: OpenJDK 64-Bit Server VM (11.0.12+7, mixed mode, sharing, tiered, compressed oops, g1 gc, windows-amd64)
# No core dump will be written. Minidumps are not enabled by default on client versions of Windows
#

---------------  S U M M A R Y ------------

Command Line: C:\Users\usuario_devops\AppData\Local\Temp\surefire5582746745821664990\surefirebooter14365535736914850063.jar C:\Users\usuario_devops\AppData\Local\Temp\surefire5582746745821664990 2021-11-03T21-00-51_188-jvmRun1 surefire4327409824301161348tmp surefire_010835296055983920354tmp

Host: Intel(R) Xeon(R) Platinum 8171M CPU @ 2.60GHz, 2 cores, 7G,  Windows 10 , 64 bit Build 19041 (10.0.19041.1202)
Time: Wed Nov  3 21:00:52 2021 Coordinated Universal Time elapsed time: 0.033662 seconds (0d 0h 0m 0s)

---------------  T H R E A D  ---------------

Current thread (0x000002c4f4b5b800):  JavaThread "Unknown thread" [_thread_in_vm, id=2344, stack(0x000000ccb6600000,0x000000ccb6700000)]

Stack: [0x000000ccb6600000,0x000000ccb6700000]
Native frames: (J=compiled Java code, j=interpreted, Vv=VM code, C=native code)
V  [jvm.dll+0x601d0a]
V  [jvm.dll+0x78ab6e]
V  [jvm.dll+0x78c23f]
V  [jvm.dll+0x78c903]
V  [jvm.dll+0x24be68]
V  [jvm.dll+0xb91a4]
V  [jvm.dll+0x2e7e54]
V  [jvm.dll+0x2e1d39]
V  [jvm.dll+0x765ef7]
V  [jvm.dll+0x76767f]
V  [jvm.dll+0x35a309]
V  [jvm.dll+0x748f80]
V  [jvm.dll+0x3c1f3f]
V  [jvm.dll+0x3c4411]
C  [jli.dll+0x5207]
C  [ucrtbase.dll+0x21bb2]
C  [KERNEL32.DLL+0x17034]
C  [ntdll.dll+0x52651]


---------------  P R O C E S S  ---------------

Threads class SMR info:
_java_thread_list=0x000002c4f31c05d0, length=0, elements={
}

Java Threads: ( => current thread )

Other Threads:
  0x000002c4f4b73800 GCTaskThread "GC Thread#0" [stack: 0x000000ccb6700000,0x000000ccb6800000] [id=9684]

[error occurred during error reporting (printing all threads), id 0xc0000005, EXCEPTION_ACCESS_VIOLATION (0xc0000005) at pc=0x00007ff853a8d430]

VM state:not at safepoint (not fully initialized)

VM Mutex/Monitor currently owned by a thread:  ([mutex/lock_event])
[0x000002c4f4b57d60] Heap_lock - owner thread: 0x000002c4f4b5b800

Heap address: 0x0000000080000000, size: 2048 MB, Compressed Oops mode: Non-zero based: 0x0000000080000000
Narrow klass base: 0x0000000000000000, Narrow klass shift: 0

GC Heap History (0 events):
No events

Deoptimization events (0 events):
No events

Classes redefined (0 events):
No events

Internal exceptions (0 events):
No events

Events (1 events):
Event: 0.013 Loaded shared library C:\Program Files\Eclipse Foundation\jdk-11.0.12.7-hotspot\bin\zip.dll


Dynamic libraries:
0x00007ff798280000 - 0x00007ff79828d000 	C:\Program Files\Eclipse Foundation\jdk-11.0.12.7-hotspot\bin\java.exe
0x00007ff869a30000 - 0x00007ff869c25000 	C:\Windows\SYSTEM32\ntdll.dll
0x00007ff868970000 - 0x00007ff868a2e000 	C:\Windows\System32\KERNEL32.DLL
0x00007ff8675f0000 - 0x00007ff8678b9000 	C:\Windows\System32\KERNELBASE.dll
0x00007ff867290000 - 0x00007ff867390000 	C:\Windows\System32\ucrtbase.dll
0x00007ff85dc90000 - 0x00007ff85dca7000 	C:\Program Files\Eclipse Foundation\jdk-11.0.12.7-hotspot\bin\jli.dll
0x00007ff868d20000 - 0x00007ff868ec1000 	C:\Windows\System32\USER32.dll
0x00007ff867150000 - 0x00007ff867172000 	C:\Windows\System32\win32u.dll
0x00007ff8683f0000 - 0x00007ff86841b000 	C:\Windows\System32\GDI32.dll
0x00007ff867180000 - 0x00007ff86728b000 	C:\Windows\System32\gdi32full.dll
0x00007ff867390000 - 0x00007ff86742d000 	C:\Windows\System32\msvcp_win.dll
0x00007ff85dcb0000 - 0x00007ff85dcc5000 	C:\Program Files\Eclipse Foundation\jdk-11.0.12.7-hotspot\bin\VCRUNTIME140.dll
0x00007ff854300000 - 0x00007ff85459a000 	C:\Windows\WinSxS\amd64_microsoft.windows.common-controls_6595b64144ccf1df_6.0.19041.1110_none_60b5254171f9507e\COMCTL32.dll
0x00007ff8698d0000 - 0x00007ff86996e000 	C:\Windows\System32\msvcrt.dll
0x00007ff868bc0000 - 0x00007ff868bf0000 	C:\Windows\System32\IMM32.DLL
0x00007ff85dae0000 - 0x00007ff85db7b000 	C:\Program Files\Eclipse Foundation\jdk-11.0.12.7-hotspot\bin\msvcp140.dll
0x00007ff8537a0000 - 0x00007ff8542f9000 	C:\Program Files\Eclipse Foundation\jdk-11.0.12.7-hotspot\bin\server\jvm.dll
0x00007ff8693b0000 - 0x00007ff86945c000 	C:\Windows\System32\ADVAPI32.dll
0x00007ff868a30000 - 0x00007ff868acb000 	C:\Windows\System32\sechost.dll
0x00007ff868790000 - 0x00007ff8688ba000 	C:\Windows\System32\RPCRT4.dll
0x00007ff8694d0000 - 0x00007ff8694d8000 	C:\Windows\System32\PSAPI.DLL
0x00007ff85dc60000 - 0x00007ff85dc69000 	C:\Windows\SYSTEM32\WSOCK32.dll
0x00007ff869460000 - 0x00007ff8694cb000 	C:\Windows\System32\WS2_32.dll
0x00007ff85db90000 - 0x00007ff85dbb7000 	C:\Windows\SYSTEM32\WINMM.dll
0x00007ff85eb10000 - 0x00007ff85eb1a000 	C:\Windows\SYSTEM32\VERSION.dll
0x00007ff864f90000 - 0x00007ff864fa2000 	C:\Windows\SYSTEM32\kernel.appcore.dll
0x00007ff85db80000 - 0x00007ff85db90000 	C:\Program Files\Eclipse Foundation\jdk-11.0.12.7-hotspot\bin\verify.dll
0x00007ff858b30000 - 0x00007ff858d14000 	C:\Windows\SYSTEM32\DBGHELP.DLL
0x00007ff858b00000 - 0x00007ff858b2c000 	C:\Windows\SYSTEM32\dbgcore.DLL
0x00007ff8679f0000 - 0x00007ff867a73000 	C:\Windows\System32\bcryptPrimitives.dll
0x00007ff85dab0000 - 0x00007ff85dad8000 	C:\Program Files\Eclipse Foundation\jdk-11.0.12.7-hotspot\bin\java.dll
0x00007ff85daa0000 - 0x00007ff85daaa000 	C:\Program Files\Eclipse Foundation\jdk-11.0.12.7-hotspot\bin\jimage.dll
0x00007ff85da80000 - 0x00007ff85da97000 	C:\Program Files\Eclipse Foundation\jdk-11.0.12.7-hotspot\bin\zip.dll

dbghelp: loaded successfully - version: 4.0.5 - missing functions: none
symbol engine: initialized successfully - sym options: 0x614 - pdb path: .;C:\Program Files\Eclipse Foundation\jdk-11.0.12.7-hotspot\bin;C:\Windows\SYSTEM32;C:\Windows\WinSxS\amd64_microsoft.windows.common-controls_6595b64144ccf1df_6.0.19041.1110_none_60b5254171f9507e;C:\Program Files\Eclipse Foundation\jdk-11.0.12.7-hotspot\bin\server

VM Arguments:
java_command: C:\Users\usuario_devops\AppData\Local\Temp\surefire5582746745821664990\surefirebooter14365535736914850063.jar C:\Users\usuario_devops\AppData\Local\Temp\surefire5582746745821664990 2021-11-03T21-00-51_188-jvmRun1 surefire4327409824301161348tmp surefire_010835296055983920354tmp
java_class_path (initial): C:\Users\usuario_devops\AppData\Local\Temp\surefire5582746745821664990\surefirebooter14365535736914850063.jar
Launcher Type: SUN_STANDARD

[Global flags]
     intx CICompilerCount                          = 2                                         {product} {ergonomic}
     uint ConcGCThreads                            = 1                                         {product} {ergonomic}
     uint G1ConcRefinementThreads                  = 2                                         {product} {ergonomic}
   size_t G1HeapRegionSize                         = 1048576                                   {product} {ergonomic}
    uintx GCDrainStackTargetSize                   = 64                                        {product} {ergonomic}
   size_t InitialHeapSize                          = 134217728                                 {product} {ergonomic}
   size_t MarkStackSize                            = 4194304                                   {product} {ergonomic}
   size_t MaxHeapSize                              = 2147483648                                {product} {ergonomic}
   size_t MinHeapDeltaBytes                        = 1048576                                   {product} {ergonomic}
    uintx NonNMethodCodeHeapSize                   = 5825164                                {pd product} {ergonomic}
    uintx NonProfiledCodeHeapSize                  = 122916538                              {pd product} {ergonomic}
    uintx ProfiledCodeHeapSize                     = 122916538                              {pd product} {ergonomic}
    uintx ReservedCodeCacheSize                    = 251658240                              {pd product} {ergonomic}
     bool SegmentedCodeCache                       = true                                      {product} {ergonomic}
     bool UseCompressedClassPointers               = true                                 {lp64_product} {ergonomic}
     bool UseCompressedOops                        = true                                 {lp64_product} {ergonomic}
     bool UseG1GC                                  = true                                      {product} {ergonomic}
     bool UseLargePagesIndividualAllocation        = false                                  {pd product} {ergonomic}

Logging:
Log output configuration:
 #0: stdout all=warning uptime,level,tags
 #1: stderr all=off uptime,level,tags

Environment Variables:
JAVA_HOME=C:\Program Files\Eclipse Foundation\jdk-11.0.12.7-hotspot\
PATH=C:\Program Files\Eclipse Foundation\jdk-11.0.12.7-hotspot\bin;C:\Program Files (x86)\Common Files\Oracle\Java\javapath;C:\Windows\system32;C:\Windows;C:\Windows\System32\Wbem;C:\Windows\System32\WindowsPowerShell\v1.0\;C:\Windows\System32\OpenSSH\;C:\Program Files\Git\cmd;C:\Users\usuario_devops\AppData\Local\Microsoft\WindowsApps;C:\Program Files\JetBrains\IntelliJ IDEA 2021.2.1\bin;;C:\Users\usuario_devops\.m2\wrapper\dists\apache-maven-3.6.3-bin\1iopthnavndlasol9gbrbg6bf2\apache-maven-3.6.3\bin;
USERNAME=usuario_devops
OS=Windows_NT
PROCESSOR_IDENTIFIER=Intel64 Family 6 Model 85 Stepping 4, GenuineIntel



---------------  S Y S T E M  ---------------

OS: Windows 10 , 64 bit Build 19041 (10.0.19041.1202)
OS uptime: 0 days 5:24 hours
Hyper-V virtualization detected

CPU:total 2 (initial active 2) (2 cores per cpu, 1 threads per core) family 6 model 85 stepping 4 microcode 0xffffffff, cmov, cx8, fxsr, mmx, sse, sse2, sse3, ssse3, sse4.1, sse4.2, popcnt, avx, avx2, aes, clmul, erms, rtm, 3dnowpref, lzcnt, tsc, bmi1, bmi2, adx, fma

Memory: 4k page, system-wide physical 8191M (583M free)
TotalPageFile size 10239M (AvailPageFile size 3M)
current process WorkingSet (physical memory assigned to process): 9M, peak: 9M
current process commit charge ("private bytes"): 46M, peak: 47M

vm_info: OpenJDK 64-Bit Server VM (11.0.12+7) for windows-amd64 JRE (11.0.12+7), built on Jul 21 2021 16:23:49 by "" with unknown MS VC++:1916

END.
