#
# There is insufficient memory for the Java Runtime Environment to continue.
# Native memory allocation (malloc) failed to allocate 32744 bytes for ChunkPool::allocate
# Possible reasons:
#   The system is out of physical RAM or swap space
#   The process is running with CompressedOops enabled, and the Java Heap may be blocking the growth of the native heap
# Possible solutions:
#   Reduce memory load on the system
#   Increase physical memory or swap space
#   Check if swap backing store is full
#   Decrease Java heap size (-Xmx/-Xms)
#   Decrease number of Java threads
#   Decrease Java thread stack sizes (-Xss)
#   Set larger code cache with -XX:ReservedCodeCacheSize=
#   JVM is running with Unscaled Compressed Oops mode in which the Java heap is
#     placed in the first 4GB address space. The Java Heap base address is the
#     maximum limit for the native heap growth. Please use -XX:HeapBaseMinAddress
#     to set the Java Heap base and to place the Java Heap above 4GB virtual address.
# This output file may be truncated or incomplete.
#
#  Out of Memory Error (./src/hotspot/share/memory/arena.cpp:81), pid=11200, tid=6872
#
# JRE version: OpenJDK Runtime Environment Temurin-11.0.12+7 (11.0.12+7) (build 11.0.12+7)
# Java VM: OpenJDK 64-Bit Server VM Temurin-11.0.12+7 (11.0.12+7, mixed mode, tiered, compressed oops, g1 gc, windows-amd64)
# No core dump will be written. Minidumps are not enabled by default on client versions of Windows
#

---------------  S U M M A R Y ------------

Command Line: -Dclassworlds.conf=C:\Users\usuario_devops\.m2\wrapper\dists\apache-maven-3.6.3-bin\1iopthnavndlasol9gbrbg6bf2\apache-maven-3.6.3\bin\..\bin\m2.conf -Dmaven.home=C:\Users\usuario_devops\.m2\wrapper\dists\apache-maven-3.6.3-bin\1iopthnavndlasol9gbrbg6bf2\apache-maven-3.6.3\bin\.. -Dlibrary.jansi.path=C:\Users\usuario_devops\.m2\wrapper\dists\apache-maven-3.6.3-bin\1iopthnavndlasol9gbrbg6bf2\apache-maven-3.6.3\bin\..\lib\jansi-native -Dmaven.multiModuleProjectDirectory=C:\Users\usuario_devops\Desktop\deisw-spring-onewebs org.codehaus.plexus.classworlds.launcher.Launcher test -Dtest=pe.edu.upc.onewebs.ui.LoginUsuarioTest

Host: Intel(R) Xeon(R) Platinum 8171M CPU @ 2.60GHz, 2 cores, 7G,  Windows 10 , 64 bit Build 19041 (10.0.19041.1202)
Time: Wed Nov  3 18:06:09 2021 Coordinated Universal Time elapsed time: 23.806293 seconds (0d 0h 0m 23s)

---------------  T H R E A D  ---------------

Current thread (0x0000022ed80e8000):  JavaThread "C2 CompilerThread0" daemon [_thread_in_native, id=6872, stack(0x0000007cafe00000,0x0000007caff00000)]


Current CompileTask:
C2:  23806 4956 %     4       org.apache.maven.plugin.surefire.extensions.EventConsumerThread::decode @ 70 (274 bytes)

Stack: [0x0000007cafe00000,0x0000007caff00000]
Native frames: (J=compiled Java code, j=interpreted, Vv=VM code, C=native code)
V  [jvm.dll+0x601d0a]
V  [jvm.dll+0x78ab6e]
V  [jvm.dll+0x78c23f]
V  [jvm.dll+0x78c903]
V  [jvm.dll+0x24be68]
V  [jvm.dll+0xc23fb]
V  [jvm.dll+0xc275c]
V  [jvm.dll+0xc22ab]
V  [jvm.dll+0x5e0d58]
V  [jvm.dll+0x19bfa3]
V  [jvm.dll+0x333bce]
V  [jvm.dll+0x616557]
V  [jvm.dll+0x616d27]
V  [jvm.dll+0x61635b]
V  [jvm.dll+0x61420e]
V  [jvm.dll+0x18c25c]
V  [jvm.dll+0x2bce36]
V  [jvm.dll+0x61ef68]
V  [jvm.dll+0x616d1f]
V  [jvm.dll+0x61635b]
V  [jvm.dll+0x61420e]
V  [jvm.dll+0x18c25c]
V  [jvm.dll+0x2bce36]
V  [jvm.dll+0x61ef68]
V  [jvm.dll+0x616d1f]
V  [jvm.dll+0x61635b]
V  [jvm.dll+0x61420e]
V  [jvm.dll+0x18c25c]
V  [jvm.dll+0x2bce36]
V  [jvm.dll+0x61ef68]
V  [jvm.dll+0x616d1f]
V  [jvm.dll+0x61635b]
V  [jvm.dll+0x61420e]
V  [jvm.dll+0x18c25c]
V  [jvm.dll+0x204383]
V  [jvm.dll+0x1898fc]
V  [jvm.dll+0x213d67]
V  [jvm.dll+0x211f2b]
V  [jvm.dll+0x74ec19]
V  [jvm.dll+0x747c84]
V  [jvm.dll+0x600ba6]
C  [ucrtbase.dll+0x21bb2]
C  [KERNEL32.DLL+0x17034]
C  [ntdll.dll+0x52651]


---------------  P R O C E S S  ---------------

Threads class SMR info:
_java_thread_list=0x0000022ed94b98d0, length=21, elements={
0x0000022eb95dc000, 0x0000022ed80d6800, 0x0000022ed80e0800, 0x0000022ed8a63000,
0x0000022ed80e3800, 0x0000022ed80e5000, 0x0000022ed80e8000, 0x0000022ed80ef000,
0x0000022ed8107000, 0x0000022ed8bd3800, 0x0000022ed9e1c000, 0x0000022eda65a800,
0x0000022eda65b800, 0x0000022eda29a000, 0x0000022ed9329800, 0x0000022ed93b0000,
0x0000022ed93b1000, 0x0000022ed93b1800, 0x0000022ed9325800, 0x0000022ed9f18000,
0x0000022ed9f17000
}

Java Threads: ( => current thread )
  0x0000022eb95dc000 JavaThread "main" [_thread_in_native, id=11032, stack(0x0000007caf200000,0x0000007caf300000)]
  0x0000022ed80d6800 JavaThread "Reference Handler" daemon [_thread_blocked, id=6496, stack(0x0000007caf900000,0x0000007cafa00000)]
  0x0000022ed80e0800 JavaThread "Finalizer" daemon [_thread_blocked, id=11096, stack(0x0000007cafa00000,0x0000007cafb00000)]
  0x0000022ed8a63000 JavaThread "Signal Dispatcher" daemon [_thread_blocked, id=11192, stack(0x0000007cafb00000,0x0000007cafc00000)]
  0x0000022ed80e3800 JavaThread "Attach Listener" daemon [_thread_blocked, id=8956, stack(0x0000007cafc00000,0x0000007cafd00000)]
  0x0000022ed80e5000 JavaThread "Service Thread" daemon [_thread_blocked, id=3668, stack(0x0000007cafd00000,0x0000007cafe00000)]
=>0x0000022ed80e8000 JavaThread "C2 CompilerThread0" daemon [_thread_in_native, id=6872, stack(0x0000007cafe00000,0x0000007caff00000)]
  0x0000022ed80ef000 JavaThread "C1 CompilerThread0" daemon [_thread_blocked, id=10108, stack(0x0000007caff00000,0x0000007cb0000000)]
  0x0000022ed8107000 JavaThread "Sweeper thread" daemon [_thread_blocked, id=10348, stack(0x0000007cb0000000,0x0000007cb0100000)]
  0x0000022ed8bd3800 JavaThread "Common-Cleaner" daemon [_thread_blocked, id=9224, stack(0x0000007cb0200000,0x0000007cb0300000)]
  0x0000022ed9e1c000 JavaThread "resolver-1" daemon [_thread_blocked, id=10468, stack(0x0000007cb0400000,0x0000007cb0500000)]
  0x0000022eda65a800 JavaThread "resolver-2" daemon [_thread_blocked, id=1388, stack(0x0000007cb0500000,0x0000007cb0600000)]
  0x0000022eda65b800 JavaThread "resolver-3" daemon [_thread_blocked, id=9524, stack(0x0000007cb0600000,0x0000007cb0700000)]
  0x0000022eda29a000 JavaThread "resolver-4" daemon [_thread_blocked, id=5216, stack(0x0000007cb0700000,0x0000007cb0800000)]
  0x0000022ed9329800 JavaThread "resolver-5" daemon [_thread_blocked, id=2468, stack(0x0000007cb0800000,0x0000007cb0900000)]
  0x0000022ed93b0000 JavaThread "timeout-check-timer" daemon [_thread_blocked, id=7424, stack(0x0000007cb0900000,0x0000007cb0a00000)]
  0x0000022ed93b1000 JavaThread "ping-timer-10s" daemon [_thread_blocked, id=6680, stack(0x0000007cb0a00000,0x0000007cb0b00000)]
  0x0000022ed93b1800 JavaThread "ThreadedStreamConsumer" daemon [_thread_in_native, id=11228, stack(0x0000007cb0b00000,0x0000007cb0c00000)]
  0x0000022ed9325800 JavaThread "std-in-fork-1" daemon [_thread_blocked, id=10296, stack(0x0000007cb0c00000,0x0000007cb0d00000)]
  0x0000022ed9f18000 JavaThread "fork-1-event-thread" daemon [_thread_in_native, id=3740, stack(0x0000007cb0d00000,0x0000007cb0e00000)]
  0x0000022ed9f17000 JavaThread "fork-1-err-thread" daemon [_thread_in_native, id=9296, stack(0x0000007cb0e00000,0x0000007cb0f00000)]

Other Threads:
  0x0000022ed80c1000 VMThread "VM Thread" [stack: 0x0000007caf800000,0x0000007caf900000] [id=476]
  0x0000022ed8be2000 WatcherThread [stack: 0x0000007cb0100000,0x0000007cb0200000] [id=10908]
  0x0000022eb95f5000 GCTaskThread "GC Thread#0" [stack: 0x0000007caf300000,0x0000007caf400000] [id=10152]
  0x0000022ed901d800 GCTaskThread "GC Thread#1" [stack: 0x0000007cb0300000,0x0000007cb0400000] [id=1852]
  0x0000022eb9624000 ConcurrentGCThread "G1 Main Marker" [stack: 0x0000007caf400000,0x0000007caf500000] [id=3804]
  0x0000022eb9626800 ConcurrentGCThread "G1 Conc#0" [stack: 0x0000007caf500000,0x0000007caf600000] [id=976]
  0x0000022eb96b0800 ConcurrentGCThread "G1 Refine#0" [stack: 0x0000007caf600000,0x0000007caf700000] [id=6968]
  0x0000022eb96b2000 ConcurrentGCThread "G1 Young RemSet Sampling" [stack: 0x0000007caf700000,0x0000007caf800000] [id=10664]

Threads with active compile tasks:
C2 CompilerThread0  23824 4956 %     4       org.apache.maven.plugin.surefire.extensions.EventConsumerThread::decode @ 70 (274 bytes)

VM state:not at safepoint (normal execution)

VM Mutex/Monitor currently owned by a thread: None

Heap address: 0x0000000080000000, size: 2048 MB, Compressed Oops mode: 32-bit
Narrow klass base: 0x0000000000000000, Narrow klass shift: 3
Compressed class space size: 1073741824 Address: 0x0000000100000000

Heap:
 garbage-first heap   total 157696K, used 91940K [0x0000000080000000, 0x0000000100000000)
  region size 1024K, 80 young (81920K), 7 survivors (7168K)
 Metaspace       used 28068K, capacity 28582K, committed 28848K, reserved 1075200K
  class space    used 2826K, capacity 3014K, committed 3072K, reserved 1048576K
Heap Regions: E=young(eden), S=young(survivor), O=old, HS=humongous(starts), HC=humongous(continues), CS=collection set, F=free, A=archive, TAMS=top-at-mark-start (previous, next)
|   0|0x0000000080000000, 0x0000000080100000, 0x0000000080100000|100%| O|  |TAMS 0x0000000080100000, 0x0000000080000000| Untracked 
|   1|0x0000000080100000, 0x0000000080200000, 0x0000000080200000|100%| O|  |TAMS 0x0000000080200000, 0x0000000080100000| Untracked 
|   2|0x0000000080200000, 0x0000000080300000, 0x0000000080300000|100%| O|  |TAMS 0x00000000802f1e00, 0x0000000080200000| Untracked 
|   3|0x0000000080300000, 0x0000000080400000, 0x0000000080400000|100%| O|  |TAMS 0x0000000080300000, 0x0000000080300000| Untracked 
|   4|0x0000000080400000, 0x0000000080500000, 0x0000000080500000|100%| O|  |TAMS 0x0000000080400000, 0x0000000080400000| Untracked 
|   5|0x0000000080500000, 0x0000000080600000, 0x0000000080600000|100%| O|  |TAMS 0x0000000080500000, 0x0000000080500000| Untracked 
|   6|0x0000000080600000, 0x0000000080700000, 0x0000000080700000|100%| O|  |TAMS 0x0000000080600000, 0x0000000080600000| Untracked 
|   7|0x0000000080700000, 0x0000000080800000, 0x0000000080800000|100%| O|  |TAMS 0x0000000080700000, 0x0000000080700000| Untracked 
|   8|0x0000000080800000, 0x0000000080900000, 0x0000000080900000|100%| O|  |TAMS 0x0000000080800000, 0x0000000080800000| Untracked 
|   9|0x0000000080900000, 0x0000000080a00000, 0x0000000080a00000|100%| O|  |TAMS 0x0000000080900000, 0x0000000080900000| Untracked 
|  10|0x0000000080a00000, 0x0000000080b00000, 0x0000000080b00000|100%| O|  |TAMS 0x0000000080a00000, 0x0000000080a00000| Untracked 
|  11|0x0000000080b00000, 0x0000000080c00000, 0x0000000080c00000|100%| O|  |TAMS 0x0000000080b00000, 0x0000000080b00000| Untracked 
|  12|0x0000000080c00000, 0x0000000080c49000, 0x0000000080d00000| 28%| O|  |TAMS 0x0000000080c00000, 0x0000000080c00000| Untracked 
|  13|0x0000000080d00000, 0x0000000080d00000, 0x0000000080e00000|  0%| F|  |TAMS 0x0000000080d00000, 0x0000000080d00000| Untracked 
|  14|0x0000000080e00000, 0x0000000080e00000, 0x0000000080f00000|  0%| F|  |TAMS 0x0000000080e00000, 0x0000000080e00000| Untracked 
|  15|0x0000000080f00000, 0x0000000080f00000, 0x0000000081000000|  0%| F|  |TAMS 0x0000000080f00000, 0x0000000080f00000| Untracked 
|  16|0x0000000081000000, 0x0000000081000000, 0x0000000081100000|  0%| F|  |TAMS 0x0000000081000000, 0x0000000081000000| Untracked 
|  17|0x0000000081100000, 0x0000000081100000, 0x0000000081200000|  0%| F|  |TAMS 0x0000000081100000, 0x0000000081100000| Untracked 
|  18|0x0000000081200000, 0x0000000081200000, 0x0000000081300000|  0%| F|  |TAMS 0x0000000081200000, 0x0000000081200000| Untracked 
|  19|0x0000000081300000, 0x0000000081300000, 0x0000000081400000|  0%| F|  |TAMS 0x0000000081300000, 0x0000000081300000| Untracked 
|  20|0x0000000081400000, 0x0000000081400000, 0x0000000081500000|  0%| F|  |TAMS 0x0000000081400000, 0x0000000081400000| Untracked 
|  21|0x0000000081500000, 0x0000000081500000, 0x0000000081600000|  0%| F|  |TAMS 0x0000000081500000, 0x0000000081500000| Untracked 
|  22|0x0000000081600000, 0x0000000081600000, 0x0000000081700000|  0%| F|  |TAMS 0x0000000081600000, 0x0000000081600000| Untracked 
|  23|0x0000000081700000, 0x0000000081700000, 0x0000000081800000|  0%| F|  |TAMS 0x0000000081700000, 0x0000000081700000| Untracked 
|  24|0x0000000081800000, 0x0000000081800000, 0x0000000081900000|  0%| F|  |TAMS 0x0000000081800000, 0x0000000081800000| Untracked 
|  25|0x0000000081900000, 0x0000000081900000, 0x0000000081a00000|  0%| F|  |TAMS 0x0000000081900000, 0x0000000081900000| Untracked 
|  26|0x0000000081a00000, 0x0000000081a00000, 0x0000000081b00000|  0%| F|  |TAMS 0x0000000081a00000, 0x0000000081a00000| Untracked 
|  27|0x0000000081b00000, 0x0000000081b00000, 0x0000000081c00000|  0%| F|  |TAMS 0x0000000081b00000, 0x0000000081b00000| Untracked 
|  28|0x0000000081c00000, 0x0000000081c00000, 0x0000000081d00000|  0%| F|  |TAMS 0x0000000081c00000, 0x0000000081c00000| Untracked 
|  29|0x0000000081d00000, 0x0000000081d00000, 0x0000000081e00000|  0%| F|  |TAMS 0x0000000081d00000, 0x0000000081d00000| Untracked 
|  30|0x0000000081e00000, 0x0000000081e00000, 0x0000000081f00000|  0%| F|  |TAMS 0x0000000081e00000, 0x0000000081e00000| Untracked 
|  31|0x0000000081f00000, 0x0000000081f00000, 0x0000000082000000|  0%| F|  |TAMS 0x0000000081f00000, 0x0000000081f00000| Untracked 
|  32|0x0000000082000000, 0x0000000082000000, 0x0000000082100000|  0%| F|  |TAMS 0x0000000082000000, 0x0000000082000000| Untracked 
|  33|0x0000000082100000, 0x0000000082100000, 0x0000000082200000|  0%| F|  |TAMS 0x0000000082100000, 0x0000000082100000| Untracked 
|  34|0x0000000082200000, 0x0000000082200000, 0x0000000082300000|  0%| F|  |TAMS 0x0000000082200000, 0x0000000082200000| Untracked 
|  35|0x0000000082300000, 0x0000000082300000, 0x0000000082400000|  0%| F|  |TAMS 0x0000000082300000, 0x0000000082300000| Untracked 
|  36|0x0000000082400000, 0x0000000082400000, 0x0000000082500000|  0%| F|  |TAMS 0x0000000082400000, 0x0000000082400000| Untracked 
|  37|0x0000000082500000, 0x0000000082500000, 0x0000000082600000|  0%| F|  |TAMS 0x0000000082500000, 0x0000000082500000| Untracked 
|  38|0x0000000082600000, 0x0000000082600000, 0x0000000082700000|  0%| F|  |TAMS 0x0000000082600000, 0x0000000082600000| Untracked 
|  39|0x0000000082700000, 0x0000000082700000, 0x0000000082800000|  0%| F|  |TAMS 0x0000000082700000, 0x0000000082700000| Untracked 
|  40|0x0000000082800000, 0x0000000082800000, 0x0000000082900000|  0%| F|  |TAMS 0x0000000082800000, 0x0000000082800000| Untracked 
|  41|0x0000000082900000, 0x0000000082900000, 0x0000000082a00000|  0%| F|  |TAMS 0x0000000082900000, 0x0000000082900000| Untracked 
|  42|0x0000000082a00000, 0x0000000082a00000, 0x0000000082b00000|  0%| F|  |TAMS 0x0000000082a00000, 0x0000000082a00000| Untracked 
|  43|0x0000000082b00000, 0x0000000082b00000, 0x0000000082c00000|  0%| F|  |TAMS 0x0000000082b00000, 0x0000000082b00000| Untracked 
|  44|0x0000000082c00000, 0x0000000082c00000, 0x0000000082d00000|  0%| F|  |TAMS 0x0000000082c00000, 0x0000000082c00000| Untracked 
|  45|0x0000000082d00000, 0x0000000082d00000, 0x0000000082e00000|  0%| F|  |TAMS 0x0000000082d00000, 0x0000000082d00000| Untracked 
|  46|0x0000000082e00000, 0x0000000082e00000, 0x0000000082f00000|  0%| F|  |TAMS 0x0000000082e00000, 0x0000000082e00000| Untracked 
|  47|0x0000000082f00000, 0x0000000082f00000, 0x0000000083000000|  0%| F|  |TAMS 0x0000000082f00000, 0x0000000082f00000| Untracked 
|  48|0x0000000083000000, 0x0000000083000000, 0x0000000083100000|  0%| F|  |TAMS 0x0000000083000000, 0x0000000083000000| Untracked 
|  49|0x0000000083100000, 0x0000000083100000, 0x0000000083200000|  0%| F|  |TAMS 0x0000000083100000, 0x0000000083100000| Untracked 
|  50|0x0000000083200000, 0x0000000083200000, 0x0000000083300000|  0%| F|  |TAMS 0x0000000083200000, 0x0000000083200000| Untracked 
|  51|0x0000000083300000, 0x0000000083300000, 0x0000000083400000|  0%| F|  |TAMS 0x0000000083300000, 0x0000000083300000| Untracked 
|  52|0x0000000083400000, 0x0000000083400000, 0x0000000083500000|  0%| F|  |TAMS 0x0000000083400000, 0x0000000083400000| Untracked 
|  53|0x0000000083500000, 0x0000000083500000, 0x0000000083600000|  0%| F|  |TAMS 0x0000000083500000, 0x0000000083500000| Untracked 
|  54|0x0000000083600000, 0x0000000083600000, 0x0000000083700000|  0%| F|  |TAMS 0x0000000083600000, 0x0000000083600000| Untracked 
|  55|0x0000000083700000, 0x0000000083700000, 0x0000000083800000|  0%| F|  |TAMS 0x0000000083700000, 0x0000000083700000| Untracked 
|  56|0x0000000083800000, 0x0000000083800000, 0x0000000083900000|  0%| F|  |TAMS 0x0000000083800000, 0x0000000083800000| Untracked 
|  57|0x0000000083900000, 0x0000000083900000, 0x0000000083a00000|  0%| F|  |TAMS 0x0000000083900000, 0x0000000083900000| Untracked 
|  58|0x0000000083a00000, 0x0000000083a00000, 0x0000000083b00000|  0%| F|  |TAMS 0x0000000083a00000, 0x0000000083a00000| Untracked 
|  59|0x0000000083b00000, 0x0000000083b00000, 0x0000000083c00000|  0%| F|  |TAMS 0x0000000083b00000, 0x0000000083b00000| Untracked 
|  60|0x0000000083c00000, 0x0000000083c00000, 0x0000000083d00000|  0%| F|  |TAMS 0x0000000083c00000, 0x0000000083c00000| Untracked 
|  61|0x0000000083d00000, 0x0000000083d00000, 0x0000000083e00000|  0%| F|  |TAMS 0x0000000083d00000, 0x0000000083d00000| Untracked 
|  62|0x0000000083e00000, 0x0000000083e00000, 0x0000000083f00000|  0%| F|  |TAMS 0x0000000083e00000, 0x0000000083e00000| Untracked 
|  63|0x0000000083f00000, 0x0000000083f80000, 0x0000000084000000| 50%| S|CS|TAMS 0x0000000083f00000, 0x0000000083f00000| Complete 
|  64|0x0000000084000000, 0x0000000084100000, 0x0000000084100000|100%| S|CS|TAMS 0x0000000084000000, 0x0000000084000000| Complete 
|  65|0x0000000084100000, 0x0000000084200000, 0x0000000084200000|100%| S|CS|TAMS 0x0000000084100000, 0x0000000084100000| Complete 
|  66|0x0000000084200000, 0x0000000084300000, 0x0000000084300000|100%| S|CS|TAMS 0x0000000084200000, 0x0000000084200000| Complete 
|  67|0x0000000084300000, 0x0000000084400000, 0x0000000084400000|100%| S|CS|TAMS 0x0000000084300000, 0x0000000084300000| Complete 
|  68|0x0000000084400000, 0x0000000084500000, 0x0000000084500000|100%| S|CS|TAMS 0x0000000084400000, 0x0000000084400000| Complete 
|  69|0x0000000084500000, 0x0000000084600000, 0x0000000084600000|100%| S|CS|TAMS 0x0000000084500000, 0x0000000084500000| Complete 
|  70|0x0000000084600000, 0x0000000084600000, 0x0000000084700000|  0%| F|  |TAMS 0x0000000084600000, 0x0000000084600000| Untracked 
|  71|0x0000000084700000, 0x0000000084700000, 0x0000000084800000|  0%| F|  |TAMS 0x0000000084700000, 0x0000000084700000| Untracked 
|  72|0x0000000084800000, 0x0000000084800000, 0x0000000084900000|  0%| F|  |TAMS 0x0000000084800000, 0x0000000084800000| Untracked 
|  73|0x0000000084900000, 0x0000000084900000, 0x0000000084a00000|  0%| F|  |TAMS 0x0000000084900000, 0x0000000084900000| Untracked 
|  74|0x0000000084a00000, 0x0000000084a00000, 0x0000000084b00000|  0%| F|  |TAMS 0x0000000084a00000, 0x0000000084a00000| Untracked 
|  75|0x0000000084b00000, 0x0000000084b00000, 0x0000000084c00000|  0%| F|  |TAMS 0x0000000084b00000, 0x0000000084b00000| Untracked 
|  76|0x0000000084c00000, 0x0000000084c00000, 0x0000000084d00000|  0%| F|  |TAMS 0x0000000084c00000, 0x0000000084c00000| Untracked 
|  77|0x0000000084d00000, 0x0000000084d00000, 0x0000000084e00000|  0%| F|  |TAMS 0x0000000084d00000, 0x0000000084d00000| Untracked 
|  78|0x0000000084e00000, 0x0000000084e00000, 0x0000000084f00000|  0%| F|  |TAMS 0x0000000084e00000, 0x0000000084e00000| Untracked 
|  79|0x0000000084f00000, 0x0000000084f00000, 0x0000000085000000|  0%| F|  |TAMS 0x0000000084f00000, 0x0000000084f00000| Untracked 
|  80|0x0000000085000000, 0x0000000085000000, 0x0000000085100000|  0%| F|  |TAMS 0x0000000085000000, 0x0000000085000000| Untracked 
|  81|0x0000000085100000, 0x000000008516ecf0, 0x0000000085200000| 43%| E|  |TAMS 0x0000000085100000, 0x0000000085100000| Complete 
|  82|0x0000000085200000, 0x0000000085300000, 0x0000000085300000|100%| E|CS|TAMS 0x0000000085200000, 0x0000000085200000| Complete 
|  83|0x0000000085300000, 0x0000000085400000, 0x0000000085400000|100%| E|CS|TAMS 0x0000000085300000, 0x0000000085300000| Complete 
|  84|0x0000000085400000, 0x0000000085500000, 0x0000000085500000|100%| E|CS|TAMS 0x0000000085400000, 0x0000000085400000| Complete 
|  85|0x0000000085500000, 0x0000000085600000, 0x0000000085600000|100%| E|CS|TAMS 0x0000000085500000, 0x0000000085500000| Complete 
|  86|0x0000000085600000, 0x0000000085700000, 0x0000000085700000|100%| E|CS|TAMS 0x0000000085600000, 0x0000000085600000| Complete 
|  87|0x0000000085700000, 0x0000000085800000, 0x0000000085800000|100%| E|CS|TAMS 0x0000000085700000, 0x0000000085700000| Complete 
|  88|0x0000000085800000, 0x0000000085900000, 0x0000000085900000|100%| E|CS|TAMS 0x0000000085800000, 0x0000000085800000| Complete 
|  89|0x0000000085900000, 0x0000000085a00000, 0x0000000085a00000|100%| E|CS|TAMS 0x0000000085900000, 0x0000000085900000| Complete 
|  90|0x0000000085a00000, 0x0000000085b00000, 0x0000000085b00000|100%| E|CS|TAMS 0x0000000085a00000, 0x0000000085a00000| Complete 
|  91|0x0000000085b00000, 0x0000000085c00000, 0x0000000085c00000|100%| E|CS|TAMS 0x0000000085b00000, 0x0000000085b00000| Complete 
|  92|0x0000000085c00000, 0x0000000085d00000, 0x0000000085d00000|100%| E|CS|TAMS 0x0000000085c00000, 0x0000000085c00000| Complete 
|  93|0x0000000085d00000, 0x0000000085e00000, 0x0000000085e00000|100%| E|CS|TAMS 0x0000000085d00000, 0x0000000085d00000| Complete 
|  94|0x0000000085e00000, 0x0000000085f00000, 0x0000000085f00000|100%| E|CS|TAMS 0x0000000085e00000, 0x0000000085e00000| Complete 
|  95|0x0000000085f00000, 0x0000000086000000, 0x0000000086000000|100%| E|CS|TAMS 0x0000000085f00000, 0x0000000085f00000| Complete 
|  96|0x0000000086000000, 0x0000000086100000, 0x0000000086100000|100%| E|CS|TAMS 0x0000000086000000, 0x0000000086000000| Complete 
|  97|0x0000000086100000, 0x0000000086200000, 0x0000000086200000|100%| E|CS|TAMS 0x0000000086100000, 0x0000000086100000| Complete 
|  98|0x0000000086200000, 0x0000000086300000, 0x0000000086300000|100%| E|CS|TAMS 0x0000000086200000, 0x0000000086200000| Complete 
|  99|0x0000000086300000, 0x0000000086400000, 0x0000000086400000|100%| E|CS|TAMS 0x0000000086300000, 0x0000000086300000| Complete 
| 100|0x0000000086400000, 0x0000000086500000, 0x0000000086500000|100%| E|CS|TAMS 0x0000000086400000, 0x0000000086400000| Complete 
| 101|0x0000000086500000, 0x0000000086600000, 0x0000000086600000|100%| E|CS|TAMS 0x0000000086500000, 0x0000000086500000| Complete 
| 102|0x0000000086600000, 0x0000000086700000, 0x0000000086700000|100%| E|CS|TAMS 0x0000000086600000, 0x0000000086600000| Complete 
| 103|0x0000000086700000, 0x0000000086800000, 0x0000000086800000|100%| E|CS|TAMS 0x0000000086700000, 0x0000000086700000| Complete 
| 104|0x0000000086800000, 0x0000000086900000, 0x0000000086900000|100%| E|CS|TAMS 0x0000000086800000, 0x0000000086800000| Complete 
| 105|0x0000000086900000, 0x0000000086a00000, 0x0000000086a00000|100%| E|CS|TAMS 0x0000000086900000, 0x0000000086900000| Complete 
| 106|0x0000000086a00000, 0x0000000086b00000, 0x0000000086b00000|100%| E|CS|TAMS 0x0000000086a00000, 0x0000000086a00000| Complete 
| 107|0x0000000086b00000, 0x0000000086c00000, 0x0000000086c00000|100%| E|CS|TAMS 0x0000000086b00000, 0x0000000086b00000| Complete 
| 108|0x0000000086c00000, 0x0000000086d00000, 0x0000000086d00000|100%| E|CS|TAMS 0x0000000086c00000, 0x0000000086c00000| Complete 
| 109|0x0000000086d00000, 0x0000000086e00000, 0x0000000086e00000|100%| E|CS|TAMS 0x0000000086d00000, 0x0000000086d00000| Complete 
| 110|0x0000000086e00000, 0x0000000086f00000, 0x0000000086f00000|100%| E|CS|TAMS 0x0000000086e00000, 0x0000000086e00000| Complete 
| 111|0x0000000086f00000, 0x0000000087000000, 0x0000000087000000|100%| E|CS|TAMS 0x0000000086f00000, 0x0000000086f00000| Complete 
| 112|0x0000000087000000, 0x0000000087100000, 0x0000000087100000|100%| E|CS|TAMS 0x0000000087000000, 0x0000000087000000| Complete 
| 113|0x0000000087100000, 0x0000000087200000, 0x0000000087200000|100%| E|CS|TAMS 0x0000000087100000, 0x0000000087100000| Complete 
| 114|0x0000000087200000, 0x0000000087300000, 0x0000000087300000|100%| E|CS|TAMS 0x0000000087200000, 0x0000000087200000| Complete 
| 115|0x0000000087300000, 0x0000000087400000, 0x0000000087400000|100%| E|CS|TAMS 0x0000000087300000, 0x0000000087300000| Complete 
| 116|0x0000000087400000, 0x0000000087500000, 0x0000000087500000|100%| E|CS|TAMS 0x0000000087400000, 0x0000000087400000| Complete 
| 117|0x0000000087500000, 0x0000000087600000, 0x0000000087600000|100%| E|CS|TAMS 0x0000000087500000, 0x0000000087500000| Complete 
| 118|0x0000000087600000, 0x0000000087700000, 0x0000000087700000|100%| E|CS|TAMS 0x0000000087600000, 0x0000000087600000| Complete 
| 119|0x0000000087700000, 0x0000000087800000, 0x0000000087800000|100%| E|CS|TAMS 0x0000000087700000, 0x0000000087700000| Complete 
| 120|0x0000000087800000, 0x0000000087900000, 0x0000000087900000|100%| E|CS|TAMS 0x0000000087800000, 0x0000000087800000| Complete 
| 121|0x0000000087900000, 0x0000000087a00000, 0x0000000087a00000|100%| E|CS|TAMS 0x0000000087900000, 0x0000000087900000| Complete 
| 122|0x0000000087a00000, 0x0000000087b00000, 0x0000000087b00000|100%| E|CS|TAMS 0x0000000087a00000, 0x0000000087a00000| Complete 
| 123|0x0000000087b00000, 0x0000000087c00000, 0x0000000087c00000|100%| E|CS|TAMS 0x0000000087b00000, 0x0000000087b00000| Complete 
| 124|0x0000000087c00000, 0x0000000087d00000, 0x0000000087d00000|100%| E|CS|TAMS 0x0000000087c00000, 0x0000000087c00000| Complete 
| 125|0x0000000087d00000, 0x0000000087e00000, 0x0000000087e00000|100%| E|CS|TAMS 0x0000000087d00000, 0x0000000087d00000| Complete 
| 126|0x0000000087e00000, 0x0000000087f00000, 0x0000000087f00000|100%| E|CS|TAMS 0x0000000087e00000, 0x0000000087e00000| Complete 
| 127|0x0000000087f00000, 0x0000000088000000, 0x0000000088000000|100%| E|CS|TAMS 0x0000000087f00000, 0x0000000087f00000| Complete 
| 128|0x0000000088000000, 0x0000000088100000, 0x0000000088100000|100%| E|CS|TAMS 0x0000000088000000, 0x0000000088000000| Complete 
| 129|0x0000000088100000, 0x0000000088200000, 0x0000000088200000|100%| E|CS|TAMS 0x0000000088100000, 0x0000000088100000| Complete 
| 130|0x0000000088200000, 0x0000000088300000, 0x0000000088300000|100%| E|CS|TAMS 0x0000000088200000, 0x0000000088200000| Complete 
| 131|0x0000000088300000, 0x0000000088400000, 0x0000000088400000|100%| E|CS|TAMS 0x0000000088300000, 0x0000000088300000| Complete 
| 132|0x0000000088400000, 0x0000000088500000, 0x0000000088500000|100%| E|CS|TAMS 0x0000000088400000, 0x0000000088400000| Complete 
| 133|0x0000000088500000, 0x0000000088600000, 0x0000000088600000|100%| E|CS|TAMS 0x0000000088500000, 0x0000000088500000| Complete 
| 134|0x0000000088600000, 0x0000000088700000, 0x0000000088700000|100%| E|  |TAMS 0x0000000088600000, 0x0000000088600000| Complete 
| 135|0x0000000088700000, 0x0000000088800000, 0x0000000088800000|100%| E|CS|TAMS 0x0000000088700000, 0x0000000088700000| Complete 
| 136|0x0000000088800000, 0x0000000088900000, 0x0000000088900000|100%| E|CS|TAMS 0x0000000088800000, 0x0000000088800000| Complete 
| 137|0x0000000088900000, 0x0000000088a00000, 0x0000000088a00000|100%| E|CS|TAMS 0x0000000088900000, 0x0000000088900000| Complete 
| 138|0x0000000088a00000, 0x0000000088b00000, 0x0000000088b00000|100%| E|CS|TAMS 0x0000000088a00000, 0x0000000088a00000| Complete 
| 139|0x0000000088b00000, 0x0000000088c00000, 0x0000000088c00000|100%| E|CS|TAMS 0x0000000088b00000, 0x0000000088b00000| Complete 
| 140|0x0000000088c00000, 0x0000000088d00000, 0x0000000088d00000|100%| E|CS|TAMS 0x0000000088c00000, 0x0000000088c00000| Complete 
| 141|0x0000000088d00000, 0x0000000088e00000, 0x0000000088e00000|100%| E|CS|TAMS 0x0000000088d00000, 0x0000000088d00000| Complete 
| 142|0x0000000088e00000, 0x0000000088f00000, 0x0000000088f00000|100%| E|CS|TAMS 0x0000000088e00000, 0x0000000088e00000| Complete 
| 143|0x0000000088f00000, 0x0000000089000000, 0x0000000089000000|100%| E|CS|TAMS 0x0000000088f00000, 0x0000000088f00000| Complete 
| 144|0x0000000089000000, 0x0000000089100000, 0x0000000089100000|100%| E|CS|TAMS 0x0000000089000000, 0x0000000089000000| Complete 
| 145|0x0000000089100000, 0x0000000089200000, 0x0000000089200000|100%| E|CS|TAMS 0x0000000089100000, 0x0000000089100000| Complete 
| 146|0x0000000089200000, 0x0000000089300000, 0x0000000089300000|100%| E|CS|TAMS 0x0000000089200000, 0x0000000089200000| Complete 
| 147|0x0000000089300000, 0x0000000089400000, 0x0000000089400000|100%| E|CS|TAMS 0x0000000089300000, 0x0000000089300000| Complete 
| 148|0x0000000089400000, 0x0000000089500000, 0x0000000089500000|100%| E|CS|TAMS 0x0000000089400000, 0x0000000089400000| Complete 
| 149|0x0000000089500000, 0x0000000089600000, 0x0000000089600000|100%| E|CS|TAMS 0x0000000089500000, 0x0000000089500000| Complete 
| 150|0x0000000089600000, 0x0000000089700000, 0x0000000089700000|100%| E|CS|TAMS 0x0000000089600000, 0x0000000089600000| Complete 
| 151|0x0000000089700000, 0x0000000089800000, 0x0000000089800000|100%| E|CS|TAMS 0x0000000089700000, 0x0000000089700000| Complete 
| 152|0x0000000089800000, 0x0000000089900000, 0x0000000089900000|100%| E|CS|TAMS 0x0000000089800000, 0x0000000089800000| Complete 
| 153|0x0000000089900000, 0x0000000089a00000, 0x0000000089a00000|100%| E|CS|TAMS 0x0000000089900000, 0x0000000089900000| Complete 

Card table byte_map: [0x0000022ed1500000,0x0000022ed1900000] _byte_map_base: 0x0000022ed1100000

Marking Bits (Prev, Next): (CMBitMap*) 0x0000022eb961b6b0, (CMBitMap*) 0x0000022eb961b678
 Prev Bits: [0x0000022ed3d00000, 0x0000022ed5d00000)
 Next Bits: [0x0000022ed1d00000, 0x0000022ed3d00000)

Polling page: 0x0000022eb7c10000

Metaspace:

Usage:
  Non-class:     24.97 MB capacity,    24.65 MB ( 99%) used,   291.47 KB (  1%) free+waste,    34.44 KB ( <1%) overhead. 
      Class:      2.94 MB capacity,     2.76 MB ( 94%) used,   174.40 KB (  6%) free+waste,    13.31 KB ( <1%) overhead. 
       Both:     27.91 MB capacity,    27.41 MB ( 98%) used,   465.87 KB (  2%) free+waste,    47.75 KB ( <1%) overhead. 

Virtual space:
  Non-class space:       26.00 MB reserved,      25.17 MB ( 97%) committed 
      Class space:        1.00 GB reserved,       3.00 MB ( <1%) committed 
             Both:        1.03 GB reserved,      28.17 MB (  3%) committed 

Chunk freelists:
   Non-Class:  16.00 KB
       Class:  26.00 KB
        Both:  42.00 KB

MaxMetaspaceSize: 17179869184.00 GB
CompressedClassSpaceSize: 1.00 GB
Initial GC threshold: 20.80 MB
Current GC threshold: 35.08 MB
CDS: off

CodeHeap 'non-profiled nmethods': size=120064Kb used=2390Kb max_used=2390Kb free=117673Kb
 bounds [0x0000022ec97c0000, 0x0000022ec9a30000, 0x0000022ed0d00000]
CodeHeap 'profiled nmethods': size=120000Kb used=11994Kb max_used=11994Kb free=108005Kb
 bounds [0x0000022ec2290000, 0x0000022ec2e50000, 0x0000022ec97c0000]
CodeHeap 'non-nmethods': size=5696Kb used=1213Kb max_used=1235Kb free=4482Kb
 bounds [0x0000022ec1d00000, 0x0000022ec1f70000, 0x0000022ec2290000]
 total_blobs=5427 nmethods=4943 adapters=395
 compilation: enabled
              stopped_count=0, restarted_count=0
 full_count=0

Compilation events (20 events):
Event: 23.713 Thread 0x0000022ed80ef000 4948       3       org.apache.maven.surefire.shared.codec.binary.BaseNCodec::readResults (85 bytes)
Event: 23.713 Thread 0x0000022ed80ef000 nmethod 4948 0x0000022ec2e42490 code [0x0000022ec2e42680, 0x0000022ec2e42b88]
Event: 23.714 Thread 0x0000022ed80ef000 4949       3       java.util.concurrent.ArrayBlockingQueue::enqueue (53 bytes)
Event: 23.714 Thread 0x0000022ed80ef000 nmethod 4949 0x0000022ec2e42d10 code [0x0000022ec2e42f20, 0x0000022ec2e434c8]
Event: 23.715 Thread 0x0000022ed80e8000 nmethod 4945 0x0000022ec9a12710 code [0x0000022ec9a128c0, 0x0000022ec9a12d28]
Event: 23.715 Thread 0x0000022ed80e8000 4946       4       java.lang.StringBuilder::setLength (6 bytes)
Event: 23.719 Thread 0x0000022ed80e8000 nmethod 4946 0x0000022ec9a12f10 code [0x0000022ec9a130c0, 0x0000022ec9a13528]
Event: 23.719 Thread 0x0000022ed80e8000 4950       4       java.lang.StringCoding::encodeASCII (158 bytes)
Event: 23.723 Thread 0x0000022ed80e8000 nmethod 4950 0x0000022ec9a13710 code [0x0000022ec9a138c0, 0x0000022ec9a13b18]
Event: 23.723 Thread 0x0000022ed80e8000 4951       4       java.util.concurrent.locks.AbstractQueuedSynchronizer::release (33 bytes)
Event: 23.725 Thread 0x0000022ed80e8000 nmethod 4951 0x0000022ec9a13c90 code [0x0000022ec9a13e40, 0x0000022ec9a13fc8]
Event: 23.731 Thread 0x0000022ed80e8000 4952       4       java.util.ArrayList::clear (43 bytes)
Event: 23.731 Thread 0x0000022ed80ef000 4954       1       java.nio.HeapByteBuffer::isReadOnly (2 bytes)
Event: 23.731 Thread 0x0000022ed80ef000 nmethod 4954 0x0000022ec9a14110 code [0x0000022ec9a142c0, 0x0000022ec9a14378]
Event: 23.731 Thread 0x0000022ed80ef000 4955       3       java.nio.charset.Charset::lookup (44 bytes)
Event: 23.732 Thread 0x0000022ed80ef000 nmethod 4955 0x0000022ec2e43710 code [0x0000022ec2e43900, 0x0000022ec2e43d28]
Event: 23.732 Thread 0x0000022ed80ef000 4957       1       org.apache.maven.surefire.api.util.internal.AbstractNoninterruptibleReadableChannel::isOpen (5 bytes)
Event: 23.732 Thread 0x0000022ed80ef000 nmethod 4957 0x0000022ec9a14410 code [0x0000022ec9a145c0, 0x0000022ec9a14678]
Event: 23.733 Thread 0x0000022ed80e8000 nmethod 4952 0x0000022ec9a14710 code [0x0000022ec9a148a0, 0x0000022ec9a149d8]
Event: 23.733 Thread 0x0000022ed80e8000 4956 %     4       org.apache.maven.plugin.surefire.extensions.EventConsumerThread::decode @ 70 (274 bytes)

GC Heap History (16 events):
Event: 0.431 GC heap before
{Heap before GC invocations=0 (full 0):
 garbage-first heap   total 131072K, used 6144K [0x0000000080000000, 0x0000000100000000)
  region size 1024K, 7 young (7168K), 0 survivors (0K)
 Metaspace       used 7879K, capacity 8062K, committed 8320K, reserved 1056768K
  class space    used 683K, capacity 772K, committed 896K, reserved 1048576K
}
Event: 0.435 GC heap after
{Heap after GC invocations=1 (full 0):
 garbage-first heap   total 131072K, used 2117K [0x0000000080000000, 0x0000000100000000)
  region size 1024K, 1 young (1024K), 1 survivors (1024K)
 Metaspace       used 7879K, capacity 8062K, committed 8320K, reserved 1056768K
  class space    used 683K, capacity 772K, committed 896K, reserved 1048576K
}
Event: 0.702 GC heap before
{Heap before GC invocations=1 (full 0):
 garbage-first heap   total 131072K, used 8261K [0x0000000080000000, 0x0000000100000000)
  region size 1024K, 7 young (7168K), 1 survivors (1024K)
 Metaspace       used 10578K, capacity 10793K, committed 10880K, reserved 1058816K
  class space    used 993K, capacity 1088K, committed 1152K, reserved 1048576K
}
Event: 0.706 GC heap after
{Heap after GC invocations=2 (full 0):
 garbage-first heap   total 131072K, used 3128K [0x0000000080000000, 0x0000000100000000)
  region size 1024K, 1 young (1024K), 1 survivors (1024K)
 Metaspace       used 10578K, capacity 10793K, committed 10880K, reserved 1058816K
  class space    used 993K, capacity 1088K, committed 1152K, reserved 1048576K
}
Event: 0.993 GC heap before
{Heap before GC invocations=2 (full 0):
 garbage-first heap   total 131072K, used 16440K [0x0000000080000000, 0x0000000100000000)
  region size 1024K, 15 young (15360K), 1 survivors (1024K)
 Metaspace       used 12592K, capacity 12789K, committed 12928K, reserved 1060864K
  class space    used 1276K, capacity 1348K, committed 1408K, reserved 1048576K
}
Event: 0.996 GC heap after
{Heap after GC invocations=3 (full 0):
 garbage-first heap   total 131072K, used 3633K [0x0000000080000000, 0x0000000100000000)
  region size 1024K, 2 young (2048K), 2 survivors (2048K)
 Metaspace       used 12592K, capacity 12789K, committed 12928K, reserved 1060864K
  class space    used 1276K, capacity 1348K, committed 1408K, reserved 1048576K
}
Event: 2.284 GC heap before
{Heap before GC invocations=3 (full 0):
 garbage-first heap   total 131072K, used 52785K [0x0000000080000000, 0x0000000100000000)
  region size 1024K, 50 young (51200K), 2 survivors (2048K)
 Metaspace       used 20098K, capacity 20419K, committed 20480K, reserved 1067008K
  class space    used 2151K, capacity 2277K, committed 2304K, reserved 1048576K
}
Event: 2.295 GC heap after
{Heap after GC invocations=4 (full 0):
 garbage-first heap   total 131072K, used 6859K [0x0000000080000000, 0x0000000100000000)
  region size 1024K, 5 young (5120K), 5 survivors (5120K)
 Metaspace       used 20098K, capacity 20419K, committed 20480K, reserved 1067008K
  class space    used 2151K, capacity 2277K, committed 2304K, reserved 1048576K
}
Event: 2.961 GC heap before
{Heap before GC invocations=4 (full 0):
 garbage-first heap   total 131072K, used 37579K [0x0000000080000000, 0x0000000100000000)
  region size 1024K, 36 young (36864K), 5 survivors (5120K)
 Metaspace       used 20842K, capacity 21101K, committed 21296K, reserved 1069056K
  class space    used 2190K, capacity 2312K, committed 2432K, reserved 1048576K
}
Event: 2.982 GC heap after
{Heap after GC invocations=5 (full 0):
 garbage-first heap   total 157696K, used 10183K [0x0000000080000000, 0x0000000100000000)
  region size 1024K, 7 young (7168K), 7 survivors (7168K)
 Metaspace       used 20842K, capacity 21101K, committed 21296K, reserved 1069056K
  class space    used 2190K, capacity 2312K, committed 2432K, reserved 1048576K
}
Event: 3.908 GC heap before
{Heap before GC invocations=6 (full 0):
 garbage-first heap   total 157696K, used 62407K [0x0000000080000000, 0x0000000100000000)
  region size 1024K, 58 young (59392K), 7 survivors (7168K)
 Metaspace       used 21520K, capacity 21833K, committed 22064K, reserved 1069056K
  class space    used 2197K, capacity 2320K, committed 2432K, reserved 1048576K
}
Event: 3.925 GC heap after
{Heap after GC invocations=7 (full 0):
 garbage-first heap   total 157696K, used 13252K [0x0000000080000000, 0x0000000100000000)
  region size 1024K, 7 young (7168K), 7 survivors (7168K)
 Metaspace       used 21520K, capacity 21833K, committed 22064K, reserved 1069056K
  class space    used 2197K, capacity 2320K, committed 2432K, reserved 1048576K
}
Event: 5.010 GC heap before
{Heap before GC invocations=7 (full 0):
 garbage-first heap   total 157696K, used 71620K [0x0000000080000000, 0x0000000100000000)
  region size 1024K, 64 young (65536K), 7 survivors (7168K)
 Metaspace       used 23069K, capacity 23407K, committed 23728K, reserved 1071104K
  class space    used 2354K, capacity 2524K, committed 2560K, reserved 1048576K
}
Event: 5.024 GC heap after
{Heap after GC invocations=8 (full 0):
 garbage-first heap   total 157696K, used 16430K [0x0000000080000000, 0x0000000100000000)
  region size 1024K, 7 young (7168K), 7 survivors (7168K)
 Metaspace       used 23069K, capacity 23407K, committed 23728K, reserved 1071104K
  class space    used 2354K, capacity 2524K, committed 2560K, reserved 1048576K
}
Event: 6.254 GC heap before
{Heap before GC invocations=8 (full 0):
 garbage-first heap   total 157696K, used 94254K [0x0000000080000000, 0x0000000100000000)
  region size 1024K, 84 young (86016K), 7 survivors (7168K)
 Metaspace       used 25835K, capacity 26371K, committed 26544K, reserved 1073152K
  class space    used 2604K, capacity 2810K, committed 2816K, reserved 1048576K
}
Event: 6.271 GC heap after
{Heap after GC invocations=9 (full 0):
 garbage-first heap   total 157696K, used 19236K [0x0000000080000000, 0x0000000100000000)
  region size 1024K, 7 young (7168K), 7 survivors (7168K)
 Metaspace       used 25835K, capacity 26371K, committed 26544K, reserved 1073152K
  class space    used 2604K, capacity 2810K, committed 2816K, reserved 1048576K
}

Deoptimization events (20 events):
Event: 19.752 Thread 0x0000022ed93b1800 Uncommon trap: trap_request=0xffffff4d fr.pc=0x0000022ec9a0a438 relative=0x0000000000000218
Event: 19.752 Thread 0x0000022ed93b1800 Uncommon trap: reason=unstable_if action=reinterpret pc=0x0000022ec9a0a438 method=org.fusesource.jansi.AnsiPrintStream.filter(I)Z @ 63 c2
Event: 19.752 Thread 0x0000022ed93b1800 DEOPT PACKING pc=0x0000022ec9a0a438 sp=0x0000007cb0bfe8a0
Event: 19.752 Thread 0x0000022ed93b1800 DEOPT UNPACKING pc=0x0000022ec1d4a1af sp=0x0000007cb0bfe848 mode 2
Event: 20.049 Thread 0x0000022ed93b1800 Uncommon trap: trap_request=0xffffff4d fr.pc=0x0000022ec99a9e98 relative=0x0000000000000258
Event: 20.049 Thread 0x0000022ed93b1800 Uncommon trap: reason=unstable_if action=reinterpret pc=0x0000022ec99a9e98 method=java.lang.String.getChars(II[CI)V @ 23 c2
Event: 20.049 Thread 0x0000022ed93b1800 DEOPT PACKING pc=0x0000022ec99a9e98 sp=0x0000007cb0bfeb40
Event: 20.049 Thread 0x0000022ed93b1800 DEOPT UNPACKING pc=0x0000022ec1d4a1af sp=0x0000007cb0bfeb00 mode 2
Event: 20.055 Thread 0x0000022ed93b1800 Uncommon trap: trap_request=0xffffff4d fr.pc=0x0000022ec9a0ad94 relative=0x00000000000001d4
Event: 20.055 Thread 0x0000022ed93b1800 Uncommon trap: reason=unstable_if action=reinterpret pc=0x0000022ec9a0ad94 method=java.lang.String.valueOf(C)Ljava/lang/String; @ 10 c2
Event: 20.055 Thread 0x0000022ed93b1800 DEOPT PACKING pc=0x0000022ec9a0ad94 sp=0x0000007cb0bfeae0
Event: 20.055 Thread 0x0000022ed93b1800 DEOPT UNPACKING pc=0x0000022ec1d4a1af sp=0x0000007cb0bfea38 mode 2
Event: 20.055 Thread 0x0000022ed93b1800 Uncommon trap: trap_request=0xffffff4d fr.pc=0x0000022ec9a08ce4 relative=0x0000000000000f24
Event: 20.055 Thread 0x0000022ed93b1800 Uncommon trap: reason=unstable_if action=reinterpret pc=0x0000022ec9a08ce4 method=java.lang.String.getChars(II[CI)V @ 23 c2
Event: 20.055 Thread 0x0000022ed93b1800 DEOPT PACKING pc=0x0000022ec9a08ce4 sp=0x0000007cb0bfea10
Event: 20.055 Thread 0x0000022ed93b1800 DEOPT UNPACKING pc=0x0000022ec1d4a1af sp=0x0000007cb0bfe878 mode 2
Event: 20.055 Thread 0x0000022ed93b1800 Uncommon trap: trap_request=0xffffff4d fr.pc=0x0000022ec9a04118 relative=0x0000000000000818
Event: 20.055 Thread 0x0000022ed93b1800 Uncommon trap: reason=unstable_if action=reinterpret pc=0x0000022ec9a04118 method=sun.nio.cs.SingleByte$Encoder.encodeArrayLoop(Ljava/nio/CharBuffer;Ljava/nio/ByteBuffer;)Ljava/nio/charset/CoderResult; @ 96 c2
Event: 20.055 Thread 0x0000022ed93b1800 DEOPT PACKING pc=0x0000022ec9a04118 sp=0x0000007cb0bfe910
Event: 20.055 Thread 0x0000022ed93b1800 DEOPT UNPACKING pc=0x0000022ec1d4a1af sp=0x0000007cb0bfe640 mode 2

Classes redefined (0 events):
No events

Internal exceptions (20 events):
Event: 3.979 Thread 0x0000022eb95dc000 Implicit null exception at 0x0000022ec983a075 to 0x0000022ec983a23c
Event: 4.845 Thread 0x0000022eb95dc000 Exception <a 'java/lang/NoClassDefFoundError'{0x00000000868455a0}: org/apache/maven/doxia/sink/SinkEventAttributes> (0x00000000868455a0) thrown at [./src/hotspot/share/classfile/systemDictionary.cpp, line 220]
Event: 4.851 Thread 0x0000022eb95dc000 Exception <a 'java/lang/NoClassDefFoundError'{0x00000000868b3158}: org/apache/maven/doxia/sink/SinkEventAttributes> (0x00000000868b3158) thrown at [./src/hotspot/share/classfile/systemDictionary.cpp, line 220]
Event: 4.866 Thread 0x0000022eb95dc000 Exception <a 'java/lang/NoClassDefFoundError'{0x00000000867a8a78}: org/apache/maven/doxia/sink/SinkEventAttributes> (0x00000000867a8a78) thrown at [./src/hotspot/share/classfile/systemDictionary.cpp, line 220]
Event: 4.867 Thread 0x0000022eb95dc000 Exception <a 'java/lang/NoClassDefFoundError'{0x00000000867b4c40}: org/apache/maven/doxia/sink/SinkEventAttributes> (0x00000000867b4c40) thrown at [./src/hotspot/share/classfile/systemDictionary.cpp, line 220]
Event: 4.867 Thread 0x0000022eb95dc000 Exception <a 'java/lang/NoClassDefFoundError'{0x00000000867bf380}: org/apache/maven/doxia/sink/SinkEventAttributes> (0x00000000867bf380) thrown at [./src/hotspot/share/classfile/systemDictionary.cpp, line 220]
Event: 4.870 Thread 0x0000022eb95dc000 Exception <a 'java/lang/NoClassDefFoundError'{0x00000000867e2448}: org/apache/maven/doxia/sink/SinkEventAttributes> (0x00000000867e2448) thrown at [./src/hotspot/share/classfile/systemDictionary.cpp, line 220]
Event: 5.841 Thread 0x0000022eb95dc000 Exception <a 'java/lang/NoClassDefFoundError'{0x0000000086c8c3b8}: org/sonatype/aether/collection/DependencyCollectionException> (0x0000000086c8c3b8) thrown at [./src/hotspot/share/classfile/systemDictionary.cpp, line 220]
Event: 5.842 Thread 0x0000022eb95dc000 Exception <a 'java/lang/NoClassDefFoundError'{0x0000000086ca03e8}: org/sonatype/aether/artifact/Artifact> (0x0000000086ca03e8) thrown at [./src/hotspot/share/classfile/systemDictionary.cpp, line 220]
Event: 5.842 Thread 0x0000022eb95dc000 Exception <a 'java/lang/NoClassDefFoundError'{0x0000000086cb1e20}: org/sonatype/aether/resolution/ArtifactResolutionException> (0x0000000086cb1e20) thrown at [./src/hotspot/share/classfile/systemDictionary.cpp, line 220]
Event: 5.852 Thread 0x0000022eb95dc000 Exception <a 'java/lang/NoClassDefFoundError'{0x0000000086b59150}: org/sonatype/aether/artifact/Artifact> (0x0000000086b59150) thrown at [./src/hotspot/share/classfile/systemDictionary.cpp, line 220]
Event: 5.852 Thread 0x0000022eb95dc000 Exception <a 'java/lang/NoClassDefFoundError'{0x0000000086b65a68}: org/sonatype/aether/resolution/ArtifactDescriptorException> (0x0000000086b65a68) thrown at [./src/hotspot/share/classfile/systemDictionary.cpp, line 220]
Event: 5.853 Thread 0x0000022eb95dc000 Exception <a 'java/lang/NoClassDefFoundError'{0x0000000086b72aa0}: org/sonatype/aether/deployment/DeploymentException> (0x0000000086b72aa0) thrown at [./src/hotspot/share/classfile/systemDictionary.cpp, line 220]
Event: 5.859 Thread 0x0000022eb95dc000 Exception <a 'java/lang/NoClassDefFoundError'{0x0000000086bb9e88}: org/sonatype/aether/installation/InstallationException> (0x0000000086bb9e88) thrown at [./src/hotspot/share/classfile/systemDictionary.cpp, line 220]
Event: 5.922 Thread 0x0000022ed9d4e800 Exception <a 'java/lang/NoSuchMethodError'{0x0000000086753990}: 'java.lang.Object java.lang.invoke.DirectMethodHandle$Holder.invokeStaticInit(java.lang.Object, java.lang.Object, long, java.lang.Object)'> (0x0000000086753990) thrown at [./src/hotspot/share/interpreter/linkResolver.cpp, line 773]
Event: 5.923 Thread 0x0000022ed9d4e800 Exception <a 'java/lang/NoSuchMethodError'{0x000000008675faf0}: 'java.lang.Object java.lang.invoke.Invokers$Holder.linkToTargetMethod(java.lang.Object, long, java.lang.Object)'> (0x000000008675faf0) thrown at [./src/hotspot/share/interpreter/linkResolver.cpp, line 773]
Event: 5.978 Thread 0x0000022eb95dc000 Exception <a 'java/lang/NoSuchMethodError'{0x000000008665f568}: 'java.lang.Object java.lang.invoke.DirectMethodHandle$Holder.invokeStaticInit(java.lang.Object, java.lang.Object, int, int, int, int)'> (0x000000008665f568) thrown at [./src/hotspot/share/interpreter/linkResolver.cpp, line 773]
Event: 6.638 Thread 0x0000022eb95dc000 Exception <a 'java/lang/NoSuchMethodError'{0x0000000088650d18}: 'void java.lang.invoke.DirectMethodHandle$Holder.invokeStatic(java.lang.Object, long)'> (0x0000000088650d18) thrown at [./src/hotspot/share/interpreter/linkResolver.cpp, line 773]
Event: 6.639 Thread 0x0000022eb95dc000 Exception <a 'java/lang/NoSuchMethodError'{0x0000000088655f28}: 'java.lang.Object java.lang.invoke.DirectMethodHandle$Holder.invokeStatic(java.lang.Object, long)'> (0x0000000088655f28) thrown at [./src/hotspot/share/interpreter/linkResolver.cpp, line 773]
Event: 6.640 Thread 0x0000022eb95dc000 Exception <a 'java/lang/NoSuchMethodError'{0x0000000088659250}: 'java.lang.Object java.lang.invoke.DirectMethodHandle$Holder.invokeSpecial(java.lang.Object, java.lang.Object, long)'> (0x0000000088659250) thrown at [./src/hotspot/share/interpreter/linkResolver.cpp, line 773]

Events (20 events):
Event: 19.855 loading class org/apache/maven/surefire/api/util/internal/StringUtils
Event: 19.855 loading class org/apache/maven/surefire/api/util/internal/StringUtils done
Event: 22.825 loading class org/apache/maven/plugin/surefire/booterclient/output/DeserializedStacktraceWriter
Event: 22.825 loading class org/apache/maven/plugin/surefire/booterclient/output/DeserializedStacktraceWriter done
Event: 22.825 loading class org/apache/maven/plugin/surefire/booterclient/output/DeserializedStacktraceWriter
Event: 22.825 loading class org/apache/maven/plugin/surefire/booterclient/output/DeserializedStacktraceWriter done
Event: 22.825 loading class org/apache/maven/plugin/surefire/booterclient/output/DeserializedStacktraceWriter
Event: 22.825 loading class org/apache/maven/plugin/surefire/booterclient/output/DeserializedStacktraceWriter done
Event: 22.847 loading class org/apache/maven/plugin/surefire/report/ReportEntryType
Event: 22.847 loading class org/apache/maven/plugin/surefire/report/ReportEntryType done
Event: 22.847 loading class org/apache/maven/plugin/surefire/report/ReportEntryType
Event: 22.847 loading class org/apache/maven/plugin/surefire/report/ReportEntryType done
Event: 22.847 loading class org/apache/maven/plugin/surefire/report/ReportEntryType
Event: 22.847 loading class org/apache/maven/plugin/surefire/report/ReportEntryType done
Event: 22.847 loading class org/apache/maven/plugin/surefire/report/WrappedReportEntry
Event: 22.847 loading class org/apache/maven/plugin/surefire/report/WrappedReportEntry done
Event: 22.847 loading class org/apache/maven/plugin/surefire/report/WrappedReportEntry
Event: 22.847 loading class org/apache/maven/plugin/surefire/report/WrappedReportEntry done
Event: 22.847 loading class org/apache/maven/plugin/surefire/report/WrappedReportEntry
Event: 22.847 loading class org/apache/maven/plugin/surefire/report/WrappedReportEntry done


Dynamic libraries:
0x00007ff798280000 - 0x00007ff79828d000 	C:\Program Files\Eclipse Foundation\jdk-11.0.12.7-hotspot\bin\java.exe
0x00007ff869a30000 - 0x00007ff869c25000 	C:\Windows\SYSTEM32\ntdll.dll
0x00007ff868970000 - 0x00007ff868a2e000 	C:\Windows\System32\KERNEL32.DLL
0x00007ff8675f0000 - 0x00007ff8678b9000 	C:\Windows\System32\KERNELBASE.dll
0x00007ff867290000 - 0x00007ff867390000 	C:\Windows\System32\ucrtbase.dll
0x00007ff85dcb0000 - 0x00007ff85dcc5000 	C:\Program Files\Eclipse Foundation\jdk-11.0.12.7-hotspot\bin\VCRUNTIME140.dll
0x00007ff85dc90000 - 0x00007ff85dca7000 	C:\Program Files\Eclipse Foundation\jdk-11.0.12.7-hotspot\bin\jli.dll
0x00007ff854300000 - 0x00007ff85459a000 	C:\Windows\WinSxS\amd64_microsoft.windows.common-controls_6595b64144ccf1df_6.0.19041.1110_none_60b5254171f9507e\COMCTL32.dll
0x00007ff8698d0000 - 0x00007ff86996e000 	C:\Windows\System32\msvcrt.dll
0x00007ff8683f0000 - 0x00007ff86841b000 	C:\Windows\System32\GDI32.dll
0x00007ff867150000 - 0x00007ff867172000 	C:\Windows\System32\win32u.dll
0x00007ff867180000 - 0x00007ff86728b000 	C:\Windows\System32\gdi32full.dll
0x00007ff868d20000 - 0x00007ff868ec1000 	C:\Windows\System32\USER32.dll
0x00007ff867390000 - 0x00007ff86742d000 	C:\Windows\System32\msvcp_win.dll
0x00007ff868bc0000 - 0x00007ff868bf0000 	C:\Windows\System32\IMM32.DLL
0x00007ff85dae0000 - 0x00007ff85db7b000 	C:\Program Files\Eclipse Foundation\jdk-11.0.12.7-hotspot\bin\msvcp140.dll
0x00007ff8537a0000 - 0x00007ff8542f9000 	C:\Program Files\Eclipse Foundation\jdk-11.0.12.7-hotspot\bin\server\jvm.dll
0x00007ff8693b0000 - 0x00007ff86945c000 	C:\Windows\System32\ADVAPI32.dll
0x00007ff868a30000 - 0x00007ff868acb000 	C:\Windows\System32\sechost.dll
0x00007ff868790000 - 0x00007ff8688ba000 	C:\Windows\System32\RPCRT4.dll
0x00007ff8694d0000 - 0x00007ff8694d8000 	C:\Windows\System32\PSAPI.DLL
0x00007ff85dc60000 - 0x00007ff85dc69000 	C:\Windows\SYSTEM32\WSOCK32.dll
0x00007ff869460000 - 0x00007ff8694cb000 	C:\Windows\System32\WS2_32.dll
0x00007ff85db90000 - 0x00007ff85dbb7000 	C:\Windows\SYSTEM32\WINMM.dll
0x00007ff85eb10000 - 0x00007ff85eb1a000 	C:\Windows\SYSTEM32\VERSION.dll
0x00007ff864f90000 - 0x00007ff864fa2000 	C:\Windows\SYSTEM32\kernel.appcore.dll
0x00007ff85db80000 - 0x00007ff85db90000 	C:\Program Files\Eclipse Foundation\jdk-11.0.12.7-hotspot\bin\verify.dll
0x00007ff858b30000 - 0x00007ff858d14000 	C:\Windows\SYSTEM32\DBGHELP.DLL
0x00007ff858b00000 - 0x00007ff858b2c000 	C:\Windows\SYSTEM32\dbgcore.DLL
0x00007ff8679f0000 - 0x00007ff867a73000 	C:\Windows\System32\bcryptPrimitives.dll
0x00007ff85dab0000 - 0x00007ff85dad8000 	C:\Program Files\Eclipse Foundation\jdk-11.0.12.7-hotspot\bin\java.dll
0x00007ff85daa0000 - 0x00007ff85daaa000 	C:\Program Files\Eclipse Foundation\jdk-11.0.12.7-hotspot\bin\jimage.dll
0x00007ff85da80000 - 0x00007ff85da97000 	C:\Program Files\Eclipse Foundation\jdk-11.0.12.7-hotspot\bin\zip.dll
0x00007ff867c20000 - 0x00007ff86835f000 	C:\Windows\System32\SHELL32.dll
0x00007ff865270000 - 0x00007ff865a00000 	C:\Windows\SYSTEM32\windows.storage.dll
0x00007ff868420000 - 0x00007ff868775000 	C:\Windows\System32\combase.dll
0x00007ff866ad0000 - 0x00007ff866afc000 	C:\Windows\SYSTEM32\Wldp.dll
0x00007ff8688c0000 - 0x00007ff86896d000 	C:\Windows\System32\SHCORE.dll
0x00007ff867ae0000 - 0x00007ff867b35000 	C:\Windows\System32\shlwapi.dll
0x00007ff867090000 - 0x00007ff8670af000 	C:\Windows\SYSTEM32\profapi.dll
0x00007ff85da60000 - 0x00007ff85da79000 	C:\Program Files\Eclipse Foundation\jdk-11.0.12.7-hotspot\bin\net.dll
0x00007ff85e870000 - 0x00007ff85e978000 	C:\Windows\SYSTEM32\WINHTTP.dll
0x00007ff866830000 - 0x00007ff86689a000 	C:\Windows\system32\mswsock.dll
0x00007ff85da40000 - 0x00007ff85da52000 	C:\Program Files\Eclipse Foundation\jdk-11.0.12.7-hotspot\bin\nio.dll
0x00007ff862c20000 - 0x00007ff862c2a000 	C:\Users\usuario_devops\.m2\wrapper\dists\apache-maven-3.6.3-bin\1iopthnavndlasol9gbrbg6bf2\apache-maven-3.6.3\lib\jansi-native\windows64\jansi.dll
0x00007ff866a20000 - 0x00007ff866a38000 	C:\Windows\SYSTEM32\CRYPTSP.dll
0x00007ff8661b0000 - 0x00007ff8661e4000 	C:\Windows\system32\rsaenh.dll
0x00007ff867970000 - 0x00007ff867997000 	C:\Windows\System32\bcrypt.dll
0x00007ff867010000 - 0x00007ff86703e000 	C:\Windows\SYSTEM32\USERENV.dll
0x00007ff866a40000 - 0x00007ff866a4c000 	C:\Windows\SYSTEM32\CRYPTBASE.dll
0x00007ff866520000 - 0x00007ff86655b000 	C:\Windows\SYSTEM32\IPHLPAPI.DLL
0x00007ff8695f0000 - 0x00007ff8695f8000 	C:\Windows\System32\NSI.dll
0x00007ff85f510000 - 0x00007ff85f527000 	C:\Windows\SYSTEM32\dhcpcsvc6.DLL
0x00007ff85f4f0000 - 0x00007ff85f50d000 	C:\Windows\SYSTEM32\dhcpcsvc.DLL
0x00007ff866560000 - 0x00007ff86662c000 	C:\Windows\SYSTEM32\DNSAPI.dll

dbghelp: loaded successfully - version: 4.0.5 - missing functions: none
symbol engine: initialized successfully - sym options: 0x614 - pdb path: .;C:\Program Files\Eclipse Foundation\jdk-11.0.12.7-hotspot\bin;C:\Windows\SYSTEM32;C:\Windows\WinSxS\amd64_microsoft.windows.common-controls_6595b64144ccf1df_6.0.19041.1110_none_60b5254171f9507e;C:\Program Files\Eclipse Foundation\jdk-11.0.12.7-hotspot\bin\server;C:\Users\usuario_devops\.m2\wrapper\dists\apache-maven-3.6.3-bin\1iopthnavndlasol9gbrbg6bf2\apache-maven-3.6.3\lib\jansi-native\windows64

VM Arguments:
jvm_args: -Dclassworlds.conf=C:\Users\usuario_devops\.m2\wrapper\dists\apache-maven-3.6.3-bin\1iopthnavndlasol9gbrbg6bf2\apache-maven-3.6.3\bin\..\bin\m2.conf -Dmaven.home=C:\Users\usuario_devops\.m2\wrapper\dists\apache-maven-3.6.3-bin\1iopthnavndlasol9gbrbg6bf2\apache-maven-3.6.3\bin\.. -Dlibrary.jansi.path=C:\Users\usuario_devops\.m2\wrapper\dists\apache-maven-3.6.3-bin\1iopthnavndlasol9gbrbg6bf2\apache-maven-3.6.3\bin\..\lib\jansi-native -Dmaven.multiModuleProjectDirectory=C:\Users\usuario_devops\Desktop\deisw-spring-onewebs 
java_command: org.codehaus.plexus.classworlds.launcher.Launcher test -Dtest=pe.edu.upc.onewebs.ui.LoginUsuarioTest
java_class_path (initial): C:\Users\usuario_devops\.m2\wrapper\dists\apache-maven-3.6.3-bin\1iopthnavndlasol9gbrbg6bf2\apache-maven-3.6.3\bin\..\boot\plexus-classworlds-2.6.0.jar
Launcher Type: SUN_STANDARD

[Global flags]
     intx CICompilerCount                          = 2                                         {product} {ergonomic}
     uint ConcGCThreads                            = 1                                         {product} {ergonomic}
     uint G1ConcRefinementThreads                  = 2                                         {product} {ergonomic}
   size_t G1HeapRegionSize                         = 1048576                                   {product} {ergonomic}
    uintx GCDrainStackTargetSize                   = 64                                        {product} {ergonomic}
   size_t InitialHeapSize                          = 134217728                                 {product} {ergonomic}
   size_t MarkStackSize                            = 4194304                                   {product} {ergonomic}
   size_t MaxHeapSize                              = 2147483648                                {product} {ergonomic}
   size_t MaxNewSize                               = 1287651328                                {product} {ergonomic}
   size_t MinHeapDeltaBytes                        = 1048576                                   {product} {ergonomic}
    uintx NonNMethodCodeHeapSize                   = 5825164                                {pd product} {ergonomic}
    uintx NonProfiledCodeHeapSize                  = 122916538                              {pd product} {ergonomic}
    uintx ProfiledCodeHeapSize                     = 122916538                              {pd product} {ergonomic}
    uintx ReservedCodeCacheSize                    = 251658240                              {pd product} {ergonomic}
     bool SegmentedCodeCache                       = true                                      {product} {ergonomic}
     bool UseCompressedClassPointers               = true                                 {lp64_product} {ergonomic}
     bool UseCompressedOops                        = true                                 {lp64_product} {ergonomic}
     bool UseG1GC                                  = true                                      {product} {ergonomic}
     bool UseLargePagesIndividualAllocation        = false                                  {pd product} {ergonomic}

Logging:
Log output configuration:
 #0: stdout all=warning uptime,level,tags
 #1: stderr all=off uptime,level,tags

Environment Variables:
JAVA_HOME=C:\Program Files\Eclipse Foundation\jdk-11.0.12.7-hotspot\
PATH=C:\Program Files\Eclipse Foundation\jdk-11.0.12.7-hotspot\bin;C:\Program Files (x86)\Common Files\Oracle\Java\javapath;C:\Windows\system32;C:\Windows;C:\Windows\System32\Wbem;C:\Windows\System32\WindowsPowerShell\v1.0\;C:\Windows\System32\OpenSSH\;C:\Program Files\Git\cmd;C:\Users\usuario_devops\AppData\Local\Microsoft\WindowsApps;C:\Program Files\JetBrains\IntelliJ IDEA 2021.2.1\bin;;C:\Users\usuario_devops\.m2\wrapper\dists\apache-maven-3.6.3-bin\1iopthnavndlasol9gbrbg6bf2\apache-maven-3.6.3\bin;
USERNAME=usuario_devops
OS=Windows_NT
PROCESSOR_IDENTIFIER=Intel64 Family 6 Model 85 Stepping 4, GenuineIntel



---------------  S Y S T E M  ---------------

OS: Windows 10 , 64 bit Build 19041 (10.0.19041.1202)
OS uptime: 0 days 2:29 hours
Hyper-V virtualization detected

CPU:total 2 (initial active 2) (2 cores per cpu, 1 threads per core) family 6 model 85 stepping 4 microcode 0xffffffff, cmov, cx8, fxsr, mmx, sse, sse2, sse3, ssse3, sse4.1, sse4.2, popcnt, avx, avx2, aes, clmul, erms, rtm, 3dnowpref, lzcnt, tsc, bmi1, bmi2, adx, fma

Memory: 4k page, system-wide physical 8191M (598M free)
TotalPageFile size 10239M (AvailPageFile size 3M)
current process WorkingSet (physical memory assigned to process): 193M, peak: 210M
current process commit charge ("private bytes"): 273M, peak: 290M

vm_info: OpenJDK 64-Bit Server VM (11.0.12+7) for windows-amd64 JRE (11.0.12+7), built on Jul 21 2021 16:23:49 by "" with unknown MS VC++:1916

END.
