#
# There is insufficient memory for the Java Runtime Environment to continue.
# Native memory allocation (malloc) failed to allocate 32744 bytes for ChunkPool::allocate
# Possible reasons:
#   The system is out of physical RAM or swap space
#   The process is running with CompressedOops enabled, and the Java Heap may be blocking the growth of the native heap
# Possible solutions:
#   Reduce memory load on the system
#   Increase physical memory or swap space
#   Check if swap backing store is full
#   Decrease Java heap size (-Xmx/-Xms)
#   Decrease number of Java threads
#   Decrease Java thread stack sizes (-Xss)
#   Set larger code cache with -XX:ReservedCodeCacheSize=
#   JVM is running with Unscaled Compressed Oops mode in which the Java heap is
#     placed in the first 4GB address space. The Java Heap base address is the
#     maximum limit for the native heap growth. Please use -XX:HeapBaseMinAddress
#     to set the Java Heap base and to place the Java Heap above 4GB virtual address.
# This output file may be truncated or incomplete.
#
#  Out of Memory Error (./src/hotspot/share/memory/arena.cpp:81), pid=1008, tid=10816
#
# JRE version: OpenJDK Runtime Environment Temurin-11.0.12+7 (11.0.12+7) (build 11.0.12+7)
# Java VM: OpenJDK 64-Bit Server VM Temurin-11.0.12+7 (11.0.12+7, mixed mode, tiered, compressed oops, g1 gc, windows-amd64)
# No core dump will be written. Minidumps are not enabled by default on client versions of Windows
#

---------------  S U M M A R Y ------------

Command Line: -Dclassworlds.conf=C:\Users\usuario_devops\.m2\wrapper\dists\apache-maven-3.6.3-bin\1iopthnavndlasol9gbrbg6bf2\apache-maven-3.6.3\bin\..\bin\m2.conf -Dmaven.home=C:\Users\usuario_devops\.m2\wrapper\dists\apache-maven-3.6.3-bin\1iopthnavndlasol9gbrbg6bf2\apache-maven-3.6.3\bin\.. -Dlibrary.jansi.path=C:\Users\usuario_devops\.m2\wrapper\dists\apache-maven-3.6.3-bin\1iopthnavndlasol9gbrbg6bf2\apache-maven-3.6.3\bin\..\lib\jansi-native -Dmaven.multiModuleProjectDirectory=C:\Users\usuario_devops\Desktop\deisw-spring-onewebs org.codehaus.plexus.classworlds.launcher.Launcher test -Dtest=pe.edu.upc.onewebs.ui.LoginUsuarioTest

Host: Intel(R) Xeon(R) Platinum 8171M CPU @ 2.60GHz, 2 cores, 7G,  Windows 10 , 64 bit Build 19041 (10.0.19041.1202)
Time: Wed Nov  3 18:05:19 2021 Coordinated Universal Time elapsed time: 72.387367 seconds (0d 0h 1m 12s)

---------------  T H R E A D  ---------------

Current thread (0x000001cdb06b1000):  JavaThread "C1 CompilerThread0" daemon [_thread_in_native, id=10816, stack(0x000000a5d8d00000,0x000000a5d8e00000)]


Current CompileTask:
C1:  72387 6925       3       org.apache.maven.plugin.surefire.extensions.EventConsumerThread::frameCompleteness (243 bytes)

Stack: [0x000000a5d8d00000,0x000000a5d8e00000]
Native frames: (J=compiled Java code, j=interpreted, Vv=VM code, C=native code)
V  [jvm.dll+0x601d0a]
V  [jvm.dll+0x78ab6e]
V  [jvm.dll+0x78c23f]
V  [jvm.dll+0x78c903]
V  [jvm.dll+0x24be68]
V  [jvm.dll+0xc23fb]
V  [jvm.dll+0xc275c]
V  [jvm.dll+0x16bbf3]
V  [jvm.dll+0x16bcc0]
V  [jvm.dll+0x16e4cd]
V  [jvm.dll+0x1700e1]
V  [jvm.dll+0x12a9e5]
V  [jvm.dll+0x12a25f]
V  [jvm.dll+0x12a48f]
V  [jvm.dll+0x129737]
V  [jvm.dll+0x12b647]
V  [jvm.dll+0x213d67]
V  [jvm.dll+0x211f2b]
V  [jvm.dll+0x74ec19]
V  [jvm.dll+0x747c84]
V  [jvm.dll+0x600ba6]
C  [ucrtbase.dll+0x21bb2]
C  [KERNEL32.DLL+0x17034]
C  [ntdll.dll+0x52651]


---------------  P R O C E S S  ---------------

Threads class SMR info:
_java_thread_list=0x000001cdb6137370, length=21, elements={
0x000001cd9034b800, 0x000001cdb0696000, 0x000001cdb06a0000, 0x000001cdb0691800,
0x000001cdb0693000, 0x000001cdb06a4000, 0x000001cdb06a7800, 0x000001cdb06b1000,
0x000001cdb06c5800, 0x000001cdb1178800, 0x000001cdb2c51800, 0x000001cdb5453800,
0x000001cdb2503800, 0x000001cdb2504800, 0x000001cdb2a6b800, 0x000001cdb2ac2000,
0x000001cdb51cb000, 0x000001cdb5f06800, 0x000001cdb6109000, 0x000001cdb5321800,
0x000001cdb5324000
}

Java Threads: ( => current thread )
  0x000001cd9034b800 JavaThread "main" [_thread_in_native, id=6844, stack(0x000000a5d8000000,0x000000a5d8100000)]
  0x000001cdb0696000 JavaThread "Reference Handler" daemon [_thread_blocked, id=10296, stack(0x000000a5d8700000,0x000000a5d8800000)]
  0x000001cdb06a0000 JavaThread "Finalizer" daemon [_thread_blocked, id=3740, stack(0x000000a5d8800000,0x000000a5d8900000)]
  0x000001cdb0691800 JavaThread "Signal Dispatcher" daemon [_thread_blocked, id=9296, stack(0x000000a5d8900000,0x000000a5d8a00000)]
  0x000001cdb0693000 JavaThread "Attach Listener" daemon [_thread_blocked, id=6716, stack(0x000000a5d8a00000,0x000000a5d8b00000)]
  0x000001cdb06a4000 JavaThread "Service Thread" daemon [_thread_blocked, id=7500, stack(0x000000a5d8b00000,0x000000a5d8c00000)]
  0x000001cdb06a7800 JavaThread "C2 CompilerThread0" daemon [_thread_in_native, id=6360, stack(0x000000a5d8c00000,0x000000a5d8d00000)]
=>0x000001cdb06b1000 JavaThread "C1 CompilerThread0" daemon [_thread_in_native, id=10816, stack(0x000000a5d8d00000,0x000000a5d8e00000)]
  0x000001cdb06c5800 JavaThread "Sweeper thread" daemon [_thread_blocked, id=10632, stack(0x000000a5d8e00000,0x000000a5d8f00000)]
  0x000001cdb1178800 JavaThread "Common-Cleaner" daemon [_thread_blocked, id=6116, stack(0x000000a5d9000000,0x000000a5d9100000)]
  0x000001cdb2c51800 JavaThread "resolver-1" daemon [_thread_blocked, id=8156, stack(0x000000a5d9200000,0x000000a5d9300000)]
  0x000001cdb5453800 JavaThread "resolver-2" daemon [_thread_blocked, id=10048, stack(0x000000a5d9300000,0x000000a5d9400000)]
  0x000001cdb2503800 JavaThread "resolver-3" daemon [_thread_blocked, id=9252, stack(0x000000a5d9400000,0x000000a5d9500000)]
  0x000001cdb2504800 JavaThread "resolver-4" daemon [_thread_blocked, id=10300, stack(0x000000a5d9500000,0x000000a5d9600000)]
  0x000001cdb2a6b800 JavaThread "resolver-5" daemon [_thread_blocked, id=10748, stack(0x000000a5d9600000,0x000000a5d9700000)]
  0x000001cdb2ac2000 JavaThread "timeout-check-timer" daemon [_thread_blocked, id=7652, stack(0x000000a5d9700000,0x000000a5d9800000)]
  0x000001cdb51cb000 JavaThread "ping-timer-10s" daemon [_thread_blocked, id=10692, stack(0x000000a5d9800000,0x000000a5d9900000)]
  0x000001cdb5f06800 JavaThread "ThreadedStreamConsumer" daemon [_thread_in_native, id=5720, stack(0x000000a5d9900000,0x000000a5d9a00000)]
  0x000001cdb6109000 JavaThread "std-in-fork-1" daemon [_thread_blocked, id=6492, stack(0x000000a5d9a00000,0x000000a5d9b00000)]
  0x000001cdb5321800 JavaThread "fork-1-event-thread" daemon [_thread_in_native, id=6684, stack(0x000000a5d9b00000,0x000000a5d9c00000)]
  0x000001cdb5324000 JavaThread "fork-1-err-thread" daemon [_thread_in_native, id=9600, stack(0x000000a5d9c00000,0x000000a5d9d00000)]

Other Threads:
  0x000001cdb0683000 VMThread "VM Thread" [stack: 0x000000a5d8600000,0x000000a5d8700000] [id=9512]
  0x000001cdb1187000 WatcherThread [stack: 0x000000a5d8f00000,0x000000a5d9000000] [id=4988]
  0x000001cd90364000 GCTaskThread "GC Thread#0" [stack: 0x000000a5d8100000,0x000000a5d8200000] [id=6680]
  0x000001cdb14d6800 GCTaskThread "GC Thread#1" [stack: 0x000000a5d9100000,0x000000a5d9200000] [id=11152]
  0x000001cd90393800 ConcurrentGCThread "G1 Main Marker" [stack: 0x000000a5d8200000,0x000000a5d8300000] [id=11228]
  0x000001cd90397800 ConcurrentGCThread "G1 Conc#0" [stack: 0x000000a5d8300000,0x000000a5d8400000] [id=5156]
  0x000001cd90420000 ConcurrentGCThread "G1 Refine#0" [stack: 0x000000a5d8400000,0x000000a5d8500000] [id=5460]
  0x000001cd90421000 ConcurrentGCThread "G1 Young RemSet Sampling" [stack: 0x000000a5d8500000,0x000000a5d8600000] [id=6420]

Threads with active compile tasks:
C2 CompilerThread0  72403 6926       4       org.apache.maven.surefire.shared.codec.binary.Base64::decode (419 bytes)
C1 CompilerThread0  72403 6925       3       org.apache.maven.plugin.surefire.extensions.EventConsumerThread::frameCompleteness (243 bytes)

VM state:not at safepoint (normal execution)

VM Mutex/Monitor currently owned by a thread: None

Heap address: 0x0000000080000000, size: 2048 MB, Compressed Oops mode: 32-bit
Narrow klass base: 0x0000000000000000, Narrow klass shift: 3
Compressed class space size: 1073741824 Address: 0x0000000100000000

Heap:
 garbage-first heap   total 192512K, used 83968K [0x0000000080000000, 0x0000000100000000)
  region size 1024K, 38 young (38912K), 3 survivors (3072K)
 Metaspace       used 39173K, capacity 40001K, committed 40272K, reserved 1085440K
  class space    used 4089K, capacity 4393K, committed 4512K, reserved 1048576K
Heap Regions: E=young(eden), S=young(survivor), O=old, HS=humongous(starts), HC=humongous(continues), CS=collection set, F=free, A=archive, TAMS=top-at-mark-start (previous, next)
|   0|0x0000000080000000, 0x0000000080100000, 0x0000000080100000|100%| O|  |TAMS 0x0000000080100000, 0x0000000080000000| Untracked 
|   1|0x0000000080100000, 0x0000000080200000, 0x0000000080200000|100%| O|  |TAMS 0x0000000080200000, 0x0000000080100000| Untracked 
|   2|0x0000000080200000, 0x0000000080300000, 0x0000000080300000|100%| O|  |TAMS 0x0000000080300000, 0x0000000080200000| Untracked 
|   3|0x0000000080300000, 0x0000000080400000, 0x0000000080400000|100%| O|  |TAMS 0x0000000080400000, 0x0000000080300000| Untracked 
|   4|0x0000000080400000, 0x0000000080500000, 0x0000000080500000|100%| O|  |TAMS 0x0000000080500000, 0x0000000080400000| Untracked 
|   5|0x0000000080500000, 0x0000000080600000, 0x0000000080600000|100%| O|  |TAMS 0x0000000080600000, 0x0000000080500000| Untracked 
|   6|0x0000000080600000, 0x0000000080700000, 0x0000000080700000|100%| O|  |TAMS 0x0000000080700000, 0x0000000080600000| Untracked 
|   7|0x0000000080700000, 0x0000000080800000, 0x0000000080800000|100%| O|  |TAMS 0x0000000080800000, 0x0000000080700000| Untracked 
|   8|0x0000000080800000, 0x0000000080900000, 0x0000000080900000|100%| O|  |TAMS 0x0000000080900000, 0x0000000080800000| Untracked 
|   9|0x0000000080900000, 0x0000000080a00000, 0x0000000080a00000|100%| O|  |TAMS 0x0000000080a00000, 0x0000000080900000| Untracked 
|  10|0x0000000080a00000, 0x0000000080b00000, 0x0000000080b00000|100%|HS|  |TAMS 0x0000000080b00000, 0x0000000080a00000| Complete 
|  11|0x0000000080b00000, 0x0000000080b00000, 0x0000000080c00000|  0%| F|  |TAMS 0x0000000080b00000, 0x0000000080b00000| Untracked 
|  12|0x0000000080c00000, 0x0000000080d00000, 0x0000000080d00000|100%| O|  |TAMS 0x0000000080d00000, 0x0000000080c00000| Untracked 
|  13|0x0000000080d00000, 0x0000000080e00000, 0x0000000080e00000|100%| O|  |TAMS 0x0000000080e00000, 0x0000000080d00000| Untracked 
|  14|0x0000000080e00000, 0x0000000080f00000, 0x0000000080f00000|100%| O|  |TAMS 0x0000000080f00000, 0x0000000080e00000| Untracked 
|  15|0x0000000080f00000, 0x0000000081000000, 0x0000000081000000|100%| O|  |TAMS 0x0000000081000000, 0x0000000080f00000| Untracked 
|  16|0x0000000081000000, 0x0000000081100000, 0x0000000081100000|100%| O|  |TAMS 0x0000000081100000, 0x0000000081000000| Untracked 
|  17|0x0000000081100000, 0x0000000081200000, 0x0000000081200000|100%| O|  |TAMS 0x0000000081200000, 0x0000000081100000| Untracked 
|  18|0x0000000081200000, 0x0000000081300000, 0x0000000081300000|100%| O|  |TAMS 0x0000000081300000, 0x0000000081200000| Untracked 
|  19|0x0000000081300000, 0x0000000081400000, 0x0000000081400000|100%| O|  |TAMS 0x0000000081400000, 0x0000000081300000| Untracked 
|  20|0x0000000081400000, 0x0000000081500000, 0x0000000081500000|100%| O|  |TAMS 0x0000000081500000, 0x0000000081400000| Untracked 
|  21|0x0000000081500000, 0x0000000081600000, 0x0000000081600000|100%| O|  |TAMS 0x0000000081600000, 0x0000000081500000| Untracked 
|  22|0x0000000081600000, 0x0000000081700000, 0x0000000081700000|100%| O|  |TAMS 0x0000000081700000, 0x0000000081600000| Untracked 
|  23|0x0000000081700000, 0x0000000081800000, 0x0000000081800000|100%| O|  |TAMS 0x0000000081800000, 0x0000000081700000| Untracked 
|  24|0x0000000081800000, 0x0000000081900000, 0x0000000081900000|100%| O|  |TAMS 0x0000000081900000, 0x0000000081800000| Untracked 
|  25|0x0000000081900000, 0x0000000081a00000, 0x0000000081a00000|100%| O|  |TAMS 0x0000000081a00000, 0x0000000081900000| Untracked 
|  26|0x0000000081a00000, 0x0000000081b00000, 0x0000000081b00000|100%| O|  |TAMS 0x0000000081b00000, 0x0000000081a00000| Untracked 
|  27|0x0000000081b00000, 0x0000000081c00000, 0x0000000081c00000|100%| O|  |TAMS 0x0000000081c00000, 0x0000000081b00000| Untracked 
|  28|0x0000000081c00000, 0x0000000081d00000, 0x0000000081d00000|100%| O|  |TAMS 0x0000000081d00000, 0x0000000081c00000| Untracked 
|  29|0x0000000081d00000, 0x0000000081e00000, 0x0000000081e00000|100%| O|  |TAMS 0x0000000081e00000, 0x0000000081d00000| Untracked 
|  30|0x0000000081e00000, 0x0000000081f00000, 0x0000000081f00000|100%| O|  |TAMS 0x0000000081f00000, 0x0000000081e00000| Untracked 
|  31|0x0000000081f00000, 0x0000000082000000, 0x0000000082000000|100%| O|  |TAMS 0x0000000082000000, 0x0000000081f00000| Untracked 
|  32|0x0000000082000000, 0x0000000082100000, 0x0000000082100000|100%| O|  |TAMS 0x0000000082100000, 0x0000000082000000| Untracked 
|  33|0x0000000082100000, 0x0000000082200000, 0x0000000082200000|100%| O|  |TAMS 0x0000000082200000, 0x0000000082100000| Untracked 
|  34|0x0000000082200000, 0x0000000082300000, 0x0000000082300000|100%| O|  |TAMS 0x0000000082300000, 0x0000000082200000| Untracked 
|  35|0x0000000082300000, 0x0000000082400000, 0x0000000082400000|100%| O|  |TAMS 0x0000000082400000, 0x0000000082300000| Untracked 
|  36|0x0000000082400000, 0x0000000082500000, 0x0000000082500000|100%| O|  |TAMS 0x0000000082500000, 0x0000000082400000| Untracked 
|  37|0x0000000082500000, 0x0000000082600000, 0x0000000082600000|100%| O|  |TAMS 0x0000000082600000, 0x0000000082500000| Untracked 
|  38|0x0000000082600000, 0x0000000082700000, 0x0000000082700000|100%| O|  |TAMS 0x0000000082700000, 0x0000000082600000| Untracked 
|  39|0x0000000082700000, 0x0000000082800000, 0x0000000082800000|100%| O|  |TAMS 0x0000000082800000, 0x0000000082700000| Untracked 
|  40|0x0000000082800000, 0x0000000082900000, 0x0000000082900000|100%| O|  |TAMS 0x0000000082900000, 0x0000000082800000| Untracked 
|  41|0x0000000082900000, 0x0000000082a00000, 0x0000000082a00000|100%| O|  |TAMS 0x0000000082a00000, 0x0000000082900000| Untracked 
|  42|0x0000000082a00000, 0x0000000082b00000, 0x0000000082b00000|100%| O|  |TAMS 0x0000000082b00000, 0x0000000082a00000| Untracked 
|  43|0x0000000082b00000, 0x0000000082c00000, 0x0000000082c00000|100%| O|  |TAMS 0x0000000082c00000, 0x0000000082b00000| Untracked 
|  44|0x0000000082c00000, 0x0000000082d00000, 0x0000000082d00000|100%| O|  |TAMS 0x0000000082d00000, 0x0000000082c00000| Untracked 
|  45|0x0000000082d00000, 0x0000000082e00000, 0x0000000082e00000|100%| O|  |TAMS 0x0000000082e00000, 0x0000000082d00000| Untracked 
|  46|0x0000000082e00000, 0x0000000082e00000, 0x0000000082f00000|  0%| F|  |TAMS 0x0000000082e00000, 0x0000000082e00000| Untracked 
|  47|0x0000000082f00000, 0x0000000082f00000, 0x0000000083000000|  0%| F|  |TAMS 0x0000000082f00000, 0x0000000082f00000| Untracked 
|  48|0x0000000083000000, 0x0000000083000000, 0x0000000083100000|  0%| F|  |TAMS 0x0000000083000000, 0x0000000083000000| Untracked 
|  49|0x0000000083100000, 0x0000000083100000, 0x0000000083200000|  0%| F|  |TAMS 0x0000000083100000, 0x0000000083100000| Untracked 
|  50|0x0000000083200000, 0x0000000083200000, 0x0000000083300000|  0%| F|  |TAMS 0x0000000083200000, 0x0000000083200000| Untracked 
|  51|0x0000000083300000, 0x0000000083300000, 0x0000000083400000|  0%| F|  |TAMS 0x0000000083300000, 0x0000000083300000| Untracked 
|  52|0x0000000083400000, 0x0000000083400000, 0x0000000083500000|  0%| F|  |TAMS 0x0000000083400000, 0x0000000083400000| Untracked 
|  53|0x0000000083500000, 0x0000000083500000, 0x0000000083600000|  0%| F|  |TAMS 0x0000000083500000, 0x0000000083500000| Untracked 
|  54|0x0000000083600000, 0x0000000083600000, 0x0000000083700000|  0%| F|  |TAMS 0x0000000083600000, 0x0000000083600000| Untracked 
|  55|0x0000000083700000, 0x0000000083700000, 0x0000000083800000|  0%| F|  |TAMS 0x0000000083700000, 0x0000000083700000| Untracked 
|  56|0x0000000083800000, 0x0000000083800000, 0x0000000083900000|  0%| F|  |TAMS 0x0000000083800000, 0x0000000083800000| Untracked 
|  57|0x0000000083900000, 0x0000000083900000, 0x0000000083a00000|  0%| F|  |TAMS 0x0000000083900000, 0x0000000083900000| Untracked 
|  58|0x0000000083a00000, 0x0000000083a00000, 0x0000000083b00000|  0%| F|  |TAMS 0x0000000083a00000, 0x0000000083a00000| Untracked 
|  59|0x0000000083b00000, 0x0000000083b00000, 0x0000000083c00000|  0%| F|  |TAMS 0x0000000083b00000, 0x0000000083b00000| Untracked 
|  60|0x0000000083c00000, 0x0000000083c00000, 0x0000000083d00000|  0%| F|  |TAMS 0x0000000083c00000, 0x0000000083c00000| Untracked 
|  61|0x0000000083d00000, 0x0000000083d00000, 0x0000000083e00000|  0%| F|  |TAMS 0x0000000083d00000, 0x0000000083d00000| Untracked 
|  62|0x0000000083e00000, 0x0000000083e00000, 0x0000000083f00000|  0%| F|  |TAMS 0x0000000083e00000, 0x0000000083e00000| Untracked 
|  63|0x0000000083f00000, 0x0000000083f00000, 0x0000000084000000|  0%| F|  |TAMS 0x0000000083f00000, 0x0000000083f00000| Untracked 
|  64|0x0000000084000000, 0x0000000084000000, 0x0000000084100000|  0%| F|  |TAMS 0x0000000084000000, 0x0000000084000000| Untracked 
|  65|0x0000000084100000, 0x0000000084100000, 0x0000000084200000|  0%| F|  |TAMS 0x0000000084100000, 0x0000000084100000| Untracked 
|  66|0x0000000084200000, 0x0000000084200000, 0x0000000084300000|  0%| F|  |TAMS 0x0000000084200000, 0x0000000084200000| Untracked 
|  67|0x0000000084300000, 0x0000000084300000, 0x0000000084400000|  0%| F|  |TAMS 0x0000000084300000, 0x0000000084300000| Untracked 
|  68|0x0000000084400000, 0x0000000084400000, 0x0000000084500000|  0%| F|  |TAMS 0x0000000084400000, 0x0000000084400000| Untracked 
|  69|0x0000000084500000, 0x0000000084500000, 0x0000000084600000|  0%| F|  |TAMS 0x0000000084500000, 0x0000000084500000| Untracked 
|  70|0x0000000084600000, 0x0000000084600000, 0x0000000084700000|  0%| F|  |TAMS 0x0000000084600000, 0x0000000084600000| Untracked 
|  71|0x0000000084700000, 0x0000000084700000, 0x0000000084800000|  0%| F|  |TAMS 0x0000000084700000, 0x0000000084700000| Untracked 
|  72|0x0000000084800000, 0x0000000084800000, 0x0000000084900000|  0%| F|  |TAMS 0x0000000084800000, 0x0000000084800000| Untracked 
|  73|0x0000000084900000, 0x0000000084900000, 0x0000000084a00000|  0%| F|  |TAMS 0x0000000084900000, 0x0000000084900000| Untracked 
|  74|0x0000000084a00000, 0x0000000084a00000, 0x0000000084b00000|  0%| F|  |TAMS 0x0000000084a00000, 0x0000000084a00000| Untracked 
|  75|0x0000000084b00000, 0x0000000084b00000, 0x0000000084c00000|  0%| F|  |TAMS 0x0000000084b00000, 0x0000000084b00000| Untracked 
|  76|0x0000000084c00000, 0x0000000084c00000, 0x0000000084d00000|  0%| F|  |TAMS 0x0000000084c00000, 0x0000000084c00000| Untracked 
|  77|0x0000000084d00000, 0x0000000084d00000, 0x0000000084e00000|  0%| F|  |TAMS 0x0000000084d00000, 0x0000000084d00000| Untracked 
|  78|0x0000000084e00000, 0x0000000084e00000, 0x0000000084f00000|  0%| F|  |TAMS 0x0000000084e00000, 0x0000000084e00000| Untracked 
|  79|0x0000000084f00000, 0x0000000084f00000, 0x0000000085000000|  0%| F|  |TAMS 0x0000000084f00000, 0x0000000084f00000| Untracked 
|  80|0x0000000085000000, 0x0000000085000000, 0x0000000085100000|  0%| F|  |TAMS 0x0000000085000000, 0x0000000085000000| Untracked 
|  81|0x0000000085100000, 0x0000000085100000, 0x0000000085200000|  0%| F|  |TAMS 0x0000000085100000, 0x0000000085100000| Untracked 
|  82|0x0000000085200000, 0x0000000085200000, 0x0000000085300000|  0%| F|  |TAMS 0x0000000085200000, 0x0000000085200000| Untracked 
|  83|0x0000000085300000, 0x0000000085300000, 0x0000000085400000|  0%| F|  |TAMS 0x0000000085300000, 0x0000000085300000| Untracked 
|  84|0x0000000085400000, 0x0000000085400000, 0x0000000085500000|  0%| F|  |TAMS 0x0000000085400000, 0x0000000085400000| Untracked 
|  85|0x0000000085500000, 0x0000000085500000, 0x0000000085600000|  0%| F|  |TAMS 0x0000000085500000, 0x0000000085500000| Untracked 
|  86|0x0000000085600000, 0x0000000085600000, 0x0000000085700000|  0%| F|  |TAMS 0x0000000085600000, 0x0000000085600000| Untracked 
|  87|0x0000000085700000, 0x0000000085700000, 0x0000000085800000|  0%| F|  |TAMS 0x0000000085700000, 0x0000000085700000| Untracked 
|  88|0x0000000085800000, 0x0000000085800000, 0x0000000085900000|  0%| F|  |TAMS 0x0000000085800000, 0x0000000085800000| Untracked 
|  89|0x0000000085900000, 0x0000000085900000, 0x0000000085a00000|  0%| F|  |TAMS 0x0000000085900000, 0x0000000085900000| Untracked 
|  90|0x0000000085a00000, 0x0000000085a00000, 0x0000000085b00000|  0%| F|  |TAMS 0x0000000085a00000, 0x0000000085a00000| Untracked 
|  91|0x0000000085b00000, 0x0000000085b00000, 0x0000000085c00000|  0%| F|  |TAMS 0x0000000085b00000, 0x0000000085b00000| Untracked 
|  92|0x0000000085c00000, 0x0000000085c00000, 0x0000000085d00000|  0%| F|  |TAMS 0x0000000085c00000, 0x0000000085c00000| Untracked 
|  93|0x0000000085d00000, 0x0000000085d00000, 0x0000000085e00000|  0%| F|  |TAMS 0x0000000085d00000, 0x0000000085d00000| Untracked 
|  94|0x0000000085e00000, 0x0000000085e00000, 0x0000000085f00000|  0%| F|  |TAMS 0x0000000085e00000, 0x0000000085e00000| Untracked 
|  95|0x0000000085f00000, 0x0000000085f00000, 0x0000000086000000|  0%| F|  |TAMS 0x0000000085f00000, 0x0000000085f00000| Untracked 
|  96|0x0000000086000000, 0x0000000086000000, 0x0000000086100000|  0%| F|  |TAMS 0x0000000086000000, 0x0000000086000000| Untracked 
|  97|0x0000000086100000, 0x0000000086100000, 0x0000000086200000|  0%| F|  |TAMS 0x0000000086100000, 0x0000000086100000| Untracked 
|  98|0x0000000086200000, 0x0000000086200000, 0x0000000086300000|  0%| F|  |TAMS 0x0000000086200000, 0x0000000086200000| Untracked 
|  99|0x0000000086300000, 0x0000000086300000, 0x0000000086400000|  0%| F|  |TAMS 0x0000000086300000, 0x0000000086300000| Untracked 
| 100|0x0000000086400000, 0x0000000086400000, 0x0000000086500000|  0%| F|  |TAMS 0x0000000086400000, 0x0000000086400000| Untracked 
| 101|0x0000000086500000, 0x0000000086500000, 0x0000000086600000|  0%| F|  |TAMS 0x0000000086500000, 0x0000000086500000| Untracked 
| 102|0x0000000086600000, 0x0000000086600000, 0x0000000086700000|  0%| F|  |TAMS 0x0000000086600000, 0x0000000086600000| Untracked 
| 103|0x0000000086700000, 0x0000000086700000, 0x0000000086800000|  0%| F|  |TAMS 0x0000000086700000, 0x0000000086700000| Untracked 
| 104|0x0000000086800000, 0x0000000086800000, 0x0000000086900000|  0%| F|  |TAMS 0x0000000086800000, 0x0000000086800000| Untracked 
| 105|0x0000000086900000, 0x0000000086900000, 0x0000000086a00000|  0%| F|  |TAMS 0x0000000086900000, 0x0000000086900000| Untracked 
| 106|0x0000000086a00000, 0x0000000086a00000, 0x0000000086b00000|  0%| F|  |TAMS 0x0000000086a00000, 0x0000000086a00000| Untracked 
| 107|0x0000000086b00000, 0x0000000086b00000, 0x0000000086c00000|  0%| F|  |TAMS 0x0000000086b00000, 0x0000000086b00000| Untracked 
| 108|0x0000000086c00000, 0x0000000086c00000, 0x0000000086d00000|  0%| F|  |TAMS 0x0000000086c00000, 0x0000000086c00000| Untracked 
| 109|0x0000000086d00000, 0x0000000086d00000, 0x0000000086e00000|  0%| F|  |TAMS 0x0000000086d00000, 0x0000000086d00000| Untracked 
| 110|0x0000000086e00000, 0x0000000086e00000, 0x0000000086f00000|  0%| F|  |TAMS 0x0000000086e00000, 0x0000000086e00000| Untracked 
| 111|0x0000000086f00000, 0x0000000086f00000, 0x0000000087000000|  0%| F|  |TAMS 0x0000000086f00000, 0x0000000086f00000| Untracked 
| 112|0x0000000087000000, 0x0000000087000000, 0x0000000087100000|  0%| F|  |TAMS 0x0000000087000000, 0x0000000087000000| Untracked 
| 113|0x0000000087100000, 0x0000000087100000, 0x0000000087200000|  0%| F|  |TAMS 0x0000000087100000, 0x0000000087100000| Untracked 
| 114|0x0000000087200000, 0x0000000087200000, 0x0000000087300000|  0%| F|  |TAMS 0x0000000087200000, 0x0000000087200000| Untracked 
| 115|0x0000000087300000, 0x0000000087300000, 0x0000000087400000|  0%| F|  |TAMS 0x0000000087300000, 0x0000000087300000| Untracked 
| 116|0x0000000087400000, 0x0000000087400000, 0x0000000087500000|  0%| F|  |TAMS 0x0000000087400000, 0x0000000087400000| Untracked 
| 117|0x0000000087500000, 0x0000000087500000, 0x0000000087600000|  0%| F|  |TAMS 0x0000000087500000, 0x0000000087500000| Untracked 
| 118|0x0000000087600000, 0x0000000087700000, 0x0000000087700000|100%| S|CS|TAMS 0x0000000087600000, 0x0000000087600000| Complete 
| 119|0x0000000087700000, 0x0000000087800000, 0x0000000087800000|100%| S|CS|TAMS 0x0000000087700000, 0x0000000087700000| Complete 
| 120|0x0000000087800000, 0x0000000087900000, 0x0000000087900000|100%| S|CS|TAMS 0x0000000087800000, 0x0000000087800000| Complete 
| 121|0x0000000087900000, 0x0000000087900000, 0x0000000087a00000|  0%| F|  |TAMS 0x0000000087900000, 0x0000000087900000| Untracked 
| 122|0x0000000087a00000, 0x0000000087a00000, 0x0000000087b00000|  0%| F|  |TAMS 0x0000000087a00000, 0x0000000087a00000| Untracked 
| 123|0x0000000087b00000, 0x0000000087b00000, 0x0000000087c00000|  0%| F|  |TAMS 0x0000000087b00000, 0x0000000087b00000| Untracked 
| 124|0x0000000087c00000, 0x0000000087c00000, 0x0000000087d00000|  0%| F|  |TAMS 0x0000000087c00000, 0x0000000087c00000| Untracked 
| 125|0x0000000087d00000, 0x0000000087d00000, 0x0000000087e00000|  0%| F|  |TAMS 0x0000000087d00000, 0x0000000087d00000| Untracked 
| 126|0x0000000087e00000, 0x0000000087e00000, 0x0000000087f00000|  0%| F|  |TAMS 0x0000000087e00000, 0x0000000087e00000| Untracked 
| 127|0x0000000087f00000, 0x0000000087f00000, 0x0000000088000000|  0%| F|  |TAMS 0x0000000087f00000, 0x0000000087f00000| Untracked 
| 128|0x0000000088000000, 0x0000000088000000, 0x0000000088100000|  0%| F|  |TAMS 0x0000000088000000, 0x0000000088000000| Untracked 
| 129|0x0000000088100000, 0x0000000088100000, 0x0000000088200000|  0%| F|  |TAMS 0x0000000088100000, 0x0000000088100000| Untracked 
| 130|0x0000000088200000, 0x0000000088200000, 0x0000000088300000|  0%| F|  |TAMS 0x0000000088200000, 0x0000000088200000| Untracked 
| 131|0x0000000088300000, 0x0000000088300000, 0x0000000088400000|  0%| F|  |TAMS 0x0000000088300000, 0x0000000088300000| Untracked 
| 132|0x0000000088400000, 0x0000000088400000, 0x0000000088500000|  0%| F|  |TAMS 0x0000000088400000, 0x0000000088400000| Untracked 
| 133|0x0000000088500000, 0x0000000088500000, 0x0000000088600000|  0%| F|  |TAMS 0x0000000088500000, 0x0000000088500000| Untracked 
| 134|0x0000000088600000, 0x0000000088600000, 0x0000000088700000|  0%| F|  |TAMS 0x0000000088600000, 0x0000000088600000| Untracked 
| 135|0x0000000088700000, 0x0000000088700000, 0x0000000088800000|  0%| F|  |TAMS 0x0000000088700000, 0x0000000088700000| Untracked 
| 136|0x0000000088800000, 0x0000000088800000, 0x0000000088900000|  0%| F|  |TAMS 0x0000000088800000, 0x0000000088800000| Untracked 
| 137|0x0000000088900000, 0x0000000088900000, 0x0000000088a00000|  0%| F|  |TAMS 0x0000000088900000, 0x0000000088900000| Untracked 
| 138|0x0000000088a00000, 0x0000000088a00000, 0x0000000088b00000|  0%| F|  |TAMS 0x0000000088a00000, 0x0000000088a00000| Untracked 
| 139|0x0000000088b00000, 0x0000000088b00000, 0x0000000088c00000|  0%| F|  |TAMS 0x0000000088b00000, 0x0000000088b00000| Untracked 
| 140|0x0000000088c00000, 0x0000000088c00000, 0x0000000088d00000|  0%| F|  |TAMS 0x0000000088c00000, 0x0000000088c00000| Untracked 
| 141|0x0000000088d00000, 0x0000000088d00000, 0x0000000088e00000|  0%| F|  |TAMS 0x0000000088d00000, 0x0000000088d00000| Untracked 
| 142|0x0000000088e00000, 0x0000000088e00000, 0x0000000088f00000|  0%| F|  |TAMS 0x0000000088e00000, 0x0000000088e00000| Untracked 
| 143|0x0000000088f00000, 0x0000000088f00000, 0x0000000089000000|  0%| F|  |TAMS 0x0000000088f00000, 0x0000000088f00000| Untracked 
| 144|0x0000000089000000, 0x0000000089000000, 0x0000000089100000|  0%| F|  |TAMS 0x0000000089000000, 0x0000000089000000| Untracked 
| 145|0x0000000089100000, 0x0000000089100000, 0x0000000089200000|  0%| F|  |TAMS 0x0000000089100000, 0x0000000089100000| Untracked 
| 146|0x0000000089200000, 0x0000000089200000, 0x0000000089300000|  0%| F|  |TAMS 0x0000000089200000, 0x0000000089200000| Untracked 
| 147|0x0000000089300000, 0x0000000089300000, 0x0000000089400000|  0%| F|  |TAMS 0x0000000089300000, 0x0000000089300000| Untracked 
| 148|0x0000000089400000, 0x0000000089400000, 0x0000000089500000|  0%| F|  |TAMS 0x0000000089400000, 0x0000000089400000| Untracked 
| 149|0x0000000089500000, 0x0000000089500000, 0x0000000089600000|  0%| F|  |TAMS 0x0000000089500000, 0x0000000089500000| Untracked 
| 150|0x0000000089600000, 0x0000000089600000, 0x0000000089700000|  0%| F|  |TAMS 0x0000000089600000, 0x0000000089600000| Untracked 
| 151|0x0000000089700000, 0x0000000089700000, 0x0000000089800000|  0%| F|  |TAMS 0x0000000089700000, 0x0000000089700000| Untracked 
| 152|0x0000000089800000, 0x0000000089800000, 0x0000000089900000|  0%| F|  |TAMS 0x0000000089800000, 0x0000000089800000| Untracked 
| 153|0x0000000089900000, 0x000000008999d6e0, 0x0000000089a00000| 61%| E|  |TAMS 0x0000000089900000, 0x0000000089900000| Complete 
| 154|0x0000000089a00000, 0x0000000089b00000, 0x0000000089b00000|100%| E|CS|TAMS 0x0000000089a00000, 0x0000000089a00000| Complete 
| 155|0x0000000089b00000, 0x0000000089c00000, 0x0000000089c00000|100%| E|CS|TAMS 0x0000000089b00000, 0x0000000089b00000| Complete 
| 156|0x0000000089c00000, 0x0000000089d00000, 0x0000000089d00000|100%| E|CS|TAMS 0x0000000089c00000, 0x0000000089c00000| Complete 
| 157|0x0000000089d00000, 0x0000000089e00000, 0x0000000089e00000|100%| E|CS|TAMS 0x0000000089d00000, 0x0000000089d00000| Complete 
| 158|0x0000000089e00000, 0x0000000089f00000, 0x0000000089f00000|100%| E|CS|TAMS 0x0000000089e00000, 0x0000000089e00000| Complete 
| 159|0x0000000089f00000, 0x000000008a000000, 0x000000008a000000|100%| E|CS|TAMS 0x0000000089f00000, 0x0000000089f00000| Complete 
| 160|0x000000008a000000, 0x000000008a100000, 0x000000008a100000|100%| E|CS|TAMS 0x000000008a000000, 0x000000008a000000| Complete 
| 161|0x000000008a100000, 0x000000008a200000, 0x000000008a200000|100%| E|CS|TAMS 0x000000008a100000, 0x000000008a100000| Complete 
| 162|0x000000008a200000, 0x000000008a300000, 0x000000008a300000|100%| E|CS|TAMS 0x000000008a200000, 0x000000008a200000| Complete 
| 163|0x000000008a300000, 0x000000008a400000, 0x000000008a400000|100%| E|CS|TAMS 0x000000008a300000, 0x000000008a300000| Complete 
| 164|0x000000008a400000, 0x000000008a500000, 0x000000008a500000|100%| E|CS|TAMS 0x000000008a400000, 0x000000008a400000| Complete 
| 165|0x000000008a500000, 0x000000008a600000, 0x000000008a600000|100%| E|CS|TAMS 0x000000008a500000, 0x000000008a500000| Complete 
| 166|0x000000008a600000, 0x000000008a700000, 0x000000008a700000|100%| E|CS|TAMS 0x000000008a600000, 0x000000008a600000| Complete 
| 167|0x000000008a700000, 0x000000008a800000, 0x000000008a800000|100%| E|CS|TAMS 0x000000008a700000, 0x000000008a700000| Complete 
| 168|0x000000008a800000, 0x000000008a900000, 0x000000008a900000|100%| E|CS|TAMS 0x000000008a800000, 0x000000008a800000| Complete 
| 169|0x000000008a900000, 0x000000008aa00000, 0x000000008aa00000|100%| E|CS|TAMS 0x000000008a900000, 0x000000008a900000| Complete 
| 170|0x000000008aa00000, 0x000000008ab00000, 0x000000008ab00000|100%| E|CS|TAMS 0x000000008aa00000, 0x000000008aa00000| Complete 
| 171|0x000000008ab00000, 0x000000008ac00000, 0x000000008ac00000|100%| E|CS|TAMS 0x000000008ab00000, 0x000000008ab00000| Complete 
| 172|0x000000008ac00000, 0x000000008ad00000, 0x000000008ad00000|100%| E|CS|TAMS 0x000000008ac00000, 0x000000008ac00000| Complete 
| 173|0x000000008ad00000, 0x000000008ae00000, 0x000000008ae00000|100%| E|CS|TAMS 0x000000008ad00000, 0x000000008ad00000| Complete 
| 174|0x000000008ae00000, 0x000000008af00000, 0x000000008af00000|100%| E|CS|TAMS 0x000000008ae00000, 0x000000008ae00000| Complete 
| 175|0x000000008af00000, 0x000000008b000000, 0x000000008b000000|100%| E|CS|TAMS 0x000000008af00000, 0x000000008af00000| Complete 
| 176|0x000000008b000000, 0x000000008b100000, 0x000000008b100000|100%| E|CS|TAMS 0x000000008b000000, 0x000000008b000000| Complete 
| 177|0x000000008b100000, 0x000000008b200000, 0x000000008b200000|100%| E|CS|TAMS 0x000000008b100000, 0x000000008b100000| Complete 
| 178|0x000000008b200000, 0x000000008b300000, 0x000000008b300000|100%| E|CS|TAMS 0x000000008b200000, 0x000000008b200000| Complete 
| 179|0x000000008b300000, 0x000000008b400000, 0x000000008b400000|100%| E|CS|TAMS 0x000000008b300000, 0x000000008b300000| Complete 
| 180|0x000000008b400000, 0x000000008b500000, 0x000000008b500000|100%| E|CS|TAMS 0x000000008b400000, 0x000000008b400000| Complete 
| 181|0x000000008b500000, 0x000000008b600000, 0x000000008b600000|100%| E|CS|TAMS 0x000000008b500000, 0x000000008b500000| Complete 
| 182|0x000000008b600000, 0x000000008b700000, 0x000000008b700000|100%| E|CS|TAMS 0x000000008b600000, 0x000000008b600000| Complete 
| 183|0x000000008b700000, 0x000000008b800000, 0x000000008b800000|100%| E|CS|TAMS 0x000000008b700000, 0x000000008b700000| Complete 
| 184|0x000000008b800000, 0x000000008b900000, 0x000000008b900000|100%| E|CS|TAMS 0x000000008b800000, 0x000000008b800000| Complete 
| 185|0x000000008b900000, 0x000000008ba00000, 0x000000008ba00000|100%| E|CS|TAMS 0x000000008b900000, 0x000000008b900000| Complete 
| 186|0x000000008ba00000, 0x000000008bb00000, 0x000000008bb00000|100%| E|CS|TAMS 0x000000008ba00000, 0x000000008ba00000| Complete 
| 187|0x000000008bb00000, 0x000000008bc00000, 0x000000008bc00000|100%| E|CS|TAMS 0x000000008bb00000, 0x000000008bb00000| Complete 

Card table byte_map: [0x000001cda9a70000,0x000001cda9e70000] _byte_map_base: 0x000001cda9670000

Marking Bits (Prev, Next): (CMBitMap*) 0x000001cd9038aa98, (CMBitMap*) 0x000001cd9038aad0
 Prev Bits: [0x000001cdaa270000, 0x000001cdac270000)
 Next Bits: [0x000001cdac270000, 0x000001cdae270000)

Polling page: 0x000001cd90430000

Metaspace:

Usage:
  Non-class:     34.77 MB capacity,    34.26 MB ( 99%) used,   458.40 KB (  1%) free+waste,    65.88 KB ( <1%) overhead. 
      Class:      4.29 MB capacity,     3.99 MB ( 93%) used,   276.23 KB (  6%) free+waste,    27.19 KB ( <1%) overhead. 
       Both:     39.06 MB capacity,    38.26 MB ( 98%) used,   734.63 KB (  2%) free+waste,    93.06 KB ( <1%) overhead. 

Virtual space:
  Non-class space:       36.00 MB reserved,      34.92 MB ( 97%) committed 
      Class space:        1.00 GB reserved,       4.41 MB ( <1%) committed 
             Both:        1.04 GB reserved,      39.33 MB (  4%) committed 

Chunk freelists:
   Non-Class:  24.00 KB
       Class:  23.00 KB
        Both:  47.00 KB

MaxMetaspaceSize: 17179869184.00 GB
CompressedClassSpaceSize: 1.00 GB
Initial GC threshold: 20.80 MB
Current GC threshold: 58.88 MB
CDS: off

CodeHeap 'non-profiled nmethods': size=120064Kb used=3374Kb max_used=3374Kb free=116689Kb
 bounds [0x000001cda1d30000, 0x000001cda2080000, 0x000001cda9270000]
CodeHeap 'profiled nmethods': size=120000Kb used=16582Kb max_used=16582Kb free=103417Kb
 bounds [0x000001cd9a800000, 0x000001cd9b840000, 0x000001cda1d30000]
CodeHeap 'non-nmethods': size=5696Kb used=1247Kb max_used=1304Kb free=4448Kb
 bounds [0x000001cd9a270000, 0x000001cd9a4e0000, 0x000001cd9a800000]
 total_blobs=7361 nmethods=6837 adapters=436
 compilation: enabled
              stopped_count=0, restarted_count=0
 full_count=0

Compilation events (20 events):
Event: 67.740 Thread 0x000001cdb06b1000 6915       3       java.nio.charset.Charset::lookup (44 bytes)
Event: 67.740 Thread 0x000001cdb06b1000 nmethod 6915 0x000001cd9b82db90 code [0x000001cd9b82dd80, 0x000001cd9b82e1a8]
Event: 67.741 Thread 0x000001cdb06b1000 6917       1       org.apache.maven.surefire.api.util.internal.AbstractNoninterruptibleReadableChannel::isOpen (5 bytes)
Event: 67.741 Thread 0x000001cdb06b1000 nmethod 6917 0x000001cda2073090 code [0x000001cda2073240, 0x000001cda20732f8]
Event: 67.744 Thread 0x000001cdb06a7800 nmethod 6914 0x000001cda2073390 code [0x000001cda20735c0, 0x000001cda2073ba8]
Event: 67.744 Thread 0x000001cdb06a7800 6916 %     4       org.apache.maven.plugin.surefire.extensions.EventConsumerThread::decode @ 70 (274 bytes)
Event: 67.891 Thread 0x000001cdb06a7800 nmethod 6916% 0x000001cda2074090 code [0x000001cda2074540, 0x000001cda2078670]
Event: 67.891 Thread 0x000001cdb06a7800 6918       4       java.lang.String::getChars (54 bytes)
Event: 67.894 Thread 0x000001cdb06a7800 nmethod 6918 0x000001cda207ab10 code [0x000001cda207acc0, 0x000001cda207b058]
Event: 69.887 Thread 0x000001cdb06b1000 6919       3       java.util.concurrent.locks.AbstractQueuedSynchronizer$ConditionObject::awaitNanos (181 bytes)
Event: 69.889 Thread 0x000001cdb06b1000 nmethod 6919 0x000001cd9b82e390 code [0x000001cd9b82e7a0, 0x000001cd9b830378]
Event: 72.366 Thread 0x000001cdb06b1000 6921       3       java.lang.StringUTF16::checkIndex (9 bytes)
Event: 72.366 Thread 0x000001cdb06b1000 nmethod 6921 0x000001cd9b830f10 code [0x000001cd9b8310e0, 0x000001cd9b831248]
Event: 72.366 Thread 0x000001cdb06b1000 6922  s    1       java.lang.StringBuffer::length (5 bytes)
Event: 72.366 Thread 0x000001cdb06b1000 nmethod 6922 0x000001cda207b610 code [0x000001cda207b7c0, 0x000001cda207b9d8]
Event: 72.367 Thread 0x000001cdb06b1000 6923       3       java.util.Calendar::internalGet (7 bytes)
Event: 72.367 Thread 0x000001cdb06b1000 nmethod 6923 0x000001cd9b831390 code [0x000001cd9b831540, 0x000001cd9b831678]
Event: 72.369 Thread 0x000001cdb06b1000 6924       3       java.io.FileInputStream::read (8 bytes)
Event: 72.370 Thread 0x000001cdb06b1000 nmethod 6924 0x000001cd9b831790 code [0x000001cd9b831940, 0x000001cd9b831a68]
Event: 72.372 Thread 0x000001cdb06b1000 6925       3       org.apache.maven.plugin.surefire.extensions.EventConsumerThread::frameCompleteness (243 bytes)

GC Heap History (20 events):
Event: 0.912 GC heap before
{Heap before GC invocations=2 (full 0):
 garbage-first heap   total 131072K, used 12398K [0x0000000080000000, 0x0000000100000000)
  region size 1024K, 12 young (12288K), 2 survivors (2048K)
 Metaspace       used 12481K, capacity 12661K, committed 12928K, reserved 1060864K
  class space    used 1256K, capacity 1348K, committed 1408K, reserved 1048576K
}
Event: 0.917 GC heap after
{Heap after GC invocations=3 (full 0):
 garbage-first heap   total 131072K, used 3547K [0x0000000080000000, 0x0000000100000000)
  region size 1024K, 2 young (2048K), 2 survivors (2048K)
 Metaspace       used 12481K, capacity 12661K, committed 12928K, reserved 1060864K
  class space    used 1256K, capacity 1348K, committed 1408K, reserved 1048576K
}
Event: 2.824 GC heap before
{Heap before GC invocations=3 (full 0):
 garbage-first heap   total 131072K, used 79323K [0x0000000080000000, 0x0000000100000000)
  region size 1024K, 76 young (77824K), 2 survivors (2048K)
 Metaspace       used 20742K, capacity 21098K, committed 21296K, reserved 1069056K
  class space    used 2188K, capacity 2311K, committed 2432K, reserved 1048576K
}
Event: 2.843 GC heap after
{Heap after GC invocations=4 (full 0):
 garbage-first heap   total 131072K, used 10073K [0x0000000080000000, 0x0000000100000000)
  region size 1024K, 8 young (8192K), 8 survivors (8192K)
 Metaspace       used 20742K, capacity 21098K, committed 21296K, reserved 1069056K
  class space    used 2188K, capacity 2311K, committed 2432K, reserved 1048576K
}
Event: 2.965 GC heap before
{Heap before GC invocations=4 (full 0):
 garbage-first heap   total 131072K, used 15193K [0x0000000080000000, 0x0000000100000000)
  region size 1024K, 14 young (14336K), 8 survivors (8192K)
 Metaspace       used 20838K, capacity 21101K, committed 21296K, reserved 1069056K
  class space    used 2190K, capacity 2312K, committed 2432K, reserved 1048576K
}
Event: 2.987 GC heap after
{Heap after GC invocations=5 (full 0):
 garbage-first heap   total 157696K, used 10671K [0x0000000080000000, 0x0000000100000000)
  region size 1024K, 1 young (1024K), 1 survivors (1024K)
 Metaspace       used 20838K, capacity 21101K, committed 21296K, reserved 1069056K
  class space    used 2190K, capacity 2312K, committed 2432K, reserved 1048576K
}
Event: 3.922 GC heap before
{Heap before GC invocations=6 (full 0):
 garbage-first heap   total 157696K, used 55727K [0x0000000080000000, 0x0000000100000000)
  region size 1024K, 45 young (46080K), 1 survivors (1024K)
 Metaspace       used 21458K, capacity 21769K, committed 22064K, reserved 1069056K
  class space    used 2197K, capacity 2320K, committed 2432K, reserved 1048576K
}
Event: 3.928 GC heap after
{Heap after GC invocations=7 (full 0):
 garbage-first heap   total 157696K, used 12719K [0x0000000080000000, 0x0000000100000000)
  region size 1024K, 3 young (3072K), 3 survivors (3072K)
 Metaspace       used 21458K, capacity 21769K, committed 22064K, reserved 1069056K
  class space    used 2197K, capacity 2320K, committed 2432K, reserved 1048576K
}
Event: 5.443 GC heap before
{Heap before GC invocations=7 (full 0):
 garbage-first heap   total 157696K, used 86447K [0x0000000080000000, 0x0000000100000000)
  region size 1024K, 75 young (76800K), 3 survivors (3072K)
 Metaspace       used 23613K, capacity 24071K, committed 24368K, reserved 1071104K
  class space    used 2403K, capacity 2596K, committed 2688K, reserved 1048576K
}
Event: 5.454 GC heap after
{Heap after GC invocations=8 (full 0):
 garbage-first heap   total 157696K, used 16604K [0x0000000080000000, 0x0000000100000000)
  region size 1024K, 7 young (7168K), 7 survivors (7168K)
 Metaspace       used 23613K, capacity 24071K, committed 24368K, reserved 1071104K
  class space    used 2403K, capacity 2596K, committed 2688K, reserved 1048576K
}
Event: 6.778 GC heap before
{Heap before GC invocations=8 (full 0):
 garbage-first heap   total 157696K, used 98524K [0x0000000080000000, 0x0000000100000000)
  region size 1024K, 86 young (88064K), 7 survivors (7168K)
 Metaspace       used 30421K, capacity 31134K, committed 31408K, reserved 1077248K
  class space    used 3238K, capacity 3489K, committed 3584K, reserved 1048576K
}
Event: 6.794 GC heap after
{Heap after GC invocations=9 (full 0):
 garbage-first heap   total 157696K, used 22225K [0x0000000080000000, 0x0000000100000000)
  region size 1024K, 9 young (9216K), 9 survivors (9216K)
 Metaspace       used 30421K, capacity 31134K, committed 31408K, reserved 1077248K
  class space    used 3238K, capacity 3489K, committed 3584K, reserved 1048576K
}
Event: 7.821 GC heap before
{Heap before GC invocations=9 (full 0):
 garbage-first heap   total 157696K, used 104145K [0x0000000080000000, 0x0000000100000000)
  region size 1024K, 89 young (91136K), 9 survivors (9216K)
 Metaspace       used 31871K, capacity 32510K, committed 32816K, reserved 1079296K
  class space    used 3351K, capacity 3605K, committed 3712K, reserved 1048576K
}
Event: 7.845 GC heap after
{Heap after GC invocations=10 (full 0):
 garbage-first heap   total 157696K, used 36447K [0x0000000080000000, 0x0000000100000000)
  region size 1024K, 12 young (12288K), 12 survivors (12288K)
 Metaspace       used 31871K, capacity 32510K, committed 32816K, reserved 1079296K
  class space    used 3351K, capacity 3605K, committed 3712K, reserved 1048576K
}
Event: 9.244 GC heap before
{Heap before GC invocations=10 (full 0):
 garbage-first heap   total 157696K, used 110175K [0x0000000080000000, 0x0000000100000000)
  region size 1024K, 84 young (86016K), 12 survivors (12288K)
 Metaspace       used 34778K, capacity 35590K, committed 35888K, reserved 1081344K
  class space    used 3633K, capacity 3925K, committed 3968K, reserved 1048576K
}
Event: 9.275 GC heap after
{Heap after GC invocations=11 (full 0):
 garbage-first heap   total 192512K, used 47104K [0x0000000080000000, 0x0000000100000000)
  region size 1024K, 10 young (10240K), 10 survivors (10240K)
 Metaspace       used 34778K, capacity 35590K, committed 35888K, reserved 1081344K
  class space    used 3633K, capacity 3925K, committed 3968K, reserved 1048576K
}
Event: 9.353 GC heap before
{Heap before GC invocations=11 (full 0):
 garbage-first heap   total 192512K, used 48128K [0x0000000080000000, 0x0000000100000000)
  region size 1024K, 12 young (12288K), 10 survivors (10240K)
 Metaspace       used 35125K, capacity 35883K, committed 35920K, reserved 1081344K
  class space    used 3690K, capacity 3982K, committed 4000K, reserved 1048576K
}
Event: 9.368 GC heap after
{Heap after GC invocations=12 (full 0):
 garbage-first heap   total 192512K, used 48128K [0x0000000080000000, 0x0000000100000000)
  region size 1024K, 1 young (1024K), 1 survivors (1024K)
 Metaspace       used 35125K, capacity 35883K, committed 35920K, reserved 1081344K
  class space    used 3690K, capacity 3982K, committed 4000K, reserved 1048576K
}
Event: 10.450 GC heap before
{Heap before GC invocations=13 (full 0):
 garbage-first heap   total 192512K, used 115712K [0x0000000080000000, 0x0000000100000000)
  region size 1024K, 67 young (68608K), 1 survivors (1024K)
 Metaspace       used 37790K, capacity 38629K, committed 38736K, reserved 1083392K
  class space    used 3947K, capacity 4254K, committed 4256K, reserved 1048576K
}
Event: 10.458 GC heap after
{Heap after GC invocations=14 (full 0):
 garbage-first heap   total 192512K, used 49152K [0x0000000080000000, 0x0000000100000000)
  region size 1024K, 3 young (3072K), 3 survivors (3072K)
 Metaspace       used 37790K, capacity 38629K, committed 38736K, reserved 1083392K
  class space    used 3947K, capacity 4254K, committed 4256K, reserved 1048576K
}

Deoptimization events (20 events):
Event: 72.362 Thread 0x000001cdb5321800 Uncommon trap: trap_request=0xffffffde fr.pc=0x000001cda2071a54 relative=0x00000000000002d4
Event: 72.362 Thread 0x000001cdb5321800 Uncommon trap: reason=class_check action=maybe_recompile pc=0x000001cda2071a54 method=sun.nio.cs.StreamEncoder.writeBytes()V @ 120 c2
Event: 72.362 Thread 0x000001cdb5321800 DEOPT PACKING pc=0x000001cda2071a54 sp=0x000000a5d9bfebc0
Event: 72.362 Thread 0x000001cdb5321800 DEOPT UNPACKING pc=0x000001cd9a2ba1af sp=0x000000a5d9bfeba0 mode 2
Event: 72.365 Thread 0x000001cdb5321800 Uncommon trap: trap_request=0xffffffde fr.pc=0x000001cda2071a54 relative=0x00000000000002d4
Event: 72.365 Thread 0x000001cdb5321800 Uncommon trap: reason=class_check action=maybe_recompile pc=0x000001cda2071a54 method=sun.nio.cs.StreamEncoder.writeBytes()V @ 120 c2
Event: 72.365 Thread 0x000001cdb5321800 DEOPT PACKING pc=0x000001cda2071a54 sp=0x000000a5d9bfebc0
Event: 72.365 Thread 0x000001cdb5321800 DEOPT UNPACKING pc=0x000001cd9a2ba1af sp=0x000000a5d9bfeba0 mode 2
Event: 72.366 Thread 0x000001cdb5321800 Uncommon trap: trap_request=0xffffff4d fr.pc=0x000001cda20739a8 relative=0x00000000000003e8
Event: 72.366 Thread 0x000001cdb5321800 Uncommon trap: reason=unstable_if action=reinterpret pc=0x000001cda20739a8 method=org.apache.maven.plugin.surefire.extensions.EventConsumerThread.frameCompleteness(Ljava/util/List;)Lorg/apache/maven/plugin/surefire/extensions/EventConsumerThread$FrameComp
Event: 72.366 Thread 0x000001cdb5321800 DEOPT PACKING pc=0x000001cda20739a8 sp=0x000000a5d9bfefd0
Event: 72.366 Thread 0x000001cdb5321800 DEOPT UNPACKING pc=0x000001cd9a2ba1af sp=0x000000a5d9bfef68 mode 2
Event: 72.366 Thread 0x000001cdb5321800 Uncommon trap: trap_request=0xffffffde fr.pc=0x000001cda2071a54 relative=0x00000000000002d4
Event: 72.366 Thread 0x000001cdb5321800 Uncommon trap: reason=class_check action=maybe_recompile pc=0x000001cda2071a54 method=sun.nio.cs.StreamEncoder.writeBytes()V @ 120 c2
Event: 72.366 Thread 0x000001cdb5321800 DEOPT PACKING pc=0x000001cda2071a54 sp=0x000000a5d9bfebc0
Event: 72.366 Thread 0x000001cdb5321800 DEOPT UNPACKING pc=0x000001cd9a2ba1af sp=0x000000a5d9bfeba0 mode 2
Event: 72.367 Thread 0x000001cdb5321800 Uncommon trap: trap_request=0xffffffde fr.pc=0x000001cda2071a54 relative=0x00000000000002d4
Event: 72.367 Thread 0x000001cdb5321800 Uncommon trap: reason=class_check action=maybe_recompile pc=0x000001cda2071a54 method=sun.nio.cs.StreamEncoder.writeBytes()V @ 120 c2
Event: 72.367 Thread 0x000001cdb5321800 DEOPT PACKING pc=0x000001cda2071a54 sp=0x000000a5d9bfebc0
Event: 72.367 Thread 0x000001cdb5321800 DEOPT UNPACKING pc=0x000001cd9a2ba1af sp=0x000000a5d9bfeba0 mode 2

Classes redefined (0 events):
No events

Internal exceptions (20 events):
Event: 9.593 Thread 0x000001cd9034b800 Exception <a 'sun/nio/fs/WindowsException'{0x000000008b8fbc30}> (0x000000008b8fbc30) thrown at [./src/hotspot/share/prims/jni.cpp, line 615]
Event: 9.593 Thread 0x000001cd9034b800 Exception <a 'sun/nio/fs/WindowsException'{0x000000008b8fc328}> (0x000000008b8fc328) thrown at [./src/hotspot/share/prims/jni.cpp, line 615]
Event: 9.593 Thread 0x000001cd9034b800 Exception <a 'sun/nio/fs/WindowsException'{0x000000008b8fcd18}> (0x000000008b8fcd18) thrown at [./src/hotspot/share/prims/jni.cpp, line 615]
Event: 9.623 Thread 0x000001cd9034b800 Exception <a 'sun/nio/fs/WindowsException'{0x000000008b7948b0}> (0x000000008b7948b0) thrown at [./src/hotspot/share/prims/jni.cpp, line 615]
Event: 9.624 Thread 0x000001cd9034b800 Exception <a 'sun/nio/fs/WindowsException'{0x000000008b794fa0}> (0x000000008b794fa0) thrown at [./src/hotspot/share/prims/jni.cpp, line 615]
Event: 9.624 Thread 0x000001cd9034b800 Exception <a 'sun/nio/fs/WindowsException'{0x000000008b795940}> (0x000000008b795940) thrown at [./src/hotspot/share/prims/jni.cpp, line 615]
Event: 9.874 Thread 0x000001cd9034b800 Exception <a 'java/lang/NoClassDefFoundError'{0x000000008a5876d0}: org/sonatype/aether/resolution/ArtifactDescriptorException> (0x000000008a5876d0) thrown at [./src/hotspot/share/classfile/systemDictionary.cpp, line 220]
Event: 9.874 Thread 0x000001cd9034b800 Exception <a 'java/lang/NoClassDefFoundError'{0x000000008a5939f0}: org/sonatype/aether/installation/InstallationException> (0x000000008a5939f0) thrown at [./src/hotspot/share/classfile/systemDictionary.cpp, line 220]
Event: 9.875 Thread 0x000001cd9034b800 Exception <a 'java/lang/NoClassDefFoundError'{0x000000008a5a2eb8}: org/sonatype/aether/collection/DependencyCollectionException> (0x000000008a5a2eb8) thrown at [./src/hotspot/share/classfile/systemDictionary.cpp, line 220]
Event: 9.880 Thread 0x000001cd9034b800 Exception <a 'java/lang/NoClassDefFoundError'{0x000000008a5ed438}: org/sonatype/aether/artifact/Artifact> (0x000000008a5ed438) thrown at [./src/hotspot/share/classfile/systemDictionary.cpp, line 220]
Event: 9.883 Thread 0x000001cd9034b800 Exception <a 'java/lang/NoClassDefFoundError'{0x000000008a412190}: org/sonatype/aether/resolution/ArtifactResolutionException> (0x000000008a412190) thrown at [./src/hotspot/share/classfile/systemDictionary.cpp, line 220]
Event: 9.889 Thread 0x000001cd9034b800 Exception <a 'java/lang/NoClassDefFoundError'{0x000000008a428b60}: org/sonatype/aether/artifact/Artifact> (0x000000008a428b60) thrown at [./src/hotspot/share/classfile/systemDictionary.cpp, line 220]
Event: 9.890 Thread 0x000001cd9034b800 Exception <a 'java/lang/NoClassDefFoundError'{0x000000008a43e028}: org/sonatype/aether/deployment/DeploymentException> (0x000000008a43e028) thrown at [./src/hotspot/share/classfile/systemDictionary.cpp, line 220]
Event: 9.964 Thread 0x000001cdb3d72000 Exception <a 'java/lang/NoSuchMethodError'{0x000000008a014360}: 'java.lang.Object java.lang.invoke.DirectMethodHandle$Holder.invokeStaticInit(java.lang.Object, java.lang.Object, long, java.lang.Object)'> (0x000000008a014360) thrown at [./src/hotspot/share/interpreter/linkResolver.cpp, line 773]
Event: 9.964 Thread 0x000001cdb3d72000 Exception <a 'java/lang/NoSuchMethodError'{0x000000008a020480}: 'java.lang.Object java.lang.invoke.Invokers$Holder.linkToTargetMethod(java.lang.Object, long, java.lang.Object)'> (0x000000008a020480) thrown at [./src/hotspot/share/interpreter/linkResolver.cpp, line 773]
Event: 10.027 Thread 0x000001cd9034b800 Exception <a 'java/lang/NoSuchMethodError'{0x0000000089f23e88}: 'java.lang.Object java.lang.invoke.DirectMethodHandle$Holder.invokeStaticInit(java.lang.Object, java.lang.Object, int, int, int, int)'> (0x0000000089f23e88) thrown at [./src/hotspot/share/interpreter/linkResolver.cpp, line 773]
Event: 10.737 Thread 0x000001cd9034b800 Exception <a 'java/lang/NoSuchMethodError'{0x000000008b698030}: 'void java.lang.invoke.DirectMethodHandle$Holder.invokeStatic(java.lang.Object, long)'> (0x000000008b698030) thrown at [./src/hotspot/share/interpreter/linkResolver.cpp, line 773]
Event: 10.738 Thread 0x000001cd9034b800 Exception <a 'java/lang/NoSuchMethodError'{0x000000008b69d2b8}: 'java.lang.Object java.lang.invoke.DirectMethodHandle$Holder.invokeStatic(java.lang.Object, long)'> (0x000000008b69d2b8) thrown at [./src/hotspot/share/interpreter/linkResolver.cpp, line 773]
Event: 10.739 Thread 0x000001cd9034b800 Exception <a 'java/lang/NoSuchMethodError'{0x000000008b6a05e0}: 'java.lang.Object java.lang.invoke.DirectMethodHandle$Holder.invokeSpecial(java.lang.Object, java.lang.Object, long)'> (0x000000008b6a05e0) thrown at [./src/hotspot/share/interpreter/linkResolver.cpp, line 773]
Event: 10.765 Thread 0x000001cd9034b800 Exception <a 'java/lang/NoSuchMethodError'{0x000000008b6a3348}: 'java.lang.Object java.lang.invoke.Invokers$Holder.linkToTargetMethod(long, java.lang.Object)'> (0x000000008b6a3348) thrown at [./src/hotspot/share/interpreter/linkResolver.cpp, line 773]

Events (20 events):
Event: 67.786 loading class org/apache/maven/plugin/surefire/report/WrappedReportEntry
Event: 67.786 loading class org/apache/maven/plugin/surefire/report/WrappedReportEntry done
Event: 67.786 loading class org/apache/maven/plugin/surefire/report/WrappedReportEntry
Event: 67.786 loading class org/apache/maven/plugin/surefire/report/WrappedReportEntry done
Event: 67.786 loading class org/apache/maven/plugin/surefire/report/WrappedReportEntry
Event: 67.786 loading class org/apache/maven/plugin/surefire/report/WrappedReportEntry done
Event: 72.360 loading class org/apache/maven/plugin/surefire/booterclient/output/InPluginProcessDumpSingleton
Event: 72.360 loading class org/apache/maven/plugin/surefire/booterclient/output/InPluginProcessDumpSingleton done
Event: 72.360 loading class org/apache/maven/plugin/surefire/booterclient/output/InPluginProcessDumpSingleton
Event: 72.360 loading class org/apache/maven/plugin/surefire/booterclient/output/InPluginProcessDumpSingleton done
Event: 72.360 loading class org/apache/maven/plugin/surefire/booterclient/output/InPluginProcessDumpSingleton
Event: 72.360 loading class org/apache/maven/plugin/surefire/booterclient/output/InPluginProcessDumpSingleton done
Event: 72.363 loading class java/util/concurrent/ThreadLocalRandom
Event: 72.363 loading class java/util/concurrent/ThreadLocalRandom done
Event: 72.364 loading class java/lang/invoke/VarHandleLongs$FieldInstanceReadWrite
Event: 72.364 loading class java/lang/invoke/VarHandleLongs$FieldInstanceReadOnly
Event: 72.364 loading class java/lang/invoke/VarHandleLongs$FieldInstanceReadOnly done
Event: 72.364 loading class java/lang/invoke/VarHandleLongs$FieldInstanceReadWrite done
Event: 72.364 loading class java/util/concurrent/atomic/Striped64$1
Event: 72.364 loading class java/util/concurrent/atomic/Striped64$1 done


Dynamic libraries:
0x00007ff798280000 - 0x00007ff79828d000 	C:\Program Files\Eclipse Foundation\jdk-11.0.12.7-hotspot\bin\java.exe
0x00007ff869a30000 - 0x00007ff869c25000 	C:\Windows\SYSTEM32\ntdll.dll
0x00007ff868970000 - 0x00007ff868a2e000 	C:\Windows\System32\KERNEL32.DLL
0x00007ff8675f0000 - 0x00007ff8678b9000 	C:\Windows\System32\KERNELBASE.dll
0x00007ff867290000 - 0x00007ff867390000 	C:\Windows\System32\ucrtbase.dll
0x00007ff85dc90000 - 0x00007ff85dca7000 	C:\Program Files\Eclipse Foundation\jdk-11.0.12.7-hotspot\bin\jli.dll
0x00007ff868d20000 - 0x00007ff868ec1000 	C:\Windows\System32\USER32.dll
0x00007ff867150000 - 0x00007ff867172000 	C:\Windows\System32\win32u.dll
0x00007ff8683f0000 - 0x00007ff86841b000 	C:\Windows\System32\GDI32.dll
0x00007ff867180000 - 0x00007ff86728b000 	C:\Windows\System32\gdi32full.dll
0x00007ff867390000 - 0x00007ff86742d000 	C:\Windows\System32\msvcp_win.dll
0x00007ff85dcb0000 - 0x00007ff85dcc5000 	C:\Program Files\Eclipse Foundation\jdk-11.0.12.7-hotspot\bin\VCRUNTIME140.dll
0x00007ff854300000 - 0x00007ff85459a000 	C:\Windows\WinSxS\amd64_microsoft.windows.common-controls_6595b64144ccf1df_6.0.19041.1110_none_60b5254171f9507e\COMCTL32.dll
0x00007ff8698d0000 - 0x00007ff86996e000 	C:\Windows\System32\msvcrt.dll
0x00007ff868bc0000 - 0x00007ff868bf0000 	C:\Windows\System32\IMM32.DLL
0x00007ff85dae0000 - 0x00007ff85db7b000 	C:\Program Files\Eclipse Foundation\jdk-11.0.12.7-hotspot\bin\msvcp140.dll
0x00007ff8537a0000 - 0x00007ff8542f9000 	C:\Program Files\Eclipse Foundation\jdk-11.0.12.7-hotspot\bin\server\jvm.dll
0x00007ff8693b0000 - 0x00007ff86945c000 	C:\Windows\System32\ADVAPI32.dll
0x00007ff868a30000 - 0x00007ff868acb000 	C:\Windows\System32\sechost.dll
0x00007ff868790000 - 0x00007ff8688ba000 	C:\Windows\System32\RPCRT4.dll
0x00007ff8694d0000 - 0x00007ff8694d8000 	C:\Windows\System32\PSAPI.DLL
0x00007ff85dc60000 - 0x00007ff85dc69000 	C:\Windows\SYSTEM32\WSOCK32.dll
0x00007ff869460000 - 0x00007ff8694cb000 	C:\Windows\System32\WS2_32.dll
0x00007ff85db90000 - 0x00007ff85dbb7000 	C:\Windows\SYSTEM32\WINMM.dll
0x00007ff85eb10000 - 0x00007ff85eb1a000 	C:\Windows\SYSTEM32\VERSION.dll
0x00007ff864f90000 - 0x00007ff864fa2000 	C:\Windows\SYSTEM32\kernel.appcore.dll
0x00007ff85db80000 - 0x00007ff85db90000 	C:\Program Files\Eclipse Foundation\jdk-11.0.12.7-hotspot\bin\verify.dll
0x00007ff858b30000 - 0x00007ff858d14000 	C:\Windows\SYSTEM32\DBGHELP.DLL
0x00007ff858b00000 - 0x00007ff858b2c000 	C:\Windows\SYSTEM32\dbgcore.DLL
0x00007ff8679f0000 - 0x00007ff867a73000 	C:\Windows\System32\bcryptPrimitives.dll
0x00007ff85dab0000 - 0x00007ff85dad8000 	C:\Program Files\Eclipse Foundation\jdk-11.0.12.7-hotspot\bin\java.dll
0x00007ff85daa0000 - 0x00007ff85daaa000 	C:\Program Files\Eclipse Foundation\jdk-11.0.12.7-hotspot\bin\jimage.dll
0x00007ff85da80000 - 0x00007ff85da97000 	C:\Program Files\Eclipse Foundation\jdk-11.0.12.7-hotspot\bin\zip.dll
0x00007ff867c20000 - 0x00007ff86835f000 	C:\Windows\System32\SHELL32.dll
0x00007ff865270000 - 0x00007ff865a00000 	C:\Windows\SYSTEM32\windows.storage.dll
0x00007ff868420000 - 0x00007ff868775000 	C:\Windows\System32\combase.dll
0x00007ff866ad0000 - 0x00007ff866afc000 	C:\Windows\SYSTEM32\Wldp.dll
0x00007ff8688c0000 - 0x00007ff86896d000 	C:\Windows\System32\SHCORE.dll
0x00007ff867ae0000 - 0x00007ff867b35000 	C:\Windows\System32\shlwapi.dll
0x00007ff867090000 - 0x00007ff8670af000 	C:\Windows\SYSTEM32\profapi.dll
0x00007ff85da60000 - 0x00007ff85da79000 	C:\Program Files\Eclipse Foundation\jdk-11.0.12.7-hotspot\bin\net.dll
0x00007ff85e870000 - 0x00007ff85e978000 	C:\Windows\SYSTEM32\WINHTTP.dll
0x00007ff866830000 - 0x00007ff86689a000 	C:\Windows\system32\mswsock.dll
0x00007ff85da40000 - 0x00007ff85da52000 	C:\Program Files\Eclipse Foundation\jdk-11.0.12.7-hotspot\bin\nio.dll
0x00007ff862c20000 - 0x00007ff862c2a000 	C:\Users\usuario_devops\.m2\wrapper\dists\apache-maven-3.6.3-bin\1iopthnavndlasol9gbrbg6bf2\apache-maven-3.6.3\lib\jansi-native\windows64\jansi.dll
0x00007ff866a20000 - 0x00007ff866a38000 	C:\Windows\SYSTEM32\CRYPTSP.dll
0x00007ff8661b0000 - 0x00007ff8661e4000 	C:\Windows\system32\rsaenh.dll
0x00007ff867970000 - 0x00007ff867997000 	C:\Windows\System32\bcrypt.dll
0x00007ff867010000 - 0x00007ff86703e000 	C:\Windows\SYSTEM32\USERENV.dll
0x00007ff866a40000 - 0x00007ff866a4c000 	C:\Windows\SYSTEM32\CRYPTBASE.dll
0x00007ff866520000 - 0x00007ff86655b000 	C:\Windows\SYSTEM32\IPHLPAPI.DLL
0x00007ff8695f0000 - 0x00007ff8695f8000 	C:\Windows\System32\NSI.dll
0x00007ff85f510000 - 0x00007ff85f527000 	C:\Windows\SYSTEM32\dhcpcsvc6.DLL
0x00007ff85f4f0000 - 0x00007ff85f50d000 	C:\Windows\SYSTEM32\dhcpcsvc.DLL
0x00007ff866560000 - 0x00007ff86662c000 	C:\Windows\SYSTEM32\DNSAPI.dll

dbghelp: loaded successfully - version: 4.0.5 - missing functions: none
symbol engine: initialized successfully - sym options: 0x614 - pdb path: .;C:\Program Files\Eclipse Foundation\jdk-11.0.12.7-hotspot\bin;C:\Windows\SYSTEM32;C:\Windows\WinSxS\amd64_microsoft.windows.common-controls_6595b64144ccf1df_6.0.19041.1110_none_60b5254171f9507e;C:\Program Files\Eclipse Foundation\jdk-11.0.12.7-hotspot\bin\server;C:\Users\usuario_devops\.m2\wrapper\dists\apache-maven-3.6.3-bin\1iopthnavndlasol9gbrbg6bf2\apache-maven-3.6.3\lib\jansi-native\windows64

VM Arguments:
jvm_args: -Dclassworlds.conf=C:\Users\usuario_devops\.m2\wrapper\dists\apache-maven-3.6.3-bin\1iopthnavndlasol9gbrbg6bf2\apache-maven-3.6.3\bin\..\bin\m2.conf -Dmaven.home=C:\Users\usuario_devops\.m2\wrapper\dists\apache-maven-3.6.3-bin\1iopthnavndlasol9gbrbg6bf2\apache-maven-3.6.3\bin\.. -Dlibrary.jansi.path=C:\Users\usuario_devops\.m2\wrapper\dists\apache-maven-3.6.3-bin\1iopthnavndlasol9gbrbg6bf2\apache-maven-3.6.3\bin\..\lib\jansi-native -Dmaven.multiModuleProjectDirectory=C:\Users\usuario_devops\Desktop\deisw-spring-onewebs 
java_command: org.codehaus.plexus.classworlds.launcher.Launcher test -Dtest=pe.edu.upc.onewebs.ui.LoginUsuarioTest
java_class_path (initial): C:\Users\usuario_devops\.m2\wrapper\dists\apache-maven-3.6.3-bin\1iopthnavndlasol9gbrbg6bf2\apache-maven-3.6.3\bin\..\boot\plexus-classworlds-2.6.0.jar
Launcher Type: SUN_STANDARD

[Global flags]
     bool UseCompressedOops                        = true                                 {lp64_product} {ergonomic}
     bool UseCompressedClassPointers               = true                                 {lp64_product} {ergonomic}
     bool UseLargePagesIndividualAllocation        = false                                  {pd product} {ergonomic}
     intx CICompilerCount                          = 2                                         {product} {ergonomic}
   size_t MinHeapDeltaBytes                        = 1048576                                   {product} {ergonomic}
     bool SegmentedCodeCache                       = true                                      {product} {ergonomic}
    uintx ReservedCodeCacheSize                    = 251658240                              {pd product} {ergonomic}
    uintx NonProfiledCodeHeapSize                  = 122916538                              {pd product} {ergonomic}
    uintx ProfiledCodeHeapSize                     = 122916538                              {pd product} {ergonomic}
    uintx NonNMethodCodeHeapSize                   = 5825164                                {pd product} {ergonomic}
   size_t G1HeapRegionSize                         = 1048576                                   {product} {ergonomic}
     uint G1ConcRefinementThreads                  = 2                                         {product} {ergonomic}
     bool UseG1GC                                  = true                                      {product} {ergonomic}
     uint ConcGCThreads                            = 1                                         {product} {ergonomic}
   size_t MarkStackSize                            = 4194304                                   {product} {ergonomic}
   size_t InitialHeapSize                          = 134217728                                 {product} {ergonomic}
   size_t MaxHeapSize                              = 2147483648                                {product} {ergonomic}
   size_t MaxNewSize                               = 1287651328                                {product} {ergonomic}
    uintx GCDrainStackTargetSize                   = 64                                        {product} {ergonomic}

Logging:
Log output configuration:
 #0: stdout all=warning uptime,level,tags
 #1: stderr all=off uptime,level,tags

Environment Variables:
JAVA_HOME=C:\Program Files\Eclipse Foundation\jdk-11.0.12.7-hotspot\
PATH=C:\Program Files\Eclipse Foundation\jdk-11.0.12.7-hotspot\bin;C:\Program Files (x86)\Common Files\Oracle\Java\javapath;C:\Windows\system32;C:\Windows;C:\Windows\System32\Wbem;C:\Windows\System32\WindowsPowerShell\v1.0\;C:\Windows\System32\OpenSSH\;C:\Program Files\Git\cmd;C:\Users\usuario_devops\AppData\Local\Microsoft\WindowsApps;C:\Program Files\JetBrains\IntelliJ IDEA 2021.2.1\bin;;C:\Users\usuario_devops\.m2\wrapper\dists\apache-maven-3.6.3-bin\1iopthnavndlasol9gbrbg6bf2\apache-maven-3.6.3\bin;
USERNAME=usuario_devops
OS=Windows_NT
PROCESSOR_IDENTIFIER=Intel64 Family 6 Model 85 Stepping 4, GenuineIntel



---------------  S Y S T E M  ---------------

OS: Windows 10 , 64 bit Build 19041 (10.0.19041.1202)
OS uptime: 0 days 2:28 hours
Hyper-V virtualization detected

CPU:total 2 (initial active 2) (2 cores per cpu, 1 threads per core) family 6 model 85 stepping 4 microcode 0xffffffff, cmov, cx8, fxsr, mmx, sse, sse2, sse3, ssse3, sse4.1, sse4.2, popcnt, avx, avx2, aes, clmul, erms, rtm, 3dnowpref, lzcnt, tsc, bmi1, bmi2, adx, fma

Memory: 4k page, system-wide physical 8191M (526M free)
TotalPageFile size 10239M (AvailPageFile size 3M)
current process WorkingSet (physical memory assigned to process): 312M, peak: 357M
current process commit charge ("private bytes"): 338M, peak: 383M

vm_info: OpenJDK 64-Bit Server VM (11.0.12+7) for windows-amd64 JRE (11.0.12+7), built on Jul 21 2021 16:23:49 by "" with unknown MS VC++:1916

END.
