#
# There is insufficient memory for the Java Runtime Environment to continue.
# Native memory allocation (malloc) failed to allocate 32744 bytes for ChunkPool::allocate
# Possible reasons:
#   The system is out of physical RAM or swap space
#   The process is running with CompressedOops enabled, and the Java Heap may be blocking the growth of the native heap
# Possible solutions:
#   Reduce memory load on the system
#   Increase physical memory or swap space
#   Check if swap backing store is full
#   Decrease Java heap size (-Xmx/-Xms)
#   Decrease number of Java threads
#   Decrease Java thread stack sizes (-Xss)
#   Set larger code cache with -XX:ReservedCodeCacheSize=
#   JVM is running with Unscaled Compressed Oops mode in which the Java heap is
#     placed in the first 4GB address space. The Java Heap base address is the
#     maximum limit for the native heap growth. Please use -XX:HeapBaseMinAddress
#     to set the Java Heap base and to place the Java Heap above 4GB virtual address.
# This output file may be truncated or incomplete.
#
#  Out of Memory Error (./src/hotspot/share/memory/arena.cpp:81), pid=8040, tid=5908
#
# JRE version: OpenJDK Runtime Environment Temurin-11.0.12+7 (11.0.12+7) (build 11.0.12+7)
# Java VM: OpenJDK 64-Bit Server VM Temurin-11.0.12+7 (11.0.12+7, mixed mode, tiered, compressed oops, g1 gc, windows-amd64)
# No core dump will be written. Minidumps are not enabled by default on client versions of Windows
#

---------------  S U M M A R Y ------------

Command Line: C:\Users\usuario_devops\AppData\Local\Temp\surefire7762529281085140684\surefirebooter13764612420353351617.jar C:\Users\usuario_devops\AppData\Local\Temp\surefire7762529281085140684 2021-11-03T18-04-17_206-jvmRun1 surefire4074936836959610016tmp surefire_08087632372598804725tmp

Host: Intel(R) Xeon(R) Platinum 8171M CPU @ 2.60GHz, 2 cores, 7G,  Windows 10 , 64 bit Build 19041 (10.0.19041.1202)
Time: Wed Nov  3 18:05:19 2021 Coordinated Universal Time elapsed time: 61.275622 seconds (0d 0h 1m 1s)

---------------  T H R E A D  ---------------

Current thread (0x000002642da9a000):  JavaThread "C2 CompilerThread0" daemon [_thread_in_native, id=5908, stack(0x000000f2d8700000,0x000000f2d8800000)]


Current CompileTask:
C2:  61275 6623   !   4       java.lang.StringCoding::decode (300 bytes)

Stack: [0x000000f2d8700000,0x000000f2d8800000]
Native frames: (J=compiled Java code, j=interpreted, Vv=VM code, C=native code)
V  [jvm.dll+0x601d0a]
V  [jvm.dll+0x78ab6e]
V  [jvm.dll+0x78c23f]
V  [jvm.dll+0x78c903]
V  [jvm.dll+0x24be68]
V  [jvm.dll+0xc23fb]
V  [jvm.dll+0xc275c]
V  [jvm.dll+0xc22ab]
V  [jvm.dll+0x5dfbdf]
V  [jvm.dll+0x632aa3]
V  [jvm.dll+0x19ddcd]
V  [jvm.dll+0x205622]
V  [jvm.dll+0x2046fd]
V  [jvm.dll+0x1898fc]
V  [jvm.dll+0x213d67]
V  [jvm.dll+0x211f2b]
V  [jvm.dll+0x74ec19]
V  [jvm.dll+0x747c84]
V  [jvm.dll+0x600ba6]
C  [ucrtbase.dll+0x21bb2]
C  [KERNEL32.DLL+0x17034]
C  [ntdll.dll+0x52651]


---------------  P R O C E S S  ---------------

Threads class SMR info:
_java_thread_list=0x00000264331676b0, length=20, elements={
0x000002640e5ab000, 0x000002642d130800, 0x000002642d139800, 0x000002642da94800,
0x000002642da95800, 0x000002642da98800, 0x000002642da9a000, 0x000002642daca000,
0x000002642db14000, 0x000002642dc0f000, 0x000002642e3b8800, 0x000002643049a000,
0x0000026432c4d800, 0x0000026434034800, 0x000002643340d800, 0x0000026432cca800,
0x0000026434652800, 0x0000026432a1c000, 0x0000026432a17000, 0x0000026432a1b000
}

Java Threads: ( => current thread )
  0x000002640e5ab000 JavaThread "Forwarding get on session fc6b21e9-59af-4e00-ba0f-cd5898418793 to remote" [_thread_in_native, id=2468, stack(0x000000f2d7b00000,0x000000f2d7c00000)]
  0x000002642d130800 JavaThread "Reference Handler" daemon [_thread_blocked, id=10908, stack(0x000000f2d8200000,0x000000f2d8300000)]
  0x000002642d139800 JavaThread "Finalizer" daemon [_thread_blocked, id=9224, stack(0x000000f2d8300000,0x000000f2d8400000)]
  0x000002642da94800 JavaThread "Signal Dispatcher" daemon [_thread_blocked, id=1852, stack(0x000000f2d8400000,0x000000f2d8500000)]
  0x000002642da95800 JavaThread "Attach Listener" daemon [_thread_blocked, id=10864, stack(0x000000f2d8500000,0x000000f2d8600000)]
  0x000002642da98800 JavaThread "Service Thread" daemon [_thread_blocked, id=10416, stack(0x000000f2d8600000,0x000000f2d8700000)]
=>0x000002642da9a000 JavaThread "C2 CompilerThread0" daemon [_thread_in_native, id=5908, stack(0x000000f2d8700000,0x000000f2d8800000)]
  0x000002642daca000 JavaThread "C1 CompilerThread0" daemon [_thread_blocked, id=3516, stack(0x000000f2d8800000,0x000000f2d8900000)]
  0x000002642db14000 JavaThread "Sweeper thread" daemon [_thread_blocked, id=6316, stack(0x000000f2d8900000,0x000000f2d8a00000)]
  0x000002642dc0f000 JavaThread "Common-Cleaner" daemon [_thread_blocked, id=9408, stack(0x000000f2d8b00000,0x000000f2d8c00000)]
  0x000002642e3b8800 JavaThread "surefire-forkedjvm-command-thread" daemon [_thread_in_native, id=10704, stack(0x000000f2d8d00000,0x000000f2d8e00000)]
  0x000002643049a000 JavaThread "task-1" [_thread_blocked, id=9924, stack(0x000000f2d8e00000,0x000000f2d8f00000)]
  0x0000026432c4d800 JavaThread "HikariPool-1 housekeeper" daemon [_thread_blocked, id=3348, stack(0x000000f2d8f00000,0x000000f2d9000000)]
  0x0000026434034800 JavaThread "task-2" [_thread_blocked, id=6756, stack(0x000000f2d9100000,0x000000f2d9200000)]
  0x000002643340d800 JavaThread "ForkJoinPool.commonPool-worker-3" daemon [_thread_blocked, id=9628, stack(0x000000f2d9000000,0x000000f2d9100000)]
  0x0000026432cca800 JavaThread "OkHttp ConnectionPool" daemon [_thread_blocked, id=10468, stack(0x000000f2d9600000,0x000000f2d9700000)]
  0x0000026434652800 JavaThread "Okio Watchdog" daemon [_thread_blocked, id=1388, stack(0x000000f2d9700000,0x000000f2d9800000)]
  0x0000026432a1c000 JavaThread "Exec Default Executor" daemon [_thread_in_native, id=10484, stack(0x000000f2d9200000,0x000000f2d9300000)]
  0x0000026432a17000 JavaThread "Exec Stream Pumper" daemon [_thread_in_native, id=5216, stack(0x000000f2d9400000,0x000000f2d9500000)]
  0x0000026432a1b000 JavaThread "Exec Stream Pumper" daemon [_thread_in_native, id=7424, stack(0x000000f2d9500000,0x000000f2d9600000)]

Other Threads:
  0x000002642d12f800 VMThread "VM Thread" [stack: 0x000000f2d8100000,0x000000f2d8200000] [id=10348]
  0x000002642dc0e000 WatcherThread [stack: 0x000000f2d8a00000,0x000000f2d8b00000] [id=9228]
  0x000002640e5c4000 GCTaskThread "GC Thread#0" [stack: 0x000000f2d7c00000,0x000000f2d7d00000] [id=11192]
  0x000002642dc15800 GCTaskThread "GC Thread#1" [stack: 0x000000f2d8c00000,0x000000f2d8d00000] [id=7712]
  0x000002640e5f4000 ConcurrentGCThread "G1 Main Marker" [stack: 0x000000f2d7d00000,0x000000f2d7e00000] [id=8956]
  0x000002640e5f6000 ConcurrentGCThread "G1 Conc#0" [stack: 0x000000f2d7e00000,0x000000f2d7f00000] [id=3668]
  0x000002642cf7b800 ConcurrentGCThread "G1 Refine#0" [stack: 0x000000f2d7f00000,0x000000f2d8000000] [id=6872]
  0x000002642cf7d800 ConcurrentGCThread "G1 Young RemSet Sampling" [stack: 0x000000f2d8000000,0x000000f2d8100000] [id=10108]

Threads with active compile tasks:
C2 CompilerThread0  61314 6623   !   4       java.lang.StringCoding::decode (300 bytes)

VM state:not at safepoint (normal execution)

VM Mutex/Monitor currently owned by a thread: None

Heap address: 0x0000000080000000, size: 2048 MB, Compressed Oops mode: 32-bit
Narrow klass base: 0x0000000000000000, Narrow klass shift: 3
Compressed class space size: 1073741824 Address: 0x0000000100000000

Heap:
 garbage-first heap   total 218112K, used 80047K [0x0000000080000000, 0x0000000100000000)
  region size 1024K, 53 young (54272K), 8 survivors (8192K)
 Metaspace       used 79248K, capacity 81310K, committed 81408K, reserved 1120256K
  class space    used 10180K, capacity 10994K, committed 11008K, reserved 1048576K
Heap Regions: E=young(eden), S=young(survivor), O=old, HS=humongous(starts), HC=humongous(continues), CS=collection set, F=free, A=archive, TAMS=top-at-mark-start (previous, next)
|   0|0x0000000080000000, 0x0000000080100000, 0x0000000080100000|100%| O|  |TAMS 0x0000000080100000, 0x0000000080000000| Untracked 
|   1|0x0000000080100000, 0x0000000080200000, 0x0000000080200000|100%|HS|  |TAMS 0x0000000080200000, 0x0000000080100000| Complete 
|   2|0x0000000080200000, 0x0000000080300000, 0x0000000080300000|100%| O|  |TAMS 0x0000000080300000, 0x0000000080200000| Untracked 
|   3|0x0000000080300000, 0x0000000080400000, 0x0000000080400000|100%| O|  |TAMS 0x0000000080400000, 0x0000000080300000| Untracked 
|   4|0x0000000080400000, 0x0000000080500000, 0x0000000080500000|100%| O|  |TAMS 0x0000000080500000, 0x0000000080400000| Untracked 
|   5|0x0000000080500000, 0x0000000080600000, 0x0000000080600000|100%| O|  |TAMS 0x0000000080600000, 0x0000000080500000| Untracked 
|   6|0x0000000080600000, 0x0000000080700000, 0x0000000080700000|100%| O|  |TAMS 0x0000000080700000, 0x0000000080600000| Untracked 
|   7|0x0000000080700000, 0x0000000080800000, 0x0000000080800000|100%| O|  |TAMS 0x0000000080800000, 0x0000000080700000| Untracked 
|   8|0x0000000080800000, 0x0000000080900000, 0x0000000080900000|100%| O|  |TAMS 0x0000000080900000, 0x0000000080800000| Untracked 
|   9|0x0000000080900000, 0x0000000080a00000, 0x0000000080a00000|100%| O|  |TAMS 0x0000000080a00000, 0x0000000080900000| Untracked 
|  10|0x0000000080a00000, 0x0000000080b00000, 0x0000000080b00000|100%| O|  |TAMS 0x0000000080b00000, 0x0000000080a00000| Untracked 
|  11|0x0000000080b00000, 0x0000000080c00000, 0x0000000080c00000|100%| O|  |TAMS 0x0000000080c00000, 0x0000000080b00000| Untracked 
|  12|0x0000000080c00000, 0x0000000080d00000, 0x0000000080d00000|100%| O|  |TAMS 0x0000000080d00000, 0x0000000080c00000| Untracked 
|  13|0x0000000080d00000, 0x0000000080e00000, 0x0000000080e00000|100%| O|  |TAMS 0x0000000080e00000, 0x0000000080d00000| Untracked 
|  14|0x0000000080e00000, 0x0000000080f00000, 0x0000000080f00000|100%| O|  |TAMS 0x0000000080f00000, 0x0000000080e00000| Untracked 
|  15|0x0000000080f00000, 0x0000000081000000, 0x0000000081000000|100%| O|  |TAMS 0x0000000081000000, 0x0000000080f00000| Untracked 
|  16|0x0000000081000000, 0x0000000081100000, 0x0000000081100000|100%| O|  |TAMS 0x0000000081100000, 0x0000000081000000| Untracked 
|  17|0x0000000081100000, 0x0000000081200000, 0x0000000081200000|100%| O|  |TAMS 0x0000000081200000, 0x0000000081100000| Untracked 
|  18|0x0000000081200000, 0x0000000081300000, 0x0000000081300000|100%| O|  |TAMS 0x0000000081300000, 0x0000000081200000| Untracked 
|  19|0x0000000081300000, 0x0000000081400000, 0x0000000081400000|100%| O|  |TAMS 0x0000000081400000, 0x0000000081300000| Untracked 
|  20|0x0000000081400000, 0x0000000081500000, 0x0000000081500000|100%| O|  |TAMS 0x0000000081500000, 0x0000000081400000| Untracked 
|  21|0x0000000081500000, 0x0000000081600000, 0x0000000081600000|100%| O|  |TAMS 0x0000000081600000, 0x0000000081500000| Untracked 
|  22|0x0000000081600000, 0x0000000081700000, 0x0000000081700000|100%| O|  |TAMS 0x00000000816e5a00, 0x0000000081600000| Untracked 
|  23|0x0000000081700000, 0x0000000081800000, 0x0000000081800000|100%| O|  |TAMS 0x0000000081700000, 0x0000000081700000| Untracked 
|  24|0x0000000081800000, 0x0000000081900000, 0x0000000081900000|100%| O|  |TAMS 0x0000000081800000, 0x0000000081800000| Untracked 
|  25|0x0000000081900000, 0x0000000081a00000, 0x0000000081a00000|100%| O|  |TAMS 0x0000000081900000, 0x0000000081900000| Untracked 
|  26|0x0000000081a00000, 0x0000000081b00000, 0x0000000081b00000|100%| O|  |TAMS 0x0000000081a00000, 0x0000000081a00000| Untracked 
|  27|0x0000000081b00000, 0x0000000081b2bc00, 0x0000000081c00000| 17%| O|  |TAMS 0x0000000081b00000, 0x0000000081b00000| Untracked 
|  28|0x0000000081c00000, 0x0000000081c00000, 0x0000000081d00000|  0%| F|  |TAMS 0x0000000081c00000, 0x0000000081c00000| Untracked 
|  29|0x0000000081d00000, 0x0000000081d00000, 0x0000000081e00000|  0%| F|  |TAMS 0x0000000081d00000, 0x0000000081d00000| Untracked 
|  30|0x0000000081e00000, 0x0000000081e00000, 0x0000000081f00000|  0%| F|  |TAMS 0x0000000081e00000, 0x0000000081e00000| Untracked 
|  31|0x0000000081f00000, 0x0000000081f00000, 0x0000000082000000|  0%| F|  |TAMS 0x0000000081f00000, 0x0000000081f00000| Untracked 
|  32|0x0000000082000000, 0x0000000082000000, 0x0000000082100000|  0%| F|  |TAMS 0x0000000082000000, 0x0000000082000000| Untracked 
|  33|0x0000000082100000, 0x0000000082100000, 0x0000000082200000|  0%| F|  |TAMS 0x0000000082100000, 0x0000000082100000| Untracked 
|  34|0x0000000082200000, 0x0000000082200000, 0x0000000082300000|  0%| F|  |TAMS 0x0000000082200000, 0x0000000082200000| Untracked 
|  35|0x0000000082300000, 0x0000000082300000, 0x0000000082400000|  0%| F|  |TAMS 0x0000000082300000, 0x0000000082300000| Untracked 
|  36|0x0000000082400000, 0x0000000082400000, 0x0000000082500000|  0%| F|  |TAMS 0x0000000082400000, 0x0000000082400000| Untracked 
|  37|0x0000000082500000, 0x0000000082500000, 0x0000000082600000|  0%| F|  |TAMS 0x0000000082500000, 0x0000000082500000| Untracked 
|  38|0x0000000082600000, 0x0000000082600000, 0x0000000082700000|  0%| F|  |TAMS 0x0000000082600000, 0x0000000082600000| Untracked 
|  39|0x0000000082700000, 0x0000000082700000, 0x0000000082800000|  0%| F|  |TAMS 0x0000000082700000, 0x0000000082700000| Untracked 
|  40|0x0000000082800000, 0x0000000082800000, 0x0000000082900000|  0%| F|  |TAMS 0x0000000082800000, 0x0000000082800000| Untracked 
|  41|0x0000000082900000, 0x0000000082900000, 0x0000000082a00000|  0%| F|  |TAMS 0x0000000082900000, 0x0000000082900000| Untracked 
|  42|0x0000000082a00000, 0x0000000082a00000, 0x0000000082b00000|  0%| F|  |TAMS 0x0000000082a00000, 0x0000000082a00000| Untracked 
|  43|0x0000000082b00000, 0x0000000082b00000, 0x0000000082c00000|  0%| F|  |TAMS 0x0000000082b00000, 0x0000000082b00000| Untracked 
|  44|0x0000000082c00000, 0x0000000082c00000, 0x0000000082d00000|  0%| F|  |TAMS 0x0000000082c00000, 0x0000000082c00000| Untracked 
|  45|0x0000000082d00000, 0x0000000082d00000, 0x0000000082e00000|  0%| F|  |TAMS 0x0000000082d00000, 0x0000000082d00000| Untracked 
|  46|0x0000000082e00000, 0x0000000082e00000, 0x0000000082f00000|  0%| F|  |TAMS 0x0000000082e00000, 0x0000000082e00000| Untracked 
|  47|0x0000000082f00000, 0x0000000082f00000, 0x0000000083000000|  0%| F|  |TAMS 0x0000000082f00000, 0x0000000082f00000| Untracked 
|  48|0x0000000083000000, 0x0000000083000000, 0x0000000083100000|  0%| F|  |TAMS 0x0000000083000000, 0x0000000083000000| Untracked 
|  49|0x0000000083100000, 0x0000000083100000, 0x0000000083200000|  0%| F|  |TAMS 0x0000000083100000, 0x0000000083100000| Untracked 
|  50|0x0000000083200000, 0x0000000083200000, 0x0000000083300000|  0%| F|  |TAMS 0x0000000083200000, 0x0000000083200000| Untracked 
|  51|0x0000000083300000, 0x0000000083300000, 0x0000000083400000|  0%| F|  |TAMS 0x0000000083300000, 0x0000000083300000| Untracked 
|  52|0x0000000083400000, 0x0000000083400000, 0x0000000083500000|  0%| F|  |TAMS 0x0000000083400000, 0x0000000083400000| Untracked 
|  53|0x0000000083500000, 0x0000000083500000, 0x0000000083600000|  0%| F|  |TAMS 0x0000000083500000, 0x0000000083500000| Untracked 
|  54|0x0000000083600000, 0x0000000083600000, 0x0000000083700000|  0%| F|  |TAMS 0x0000000083600000, 0x0000000083600000| Untracked 
|  55|0x0000000083700000, 0x0000000083700000, 0x0000000083800000|  0%| F|  |TAMS 0x0000000083700000, 0x0000000083700000| Untracked 
|  56|0x0000000083800000, 0x0000000083800000, 0x0000000083900000|  0%| F|  |TAMS 0x0000000083800000, 0x0000000083800000| Untracked 
|  57|0x0000000083900000, 0x0000000083900000, 0x0000000083a00000|  0%| F|  |TAMS 0x0000000083900000, 0x0000000083900000| Untracked 
|  58|0x0000000083a00000, 0x0000000083a00000, 0x0000000083b00000|  0%| F|  |TAMS 0x0000000083a00000, 0x0000000083a00000| Untracked 
|  59|0x0000000083b00000, 0x0000000083b00000, 0x0000000083c00000|  0%| F|  |TAMS 0x0000000083b00000, 0x0000000083b00000| Untracked 
|  60|0x0000000083c00000, 0x0000000083c00000, 0x0000000083d00000|  0%| F|  |TAMS 0x0000000083c00000, 0x0000000083c00000| Untracked 
|  61|0x0000000083d00000, 0x0000000083d00000, 0x0000000083e00000|  0%| F|  |TAMS 0x0000000083d00000, 0x0000000083d00000| Untracked 
|  62|0x0000000083e00000, 0x0000000083e00000, 0x0000000083f00000|  0%| F|  |TAMS 0x0000000083e00000, 0x0000000083e00000| Untracked 
|  63|0x0000000083f00000, 0x0000000083f00000, 0x0000000084000000|  0%| F|  |TAMS 0x0000000083f00000, 0x0000000083f00000| Untracked 
|  64|0x0000000084000000, 0x0000000084000000, 0x0000000084100000|  0%| F|  |TAMS 0x0000000084000000, 0x0000000084000000| Untracked 
|  65|0x0000000084100000, 0x0000000084100000, 0x0000000084200000|  0%| F|  |TAMS 0x0000000084100000, 0x0000000084100000| Untracked 
|  66|0x0000000084200000, 0x0000000084200000, 0x0000000084300000|  0%| F|  |TAMS 0x0000000084200000, 0x0000000084200000| Untracked 
|  67|0x0000000084300000, 0x0000000084300000, 0x0000000084400000|  0%| F|  |TAMS 0x0000000084300000, 0x0000000084300000| Untracked 
|  68|0x0000000084400000, 0x0000000084400000, 0x0000000084500000|  0%| F|  |TAMS 0x0000000084400000, 0x0000000084400000| Untracked 
|  69|0x0000000084500000, 0x0000000084500000, 0x0000000084600000|  0%| F|  |TAMS 0x0000000084500000, 0x0000000084500000| Untracked 
|  70|0x0000000084600000, 0x0000000084600000, 0x0000000084700000|  0%| F|  |TAMS 0x0000000084600000, 0x0000000084600000| Untracked 
|  71|0x0000000084700000, 0x0000000084700000, 0x0000000084800000|  0%| F|  |TAMS 0x0000000084700000, 0x0000000084700000| Untracked 
|  72|0x0000000084800000, 0x0000000084800000, 0x0000000084900000|  0%| F|  |TAMS 0x0000000084800000, 0x0000000084800000| Untracked 
|  73|0x0000000084900000, 0x0000000084900000, 0x0000000084a00000|  0%| F|  |TAMS 0x0000000084900000, 0x0000000084900000| Untracked 
|  74|0x0000000084a00000, 0x0000000084a00000, 0x0000000084b00000|  0%| F|  |TAMS 0x0000000084a00000, 0x0000000084a00000| Untracked 
|  75|0x0000000084b00000, 0x0000000084b00000, 0x0000000084c00000|  0%| F|  |TAMS 0x0000000084b00000, 0x0000000084b00000| Untracked 
|  76|0x0000000084c00000, 0x0000000084c00000, 0x0000000084d00000|  0%| F|  |TAMS 0x0000000084c00000, 0x0000000084c00000| Untracked 
|  77|0x0000000084d00000, 0x0000000084d00000, 0x0000000084e00000|  0%| F|  |TAMS 0x0000000084d00000, 0x0000000084d00000| Untracked 
|  78|0x0000000084e00000, 0x0000000084e00000, 0x0000000084f00000|  0%| F|  |TAMS 0x0000000084e00000, 0x0000000084e00000| Untracked 
|  79|0x0000000084f00000, 0x0000000084f00000, 0x0000000085000000|  0%| F|  |TAMS 0x0000000084f00000, 0x0000000084f00000| Untracked 
|  80|0x0000000085000000, 0x0000000085000000, 0x0000000085100000|  0%| F|  |TAMS 0x0000000085000000, 0x0000000085000000| Untracked 
|  81|0x0000000085100000, 0x0000000085100000, 0x0000000085200000|  0%| F|  |TAMS 0x0000000085100000, 0x0000000085100000| Untracked 
|  82|0x0000000085200000, 0x0000000085200000, 0x0000000085300000|  0%| F|  |TAMS 0x0000000085200000, 0x0000000085200000| Untracked 
|  83|0x0000000085300000, 0x0000000085300000, 0x0000000085400000|  0%| F|  |TAMS 0x0000000085300000, 0x0000000085300000| Untracked 
|  84|0x0000000085400000, 0x0000000085400000, 0x0000000085500000|  0%| F|  |TAMS 0x0000000085400000, 0x0000000085400000| Untracked 
|  85|0x0000000085500000, 0x0000000085500000, 0x0000000085600000|  0%| F|  |TAMS 0x0000000085500000, 0x0000000085500000| Untracked 
|  86|0x0000000085600000, 0x0000000085600000, 0x0000000085700000|  0%| F|  |TAMS 0x0000000085600000, 0x0000000085600000| Untracked 
|  87|0x0000000085700000, 0x0000000085700000, 0x0000000085800000|  0%| F|  |TAMS 0x0000000085700000, 0x0000000085700000| Untracked 
|  88|0x0000000085800000, 0x0000000085800000, 0x0000000085900000|  0%| F|  |TAMS 0x0000000085800000, 0x0000000085800000| Untracked 
|  89|0x0000000085900000, 0x0000000085900000, 0x0000000085a00000|  0%| F|  |TAMS 0x0000000085900000, 0x0000000085900000| Untracked 
|  90|0x0000000085a00000, 0x0000000085a00000, 0x0000000085b00000|  0%| F|  |TAMS 0x0000000085a00000, 0x0000000085a00000| Untracked 
|  91|0x0000000085b00000, 0x0000000085b00000, 0x0000000085c00000|  0%| F|  |TAMS 0x0000000085b00000, 0x0000000085b00000| Untracked 
|  92|0x0000000085c00000, 0x0000000085c00000, 0x0000000085d00000|  0%| F|  |TAMS 0x0000000085c00000, 0x0000000085c00000| Untracked 
|  93|0x0000000085d00000, 0x0000000085d00000, 0x0000000085e00000|  0%| F|  |TAMS 0x0000000085d00000, 0x0000000085d00000| Untracked 
|  94|0x0000000085e00000, 0x0000000085e00000, 0x0000000085f00000|  0%| F|  |TAMS 0x0000000085e00000, 0x0000000085e00000| Untracked 
|  95|0x0000000085f00000, 0x0000000085f00000, 0x0000000086000000|  0%| F|  |TAMS 0x0000000085f00000, 0x0000000085f00000| Untracked 
|  96|0x0000000086000000, 0x0000000086000000, 0x0000000086100000|  0%| F|  |TAMS 0x0000000086000000, 0x0000000086000000| Untracked 
|  97|0x0000000086100000, 0x0000000086100000, 0x0000000086200000|  0%| F|  |TAMS 0x0000000086100000, 0x0000000086100000| Untracked 
|  98|0x0000000086200000, 0x0000000086200000, 0x0000000086300000|  0%| F|  |TAMS 0x0000000086200000, 0x0000000086200000| Untracked 
|  99|0x0000000086300000, 0x0000000086300000, 0x0000000086400000|  0%| F|  |TAMS 0x0000000086300000, 0x0000000086300000| Untracked 
| 100|0x0000000086400000, 0x0000000086400000, 0x0000000086500000|  0%| F|  |TAMS 0x0000000086400000, 0x0000000086400000| Untracked 
| 101|0x0000000086500000, 0x0000000086500000, 0x0000000086600000|  0%| F|  |TAMS 0x0000000086500000, 0x0000000086500000| Untracked 
| 102|0x0000000086600000, 0x0000000086600000, 0x0000000086700000|  0%| F|  |TAMS 0x0000000086600000, 0x0000000086600000| Untracked 
| 103|0x0000000086700000, 0x0000000086800000, 0x0000000086800000|100%| S|CS|TAMS 0x0000000086700000, 0x0000000086700000| Complete 
| 104|0x0000000086800000, 0x0000000086900000, 0x0000000086900000|100%| S|CS|TAMS 0x0000000086800000, 0x0000000086800000| Complete 
| 105|0x0000000086900000, 0x0000000086a00000, 0x0000000086a00000|100%| S|CS|TAMS 0x0000000086900000, 0x0000000086900000| Complete 
| 106|0x0000000086a00000, 0x0000000086b00000, 0x0000000086b00000|100%| S|CS|TAMS 0x0000000086a00000, 0x0000000086a00000| Complete 
| 107|0x0000000086b00000, 0x0000000086c00000, 0x0000000086c00000|100%| S|CS|TAMS 0x0000000086b00000, 0x0000000086b00000| Complete 
| 108|0x0000000086c00000, 0x0000000086c00000, 0x0000000086d00000|  0%| F|  |TAMS 0x0000000086c00000, 0x0000000086c00000| Untracked 
| 109|0x0000000086d00000, 0x0000000086d00000, 0x0000000086e00000|  0%| F|  |TAMS 0x0000000086d00000, 0x0000000086d00000| Untracked 
| 110|0x0000000086e00000, 0x0000000086e00000, 0x0000000086f00000|  0%| F|  |TAMS 0x0000000086e00000, 0x0000000086e00000| Untracked 
| 111|0x0000000086f00000, 0x0000000086f00000, 0x0000000087000000|  0%| F|  |TAMS 0x0000000086f00000, 0x0000000086f00000| Untracked 
| 112|0x0000000087000000, 0x0000000087000000, 0x0000000087100000|  0%| F|  |TAMS 0x0000000087000000, 0x0000000087000000| Untracked 
| 113|0x0000000087100000, 0x0000000087100000, 0x0000000087200000|  0%| F|  |TAMS 0x0000000087100000, 0x0000000087100000| Untracked 
| 114|0x0000000087200000, 0x0000000087200000, 0x0000000087300000|  0%| F|  |TAMS 0x0000000087200000, 0x0000000087200000| Untracked 
| 115|0x0000000087300000, 0x0000000087300000, 0x0000000087400000|  0%| F|  |TAMS 0x0000000087300000, 0x0000000087300000| Untracked 
| 116|0x0000000087400000, 0x0000000087400000, 0x0000000087500000|  0%| F|  |TAMS 0x0000000087400000, 0x0000000087400000| Untracked 
| 117|0x0000000087500000, 0x0000000087500000, 0x0000000087600000|  0%| F|  |TAMS 0x0000000087500000, 0x0000000087500000| Untracked 
| 118|0x0000000087600000, 0x0000000087700000, 0x0000000087700000|100%| S|CS|TAMS 0x0000000087600000, 0x0000000087600000| Complete 
| 119|0x0000000087700000, 0x0000000087800000, 0x0000000087800000|100%| S|CS|TAMS 0x0000000087700000, 0x0000000087700000| Complete 
| 120|0x0000000087800000, 0x0000000087900000, 0x0000000087900000|100%| S|CS|TAMS 0x0000000087800000, 0x0000000087800000| Complete 
| 121|0x0000000087900000, 0x0000000087900000, 0x0000000087a00000|  0%| F|  |TAMS 0x0000000087900000, 0x0000000087900000| Untracked 
| 122|0x0000000087a00000, 0x0000000087a00000, 0x0000000087b00000|  0%| F|  |TAMS 0x0000000087a00000, 0x0000000087a00000| Untracked 
| 123|0x0000000087b00000, 0x0000000087b00000, 0x0000000087c00000|  0%| F|  |TAMS 0x0000000087b00000, 0x0000000087b00000| Untracked 
| 124|0x0000000087c00000, 0x0000000087c00000, 0x0000000087d00000|  0%| F|  |TAMS 0x0000000087c00000, 0x0000000087c00000| Untracked 
| 125|0x0000000087d00000, 0x0000000087d00000, 0x0000000087e00000|  0%| F|  |TAMS 0x0000000087d00000, 0x0000000087d00000| Untracked 
| 126|0x0000000087e00000, 0x0000000087e00000, 0x0000000087f00000|  0%| F|  |TAMS 0x0000000087e00000, 0x0000000087e00000| Untracked 
| 127|0x0000000087f00000, 0x0000000087f00000, 0x0000000088000000|  0%| F|  |TAMS 0x0000000087f00000, 0x0000000087f00000| Untracked 
| 128|0x0000000088000000, 0x0000000088000000, 0x0000000088100000|  0%| F|  |TAMS 0x0000000088000000, 0x0000000088000000| Untracked 
| 129|0x0000000088100000, 0x0000000088100000, 0x0000000088200000|  0%| F|  |TAMS 0x0000000088100000, 0x0000000088100000| Untracked 
| 130|0x0000000088200000, 0x0000000088200000, 0x0000000088300000|  0%| F|  |TAMS 0x0000000088200000, 0x0000000088200000| Untracked 
| 131|0x0000000088300000, 0x0000000088300000, 0x0000000088400000|  0%| F|  |TAMS 0x0000000088300000, 0x0000000088300000| Untracked 
| 132|0x0000000088400000, 0x0000000088400000, 0x0000000088500000|  0%| F|  |TAMS 0x0000000088400000, 0x0000000088400000| Untracked 
| 133|0x0000000088500000, 0x0000000088500000, 0x0000000088600000|  0%| F|  |TAMS 0x0000000088500000, 0x0000000088500000| Untracked 
| 134|0x0000000088600000, 0x0000000088600000, 0x0000000088700000|  0%| F|  |TAMS 0x0000000088600000, 0x0000000088600000| Untracked 
| 135|0x0000000088700000, 0x0000000088700000, 0x0000000088800000|  0%| F|  |TAMS 0x0000000088700000, 0x0000000088700000| Untracked 
| 136|0x0000000088800000, 0x0000000088800000, 0x0000000088900000|  0%| F|  |TAMS 0x0000000088800000, 0x0000000088800000| Untracked 
| 137|0x0000000088900000, 0x0000000088900000, 0x0000000088a00000|  0%| F|  |TAMS 0x0000000088900000, 0x0000000088900000| Untracked 
| 138|0x0000000088a00000, 0x0000000088a00000, 0x0000000088b00000|  0%| F|  |TAMS 0x0000000088a00000, 0x0000000088a00000| Untracked 
| 139|0x0000000088b00000, 0x0000000088b00000, 0x0000000088c00000|  0%| F|  |TAMS 0x0000000088b00000, 0x0000000088b00000| Untracked 
| 140|0x0000000088c00000, 0x0000000088c00000, 0x0000000088d00000|  0%| F|  |TAMS 0x0000000088c00000, 0x0000000088c00000| Untracked 
| 141|0x0000000088d00000, 0x0000000088d00000, 0x0000000088e00000|  0%| F|  |TAMS 0x0000000088d00000, 0x0000000088d00000| Untracked 
| 142|0x0000000088e00000, 0x0000000088e00000, 0x0000000088f00000|  0%| F|  |TAMS 0x0000000088e00000, 0x0000000088e00000| Untracked 
| 143|0x0000000088f00000, 0x0000000088f00000, 0x0000000089000000|  0%| F|  |TAMS 0x0000000088f00000, 0x0000000088f00000| Untracked 
| 144|0x0000000089000000, 0x0000000089000000, 0x0000000089100000|  0%| F|  |TAMS 0x0000000089000000, 0x0000000089000000| Untracked 
| 145|0x0000000089100000, 0x0000000089100000, 0x0000000089200000|  0%| F|  |TAMS 0x0000000089100000, 0x0000000089100000| Untracked 
| 146|0x0000000089200000, 0x0000000089200000, 0x0000000089300000|  0%| F|  |TAMS 0x0000000089200000, 0x0000000089200000| Untracked 
| 147|0x0000000089300000, 0x0000000089300000, 0x0000000089400000|  0%| F|  |TAMS 0x0000000089300000, 0x0000000089300000| Untracked 
| 148|0x0000000089400000, 0x0000000089400000, 0x0000000089500000|  0%| F|  |TAMS 0x0000000089400000, 0x0000000089400000| Untracked 
| 149|0x0000000089500000, 0x0000000089500000, 0x0000000089600000|  0%| F|  |TAMS 0x0000000089500000, 0x0000000089500000| Untracked 
| 150|0x0000000089600000, 0x0000000089600000, 0x0000000089700000|  0%| F|  |TAMS 0x0000000089600000, 0x0000000089600000| Untracked 
| 151|0x0000000089700000, 0x0000000089700000, 0x0000000089800000|  0%| F|  |TAMS 0x0000000089700000, 0x0000000089700000| Untracked 
| 152|0x0000000089800000, 0x0000000089800000, 0x0000000089900000|  0%| F|  |TAMS 0x0000000089800000, 0x0000000089800000| Untracked 
| 153|0x0000000089900000, 0x0000000089900000, 0x0000000089a00000|  0%| F|  |TAMS 0x0000000089900000, 0x0000000089900000| Untracked 
| 154|0x0000000089a00000, 0x0000000089a00000, 0x0000000089b00000|  0%| F|  |TAMS 0x0000000089a00000, 0x0000000089a00000| Untracked 
| 155|0x0000000089b00000, 0x0000000089b00000, 0x0000000089c00000|  0%| F|  |TAMS 0x0000000089b00000, 0x0000000089b00000| Untracked 
| 156|0x0000000089c00000, 0x0000000089c00000, 0x0000000089d00000|  0%| F|  |TAMS 0x0000000089c00000, 0x0000000089c00000| Untracked 
| 157|0x0000000089d00000, 0x0000000089d00000, 0x0000000089e00000|  0%| F|  |TAMS 0x0000000089d00000, 0x0000000089d00000| Untracked 
| 158|0x0000000089e00000, 0x0000000089e00000, 0x0000000089f00000|  0%| F|  |TAMS 0x0000000089e00000, 0x0000000089e00000| Untracked 
| 159|0x0000000089f00000, 0x0000000089f00000, 0x000000008a000000|  0%| F|  |TAMS 0x0000000089f00000, 0x0000000089f00000| Untracked 
| 160|0x000000008a000000, 0x000000008a000000, 0x000000008a100000|  0%| F|  |TAMS 0x000000008a000000, 0x000000008a000000| Untracked 
| 161|0x000000008a100000, 0x000000008a100000, 0x000000008a200000|  0%| F|  |TAMS 0x000000008a100000, 0x000000008a100000| Untracked 
| 162|0x000000008a200000, 0x000000008a200000, 0x000000008a300000|  0%| F|  |TAMS 0x000000008a200000, 0x000000008a200000| Untracked 
| 163|0x000000008a300000, 0x000000008a300000, 0x000000008a400000|  0%| F|  |TAMS 0x000000008a300000, 0x000000008a300000| Untracked 
| 164|0x000000008a400000, 0x000000008a400000, 0x000000008a500000|  0%| F|  |TAMS 0x000000008a400000, 0x000000008a400000| Untracked 
| 165|0x000000008a500000, 0x000000008a500000, 0x000000008a600000|  0%| F|  |TAMS 0x000000008a500000, 0x000000008a500000| Untracked 
| 166|0x000000008a600000, 0x000000008a600000, 0x000000008a700000|  0%| F|  |TAMS 0x000000008a600000, 0x000000008a600000| Untracked 
| 167|0x000000008a700000, 0x000000008a700000, 0x000000008a800000|  0%| F|  |TAMS 0x000000008a700000, 0x000000008a700000| Untracked 
| 168|0x000000008a800000, 0x000000008a864500, 0x000000008a900000| 39%| E|  |TAMS 0x000000008a800000, 0x000000008a800000| Complete 
| 169|0x000000008a900000, 0x000000008aa00000, 0x000000008aa00000|100%| E|CS|TAMS 0x000000008a900000, 0x000000008a900000| Complete 
| 170|0x000000008aa00000, 0x000000008ab00000, 0x000000008ab00000|100%| E|CS|TAMS 0x000000008aa00000, 0x000000008aa00000| Complete 
| 171|0x000000008ab00000, 0x000000008ac00000, 0x000000008ac00000|100%| E|CS|TAMS 0x000000008ab00000, 0x000000008ab00000| Complete 
| 172|0x000000008ac00000, 0x000000008ad00000, 0x000000008ad00000|100%| E|CS|TAMS 0x000000008ac00000, 0x000000008ac00000| Complete 
| 173|0x000000008ad00000, 0x000000008ae00000, 0x000000008ae00000|100%| E|CS|TAMS 0x000000008ad00000, 0x000000008ad00000| Complete 
| 174|0x000000008ae00000, 0x000000008af00000, 0x000000008af00000|100%| E|CS|TAMS 0x000000008ae00000, 0x000000008ae00000| Complete 
| 175|0x000000008af00000, 0x000000008b000000, 0x000000008b000000|100%| E|CS|TAMS 0x000000008af00000, 0x000000008af00000| Complete 
| 176|0x000000008b000000, 0x000000008b100000, 0x000000008b100000|100%| E|CS|TAMS 0x000000008b000000, 0x000000008b000000| Complete 
| 177|0x000000008b100000, 0x000000008b200000, 0x000000008b200000|100%| E|CS|TAMS 0x000000008b100000, 0x000000008b100000| Complete 
| 178|0x000000008b200000, 0x000000008b300000, 0x000000008b300000|100%| E|CS|TAMS 0x000000008b200000, 0x000000008b200000| Complete 
| 179|0x000000008b300000, 0x000000008b400000, 0x000000008b400000|100%| E|CS|TAMS 0x000000008b300000, 0x000000008b300000| Complete 
| 180|0x000000008b400000, 0x000000008b500000, 0x000000008b500000|100%| E|CS|TAMS 0x000000008b400000, 0x000000008b400000| Complete 
| 181|0x000000008b500000, 0x000000008b600000, 0x000000008b600000|100%| E|CS|TAMS 0x000000008b500000, 0x000000008b500000| Complete 
| 182|0x000000008b600000, 0x000000008b700000, 0x000000008b700000|100%| E|CS|TAMS 0x000000008b600000, 0x000000008b600000| Complete 
| 183|0x000000008b700000, 0x000000008b800000, 0x000000008b800000|100%| E|CS|TAMS 0x000000008b700000, 0x000000008b700000| Complete 
| 184|0x000000008b800000, 0x000000008b900000, 0x000000008b900000|100%| E|CS|TAMS 0x000000008b800000, 0x000000008b800000| Complete 
| 185|0x000000008b900000, 0x000000008ba00000, 0x000000008ba00000|100%| E|  |TAMS 0x000000008b900000, 0x000000008b900000| Complete 
| 186|0x000000008ba00000, 0x000000008bb00000, 0x000000008bb00000|100%| E|CS|TAMS 0x000000008ba00000, 0x000000008ba00000| Complete 
| 187|0x000000008bb00000, 0x000000008bc00000, 0x000000008bc00000|100%| E|CS|TAMS 0x000000008bb00000, 0x000000008bb00000| Complete 
| 188|0x000000008bc00000, 0x000000008bd00000, 0x000000008bd00000|100%| E|CS|TAMS 0x000000008bc00000, 0x000000008bc00000| Complete 
| 189|0x000000008bd00000, 0x000000008be00000, 0x000000008be00000|100%| E|CS|TAMS 0x000000008bd00000, 0x000000008bd00000| Complete 
| 190|0x000000008be00000, 0x000000008bf00000, 0x000000008bf00000|100%| E|CS|TAMS 0x000000008be00000, 0x000000008be00000| Complete 
| 191|0x000000008bf00000, 0x000000008c000000, 0x000000008c000000|100%| E|CS|TAMS 0x000000008bf00000, 0x000000008bf00000| Complete 
| 192|0x000000008c000000, 0x000000008c100000, 0x000000008c100000|100%| E|CS|TAMS 0x000000008c000000, 0x000000008c000000| Complete 
| 193|0x000000008c100000, 0x000000008c200000, 0x000000008c200000|100%| E|CS|TAMS 0x000000008c100000, 0x000000008c100000| Complete 
| 194|0x000000008c200000, 0x000000008c300000, 0x000000008c300000|100%| E|CS|TAMS 0x000000008c200000, 0x000000008c200000| Complete 
| 195|0x000000008c300000, 0x000000008c400000, 0x000000008c400000|100%| E|CS|TAMS 0x000000008c300000, 0x000000008c300000| Complete 
| 196|0x000000008c400000, 0x000000008c500000, 0x000000008c500000|100%| E|CS|TAMS 0x000000008c400000, 0x000000008c400000| Complete 
| 197|0x000000008c500000, 0x000000008c600000, 0x000000008c600000|100%| E|CS|TAMS 0x000000008c500000, 0x000000008c500000| Complete 
| 198|0x000000008c600000, 0x000000008c700000, 0x000000008c700000|100%| E|CS|TAMS 0x000000008c600000, 0x000000008c600000| Complete 
| 199|0x000000008c700000, 0x000000008c800000, 0x000000008c800000|100%| E|CS|TAMS 0x000000008c700000, 0x000000008c700000| Complete 
| 200|0x000000008c800000, 0x000000008c900000, 0x000000008c900000|100%| E|CS|TAMS 0x000000008c800000, 0x000000008c800000| Complete 
| 201|0x000000008c900000, 0x000000008ca00000, 0x000000008ca00000|100%| E|CS|TAMS 0x000000008c900000, 0x000000008c900000| Complete 
| 202|0x000000008ca00000, 0x000000008cb00000, 0x000000008cb00000|100%| E|CS|TAMS 0x000000008ca00000, 0x000000008ca00000| Complete 
| 203|0x000000008cb00000, 0x000000008cc00000, 0x000000008cc00000|100%| E|CS|TAMS 0x000000008cb00000, 0x000000008cb00000| Complete 
| 204|0x000000008cc00000, 0x000000008cd00000, 0x000000008cd00000|100%| E|CS|TAMS 0x000000008cc00000, 0x000000008cc00000| Complete 
| 205|0x000000008cd00000, 0x000000008ce00000, 0x000000008ce00000|100%| E|CS|TAMS 0x000000008cd00000, 0x000000008cd00000| Complete 
| 206|0x000000008ce00000, 0x000000008cf00000, 0x000000008cf00000|100%| E|CS|TAMS 0x000000008ce00000, 0x000000008ce00000| Complete 
| 207|0x000000008cf00000, 0x000000008d000000, 0x000000008d000000|100%| E|CS|TAMS 0x000000008cf00000, 0x000000008cf00000| Complete 
| 208|0x000000008d000000, 0x000000008d100000, 0x000000008d100000|100%| E|CS|TAMS 0x000000008d000000, 0x000000008d000000| Complete 
| 209|0x000000008d100000, 0x000000008d200000, 0x000000008d200000|100%| E|CS|TAMS 0x000000008d100000, 0x000000008d100000| Complete 
| 210|0x000000008d200000, 0x000000008d300000, 0x000000008d300000|100%| E|CS|TAMS 0x000000008d200000, 0x000000008d200000| Complete 
| 211|0x000000008d300000, 0x000000008d400000, 0x000000008d400000|100%| E|CS|TAMS 0x000000008d300000, 0x000000008d300000| Complete 
| 212|0x000000008d400000, 0x000000008d500000, 0x000000008d500000|100%| E|CS|TAMS 0x000000008d400000, 0x000000008d400000| Complete 

Card table byte_map: [0x00000264264d0000,0x00000264268d0000] _byte_map_base: 0x00000264260d0000

Marking Bits (Prev, Next): (CMBitMap*) 0x000002640e5eb080, (CMBitMap*) 0x000002640e5eb048
 Prev Bits: [0x0000026428cd0000, 0x000002642acd0000)
 Next Bits: [0x0000026426cd0000, 0x0000026428cd0000)

Polling page: 0x000002640cd90000

Metaspace:

Usage:
  Non-class:     68.67 MB capacity,    67.45 MB ( 98%) used,   978.55 KB (  1%) free+waste,   269.00 KB ( <1%) overhead. 
      Class:     10.74 MB capacity,     9.94 MB ( 93%) used,   687.95 KB (  6%) free+waste,   125.75 KB (  1%) overhead. 
       Both:     79.40 MB capacity,    77.39 MB ( 97%) used,     1.63 MB (  2%) free+waste,   394.75 KB ( <1%) overhead. 

Virtual space:
  Non-class space:       70.00 MB reserved,      68.75 MB ( 98%) committed 
      Class space:        1.00 GB reserved,      10.75 MB (  1%) committed 
             Both:        1.07 GB reserved,      79.50 MB (  7%) committed 

Chunk freelists:
   Non-Class:  20.00 KB
       Class:  14.00 KB
        Both:  34.00 KB

MaxMetaspaceSize: 17179869184.00 GB
CompressedClassSpaceSize: 1.00 GB
Initial GC threshold: 20.80 MB
Current GC threshold: 98.13 MB
CDS: off

CodeHeap 'non-profiled nmethods': size=120064Kb used=3550Kb max_used=3550Kb free=116514Kb
 bounds [0x000002641e790000, 0x000002641eb10000, 0x0000026425cd0000]
CodeHeap 'profiled nmethods': size=120000Kb used=13457Kb max_used=13457Kb free=106542Kb
 bounds [0x0000026417260000, 0x0000026417f90000, 0x000002641e790000]
CodeHeap 'non-nmethods': size=5696Kb used=1328Kb max_used=1369Kb free=4367Kb
 bounds [0x0000026416cd0000, 0x0000026416f40000, 0x0000026417260000]
 total_blobs=7192 nmethods=6565 adapters=539
 compilation: enabled
              stopped_count=0, restarted_count=0
 full_count=0

Compilation events (20 events):
Event: 60.987 Thread 0x000002642daca000 nmethod 6613 0x0000026417f81c90 code [0x0000026417f81e60, 0x0000026417f82008]
Event: 60.987 Thread 0x000002642daca000 6615       3       com.google.common.base.AbstractIterator::next (34 bytes)
Event: 60.987 Thread 0x000002642da9a000 6619       4       java.lang.String::subSequence (7 bytes)
Event: 60.987 Thread 0x000002642daca000 nmethod 6615 0x0000026417f82110 code [0x0000026417f822e0, 0x0000026417f825b8]
Event: 60.987 Thread 0x000002642daca000 6614       3       com.google.common.collect.ImmutableCollection::<init> (5 bytes)
Event: 60.987 Thread 0x000002642daca000 nmethod 6614 0x0000026417f82710 code [0x0000026417f828c0, 0x0000026417f82a78]
Event: 60.987 Thread 0x000002642daca000 6616       1       com.google.common.base.Splitter::access$200 (5 bytes)
Event: 60.987 Thread 0x000002642daca000 nmethod 6616 0x000002641eb06610 code [0x000002641eb067c0, 0x000002641eb06858]
Event: 60.987 Thread 0x000002642daca000 6617       1       com.google.common.base.Splitter::access$300 (5 bytes)
Event: 60.987 Thread 0x000002642daca000 nmethod 6617 0x000002641eb06910 code [0x000002641eb06ac0, 0x000002641eb06b58]
Event: 60.987 Thread 0x000002642daca000 6618       1       com.google.common.base.Splitter::access$400 (5 bytes)
Event: 60.987 Thread 0x000002642daca000 nmethod 6618 0x000002641eb06c10 code [0x000002641eb06dc0, 0x000002641eb06e58]
Event: 60.988 Thread 0x000002642daca000 6620       3       com.google.common.collect.CollectPreconditions::checkNonnegative (37 bytes)
Event: 60.988 Thread 0x000002642daca000 nmethod 6620 0x0000026417f82b90 code [0x0000026417f82e00, 0x0000026417f83708]
Event: 60.989 Thread 0x000002642daca000 6621       3       com.google.common.collect.Iterators$10::get (12 bytes)
Event: 60.989 Thread 0x000002642daca000 nmethod 6621 0x0000026417f83a90 code [0x0000026417f83c40, 0x0000026417f83d78]
Event: 60.992 Thread 0x000002642da9a000 nmethod 6619 0x000002641eb06f10 code [0x000002641eb070c0, 0x000002641eb075a8]
Event: 60.999 Thread 0x000002642daca000 6622       3       java.lang.String::indexOf (7 bytes)
Event: 60.999 Thread 0x000002642daca000 nmethod 6622 0x0000026417f83e90 code [0x0000026417f84080, 0x0000026417f84378]
Event: 61.249 Thread 0x000002642da9a000 6623   !   4       java.lang.StringCoding::decode (300 bytes)

GC Heap History (20 events):
Event: 4.102 GC heap before
{Heap before GC invocations=5 (full 0):
 garbage-first heap   total 131072K, used 46398K [0x0000000080000000, 0x0000000100000000)
  region size 1024K, 35 young (35840K), 1 survivors (1024K)
 Metaspace       used 27182K, capacity 27908K, committed 28160K, reserved 1073152K
  class space    used 3274K, capacity 3542K, committed 3584K, reserved 1048576K
}
Event: 4.108 GC heap after
{Heap after GC invocations=6 (full 0):
 garbage-first heap   total 131072K, used 13827K [0x0000000080000000, 0x0000000100000000)
  region size 1024K, 3 young (3072K), 3 survivors (3072K)
 Metaspace       used 27182K, capacity 27908K, committed 28160K, reserved 1073152K
  class space    used 3274K, capacity 3542K, committed 3584K, reserved 1048576K
}
Event: 4.522 GC heap before
{Heap before GC invocations=6 (full 0):
 garbage-first heap   total 131072K, used 55811K [0x0000000080000000, 0x0000000100000000)
  region size 1024K, 45 young (46080K), 3 survivors (3072K)
 Metaspace       used 30260K, capacity 31130K, committed 31360K, reserved 1077248K
  class space    used 3589K, capacity 3915K, committed 3968K, reserved 1048576K
}
Event: 4.529 GC heap after
{Heap after GC invocations=7 (full 0):
 garbage-first heap   total 131072K, used 14501K [0x0000000080000000, 0x0000000100000000)
  region size 1024K, 3 young (3072K), 3 survivors (3072K)
 Metaspace       used 30260K, capacity 31130K, committed 31360K, reserved 1077248K
  class space    used 3589K, capacity 3915K, committed 3968K, reserved 1048576K
}
Event: 5.374 GC heap before
{Heap before GC invocations=7 (full 0):
 garbage-first heap   total 131072K, used 70821K [0x0000000080000000, 0x0000000100000000)
  region size 1024K, 59 young (60416K), 3 survivors (3072K)
 Metaspace       used 33105K, capacity 33967K, committed 34048K, reserved 1079296K
  class space    used 3957K, capacity 4304K, committed 4352K, reserved 1048576K
}
Event: 5.382 GC heap after
{Heap after GC invocations=8 (full 0):
 garbage-first heap   total 131072K, used 16198K [0x0000000080000000, 0x0000000100000000)
  region size 1024K, 5 young (5120K), 5 survivors (5120K)
 Metaspace       used 33105K, capacity 33967K, committed 34048K, reserved 1079296K
  class space    used 3957K, capacity 4304K, committed 4352K, reserved 1048576K
}
Event: 5.997 GC heap before
{Heap before GC invocations=8 (full 0):
 garbage-first heap   total 131072K, used 34630K [0x0000000080000000, 0x0000000100000000)
  region size 1024K, 24 young (24576K), 5 survivors (5120K)
 Metaspace       used 34930K, capacity 35794K, committed 35840K, reserved 1081344K
  class space    used 4202K, capacity 4569K, committed 4608K, reserved 1048576K
}
Event: 6.011 GC heap after
{Heap after GC invocations=9 (full 0):
 garbage-first heap   total 181248K, used 16282K [0x0000000080000000, 0x0000000100000000)
  region size 1024K, 4 young (4096K), 4 survivors (4096K)
 Metaspace       used 34930K, capacity 35794K, committed 35840K, reserved 1081344K
  class space    used 4202K, capacity 4569K, committed 4608K, reserved 1048576K
}
Event: 8.347 GC heap before
{Heap before GC invocations=10 (full 0):
 garbage-first heap   total 181248K, used 97178K [0x0000000080000000, 0x0000000100000000)
  region size 1024K, 83 young (84992K), 4 survivors (4096K)
 Metaspace       used 41445K, capacity 42515K, committed 42624K, reserved 1087488K
  class space    used 5012K, capacity 5466K, committed 5504K, reserved 1048576K
}
Event: 8.365 GC heap after
{Heap after GC invocations=11 (full 0):
 garbage-first heap   total 181248K, used 20362K [0x0000000080000000, 0x0000000100000000)
  region size 1024K, 8 young (8192K), 8 survivors (8192K)
 Metaspace       used 41445K, capacity 42515K, committed 42624K, reserved 1087488K
  class space    used 5012K, capacity 5466K, committed 5504K, reserved 1048576K
}
Event: 9.909 GC heap before
{Heap before GC invocations=11 (full 0):
 garbage-first heap   total 181248K, used 104330K [0x0000000080000000, 0x0000000100000000)
  region size 1024K, 90 young (92160K), 8 survivors (8192K)
 Metaspace       used 48235K, capacity 49414K, committed 49664K, reserved 1091584K
  class space    used 6074K, capacity 6548K, committed 6656K, reserved 1048576K
}
Event: 9.930 GC heap after
{Heap after GC invocations=12 (full 0):
 garbage-first heap   total 181248K, used 23770K [0x0000000080000000, 0x0000000100000000)
  region size 1024K, 10 young (10240K), 10 survivors (10240K)
 Metaspace       used 48235K, capacity 49414K, committed 49664K, reserved 1091584K
  class space    used 6074K, capacity 6548K, committed 6656K, reserved 1048576K
}
Event: 11.473 GC heap before
{Heap before GC invocations=12 (full 0):
 garbage-first heap   total 181248K, used 109786K [0x0000000080000000, 0x0000000100000000)
  region size 1024K, 95 young (97280K), 10 survivors (10240K)
 Metaspace       used 57236K, capacity 58589K, committed 58752K, reserved 1099776K
  class space    used 7198K, capacity 7728K, committed 7808K, reserved 1048576K
}
Event: 11.508 GC heap after
{Heap after GC invocations=13 (full 0):
 garbage-first heap   total 181248K, used 28137K [0x0000000080000000, 0x0000000100000000)
  region size 1024K, 8 young (8192K), 8 survivors (8192K)
 Metaspace       used 57236K, capacity 58589K, committed 58752K, reserved 1099776K
  class space    used 7198K, capacity 7728K, committed 7808K, reserved 1048576K
}
Event: 11.866 GC heap before
{Heap before GC invocations=13 (full 0):
 garbage-first heap   total 181248K, used 52713K [0x0000000080000000, 0x0000000100000000)
  region size 1024K, 33 young (33792K), 8 survivors (8192K)
 Metaspace       used 58637K, capacity 60049K, committed 60160K, reserved 1101824K
  class space    used 7392K, capacity 7936K, committed 7936K, reserved 1048576K
}
Event: 11.887 GC heap after
{Heap after GC invocations=14 (full 0):
 garbage-first heap   total 218112K, used 29590K [0x0000000080000000, 0x0000000100000000)
  region size 1024K, 6 young (6144K), 6 survivors (6144K)
 Metaspace       used 58637K, capacity 60049K, committed 60160K, reserved 1101824K
  class space    used 7392K, capacity 7936K, committed 7936K, reserved 1048576K
}
Event: 13.880 GC heap before
{Heap before GC invocations=15 (full 0):
 garbage-first heap   total 218112K, used 120726K [0x0000000080000000, 0x0000000100000000)
  region size 1024K, 95 young (97280K), 6 survivors (6144K)
 Metaspace       used 66220K, capacity 67754K, committed 68096K, reserved 1107968K
  class space    used 8505K, capacity 9106K, committed 9216K, reserved 1048576K
}
Event: 13.902 GC heap after
{Heap after GC invocations=16 (full 0):
 garbage-first heap   total 218112K, used 33686K [0x0000000080000000, 0x0000000100000000)
  region size 1024K, 10 young (10240K), 10 survivors (10240K)
 Metaspace       used 66220K, capacity 67754K, committed 68096K, reserved 1107968K
  class space    used 8505K, capacity 9106K, committed 9216K, reserved 1048576K
}
Event: 16.522 GC heap before
{Heap before GC invocations=16 (full 0):
 garbage-first heap   total 218112K, used 127894K [0x0000000080000000, 0x0000000100000000)
  region size 1024K, 102 young (104448K), 10 survivors (10240K)
 Metaspace       used 77237K, capacity 79166K, committed 79360K, reserved 1118208K
  class space    used 9889K, capacity 10681K, committed 10752K, reserved 1048576K
}
Event: 16.550 GC heap after
{Heap after GC invocations=17 (full 0):
 garbage-first heap   total 218112K, used 36015K [0x0000000080000000, 0x0000000100000000)
  region size 1024K, 8 young (8192K), 8 survivors (8192K)
 Metaspace       used 77237K, capacity 79166K, committed 79360K, reserved 1118208K
  class space    used 9889K, capacity 10681K, committed 10752K, reserved 1048576K
}

Deoptimization events (20 events):
Event: 16.602 Thread 0x000002640e5ab000 Uncommon trap: trap_request=0xffffffde fr.pc=0x000002641ea88afc relative=0x000000000000005c
Event: 16.602 Thread 0x000002640e5ab000 Uncommon trap: reason=class_check action=maybe_recompile pc=0x000002641ea88afc method=java.util.stream.StreamOpFlag.fromCharacteristics(Ljava/util/Spliterator;)I @ 14 c2
Event: 16.602 Thread 0x000002640e5ab000 DEOPT PACKING pc=0x000002641ea88afc sp=0x000000f2d7bfca70
Event: 16.602 Thread 0x000002640e5ab000 DEOPT UNPACKING pc=0x0000026416d1a1af sp=0x000000f2d7bfca00 mode 2
Event: 20.552 Thread 0x0000026430793000 DEOPT PACKING pc=0x0000026417f202ee sp=0x000000f2d94fef70
Event: 20.552 Thread 0x0000026430793000 DEOPT UNPACKING pc=0x0000026416d1a95e sp=0x000000f2d94fe440 mode 0
Event: 27.873 Thread 0x000002640e5ab000 Uncommon trap: trap_request=0xffffff4d fr.pc=0x000002641e9ba820 relative=0x0000000000000360
Event: 27.873 Thread 0x000002640e5ab000 Uncommon trap: reason=unstable_if action=reinterpret pc=0x000002641e9ba820 method=java.util.StringJoiner.add(Ljava/lang/CharSequence;)Ljava/util/StringJoiner; @ 33 c2
Event: 27.873 Thread 0x000002640e5ab000 DEOPT PACKING pc=0x000002641e9ba820 sp=0x000000f2d7bfcea0
Event: 27.873 Thread 0x000002640e5ab000 DEOPT UNPACKING pc=0x0000026416d1a1af sp=0x000000f2d7bfce60 mode 2
Event: 56.650 Thread 0x000002640e5ab000 Uncommon trap: trap_request=0xffffff4d fr.pc=0x000002641eafbf98 relative=0x00000000000001d8
Event: 56.650 Thread 0x000002640e5ab000 Uncommon trap: reason=unstable_if action=reinterpret pc=0x000002641eafbf98 method=java.lang.StringCoding.encodeUTF8(B[BZ)[B @ 18 c2
Event: 56.650 Thread 0x000002640e5ab000 DEOPT PACKING pc=0x000002641eafbf98 sp=0x000000f2d7bfd580
Event: 56.650 Thread 0x000002640e5ab000 DEOPT UNPACKING pc=0x0000026416d1a1af sp=0x000000f2d7bfd518 mode 2
Event: 56.677 Thread 0x000002640e5ab000 DEOPT PACKING pc=0x0000026417ce139b sp=0x000000f2d7bfcee0
Event: 56.677 Thread 0x000002640e5ab000 DEOPT UNPACKING pc=0x0000026416d1a95e sp=0x000000f2d7bfc350 mode 0
Event: 56.681 Thread 0x000002640e5ab000 Uncommon trap: trap_request=0xffffff4d fr.pc=0x000002641e822070 relative=0x0000000000000050
Event: 56.681 Thread 0x000002640e5ab000 Uncommon trap: reason=unstable_if action=reinterpret pc=0x000002641e822070 method=sun.net.util.IPAddressUtil.scan(Ljava/lang/String;JJ[C)I @ 14 c2
Event: 56.681 Thread 0x000002640e5ab000 DEOPT PACKING pc=0x000002641e822070 sp=0x000000f2d7bfca90
Event: 56.681 Thread 0x000002640e5ab000 DEOPT UNPACKING pc=0x0000026416d1a1af sp=0x000000f2d7bfc9e8 mode 2

Classes redefined (0 events):
No events

Internal exceptions (20 events):
Event: 15.017 Thread 0x000002640e5ab000 Exception <a 'java/lang/ClassNotFoundException'{0x0000000089e15bc8}: java/lang/ObjectCustomizer> (0x0000000089e15bc8) thrown at [./src/hotspot/share/classfile/systemDictionary.cpp, line 231]
Event: 15.018 Thread 0x000002640e5ab000 Exception <a 'java/lang/ClassNotFoundException'{0x0000000089e2e5b8}: pe/edu/upc/onewebs/ui/NewSeleneseITCustomizer> (0x0000000089e2e5b8) thrown at [./src/hotspot/share/classfile/systemDictionary.cpp, line 231]
Event: 15.043 Thread 0x000002640e5ab000 Exception <a 'java/lang/NoSuchMethodError'{0x0000000089d16290}: 'java.lang.Object java.lang.invoke.DirectMethodHandle$Holder.invokeSpecial(java.lang.Object, java.lang.Object, java.lang.Object, java.lang.Object, java.lang.Object, int)'> (0x0000000089d16290) thrown at [./src/hotspot/share/interpreter/linkResolver.cpp, line 773]
Event: 15.043 Thread 0x000002640e5ab000 Exception <a 'java/lang/NoSuchMethodError'{0x0000000089d19988}: 'java.lang.Object java.lang.invoke.Invokers$Holder.linkToTargetMethod(java.lang.Object, java.lang.Object, java.lang.Object, int, java.lang.Object)'> (0x0000000089d19988) thrown at [./src/hotspot/share/interpreter/linkResolver.cpp, line 773]
Event: 15.179 Thread 0x000002640e5ab000 Exception <a 'java/lang/ClassNotFoundException'{0x00000000899b5150}: java/lang/ClassLoader$ByteBuddyAccessor$j7jZHl08> (0x00000000899b5150) thrown at [./src/hotspot/share/classfile/systemDictionary.cpp, line 231]
Event: 15.678 Thread 0x000002640e5ab000 Exception <a 'sun/nio/fs/WindowsException'{0x00000000887c1950}> (0x00000000887c1950) thrown at [./src/hotspot/share/prims/jni.cpp, line 615]
Event: 15.915 Thread 0x0000026432ccd000 Exception <a 'java/lang/NoSuchMethodError'{0x0000000087e22360}: 'void java.lang.invoke.DirectMethodHandle$Holder.invokeStatic(java.lang.Object, long)'> (0x0000000087e22360) thrown at [./src/hotspot/share/interpreter/linkResolver.cpp, line 773]
Event: 15.915 Thread 0x0000026432ccd000 Exception <a 'java/lang/NoSuchMethodError'{0x0000000087e27268}: 'java.lang.Object java.lang.invoke.DirectMethodHandle$Holder.invokeStatic(java.lang.Object, long)'> (0x0000000087e27268) thrown at [./src/hotspot/share/interpreter/linkResolver.cpp, line 773]
Event: 15.917 Thread 0x0000026432ccd000 Exception <a 'java/lang/NoSuchMethodError'{0x0000000087e34f18}: 'java.lang.Object java.lang.invoke.DirectMethodHandle$Holder.invokeStaticInit(java.lang.Object, java.lang.Object, long, java.lang.Object)'> (0x0000000087e34f18) thrown at [./src/hotspot/share/interpreter/linkResolver.cpp, line 773]
Event: 15.917 Thread 0x0000026432ccd000 Exception <a 'java/lang/NoSuchMethodError'{0x0000000087e3a940}: 'java.lang.Object java.lang.invoke.DirectMethodHandle$Holder.invokeStatic(java.lang.Object, java.lang.Object, long)'> (0x0000000087e3a940) thrown at [./src/hotspot/share/interpreter/linkResolver.cpp, line 773]
Event: 15.918 Thread 0x0000026432ccd000 Exception <a 'java/lang/NoSuchMethodError'{0x0000000087e40c10}: 'java.lang.Object java.lang.invoke.Invokers$Holder.linkToTargetMethod(java.lang.Object, long, java.lang.Object)'> (0x0000000087e40c10) thrown at [./src/hotspot/share/interpreter/linkResolver.cpp, line 773]
Event: 16.432 Thread 0x000002640e5ab000 Exception <a 'java/lang/IncompatibleClassChangeError'{0x0000000087c19730}: Found class java.lang.Object, but interface was expected> (0x0000000087c19730) thrown at [./src/hotspot/share/interpreter/linkResolver.cpp, line 839]
Event: 16.459 Thread 0x000002640e5ab000 Exception <a 'java/lang/NoSuchMethodError'{0x0000000087cee9f0}: 'double java.lang.invoke.DirectMethodHandle$Holder.invokeVirtual(java.lang.Object, java.lang.Object)'> (0x0000000087cee9f0) thrown at [./src/hotspot/share/interpreter/linkResolver.cpp, line 773]
Event: 16.460 Thread 0x000002640e5ab000 Exception <a 'java/lang/NoSuchMethodError'{0x0000000087cf4a30}: 'float java.lang.invoke.DirectMethodHandle$Holder.invokeVirtual(java.lang.Object, java.lang.Object)'> (0x0000000087cf4a30) thrown at [./src/hotspot/share/interpreter/linkResolver.cpp, line 773]
Event: 16.461 Thread 0x000002640e5ab000 Exception <a 'java/lang/NoSuchMethodError'{0x0000000087cfca48}: 'long java.lang.invoke.DirectMethodHandle$Holder.invokeVirtual(java.lang.Object, java.lang.Object)'> (0x0000000087cfca48) thrown at [./src/hotspot/share/interpreter/linkResolver.cpp, line 773]
Event: 21.172 Thread 0x000002640e5ab000 Exception <a 'java/net/SocketTimeoutException'{0x000000008bd5bfb0}: Read timed out> (0x000000008bd5bfb0) thrown at [./src/hotspot/share/prims/jni.cpp, line 636]
Event: 27.873 Thread 0x000002640e5ab000 Exception <a 'java/lang/ClassNotFoundException'{0x000000008bb554f8}: sun/misc/SharedSecrets> (0x000000008bb554f8) thrown at [./src/hotspot/share/classfile/systemDictionary.cpp, line 231]
Event: 27.874 Thread 0x000002640e5ab000 Exception <a 'java/lang/reflect/InvocationTargetException'{0x000000008bb67e40}> (0x000000008bb67e40) thrown at [./src/hotspot/share/runtime/reflection.cpp, line 1247]
Event: 27.892 Thread 0x000002640e5ab000 Exception <a 'java/net/SocketTimeoutException'{0x000000008bb95508}: Read timed out> (0x000000008bb95508) thrown at [./src/hotspot/share/prims/jni.cpp, line 636]
Event: 60.999 Thread 0x000002640e5ab000 Exception <a 'java/net/SocketTimeoutException'{0x000000008b3f0b80}: Read timed out> (0x000000008b3f0b80) thrown at [./src/hotspot/share/prims/jni.cpp, line 636]

Events (20 events):
Event: 56.644 loading class org/apache/maven/surefire/report/PojoStackTraceWriter done
Event: 56.646 loading class org/apache/maven/surefire/api/report/SafeThrowable
Event: 56.646 loading class org/apache/maven/surefire/api/report/SafeThrowable done
Event: 56.647 loading class org/apache/maven/surefire/report/SmartStackTraceParser
Event: 56.647 loading class org/apache/maven/surefire/report/SmartStackTraceParser done
Event: 56.648 loading class org/apache/maven/surefire/report/StackTraceFilter
Event: 56.648 loading class org/apache/maven/surefire/report/StackTraceFilter done
Event: 56.649 loading class org/apache/maven/surefire/report/ClassNameStackTraceFilter
Event: 56.649 loading class org/apache/maven/surefire/report/ClassNameStackTraceFilter done
Event: 56.662 loading class org/springframework/restdocs/ManualRestDocumentation
Event: 56.662 loading class org/springframework/restdocs/ManualRestDocumentation done
Event: 56.662 loading class org/springframework/restdocs$ManualRestDocumentation
Event: 56.662 loading class org/springframework/restdocs$ManualRestDocumentation done
Event: 56.686 Thread 0x0000026432a1c000 Thread added: 0x0000026432a1c000
Event: 56.701 Executing VM operation: RevokeBias
Event: 56.701 Executing VM operation: RevokeBias done
Event: 56.706 Thread 0x0000026432a17000 Thread added: 0x0000026432a17000
Event: 56.706 Thread 0x0000026432a1b000 Thread added: 0x0000026432a1b000
Event: 58.321 Executing VM operation: RevokeBias
Event: 58.321 Executing VM operation: RevokeBias done


Dynamic libraries:
0x00007ff798280000 - 0x00007ff79828d000 	C:\Program Files\Eclipse Foundation\jdk-11.0.12.7-hotspot\bin\java.exe
0x00007ff869a30000 - 0x00007ff869c25000 	C:\Windows\SYSTEM32\ntdll.dll
0x00007ff868970000 - 0x00007ff868a2e000 	C:\Windows\System32\KERNEL32.DLL
0x00007ff8675f0000 - 0x00007ff8678b9000 	C:\Windows\System32\KERNELBASE.dll
0x00007ff867290000 - 0x00007ff867390000 	C:\Windows\System32\ucrtbase.dll
0x00007ff85dc90000 - 0x00007ff85dca7000 	C:\Program Files\Eclipse Foundation\jdk-11.0.12.7-hotspot\bin\jli.dll
0x00007ff868d20000 - 0x00007ff868ec1000 	C:\Windows\System32\USER32.dll
0x00007ff867150000 - 0x00007ff867172000 	C:\Windows\System32\win32u.dll
0x00007ff85dcb0000 - 0x00007ff85dcc5000 	C:\Program Files\Eclipse Foundation\jdk-11.0.12.7-hotspot\bin\VCRUNTIME140.dll
0x00007ff8683f0000 - 0x00007ff86841b000 	C:\Windows\System32\GDI32.dll
0x00007ff867180000 - 0x00007ff86728b000 	C:\Windows\System32\gdi32full.dll
0x00007ff867390000 - 0x00007ff86742d000 	C:\Windows\System32\msvcp_win.dll
0x00007ff854300000 - 0x00007ff85459a000 	C:\Windows\WinSxS\amd64_microsoft.windows.common-controls_6595b64144ccf1df_6.0.19041.1110_none_60b5254171f9507e\COMCTL32.dll
0x00007ff8698d0000 - 0x00007ff86996e000 	C:\Windows\System32\msvcrt.dll
0x00007ff868bc0000 - 0x00007ff868bf0000 	C:\Windows\System32\IMM32.DLL
0x00007ff85dae0000 - 0x00007ff85db7b000 	C:\Program Files\Eclipse Foundation\jdk-11.0.12.7-hotspot\bin\msvcp140.dll
0x00007ff8537a0000 - 0x00007ff8542f9000 	C:\Program Files\Eclipse Foundation\jdk-11.0.12.7-hotspot\bin\server\jvm.dll
0x00007ff8693b0000 - 0x00007ff86945c000 	C:\Windows\System32\ADVAPI32.dll
0x00007ff868a30000 - 0x00007ff868acb000 	C:\Windows\System32\sechost.dll
0x00007ff868790000 - 0x00007ff8688ba000 	C:\Windows\System32\RPCRT4.dll
0x00007ff8694d0000 - 0x00007ff8694d8000 	C:\Windows\System32\PSAPI.DLL
0x00007ff85dc60000 - 0x00007ff85dc69000 	C:\Windows\SYSTEM32\WSOCK32.dll
0x00007ff869460000 - 0x00007ff8694cb000 	C:\Windows\System32\WS2_32.dll
0x00007ff85db90000 - 0x00007ff85dbb7000 	C:\Windows\SYSTEM32\WINMM.dll
0x00007ff85eb10000 - 0x00007ff85eb1a000 	C:\Windows\SYSTEM32\VERSION.dll
0x00007ff864f90000 - 0x00007ff864fa2000 	C:\Windows\SYSTEM32\kernel.appcore.dll
0x00007ff85db80000 - 0x00007ff85db90000 	C:\Program Files\Eclipse Foundation\jdk-11.0.12.7-hotspot\bin\verify.dll
0x00007ff858b30000 - 0x00007ff858d14000 	C:\Windows\SYSTEM32\DBGHELP.DLL
0x00007ff858b00000 - 0x00007ff858b2c000 	C:\Windows\SYSTEM32\dbgcore.DLL
0x00007ff8679f0000 - 0x00007ff867a73000 	C:\Windows\System32\bcryptPrimitives.dll
0x00007ff85dab0000 - 0x00007ff85dad8000 	C:\Program Files\Eclipse Foundation\jdk-11.0.12.7-hotspot\bin\java.dll
0x00007ff85daa0000 - 0x00007ff85daaa000 	C:\Program Files\Eclipse Foundation\jdk-11.0.12.7-hotspot\bin\jimage.dll
0x00007ff85da80000 - 0x00007ff85da97000 	C:\Program Files\Eclipse Foundation\jdk-11.0.12.7-hotspot\bin\zip.dll
0x00007ff867c20000 - 0x00007ff86835f000 	C:\Windows\System32\SHELL32.dll
0x00007ff865270000 - 0x00007ff865a00000 	C:\Windows\SYSTEM32\windows.storage.dll
0x00007ff868420000 - 0x00007ff868775000 	C:\Windows\System32\combase.dll
0x00007ff866ad0000 - 0x00007ff866afc000 	C:\Windows\SYSTEM32\Wldp.dll
0x00007ff8688c0000 - 0x00007ff86896d000 	C:\Windows\System32\SHCORE.dll
0x00007ff867ae0000 - 0x00007ff867b35000 	C:\Windows\System32\shlwapi.dll
0x00007ff867090000 - 0x00007ff8670af000 	C:\Windows\SYSTEM32\profapi.dll
0x00007ff85da60000 - 0x00007ff85da79000 	C:\Program Files\Eclipse Foundation\jdk-11.0.12.7-hotspot\bin\net.dll
0x00007ff85e870000 - 0x00007ff85e978000 	C:\Windows\SYSTEM32\WINHTTP.dll
0x00007ff866830000 - 0x00007ff86689a000 	C:\Windows\system32\mswsock.dll
0x00007ff85da40000 - 0x00007ff85da52000 	C:\Program Files\Eclipse Foundation\jdk-11.0.12.7-hotspot\bin\nio.dll
0x00007ff85da30000 - 0x00007ff85da39000 	C:\Program Files\Eclipse Foundation\jdk-11.0.12.7-hotspot\bin\management.dll
0x00007ff853400000 - 0x00007ff85340b000 	C:\Program Files\Eclipse Foundation\jdk-11.0.12.7-hotspot\bin\management_ext.dll
0x00007ff850f60000 - 0x00007ff850f77000 	C:\Windows\system32\napinsp.dll
0x00007ff850f40000 - 0x00007ff850f5b000 	C:\Windows\system32\pnrpnsp.dll
0x00007ff84efa0000 - 0x00007ff84efb5000 	C:\Windows\system32\wshbth.dll
0x00007ff862b40000 - 0x00007ff862b5d000 	C:\Windows\system32\NLAapi.dll
0x00007ff866520000 - 0x00007ff86655b000 	C:\Windows\SYSTEM32\IPHLPAPI.DLL
0x00007ff866560000 - 0x00007ff86662c000 	C:\Windows\SYSTEM32\DNSAPI.dll
0x00007ff8695f0000 - 0x00007ff8695f8000 	C:\Windows\System32\NSI.dll
0x00007ff84ef80000 - 0x00007ff84ef92000 	C:\Windows\System32\winrnr.dll
0x00007ff85e290000 - 0x00007ff85e29a000 	C:\Windows\System32\rasadhlp.dll
0x00007ff85e790000 - 0x00007ff85e80f000 	C:\Windows\System32\fwpuclnt.dll
0x00007ff867970000 - 0x00007ff867997000 	C:\Windows\System32\bcrypt.dll
0x00007ff866a20000 - 0x00007ff866a38000 	C:\Windows\SYSTEM32\CRYPTSP.dll
0x00007ff8661b0000 - 0x00007ff8661e4000 	C:\Windows\system32\rsaenh.dll
0x00007ff867010000 - 0x00007ff86703e000 	C:\Windows\SYSTEM32\USERENV.dll
0x00007ff866a40000 - 0x00007ff866a4c000 	C:\Windows\SYSTEM32\CRYPTBASE.dll
0x00007ff85f510000 - 0x00007ff85f527000 	C:\Windows\SYSTEM32\dhcpcsvc6.DLL
0x00007ff85f4f0000 - 0x00007ff85f50d000 	C:\Windows\SYSTEM32\dhcpcsvc.DLL
0x00007ff852d50000 - 0x00007ff852d75000 	C:\Program Files\Eclipse Foundation\jdk-11.0.12.7-hotspot\bin\sunec.dll
0x00007ff853540000 - 0x00007ff85354e000 	C:\Program Files\Eclipse Foundation\jdk-11.0.12.7-hotspot\bin\sunmscapi.dll
0x00007ff867490000 - 0x00007ff8675e6000 	C:\Windows\System32\CRYPT32.dll
0x00007ff866b40000 - 0x00007ff866b67000 	C:\Windows\SYSTEM32\ncrypt.dll
0x00007ff866b00000 - 0x00007ff866b3b000 	C:\Windows\SYSTEM32\NTASN1.dll

dbghelp: loaded successfully - version: 4.0.5 - missing functions: none
symbol engine: initialized successfully - sym options: 0x614 - pdb path: .;C:\Program Files\Eclipse Foundation\jdk-11.0.12.7-hotspot\bin;C:\Windows\SYSTEM32;C:\Windows\WinSxS\amd64_microsoft.windows.common-controls_6595b64144ccf1df_6.0.19041.1110_none_60b5254171f9507e;C:\Program Files\Eclipse Foundation\jdk-11.0.12.7-hotspot\bin\server

VM Arguments:
java_command: C:\Users\usuario_devops\AppData\Local\Temp\surefire7762529281085140684\surefirebooter13764612420353351617.jar C:\Users\usuario_devops\AppData\Local\Temp\surefire7762529281085140684 2021-11-03T18-04-17_206-jvmRun1 surefire4074936836959610016tmp surefire_08087632372598804725tmp
java_class_path (initial): C:\Users\usuario_devops\AppData\Local\Temp\surefire7762529281085140684\surefirebooter13764612420353351617.jar
Launcher Type: SUN_STANDARD

[Global flags]
     intx CICompilerCount                          = 2                                         {product} {ergonomic}
     uint ConcGCThreads                            = 1                                         {product} {ergonomic}
     uint G1ConcRefinementThreads                  = 2                                         {product} {ergonomic}
   size_t G1HeapRegionSize                         = 1048576                                   {product} {ergonomic}
    uintx GCDrainStackTargetSize                   = 64                                        {product} {ergonomic}
   size_t InitialHeapSize                          = 134217728                                 {product} {ergonomic}
   size_t MarkStackSize                            = 4194304                                   {product} {ergonomic}
   size_t MaxHeapSize                              = 2147483648                                {product} {ergonomic}
   size_t MaxNewSize                               = 1287651328                                {product} {ergonomic}
   size_t MinHeapDeltaBytes                        = 1048576                                   {product} {ergonomic}
    uintx NonNMethodCodeHeapSize                   = 5825164                                {pd product} {ergonomic}
    uintx NonProfiledCodeHeapSize                  = 122916538                              {pd product} {ergonomic}
    uintx ProfiledCodeHeapSize                     = 122916538                              {pd product} {ergonomic}
    uintx ReservedCodeCacheSize                    = 251658240                              {pd product} {ergonomic}
     bool SegmentedCodeCache                       = true                                      {product} {ergonomic}
     bool UseCompressedClassPointers               = true                                 {lp64_product} {ergonomic}
     bool UseCompressedOops                        = true                                 {lp64_product} {ergonomic}
     bool UseG1GC                                  = true                                      {product} {ergonomic}
     bool UseLargePagesIndividualAllocation        = false                                  {pd product} {ergonomic}

Logging:
Log output configuration:
 #0: stdout all=warning uptime,level,tags
 #1: stderr all=off uptime,level,tags

Environment Variables:
JAVA_HOME=C:\Program Files\Eclipse Foundation\jdk-11.0.12.7-hotspot\
PATH=C:\Program Files\Eclipse Foundation\jdk-11.0.12.7-hotspot\bin;C:\Program Files (x86)\Common Files\Oracle\Java\javapath;C:\Windows\system32;C:\Windows;C:\Windows\System32\Wbem;C:\Windows\System32\WindowsPowerShell\v1.0\;C:\Windows\System32\OpenSSH\;C:\Program Files\Git\cmd;C:\Users\usuario_devops\AppData\Local\Microsoft\WindowsApps;C:\Program Files\JetBrains\IntelliJ IDEA 2021.2.1\bin;;C:\Users\usuario_devops\.m2\wrapper\dists\apache-maven-3.6.3-bin\1iopthnavndlasol9gbrbg6bf2\apache-maven-3.6.3\bin;
USERNAME=usuario_devops
OS=Windows_NT
PROCESSOR_IDENTIFIER=Intel64 Family 6 Model 85 Stepping 4, GenuineIntel



---------------  S Y S T E M  ---------------

OS: Windows 10 , 64 bit Build 19041 (10.0.19041.1202)
OS uptime: 0 days 2:28 hours
Hyper-V virtualization detected

CPU:total 2 (initial active 2) (2 cores per cpu, 1 threads per core) family 6 model 85 stepping 4 microcode 0xffffffff, cmov, cx8, fxsr, mmx, sse, sse2, sse3, ssse3, sse4.1, sse4.2, popcnt, avx, avx2, aes, clmul, erms, rtm, 3dnowpref, lzcnt, tsc, bmi1, bmi2, adx, fma

Memory: 4k page, system-wide physical 8191M (526M free)
TotalPageFile size 10239M (AvailPageFile size 3M)
current process WorkingSet (physical memory assigned to process): 367M, peak: 392M
current process commit charge ("private bytes"): 410M, peak: 438M

vm_info: OpenJDK 64-Bit Server VM (11.0.12+7) for windows-amd64 JRE (11.0.12+7), built on Jul 21 2021 16:23:49 by "" with unknown MS VC++:1916

END.
