#
# There is insufficient memory for the Java Runtime Environment to continue.
# Native memory allocation (malloc) failed to allocate 103696 bytes for Chunk::new
# Possible reasons:
#   The system is out of physical RAM or swap space
#   The process is running with CompressedOops enabled, and the Java Heap may be blocking the growth of the native heap
# Possible solutions:
#   Reduce memory load on the system
#   Increase physical memory or swap space
#   Check if swap backing store is full
#   Decrease Java heap size (-Xmx/-Xms)
#   Decrease number of Java threads
#   Decrease Java thread stack sizes (-Xss)
#   Set larger code cache with -XX:ReservedCodeCacheSize=
#   JVM is running with Unscaled Compressed Oops mode in which the Java heap is
#     placed in the first 4GB address space. The Java Heap base address is the
#     maximum limit for the native heap growth. Please use -XX:HeapBaseMinAddress
#     to set the Java Heap base and to place the Java Heap above 4GB virtual address.
# This output file may be truncated or incomplete.
#
#  Out of Memory Error (./src/hotspot/share/memory/arena.cpp:197), pid=11152, tid=5764
#
# JRE version: OpenJDK Runtime Environment Temurin-11.0.12+7 (11.0.12+7) (build 11.0.12+7)
# Java VM: OpenJDK 64-Bit Server VM Temurin-11.0.12+7 (11.0.12+7, mixed mode, tiered, compressed oops, g1 gc, windows-amd64)
# No core dump will be written. Minidumps are not enabled by default on client versions of Windows
#

---------------  S U M M A R Y ------------

Command Line: C:\Users\usuario_devops\AppData\Local\Temp\surefire12541490586104569408\surefirebooter8697553495498365960.jar C:\Users\usuario_devops\AppData\Local\Temp\surefire12541490586104569408 2021-11-03T18-05-51_640-jvmRun1 surefire11659067744059084404tmp surefire_011739431117387631937tmp

Host: Intel(R) Xeon(R) Platinum 8171M CPU @ 2.60GHz, 2 cores, 7G,  Windows 10 , 64 bit Build 19041 (10.0.19041.1202)
Time: Wed Nov  3 18:06:09 2021 Coordinated Universal Time elapsed time: 17.034684 seconds (0d 0h 0m 17s)

---------------  T H R E A D  ---------------

Current thread (0x000001a27ebe9800):  JavaThread "C2 CompilerThread0" daemon [_thread_in_native, id=5764, stack(0x000000791e200000,0x000000791e300000)]


Current CompileTask:
C2:  17034 6615       4       java.lang.String::<init> (55 bytes)

Stack: [0x000000791e200000,0x000000791e300000]
Native frames: (J=compiled Java code, j=interpreted, Vv=VM code, C=native code)
V  [jvm.dll+0x601d0a]
V  [jvm.dll+0x78ab6e]
V  [jvm.dll+0x78c23f]
V  [jvm.dll+0x78c903]
V  [jvm.dll+0x24be68]
V  [jvm.dll+0xc219c]
V  [jvm.dll+0xc275c]
V  [jvm.dll+0x354812]
V  [jvm.dll+0x19d9b3]
V  [jvm.dll+0x205622]
V  [jvm.dll+0x2046fd]
V  [jvm.dll+0x1898fc]
V  [jvm.dll+0x213d67]
V  [jvm.dll+0x211f2b]
V  [jvm.dll+0x74ec19]
V  [jvm.dll+0x747c84]
V  [jvm.dll+0x600ba6]
C  [ucrtbase.dll+0x21bb2]
C  [KERNEL32.DLL+0x17034]
C  [ntdll.dll+0x52651]


---------------  P R O C E S S  ---------------

Threads class SMR info:
_java_thread_list=0x000001a206b4cec0, length=23, elements={
0x000001a2628df800, 0x000001a27ebd5800, 0x000001a27ebdf800, 0x000001a27ebe2800,
0x000001a27ebe3800, 0x000001a27ebe7000, 0x000001a27ebe9800, 0x000001a27ebee800,
0x000001a27ec04000, 0x000001a27f6a8000, 0x000001a202649800, 0x000001a205eff000,
0x000001a204759000, 0x000001a206475800, 0x000001a206479000, 0x000001a206478000,
0x000001a206476800, 0x000001a206473800, 0x000001a206475000, 0x000001a20647a000,
0x000001a206474000, 0x000001a206ad5000, 0x000001a206ad6800
}

Java Threads: ( => current thread )
  0x000001a2628df800 JavaThread "Forwarding newSession on session null to remote" [_thread_in_native, id=10692, stack(0x000000791d600000,0x000000791d700000)]
  0x000001a27ebd5800 JavaThread "Reference Handler" daemon [_thread_blocked, id=7652, stack(0x000000791dd00000,0x000000791de00000)]
  0x000001a27ebdf800 JavaThread "Finalizer" daemon [_thread_blocked, id=9600, stack(0x000000791de00000,0x000000791df00000)]
  0x000001a27ebe2800 JavaThread "Signal Dispatcher" daemon [_thread_blocked, id=1752, stack(0x000000791df00000,0x000000791e000000)]
  0x000001a27ebe3800 JavaThread "Attach Listener" daemon [_thread_blocked, id=6640, stack(0x000000791e000000,0x000000791e100000)]
  0x000001a27ebe7000 JavaThread "Service Thread" daemon [_thread_blocked, id=5720, stack(0x000000791e100000,0x000000791e200000)]
=>0x000001a27ebe9800 JavaThread "C2 CompilerThread0" daemon [_thread_in_native, id=5764, stack(0x000000791e200000,0x000000791e300000)]
  0x000001a27ebee800 JavaThread "C1 CompilerThread0" daemon [_thread_blocked, id=5820, stack(0x000000791e300000,0x000000791e400000)]
  0x000001a27ec04000 JavaThread "Sweeper thread" daemon [_thread_blocked, id=10544, stack(0x000000791e400000,0x000000791e500000)]
  0x000001a27f6a8000 JavaThread "Common-Cleaner" daemon [_thread_blocked, id=1296, stack(0x000000791e600000,0x000000791e700000)]
  0x000001a202649800 JavaThread "surefire-forkedjvm-command-thread" daemon [_thread_in_native, id=4404, stack(0x000000791e800000,0x000000791e900000)]
  0x000001a205eff000 JavaThread "task-1" [_thread_blocked, id=3504, stack(0x000000791e900000,0x000000791ea00000)]
  0x000001a204759000 JavaThread "HikariPool-1 housekeeper" daemon [_thread_blocked, id=9412, stack(0x000000791ea00000,0x000000791eb00000)]
  0x000001a206475800 JavaThread "task-2" [_thread_blocked, id=10636, stack(0x000000791ec00000,0x000000791ed00000)]
  0x000001a206479000 JavaThread "Exec Default Executor" daemon [_thread_in_native, id=8064, stack(0x000000791ed00000,0x000000791ee00000)]
  0x000001a206478000 JavaThread "Exec Stream Pumper" daemon [_thread_in_native, id=4464, stack(0x000000791ef00000,0x000000791f000000)]
  0x000001a206476800 JavaThread "Exec Stream Pumper" daemon [_thread_in_native, id=7216, stack(0x000000791f000000,0x000000791f100000)]
  0x000001a206473800 JavaThread "ForkJoinPool.commonPool-worker-3" daemon [_thread_blocked, id=9392, stack(0x000000791f100000,0x000000791f200000)]
  0x000001a206475000 JavaThread "OkHttp ConnectionPool" daemon [_thread_blocked, id=1656, stack(0x000000791eb00000,0x000000791ec00000)]
  0x000001a20647a000 JavaThread "Okio Watchdog" daemon [_thread_blocked, id=2200, stack(0x000000791f200000,0x000000791f300000)]
  0x000001a206474000 JavaThread "Exec Default Executor" daemon [_thread_in_native, id=6888, stack(0x000000791f300000,0x000000791f400000)]
  0x000001a206ad5000 JavaThread "Exec Stream Pumper" daemon [_thread_in_native, id=10408, stack(0x000000791f400000,0x000000791f500000)]
  0x000001a206ad6800 JavaThread "Exec Stream Pumper" daemon [_thread_in_native, id=3924, stack(0x000000791f500000,0x000000791f600000)]

Other Threads:
  0x000001a27ebc1000 VMThread "VM Thread" [stack: 0x000000791dc00000,0x000000791dd00000] [id=10748]
  0x000001a27f6a6800 WatcherThread [stack: 0x000000791e500000,0x000000791e600000] [id=10824]
  0x000001a2628f4000 GCTaskThread "GC Thread#0" [stack: 0x000000791d700000,0x000000791d800000] [id=6844]
  0x000001a27f842000 GCTaskThread "GC Thread#1" [stack: 0x000000791e700000,0x000000791e800000] [id=5888]
  0x000001a262923000 ConcurrentGCThread "G1 Main Marker" [stack: 0x000000791d800000,0x000000791d900000] [id=10816]
  0x000001a262925800 ConcurrentGCThread "G1 Conc#0" [stack: 0x000000791d900000,0x000000791da00000] [id=10048]
  0x000001a2629ae800 ConcurrentGCThread "G1 Refine#0" [stack: 0x000000791da00000,0x000000791db00000] [id=9252]
  0x000001a2629b0800 ConcurrentGCThread "G1 Young RemSet Sampling" [stack: 0x000000791db00000,0x000000791dc00000] [id=10300]

Threads with active compile tasks:
C2 CompilerThread0  17046 6615       4       java.lang.String::<init> (55 bytes)

VM state:not at safepoint (normal execution)

VM Mutex/Monitor currently owned by a thread: None

Heap address: 0x0000000080000000, size: 2048 MB, Compressed Oops mode: 32-bit
Narrow klass base: 0x0000000000000000, Narrow klass shift: 3
Compressed class space size: 1073741824 Address: 0x0000000100000000

Heap:
 garbage-first heap   total 229376K, used 77777K [0x0000000080000000, 0x0000000100000000)
  region size 1024K, 50 young (51200K), 10 survivors (10240K)
 Metaspace       used 78990K, capacity 81061K, committed 81152K, reserved 1120256K
  class space    used 10155K, capacity 10956K, committed 11008K, reserved 1048576K
Heap Regions: E=young(eden), S=young(survivor), O=old, HS=humongous(starts), HC=humongous(continues), CS=collection set, F=free, A=archive, TAMS=top-at-mark-start (previous, next)
|   0|0x0000000080000000, 0x0000000080100000, 0x0000000080100000|100%| O|  |TAMS 0x0000000080100000, 0x0000000080000000| Untracked 
|   1|0x0000000080100000, 0x0000000080200000, 0x0000000080200000|100%|HS|  |TAMS 0x0000000080200000, 0x0000000080100000| Complete 
|   2|0x0000000080200000, 0x0000000080300000, 0x0000000080300000|100%| O|  |TAMS 0x0000000080300000, 0x0000000080200000| Untracked 
|   3|0x0000000080300000, 0x0000000080400000, 0x0000000080400000|100%| O|  |TAMS 0x0000000080400000, 0x0000000080300000| Untracked 
|   4|0x0000000080400000, 0x0000000080500000, 0x0000000080500000|100%| O|  |TAMS 0x0000000080500000, 0x0000000080400000| Untracked 
|   5|0x0000000080500000, 0x0000000080600000, 0x0000000080600000|100%| O|  |TAMS 0x0000000080600000, 0x0000000080500000| Untracked 
|   6|0x0000000080600000, 0x0000000080700000, 0x0000000080700000|100%| O|  |TAMS 0x0000000080700000, 0x0000000080600000| Untracked 
|   7|0x0000000080700000, 0x0000000080800000, 0x0000000080800000|100%| O|  |TAMS 0x0000000080800000, 0x0000000080700000| Untracked 
|   8|0x0000000080800000, 0x0000000080900000, 0x0000000080900000|100%| O|  |TAMS 0x0000000080900000, 0x0000000080800000| Untracked 
|   9|0x0000000080900000, 0x0000000080a00000, 0x0000000080a00000|100%| O|  |TAMS 0x0000000080a00000, 0x0000000080900000| Untracked 
|  10|0x0000000080a00000, 0x0000000080b00000, 0x0000000080b00000|100%| O|  |TAMS 0x0000000080b00000, 0x0000000080a00000| Untracked 
|  11|0x0000000080b00000, 0x0000000080c00000, 0x0000000080c00000|100%| O|  |TAMS 0x0000000080c00000, 0x0000000080b00000| Untracked 
|  12|0x0000000080c00000, 0x0000000080d00000, 0x0000000080d00000|100%| O|  |TAMS 0x0000000080d00000, 0x0000000080c00000| Untracked 
|  13|0x0000000080d00000, 0x0000000080e00000, 0x0000000080e00000|100%| O|  |TAMS 0x0000000080e00000, 0x0000000080d00000| Untracked 
|  14|0x0000000080e00000, 0x0000000080f00000, 0x0000000080f00000|100%| O|  |TAMS 0x0000000080f00000, 0x0000000080e00000| Untracked 
|  15|0x0000000080f00000, 0x0000000081000000, 0x0000000081000000|100%| O|  |TAMS 0x0000000081000000, 0x0000000080f00000| Untracked 
|  16|0x0000000081000000, 0x0000000081100000, 0x0000000081100000|100%| O|  |TAMS 0x0000000081100000, 0x0000000081000000| Untracked 
|  17|0x0000000081100000, 0x0000000081200000, 0x0000000081200000|100%| O|  |TAMS 0x0000000081200000, 0x0000000081100000| Untracked 
|  18|0x0000000081200000, 0x0000000081300000, 0x0000000081300000|100%| O|  |TAMS 0x0000000081300000, 0x0000000081200000| Untracked 
|  19|0x0000000081300000, 0x0000000081400000, 0x0000000081400000|100%| O|  |TAMS 0x0000000081400000, 0x0000000081300000| Untracked 
|  20|0x0000000081400000, 0x0000000081500000, 0x0000000081500000|100%| O|  |TAMS 0x0000000081500000, 0x0000000081400000| Untracked 
|  21|0x0000000081500000, 0x0000000081600000, 0x0000000081600000|100%| O|  |TAMS 0x00000000815d5e00, 0x0000000081500000| Untracked 
|  22|0x0000000081600000, 0x0000000081700000, 0x0000000081700000|100%| O|  |TAMS 0x0000000081600000, 0x0000000081600000| Untracked 
|  23|0x0000000081700000, 0x0000000081800000, 0x0000000081800000|100%| O|  |TAMS 0x0000000081700000, 0x0000000081700000| Untracked 
|  24|0x0000000081800000, 0x0000000081900000, 0x0000000081900000|100%| O|  |TAMS 0x0000000081800000, 0x0000000081800000| Untracked 
|  25|0x0000000081900000, 0x0000000081a00000, 0x0000000081a00000|100%| O|  |TAMS 0x0000000081900000, 0x0000000081900000| Untracked 
|  26|0x0000000081a00000, 0x0000000081af4400, 0x0000000081b00000| 95%| O|  |TAMS 0x0000000081a00000, 0x0000000081a00000| Untracked 
|  27|0x0000000081b00000, 0x0000000081b00000, 0x0000000081c00000|  0%| F|  |TAMS 0x0000000081b00000, 0x0000000081b00000| Untracked 
|  28|0x0000000081c00000, 0x0000000081c00000, 0x0000000081d00000|  0%| F|  |TAMS 0x0000000081c00000, 0x0000000081c00000| Untracked 
|  29|0x0000000081d00000, 0x0000000081d00000, 0x0000000081e00000|  0%| F|  |TAMS 0x0000000081d00000, 0x0000000081d00000| Untracked 
|  30|0x0000000081e00000, 0x0000000081e00000, 0x0000000081f00000|  0%| F|  |TAMS 0x0000000081e00000, 0x0000000081e00000| Untracked 
|  31|0x0000000081f00000, 0x0000000081f00000, 0x0000000082000000|  0%| F|  |TAMS 0x0000000081f00000, 0x0000000081f00000| Untracked 
|  32|0x0000000082000000, 0x0000000082000000, 0x0000000082100000|  0%| F|  |TAMS 0x0000000082000000, 0x0000000082000000| Untracked 
|  33|0x0000000082100000, 0x0000000082100000, 0x0000000082200000|  0%| F|  |TAMS 0x0000000082100000, 0x0000000082100000| Untracked 
|  34|0x0000000082200000, 0x0000000082200000, 0x0000000082300000|  0%| F|  |TAMS 0x0000000082200000, 0x0000000082200000| Untracked 
|  35|0x0000000082300000, 0x0000000082300000, 0x0000000082400000|  0%| F|  |TAMS 0x0000000082300000, 0x0000000082300000| Untracked 
|  36|0x0000000082400000, 0x0000000082400000, 0x0000000082500000|  0%| F|  |TAMS 0x0000000082400000, 0x0000000082400000| Untracked 
|  37|0x0000000082500000, 0x0000000082500000, 0x0000000082600000|  0%| F|  |TAMS 0x0000000082500000, 0x0000000082500000| Untracked 
|  38|0x0000000082600000, 0x0000000082600000, 0x0000000082700000|  0%| F|  |TAMS 0x0000000082600000, 0x0000000082600000| Untracked 
|  39|0x0000000082700000, 0x0000000082700000, 0x0000000082800000|  0%| F|  |TAMS 0x0000000082700000, 0x0000000082700000| Untracked 
|  40|0x0000000082800000, 0x0000000082800000, 0x0000000082900000|  0%| F|  |TAMS 0x0000000082800000, 0x0000000082800000| Untracked 
|  41|0x0000000082900000, 0x0000000082900000, 0x0000000082a00000|  0%| F|  |TAMS 0x0000000082900000, 0x0000000082900000| Untracked 
|  42|0x0000000082a00000, 0x0000000082a00000, 0x0000000082b00000|  0%| F|  |TAMS 0x0000000082a00000, 0x0000000082a00000| Untracked 
|  43|0x0000000082b00000, 0x0000000082b00000, 0x0000000082c00000|  0%| F|  |TAMS 0x0000000082b00000, 0x0000000082b00000| Untracked 
|  44|0x0000000082c00000, 0x0000000082c00000, 0x0000000082d00000|  0%| F|  |TAMS 0x0000000082c00000, 0x0000000082c00000| Untracked 
|  45|0x0000000082d00000, 0x0000000082d00000, 0x0000000082e00000|  0%| F|  |TAMS 0x0000000082d00000, 0x0000000082d00000| Untracked 
|  46|0x0000000082e00000, 0x0000000082e00000, 0x0000000082f00000|  0%| F|  |TAMS 0x0000000082e00000, 0x0000000082e00000| Untracked 
|  47|0x0000000082f00000, 0x0000000082f00000, 0x0000000083000000|  0%| F|  |TAMS 0x0000000082f00000, 0x0000000082f00000| Untracked 
|  48|0x0000000083000000, 0x0000000083000000, 0x0000000083100000|  0%| F|  |TAMS 0x0000000083000000, 0x0000000083000000| Untracked 
|  49|0x0000000083100000, 0x0000000083100000, 0x0000000083200000|  0%| F|  |TAMS 0x0000000083100000, 0x0000000083100000| Untracked 
|  50|0x0000000083200000, 0x0000000083200000, 0x0000000083300000|  0%| F|  |TAMS 0x0000000083200000, 0x0000000083200000| Untracked 
|  51|0x0000000083300000, 0x0000000083300000, 0x0000000083400000|  0%| F|  |TAMS 0x0000000083300000, 0x0000000083300000| Untracked 
|  52|0x0000000083400000, 0x0000000083400000, 0x0000000083500000|  0%| F|  |TAMS 0x0000000083400000, 0x0000000083400000| Untracked 
|  53|0x0000000083500000, 0x0000000083500000, 0x0000000083600000|  0%| F|  |TAMS 0x0000000083500000, 0x0000000083500000| Untracked 
|  54|0x0000000083600000, 0x0000000083600000, 0x0000000083700000|  0%| F|  |TAMS 0x0000000083600000, 0x0000000083600000| Untracked 
|  55|0x0000000083700000, 0x0000000083700000, 0x0000000083800000|  0%| F|  |TAMS 0x0000000083700000, 0x0000000083700000| Untracked 
|  56|0x0000000083800000, 0x0000000083800000, 0x0000000083900000|  0%| F|  |TAMS 0x0000000083800000, 0x0000000083800000| Untracked 
|  57|0x0000000083900000, 0x0000000083900000, 0x0000000083a00000|  0%| F|  |TAMS 0x0000000083900000, 0x0000000083900000| Untracked 
|  58|0x0000000083a00000, 0x0000000083a00000, 0x0000000083b00000|  0%| F|  |TAMS 0x0000000083a00000, 0x0000000083a00000| Untracked 
|  59|0x0000000083b00000, 0x0000000083b00000, 0x0000000083c00000|  0%| F|  |TAMS 0x0000000083b00000, 0x0000000083b00000| Untracked 
|  60|0x0000000083c00000, 0x0000000083c00000, 0x0000000083d00000|  0%| F|  |TAMS 0x0000000083c00000, 0x0000000083c00000| Untracked 
|  61|0x0000000083d00000, 0x0000000083d00000, 0x0000000083e00000|  0%| F|  |TAMS 0x0000000083d00000, 0x0000000083d00000| Untracked 
|  62|0x0000000083e00000, 0x0000000083e00000, 0x0000000083f00000|  0%| F|  |TAMS 0x0000000083e00000, 0x0000000083e00000| Untracked 
|  63|0x0000000083f00000, 0x0000000083f00000, 0x0000000084000000|  0%| F|  |TAMS 0x0000000083f00000, 0x0000000083f00000| Untracked 
|  64|0x0000000084000000, 0x0000000084000000, 0x0000000084100000|  0%| F|  |TAMS 0x0000000084000000, 0x0000000084000000| Untracked 
|  65|0x0000000084100000, 0x0000000084100000, 0x0000000084200000|  0%| F|  |TAMS 0x0000000084100000, 0x0000000084100000| Untracked 
|  66|0x0000000084200000, 0x0000000084200000, 0x0000000084300000|  0%| F|  |TAMS 0x0000000084200000, 0x0000000084200000| Untracked 
|  67|0x0000000084300000, 0x0000000084300000, 0x0000000084400000|  0%| F|  |TAMS 0x0000000084300000, 0x0000000084300000| Untracked 
|  68|0x0000000084400000, 0x0000000084400000, 0x0000000084500000|  0%| F|  |TAMS 0x0000000084400000, 0x0000000084400000| Untracked 
|  69|0x0000000084500000, 0x0000000084500000, 0x0000000084600000|  0%| F|  |TAMS 0x0000000084500000, 0x0000000084500000| Untracked 
|  70|0x0000000084600000, 0x0000000084600000, 0x0000000084700000|  0%| F|  |TAMS 0x0000000084600000, 0x0000000084600000| Untracked 
|  71|0x0000000084700000, 0x0000000084800000, 0x0000000084800000|100%| S|CS|TAMS 0x0000000084700000, 0x0000000084700000| Complete 
|  72|0x0000000084800000, 0x0000000084900000, 0x0000000084900000|100%| S|CS|TAMS 0x0000000084800000, 0x0000000084800000| Complete 
|  73|0x0000000084900000, 0x0000000084a00000, 0x0000000084a00000|100%| S|CS|TAMS 0x0000000084900000, 0x0000000084900000| Complete 
|  74|0x0000000084a00000, 0x0000000084b00000, 0x0000000084b00000|100%| S|CS|TAMS 0x0000000084a00000, 0x0000000084a00000| Complete 
|  75|0x0000000084b00000, 0x0000000084c00000, 0x0000000084c00000|100%| S|CS|TAMS 0x0000000084b00000, 0x0000000084b00000| Complete 
|  76|0x0000000084c00000, 0x0000000084d00000, 0x0000000084d00000|100%| S|CS|TAMS 0x0000000084c00000, 0x0000000084c00000| Complete 
|  77|0x0000000084d00000, 0x0000000084d00000, 0x0000000084e00000|  0%| F|  |TAMS 0x0000000084d00000, 0x0000000084d00000| Untracked 
|  78|0x0000000084e00000, 0x0000000084e00000, 0x0000000084f00000|  0%| F|  |TAMS 0x0000000084e00000, 0x0000000084e00000| Untracked 
|  79|0x0000000084f00000, 0x0000000084f00000, 0x0000000085000000|  0%| F|  |TAMS 0x0000000084f00000, 0x0000000084f00000| Untracked 
|  80|0x0000000085000000, 0x0000000085000000, 0x0000000085100000|  0%| F|  |TAMS 0x0000000085000000, 0x0000000085000000| Untracked 
|  81|0x0000000085100000, 0x0000000085100000, 0x0000000085200000|  0%| F|  |TAMS 0x0000000085100000, 0x0000000085100000| Untracked 
|  82|0x0000000085200000, 0x0000000085200000, 0x0000000085300000|  0%| F|  |TAMS 0x0000000085200000, 0x0000000085200000| Untracked 
|  83|0x0000000085300000, 0x0000000085400000, 0x0000000085400000|100%| S|CS|TAMS 0x0000000085300000, 0x0000000085300000| Complete 
|  84|0x0000000085400000, 0x0000000085500000, 0x0000000085500000|100%| S|CS|TAMS 0x0000000085400000, 0x0000000085400000| Complete 
|  85|0x0000000085500000, 0x0000000085600000, 0x0000000085600000|100%| S|CS|TAMS 0x0000000085500000, 0x0000000085500000| Complete 
|  86|0x0000000085600000, 0x0000000085700000, 0x0000000085700000|100%| S|CS|TAMS 0x0000000085600000, 0x0000000085600000| Complete 
|  87|0x0000000085700000, 0x0000000085700000, 0x0000000085800000|  0%| F|  |TAMS 0x0000000085700000, 0x0000000085700000| Untracked 
|  88|0x0000000085800000, 0x0000000085800000, 0x0000000085900000|  0%| F|  |TAMS 0x0000000085800000, 0x0000000085800000| Untracked 
|  89|0x0000000085900000, 0x0000000085900000, 0x0000000085a00000|  0%| F|  |TAMS 0x0000000085900000, 0x0000000085900000| Untracked 
|  90|0x0000000085a00000, 0x0000000085a00000, 0x0000000085b00000|  0%| F|  |TAMS 0x0000000085a00000, 0x0000000085a00000| Untracked 
|  91|0x0000000085b00000, 0x0000000085b00000, 0x0000000085c00000|  0%| F|  |TAMS 0x0000000085b00000, 0x0000000085b00000| Untracked 
|  92|0x0000000085c00000, 0x0000000085c00000, 0x0000000085d00000|  0%| F|  |TAMS 0x0000000085c00000, 0x0000000085c00000| Untracked 
|  93|0x0000000085d00000, 0x0000000085d00000, 0x0000000085e00000|  0%| F|  |TAMS 0x0000000085d00000, 0x0000000085d00000| Untracked 
|  94|0x0000000085e00000, 0x0000000085e00000, 0x0000000085f00000|  0%| F|  |TAMS 0x0000000085e00000, 0x0000000085e00000| Untracked 
|  95|0x0000000085f00000, 0x0000000085f00000, 0x0000000086000000|  0%| F|  |TAMS 0x0000000085f00000, 0x0000000085f00000| Untracked 
|  96|0x0000000086000000, 0x0000000086000000, 0x0000000086100000|  0%| F|  |TAMS 0x0000000086000000, 0x0000000086000000| Untracked 
|  97|0x0000000086100000, 0x0000000086100000, 0x0000000086200000|  0%| F|  |TAMS 0x0000000086100000, 0x0000000086100000| Untracked 
|  98|0x0000000086200000, 0x0000000086200000, 0x0000000086300000|  0%| F|  |TAMS 0x0000000086200000, 0x0000000086200000| Untracked 
|  99|0x0000000086300000, 0x0000000086300000, 0x0000000086400000|  0%| F|  |TAMS 0x0000000086300000, 0x0000000086300000| Untracked 
| 100|0x0000000086400000, 0x0000000086400000, 0x0000000086500000|  0%| F|  |TAMS 0x0000000086400000, 0x0000000086400000| Untracked 
| 101|0x0000000086500000, 0x0000000086500000, 0x0000000086600000|  0%| F|  |TAMS 0x0000000086500000, 0x0000000086500000| Untracked 
| 102|0x0000000086600000, 0x0000000086600000, 0x0000000086700000|  0%| F|  |TAMS 0x0000000086600000, 0x0000000086600000| Untracked 
| 103|0x0000000086700000, 0x0000000086700000, 0x0000000086800000|  0%| F|  |TAMS 0x0000000086700000, 0x0000000086700000| Untracked 
| 104|0x0000000086800000, 0x0000000086800000, 0x0000000086900000|  0%| F|  |TAMS 0x0000000086800000, 0x0000000086800000| Untracked 
| 105|0x0000000086900000, 0x0000000086900000, 0x0000000086a00000|  0%| F|  |TAMS 0x0000000086900000, 0x0000000086900000| Untracked 
| 106|0x0000000086a00000, 0x0000000086a00000, 0x0000000086b00000|  0%| F|  |TAMS 0x0000000086a00000, 0x0000000086a00000| Untracked 
| 107|0x0000000086b00000, 0x0000000086b00000, 0x0000000086c00000|  0%| F|  |TAMS 0x0000000086b00000, 0x0000000086b00000| Untracked 
| 108|0x0000000086c00000, 0x0000000086c00000, 0x0000000086d00000|  0%| F|  |TAMS 0x0000000086c00000, 0x0000000086c00000| Untracked 
| 109|0x0000000086d00000, 0x0000000086d00000, 0x0000000086e00000|  0%| F|  |TAMS 0x0000000086d00000, 0x0000000086d00000| Untracked 
| 110|0x0000000086e00000, 0x0000000086e00000, 0x0000000086f00000|  0%| F|  |TAMS 0x0000000086e00000, 0x0000000086e00000| Untracked 
| 111|0x0000000086f00000, 0x0000000086f00000, 0x0000000087000000|  0%| F|  |TAMS 0x0000000086f00000, 0x0000000086f00000| Untracked 
| 112|0x0000000087000000, 0x0000000087000000, 0x0000000087100000|  0%| F|  |TAMS 0x0000000087000000, 0x0000000087000000| Untracked 
| 113|0x0000000087100000, 0x0000000087100000, 0x0000000087200000|  0%| F|  |TAMS 0x0000000087100000, 0x0000000087100000| Untracked 
| 114|0x0000000087200000, 0x0000000087200000, 0x0000000087300000|  0%| F|  |TAMS 0x0000000087200000, 0x0000000087200000| Untracked 
| 115|0x0000000087300000, 0x0000000087300000, 0x0000000087400000|  0%| F|  |TAMS 0x0000000087300000, 0x0000000087300000| Untracked 
| 116|0x0000000087400000, 0x0000000087400000, 0x0000000087500000|  0%| F|  |TAMS 0x0000000087400000, 0x0000000087400000| Untracked 
| 117|0x0000000087500000, 0x0000000087500000, 0x0000000087600000|  0%| F|  |TAMS 0x0000000087500000, 0x0000000087500000| Untracked 
| 118|0x0000000087600000, 0x0000000087600000, 0x0000000087700000|  0%| F|  |TAMS 0x0000000087600000, 0x0000000087600000| Untracked 
| 119|0x0000000087700000, 0x0000000087700000, 0x0000000087800000|  0%| F|  |TAMS 0x0000000087700000, 0x0000000087700000| Untracked 
| 120|0x0000000087800000, 0x0000000087800000, 0x0000000087900000|  0%| F|  |TAMS 0x0000000087800000, 0x0000000087800000| Untracked 
| 121|0x0000000087900000, 0x0000000087900000, 0x0000000087a00000|  0%| F|  |TAMS 0x0000000087900000, 0x0000000087900000| Untracked 
| 122|0x0000000087a00000, 0x0000000087a00000, 0x0000000087b00000|  0%| F|  |TAMS 0x0000000087a00000, 0x0000000087a00000| Untracked 
| 123|0x0000000087b00000, 0x0000000087b00000, 0x0000000087c00000|  0%| F|  |TAMS 0x0000000087b00000, 0x0000000087b00000| Untracked 
| 124|0x0000000087c00000, 0x0000000087c00000, 0x0000000087d00000|  0%| F|  |TAMS 0x0000000087c00000, 0x0000000087c00000| Untracked 
| 125|0x0000000087d00000, 0x0000000087d00000, 0x0000000087e00000|  0%| F|  |TAMS 0x0000000087d00000, 0x0000000087d00000| Untracked 
| 126|0x0000000087e00000, 0x0000000087e00000, 0x0000000087f00000|  0%| F|  |TAMS 0x0000000087e00000, 0x0000000087e00000| Untracked 
| 127|0x0000000087f00000, 0x0000000087f00000, 0x0000000088000000|  0%| F|  |TAMS 0x0000000087f00000, 0x0000000087f00000| Untracked 
| 128|0x0000000088000000, 0x0000000088000000, 0x0000000088100000|  0%| F|  |TAMS 0x0000000088000000, 0x0000000088000000| Untracked 
| 129|0x0000000088100000, 0x0000000088100000, 0x0000000088200000|  0%| F|  |TAMS 0x0000000088100000, 0x0000000088100000| Untracked 
| 130|0x0000000088200000, 0x0000000088200000, 0x0000000088300000|  0%| F|  |TAMS 0x0000000088200000, 0x0000000088200000| Untracked 
| 131|0x0000000088300000, 0x0000000088300000, 0x0000000088400000|  0%| F|  |TAMS 0x0000000088300000, 0x0000000088300000| Untracked 
| 132|0x0000000088400000, 0x0000000088400000, 0x0000000088500000|  0%| F|  |TAMS 0x0000000088400000, 0x0000000088400000| Untracked 
| 133|0x0000000088500000, 0x0000000088500000, 0x0000000088600000|  0%| F|  |TAMS 0x0000000088500000, 0x0000000088500000| Untracked 
| 134|0x0000000088600000, 0x0000000088600000, 0x0000000088700000|  0%| F|  |TAMS 0x0000000088600000, 0x0000000088600000| Untracked 
| 135|0x0000000088700000, 0x0000000088700000, 0x0000000088800000|  0%| F|  |TAMS 0x0000000088700000, 0x0000000088700000| Untracked 
| 136|0x0000000088800000, 0x0000000088800000, 0x0000000088900000|  0%| F|  |TAMS 0x0000000088800000, 0x0000000088800000| Untracked 
| 137|0x0000000088900000, 0x0000000088900000, 0x0000000088a00000|  0%| F|  |TAMS 0x0000000088900000, 0x0000000088900000| Untracked 
| 138|0x0000000088a00000, 0x0000000088a00000, 0x0000000088b00000|  0%| F|  |TAMS 0x0000000088a00000, 0x0000000088a00000| Untracked 
| 139|0x0000000088b00000, 0x0000000088b00000, 0x0000000088c00000|  0%| F|  |TAMS 0x0000000088b00000, 0x0000000088b00000| Untracked 
| 140|0x0000000088c00000, 0x0000000088c00000, 0x0000000088d00000|  0%| F|  |TAMS 0x0000000088c00000, 0x0000000088c00000| Untracked 
| 141|0x0000000088d00000, 0x0000000088d00000, 0x0000000088e00000|  0%| F|  |TAMS 0x0000000088d00000, 0x0000000088d00000| Untracked 
| 142|0x0000000088e00000, 0x0000000088e00000, 0x0000000088f00000|  0%| F|  |TAMS 0x0000000088e00000, 0x0000000088e00000| Untracked 
| 143|0x0000000088f00000, 0x0000000088f00000, 0x0000000089000000|  0%| F|  |TAMS 0x0000000088f00000, 0x0000000088f00000| Untracked 
| 144|0x0000000089000000, 0x0000000089000000, 0x0000000089100000|  0%| F|  |TAMS 0x0000000089000000, 0x0000000089000000| Untracked 
| 145|0x0000000089100000, 0x0000000089100000, 0x0000000089200000|  0%| F|  |TAMS 0x0000000089100000, 0x0000000089100000| Untracked 
| 146|0x0000000089200000, 0x0000000089200000, 0x0000000089300000|  0%| F|  |TAMS 0x0000000089200000, 0x0000000089200000| Untracked 
| 147|0x0000000089300000, 0x0000000089300000, 0x0000000089400000|  0%| F|  |TAMS 0x0000000089300000, 0x0000000089300000| Untracked 
| 148|0x0000000089400000, 0x0000000089400000, 0x0000000089500000|  0%| F|  |TAMS 0x0000000089400000, 0x0000000089400000| Untracked 
| 149|0x0000000089500000, 0x0000000089500000, 0x0000000089600000|  0%| F|  |TAMS 0x0000000089500000, 0x0000000089500000| Untracked 
| 150|0x0000000089600000, 0x0000000089600000, 0x0000000089700000|  0%| F|  |TAMS 0x0000000089600000, 0x0000000089600000| Untracked 
| 151|0x0000000089700000, 0x0000000089700000, 0x0000000089800000|  0%| F|  |TAMS 0x0000000089700000, 0x0000000089700000| Untracked 
| 152|0x0000000089800000, 0x0000000089800000, 0x0000000089900000|  0%| F|  |TAMS 0x0000000089800000, 0x0000000089800000| Untracked 
| 153|0x0000000089900000, 0x0000000089900000, 0x0000000089a00000|  0%| F|  |TAMS 0x0000000089900000, 0x0000000089900000| Untracked 
| 154|0x0000000089a00000, 0x0000000089a00000, 0x0000000089b00000|  0%| F|  |TAMS 0x0000000089a00000, 0x0000000089a00000| Untracked 
| 155|0x0000000089b00000, 0x0000000089b00000, 0x0000000089c00000|  0%| F|  |TAMS 0x0000000089b00000, 0x0000000089b00000| Untracked 
| 156|0x0000000089c00000, 0x0000000089c00000, 0x0000000089d00000|  0%| F|  |TAMS 0x0000000089c00000, 0x0000000089c00000| Untracked 
| 157|0x0000000089d00000, 0x0000000089d00000, 0x0000000089e00000|  0%| F|  |TAMS 0x0000000089d00000, 0x0000000089d00000| Untracked 
| 158|0x0000000089e00000, 0x0000000089e00000, 0x0000000089f00000|  0%| F|  |TAMS 0x0000000089e00000, 0x0000000089e00000| Untracked 
| 159|0x0000000089f00000, 0x0000000089f00000, 0x000000008a000000|  0%| F|  |TAMS 0x0000000089f00000, 0x0000000089f00000| Untracked 
| 160|0x000000008a000000, 0x000000008a000000, 0x000000008a100000|  0%| F|  |TAMS 0x000000008a000000, 0x000000008a000000| Untracked 
| 161|0x000000008a100000, 0x000000008a100000, 0x000000008a200000|  0%| F|  |TAMS 0x000000008a100000, 0x000000008a100000| Untracked 
| 162|0x000000008a200000, 0x000000008a200000, 0x000000008a300000|  0%| F|  |TAMS 0x000000008a200000, 0x000000008a200000| Untracked 
| 163|0x000000008a300000, 0x000000008a300000, 0x000000008a400000|  0%| F|  |TAMS 0x000000008a300000, 0x000000008a300000| Untracked 
| 164|0x000000008a400000, 0x000000008a400000, 0x000000008a500000|  0%| F|  |TAMS 0x000000008a400000, 0x000000008a400000| Untracked 
| 165|0x000000008a500000, 0x000000008a500000, 0x000000008a600000|  0%| F|  |TAMS 0x000000008a500000, 0x000000008a500000| Untracked 
| 166|0x000000008a600000, 0x000000008a600000, 0x000000008a700000|  0%| F|  |TAMS 0x000000008a600000, 0x000000008a600000| Untracked 
| 167|0x000000008a700000, 0x000000008a700000, 0x000000008a800000|  0%| F|  |TAMS 0x000000008a700000, 0x000000008a700000| Untracked 
| 168|0x000000008a800000, 0x000000008a800000, 0x000000008a900000|  0%| F|  |TAMS 0x000000008a800000, 0x000000008a800000| Untracked 
| 169|0x000000008a900000, 0x000000008a900000, 0x000000008aa00000|  0%| F|  |TAMS 0x000000008a900000, 0x000000008a900000| Untracked 
| 170|0x000000008aa00000, 0x000000008aa00000, 0x000000008ab00000|  0%| F|  |TAMS 0x000000008aa00000, 0x000000008aa00000| Untracked 
| 171|0x000000008ab00000, 0x000000008ab00000, 0x000000008ac00000|  0%| F|  |TAMS 0x000000008ab00000, 0x000000008ab00000| Untracked 
| 172|0x000000008ac00000, 0x000000008ac00000, 0x000000008ad00000|  0%| F|  |TAMS 0x000000008ac00000, 0x000000008ac00000| Untracked 
| 173|0x000000008ad00000, 0x000000008ad00000, 0x000000008ae00000|  0%| F|  |TAMS 0x000000008ad00000, 0x000000008ad00000| Untracked 
| 174|0x000000008ae00000, 0x000000008ae00000, 0x000000008af00000|  0%| F|  |TAMS 0x000000008ae00000, 0x000000008ae00000| Untracked 
| 175|0x000000008af00000, 0x000000008af00000, 0x000000008b000000|  0%| F|  |TAMS 0x000000008af00000, 0x000000008af00000| Untracked 
| 176|0x000000008b000000, 0x000000008b000000, 0x000000008b100000|  0%| F|  |TAMS 0x000000008b000000, 0x000000008b000000| Untracked 
| 177|0x000000008b100000, 0x000000008b1e33e8, 0x000000008b200000| 88%| E|  |TAMS 0x000000008b100000, 0x000000008b100000| Complete 
| 178|0x000000008b200000, 0x000000008b300000, 0x000000008b300000|100%| E|CS|TAMS 0x000000008b200000, 0x000000008b200000| Complete 
| 179|0x000000008b300000, 0x000000008b400000, 0x000000008b400000|100%| E|CS|TAMS 0x000000008b300000, 0x000000008b300000| Complete 
| 180|0x000000008b400000, 0x000000008b500000, 0x000000008b500000|100%| E|CS|TAMS 0x000000008b400000, 0x000000008b400000| Complete 
| 181|0x000000008b500000, 0x000000008b600000, 0x000000008b600000|100%| E|CS|TAMS 0x000000008b500000, 0x000000008b500000| Complete 
| 182|0x000000008b600000, 0x000000008b700000, 0x000000008b700000|100%| E|CS|TAMS 0x000000008b600000, 0x000000008b600000| Complete 
| 183|0x000000008b700000, 0x000000008b800000, 0x000000008b800000|100%| E|CS|TAMS 0x000000008b700000, 0x000000008b700000| Complete 
| 184|0x000000008b800000, 0x000000008b900000, 0x000000008b900000|100%| E|CS|TAMS 0x000000008b800000, 0x000000008b800000| Complete 
| 185|0x000000008b900000, 0x000000008ba00000, 0x000000008ba00000|100%| E|CS|TAMS 0x000000008b900000, 0x000000008b900000| Complete 
| 186|0x000000008ba00000, 0x000000008bb00000, 0x000000008bb00000|100%| E|CS|TAMS 0x000000008ba00000, 0x000000008ba00000| Complete 
| 187|0x000000008bb00000, 0x000000008bc00000, 0x000000008bc00000|100%| E|CS|TAMS 0x000000008bb00000, 0x000000008bb00000| Complete 
| 188|0x000000008bc00000, 0x000000008bd00000, 0x000000008bd00000|100%| E|CS|TAMS 0x000000008bc00000, 0x000000008bc00000| Complete 
| 189|0x000000008bd00000, 0x000000008be00000, 0x000000008be00000|100%| E|CS|TAMS 0x000000008bd00000, 0x000000008bd00000| Complete 
| 190|0x000000008be00000, 0x000000008bf00000, 0x000000008bf00000|100%| E|CS|TAMS 0x000000008be00000, 0x000000008be00000| Complete 
| 191|0x000000008bf00000, 0x000000008c000000, 0x000000008c000000|100%| E|CS|TAMS 0x000000008bf00000, 0x000000008bf00000| Complete 
| 192|0x000000008c000000, 0x000000008c100000, 0x000000008c100000|100%| E|CS|TAMS 0x000000008c000000, 0x000000008c000000| Complete 
| 193|0x000000008c100000, 0x000000008c200000, 0x000000008c200000|100%| E|CS|TAMS 0x000000008c100000, 0x000000008c100000| Complete 
| 194|0x000000008c200000, 0x000000008c300000, 0x000000008c300000|100%| E|CS|TAMS 0x000000008c200000, 0x000000008c200000| Complete 
| 195|0x000000008c300000, 0x000000008c400000, 0x000000008c400000|100%| E|CS|TAMS 0x000000008c300000, 0x000000008c300000| Complete 
| 196|0x000000008c400000, 0x000000008c500000, 0x000000008c500000|100%| E|CS|TAMS 0x000000008c400000, 0x000000008c400000| Complete 
| 197|0x000000008c500000, 0x000000008c600000, 0x000000008c600000|100%| E|CS|TAMS 0x000000008c500000, 0x000000008c500000| Complete 
| 198|0x000000008c600000, 0x000000008c700000, 0x000000008c700000|100%| E|CS|TAMS 0x000000008c600000, 0x000000008c600000| Complete 
| 199|0x000000008c700000, 0x000000008c800000, 0x000000008c800000|100%| E|CS|TAMS 0x000000008c700000, 0x000000008c700000| Complete 
| 200|0x000000008c800000, 0x000000008c900000, 0x000000008c900000|100%| E|CS|TAMS 0x000000008c800000, 0x000000008c800000| Complete 
| 201|0x000000008c900000, 0x000000008ca00000, 0x000000008ca00000|100%| E|CS|TAMS 0x000000008c900000, 0x000000008c900000| Complete 
| 202|0x000000008ca00000, 0x000000008cb00000, 0x000000008cb00000|100%| E|CS|TAMS 0x000000008ca00000, 0x000000008ca00000| Complete 
| 203|0x000000008cb00000, 0x000000008cc00000, 0x000000008cc00000|100%| E|CS|TAMS 0x000000008cb00000, 0x000000008cb00000| Complete 
| 204|0x000000008cc00000, 0x000000008cd00000, 0x000000008cd00000|100%| E|CS|TAMS 0x000000008cc00000, 0x000000008cc00000| Complete 
| 205|0x000000008cd00000, 0x000000008ce00000, 0x000000008ce00000|100%| E|CS|TAMS 0x000000008cd00000, 0x000000008cd00000| Complete 
| 206|0x000000008ce00000, 0x000000008cf00000, 0x000000008cf00000|100%| E|CS|TAMS 0x000000008ce00000, 0x000000008ce00000| Complete 
| 207|0x000000008cf00000, 0x000000008d000000, 0x000000008d000000|100%| E|CS|TAMS 0x000000008cf00000, 0x000000008cf00000| Complete 
| 208|0x000000008d000000, 0x000000008d100000, 0x000000008d100000|100%| E|CS|TAMS 0x000000008d000000, 0x000000008d000000| Complete 
| 209|0x000000008d100000, 0x000000008d200000, 0x000000008d200000|100%| E|CS|TAMS 0x000000008d100000, 0x000000008d100000| Complete 
| 210|0x000000008d200000, 0x000000008d300000, 0x000000008d300000|100%| E|CS|TAMS 0x000000008d200000, 0x000000008d200000| Complete 
| 211|0x000000008d300000, 0x000000008d400000, 0x000000008d400000|100%| E|CS|TAMS 0x000000008d300000, 0x000000008d300000| Complete 
| 212|0x000000008d400000, 0x000000008d500000, 0x000000008d500000|100%| E|CS|TAMS 0x000000008d400000, 0x000000008d400000| Complete 
| 213|0x000000008d500000, 0x000000008d600000, 0x000000008d600000|100%| E|CS|TAMS 0x000000008d500000, 0x000000008d500000| Complete 
| 214|0x000000008d600000, 0x000000008d700000, 0x000000008d700000|100%| E|CS|TAMS 0x000000008d600000, 0x000000008d600000| Complete 
| 215|0x000000008d700000, 0x000000008d800000, 0x000000008d800000|100%| E|CS|TAMS 0x000000008d700000, 0x000000008d700000| Complete 
| 216|0x000000008d800000, 0x000000008d900000, 0x000000008d900000|100%| E|CS|TAMS 0x000000008d800000, 0x000000008d800000| Complete 
| 217|0x000000008d900000, 0x000000008da00000, 0x000000008da00000|100%| E|CS|TAMS 0x000000008d900000, 0x000000008d900000| Complete 
| 218|0x000000008da00000, 0x000000008db00000, 0x000000008db00000|100%| E|CS|TAMS 0x000000008da00000, 0x000000008da00000| Complete 
| 219|0x000000008db00000, 0x000000008dc00000, 0x000000008dc00000|100%| E|CS|TAMS 0x000000008db00000, 0x000000008db00000| Complete 
| 220|0x000000008dc00000, 0x000000008dd00000, 0x000000008dd00000|100%| E|CS|TAMS 0x000000008dc00000, 0x000000008dc00000| Complete 
| 221|0x000000008dd00000, 0x000000008de00000, 0x000000008de00000|100%| E|CS|TAMS 0x000000008dd00000, 0x000000008dd00000| Complete 
| 222|0x000000008de00000, 0x000000008df00000, 0x000000008df00000|100%| E|CS|TAMS 0x000000008de00000, 0x000000008de00000| Complete 
| 223|0x000000008df00000, 0x000000008e000000, 0x000000008e000000|100%| E|CS|TAMS 0x000000008df00000, 0x000000008df00000| Complete 

Card table byte_map: [0x000001a27a000000,0x000001a27a400000] _byte_map_base: 0x000001a279c00000

Marking Bits (Prev, Next): (CMBitMap*) 0x000001a26291a4b0, (CMBitMap*) 0x000001a26291a478
 Prev Bits: [0x000001a27c800000, 0x000001a27e800000)
 Next Bits: [0x000001a27a800000, 0x000001a27c800000)

Polling page: 0x000001a260780000

Metaspace:

Usage:
  Non-class:     68.46 MB capacity,    67.22 MB ( 98%) used,  1002.00 KB (  1%) free+waste,   267.81 KB ( <1%) overhead. 
      Class:     10.70 MB capacity,     9.92 MB ( 93%) used,   675.12 KB (  6%) free+waste,   125.31 KB (  1%) overhead. 
       Both:     79.16 MB capacity,    77.14 MB ( 97%) used,     1.64 MB (  2%) free+waste,   393.13 KB ( <1%) overhead. 

Virtual space:
  Non-class space:       70.00 MB reserved,      68.50 MB ( 98%) committed 
      Class space:        1.00 GB reserved,      10.75 MB (  1%) committed 
             Both:        1.07 GB reserved,      79.25 MB (  7%) committed 

Chunk freelists:
   Non-Class:  39.00 KB
       Class:  0 bytes
        Both:  39.00 KB

MaxMetaspaceSize: 17179869184.00 GB
CompressedClassSpaceSize: 1.00 GB
Initial GC threshold: 20.80 MB
Current GC threshold: 98.13 MB
CDS: off

CodeHeap 'non-profiled nmethods': size=120064Kb used=3524Kb max_used=3524Kb free=116539Kb
 bounds [0x000001a272ac0000, 0x000001a272e40000, 0x000001a27a000000]
CodeHeap 'profiled nmethods': size=120000Kb used=14265Kb max_used=14265Kb free=105734Kb
 bounds [0x000001a26b590000, 0x000001a26c380000, 0x000001a272ac0000]
CodeHeap 'non-nmethods': size=5696Kb used=1333Kb max_used=1368Kb free=4363Kb
 bounds [0x000001a26b000000, 0x000001a26b270000, 0x000001a26b590000]
 total_blobs=7192 nmethods=6564 adapters=539
 compilation: enabled
              stopped_count=0, restarted_count=0
 full_count=0

Compilation events (20 events):
Event: 16.677 Thread 0x000001a27ebee800 nmethod 6605 0x000001a26c37a190 code [0x000001a26c37a400, 0x000001a26c37aa78]
Event: 16.677 Thread 0x000001a27ebee800 6606       3       org.apache.maven.surefire.api.util.internal.AbstractNoninterruptibleWritableChannel::write (91 bytes)
Event: 16.678 Thread 0x000001a27ebee800 nmethod 6606 0x000001a26c37ad10 code [0x000001a26c37af80, 0x000001a26c37bac8]
Event: 16.678 Thread 0x000001a27ebee800 6607       3       java.lang.StringCoding::decode (112 bytes)
Event: 16.678 Thread 0x000001a27ebee800 nmethod 6607 0x000001a26c37bd90 code [0x000001a26c37c080, 0x000001a26c37cff8]
Event: 16.979 Thread 0x000001a27ebee800 6608   !   3       org.apache.maven.surefire.api.report.ConsoleOutputCapture$ForwardingPrintStream::write (21 bytes)
Event: 16.979 Thread 0x000001a27ebe9800 6609 %     4       java.lang.StringCoding::encodeASCII @ 11 (158 bytes)
Event: 16.980 Thread 0x000001a27ebee800 nmethod 6608 0x000001a26c37d510 code [0x000001a26c37d700, 0x000001a26c37dbb8]
Event: 16.981 Thread 0x000001a27ebee800 6611       3       java.lang.ThreadLocal::get (38 bytes)
Event: 16.981 Thread 0x000001a27ebee800 nmethod 6611 0x000001a26c37de90 code [0x000001a26c37e080, 0x000001a26c37e348]
Event: 16.983 Thread 0x000001a27ebe9800 nmethod 6609% 0x000001a272e2fa10 code [0x000001a272e2fbc0, 0x000001a272e2fe38]
Event: 16.983 Thread 0x000001a27ebe9800 6610       4       java.nio.ByteBuffer::limit (6 bytes)
Event: 16.984 Thread 0x000001a27ebe9800 nmethod 6610 0x000001a272e30010 code [0x000001a272e301a0, 0x000001a272e30298]
Event: 16.984 Thread 0x000001a27ebe9800 6612       4       java.lang.StringCoding::encodeASCII (158 bytes)
Event: 16.989 Thread 0x000001a27ebe9800 nmethod 6612 0x000001a272e30390 code [0x000001a272e30540, 0x000001a272e30798]
Event: 16.989 Thread 0x000001a27ebe9800 6613       4       java.nio.ByteBuffer::position (6 bytes)
Event: 16.989 Thread 0x000001a27ebe9800 nmethod 6613 0x000001a272e30910 code [0x000001a272e30aa0, 0x000001a272e30b78]
Event: 17.004 Thread 0x000001a27ebe9800 6614       4       java.lang.ThreadLocal::get (38 bytes)
Event: 17.008 Thread 0x000001a27ebe9800 nmethod 6614 0x000001a272e30c90 code [0x000001a272e30e40, 0x000001a272e310e8]
Event: 17.020 Thread 0x000001a27ebe9800 6615       4       java.lang.String::<init> (55 bytes)

GC Heap History (20 events):
Event: 3.055 GC heap before
{Heap before GC invocations=5 (full 0):
 garbage-first heap   total 131072K, used 47368K [0x0000000080000000, 0x0000000100000000)
  region size 1024K, 35 young (35840K), 1 survivors (1024K)
 Metaspace       used 27136K, capacity 27933K, committed 28160K, reserved 1073152K
  class space    used 3282K, capacity 3572K, committed 3584K, reserved 1048576K
}
Event: 3.061 GC heap after
{Heap after GC invocations=6 (full 0):
 garbage-first heap   total 131072K, used 13570K [0x0000000080000000, 0x0000000100000000)
  region size 1024K, 2 young (2048K), 2 survivors (2048K)
 Metaspace       used 27136K, capacity 27933K, committed 28160K, reserved 1073152K
  class space    used 3282K, capacity 3572K, committed 3584K, reserved 1048576K
}
Event: 3.435 GC heap before
{Heap before GC invocations=6 (full 0):
 garbage-first heap   total 131072K, used 55554K [0x0000000080000000, 0x0000000100000000)
  region size 1024K, 44 young (45056K), 2 survivors (2048K)
 Metaspace       used 29272K, capacity 30072K, committed 30208K, reserved 1075200K
  class space    used 3498K, capacity 3821K, committed 3840K, reserved 1048576K
}
Event: 3.442 GC heap after
{Heap after GC invocations=7 (full 0):
 garbage-first heap   total 157696K, used 14447K [0x0000000080000000, 0x0000000100000000)
  region size 1024K, 3 young (3072K), 3 survivors (3072K)
 Metaspace       used 29272K, capacity 30072K, committed 30208K, reserved 1075200K
  class space    used 3498K, capacity 3821K, committed 3840K, reserved 1048576K
}
Event: 4.094 GC heap before
{Heap before GC invocations=7 (full 0):
 garbage-first heap   total 157696K, used 65647K [0x0000000080000000, 0x0000000100000000)
  region size 1024K, 54 young (55296K), 3 survivors (3072K)
 Metaspace       used 32951K, capacity 33806K, committed 34048K, reserved 1079296K
  class space    used 3943K, capacity 4296K, committed 4352K, reserved 1048576K
}
Event: 4.102 GC heap after
{Heap after GC invocations=8 (full 0):
 garbage-first heap   total 157696K, used 15878K [0x0000000080000000, 0x0000000100000000)
  region size 1024K, 5 young (5120K), 5 survivors (5120K)
 Metaspace       used 32951K, capacity 33806K, committed 34048K, reserved 1079296K
  class space    used 3943K, capacity 4296K, committed 4352K, reserved 1048576K
}
Event: 4.619 GC heap before
{Heap before GC invocations=8 (full 0):
 garbage-first heap   total 157696K, used 41478K [0x0000000080000000, 0x0000000100000000)
  region size 1024K, 31 young (31744K), 5 survivors (5120K)
 Metaspace       used 34931K, capacity 35791K, committed 35840K, reserved 1081344K
  class space    used 4204K, capacity 4569K, committed 4608K, reserved 1048576K
}
Event: 4.630 GC heap after
{Heap after GC invocations=9 (full 0):
 garbage-first heap   total 157696K, used 16361K [0x0000000080000000, 0x0000000100000000)
  region size 1024K, 5 young (5120K), 5 survivors (5120K)
 Metaspace       used 34931K, capacity 35791K, committed 35840K, reserved 1081344K
  class space    used 4204K, capacity 4569K, committed 4608K, reserved 1048576K
}
Event: 6.193 GC heap before
{Heap before GC invocations=10 (full 0):
 garbage-first heap   total 157696K, used 88041K [0x0000000080000000, 0x0000000100000000)
  region size 1024K, 75 young (76800K), 5 survivors (5120K)
 Metaspace       used 40828K, capacity 41982K, committed 42112K, reserved 1085440K
  class space    used 4929K, capacity 5398K, committed 5504K, reserved 1048576K
}
Event: 6.210 GC heap after
{Heap after GC invocations=11 (full 0):
 garbage-first heap   total 157696K, used 20589K [0x0000000080000000, 0x0000000100000000)
  region size 1024K, 9 young (9216K), 9 survivors (9216K)
 Metaspace       used 40828K, capacity 41982K, committed 42112K, reserved 1085440K
  class space    used 4929K, capacity 5398K, committed 5504K, reserved 1048576K
}
Event: 7.319 GC heap before
{Heap before GC invocations=11 (full 0):
 garbage-first heap   total 157696K, used 94317K [0x0000000080000000, 0x0000000100000000)
  region size 1024K, 81 young (82944K), 9 survivors (9216K)
 Metaspace       used 46602K, capacity 47814K, committed 47872K, reserved 1091584K
  class space    used 5891K, capacity 6378K, committed 6400K, reserved 1048576K
}
Event: 7.341 GC heap after
{Heap after GC invocations=12 (full 0):
 garbage-first heap   total 189440K, used 22692K [0x0000000080000000, 0x0000000100000000)
  region size 1024K, 8 young (8192K), 8 survivors (8192K)
 Metaspace       used 46602K, capacity 47814K, committed 47872K, reserved 1091584K
  class space    used 5891K, capacity 6378K, committed 6400K, reserved 1048576K
}
Event: 8.730 GC heap before
{Heap before GC invocations=12 (full 0):
 garbage-first heap   total 189440K, used 112804K [0x0000000080000000, 0x0000000100000000)
  region size 1024K, 97 young (99328K), 8 survivors (8192K)
 Metaspace       used 55577K, capacity 56932K, committed 57216K, reserved 1099776K
  class space    used 6972K, capacity 7522K, committed 7552K, reserved 1048576K
}
Event: 8.753 GC heap after
{Heap after GC invocations=13 (full 0):
 garbage-first heap   total 189440K, used 27865K [0x0000000080000000, 0x0000000100000000)
  region size 1024K, 12 young (12288K), 12 survivors (12288K)
 Metaspace       used 55577K, capacity 56932K, committed 57216K, reserved 1099776K
  class space    used 6972K, capacity 7522K, committed 7552K, reserved 1048576K
}
Event: 9.370 GC heap before
{Heap before GC invocations=13 (full 0):
 garbage-first heap   total 189440K, used 66777K [0x0000000080000000, 0x0000000100000000)
  region size 1024K, 51 young (52224K), 12 survivors (12288K)
 Metaspace       used 58614K, capacity 60045K, committed 60160K, reserved 1101824K
  class space    used 7392K, capacity 7936K, committed 7936K, reserved 1048576K
}
Event: 9.396 GC heap after
{Heap after GC invocations=14 (full 0):
 garbage-first heap   total 189440K, used 29527K [0x0000000080000000, 0x0000000100000000)
  region size 1024K, 7 young (7168K), 7 survivors (7168K)
 Metaspace       used 58614K, capacity 60045K, committed 60160K, reserved 1101824K
  class space    used 7392K, capacity 7936K, committed 7936K, reserved 1048576K
}
Event: 11.212 GC heap before
{Heap before GC invocations=15 (full 0):
 garbage-first heap   total 189440K, used 125783K [0x0000000080000000, 0x0000000100000000)
  region size 1024K, 102 young (104448K), 7 survivors (7168K)
 Metaspace       used 67084K, capacity 68648K, committed 68864K, reserved 1110016K
  class space    used 8606K, capacity 9214K, committed 9216K, reserved 1048576K
}
Event: 11.237 GC heap after
{Heap after GC invocations=16 (full 0):
 garbage-first heap   total 189440K, used 33745K [0x0000000080000000, 0x0000000100000000)
  region size 1024K, 6 young (6144K), 6 survivors (6144K)
 Metaspace       used 67084K, capacity 68648K, committed 68864K, reserved 1110016K
  class space    used 8606K, capacity 9214K, committed 9216K, reserved 1048576K
}
Event: 13.676 GC heap before
{Heap before GC invocations=16 (full 0):
 garbage-first heap   total 189440K, used 133073K [0x0000000080000000, 0x0000000100000000)
  region size 1024K, 104 young (106496K), 6 survivors (6144K)
 Metaspace       used 78348K, capacity 80387K, committed 80640K, reserved 1118208K
  class space    used 10085K, capacity 10903K, committed 11008K, reserved 1048576K
}
Event: 13.698 GC heap after
{Heap after GC invocations=17 (full 0):
 garbage-first heap   total 229376K, used 37841K [0x0000000080000000, 0x0000000100000000)
  region size 1024K, 10 young (10240K), 10 survivors (10240K)
 Metaspace       used 78348K, capacity 80387K, committed 80640K, reserved 1118208K
  class space    used 10085K, capacity 10903K, committed 11008K, reserved 1048576K
}

Deoptimization events (20 events):
Event: 13.565 Thread 0x000001a2628df800 Uncommon trap: trap_request=0xffffffde fr.pc=0x000001a272daa17c relative=0x000000000000005c
Event: 13.565 Thread 0x000001a2628df800 Uncommon trap: reason=class_check action=maybe_recompile pc=0x000001a272daa17c method=java.util.stream.StreamOpFlag.fromCharacteristics(Ljava/util/Spliterator;)I @ 14 c2
Event: 13.565 Thread 0x000001a2628df800 DEOPT PACKING pc=0x000001a272daa17c sp=0x000000791d6fc690
Event: 13.565 Thread 0x000001a2628df800 DEOPT UNPACKING pc=0x000001a26b04a1af sp=0x000000791d6fc620 mode 2
Event: 13.566 Thread 0x000001a2628df800 Uncommon trap: trap_request=0xffffff4d fr.pc=0x000001a272dffd80 relative=0x0000000000000aa0
Event: 13.566 Thread 0x000001a2628df800 Uncommon trap: reason=unstable_if action=reinterpret pc=0x000001a272dffd80 method=java.util.TreeMap.put(Ljava/lang/Object;Ljava/lang/Object;)Ljava/lang/Object; @ 163 c2
Event: 13.566 Thread 0x000001a2628df800 DEOPT PACKING pc=0x000001a272dffd80 sp=0x000000791d6fc740
Event: 13.566 Thread 0x000001a2628df800 DEOPT UNPACKING pc=0x000001a26b04a1af sp=0x000000791d6fc728 mode 2
Event: 13.566 Thread 0x000001a2628df800 Uncommon trap: trap_request=0xffffffde fr.pc=0x000001a272daa17c relative=0x000000000000005c
Event: 13.566 Thread 0x000001a2628df800 Uncommon trap: reason=class_check action=maybe_recompile pc=0x000001a272daa17c method=java.util.stream.StreamOpFlag.fromCharacteristics(Ljava/util/Spliterator;)I @ 14 c2
Event: 13.566 Thread 0x000001a2628df800 DEOPT PACKING pc=0x000001a272daa17c sp=0x000000791d6fc6d0
Event: 13.566 Thread 0x000001a2628df800 DEOPT UNPACKING pc=0x000001a26b04a1af sp=0x000000791d6fc660 mode 2
Event: 16.123 Thread 0x000001a2628df800 Uncommon trap: trap_request=0xffffff4d fr.pc=0x000001a272b4db70 relative=0x0000000000000050
Event: 16.123 Thread 0x000001a2628df800 Uncommon trap: reason=unstable_if action=reinterpret pc=0x000001a272b4db70 method=sun.net.util.IPAddressUtil.scan(Ljava/lang/String;JJ[C)I @ 14 c2
Event: 16.123 Thread 0x000001a2628df800 DEOPT PACKING pc=0x000001a272b4db70 sp=0x000000791d6fc790
Event: 16.123 Thread 0x000001a2628df800 DEOPT UNPACKING pc=0x000001a26b04a1af sp=0x000000791d6fc6e8 mode 2
Event: 16.984 Thread 0x000001a206ad6800 DEOPT PACKING pc=0x000001a26c33c0ee sp=0x000000791f5fecb0
Event: 16.984 Thread 0x000001a206ad6800 DEOPT UNPACKING pc=0x000001a26b04a95e sp=0x000000791f5fe180 mode 0
Event: 16.985 Thread 0x000001a206ad6800 DEOPT PACKING pc=0x000001a26c33c0ee sp=0x000000791f5fecb0
Event: 16.985 Thread 0x000001a206ad6800 DEOPT UNPACKING pc=0x000001a26b04a95e sp=0x000000791f5fe180 mode 0

Classes redefined (0 events):
No events

Internal exceptions (20 events):
Event: 12.057 Thread 0x000001a2628df800 Exception <a 'java/lang/reflect/InvocationTargetException'{0x00000000889edfc8}> (0x00000000889edfc8) thrown at [./src/hotspot/share/runtime/reflection.cpp, line 1247]
Event: 12.115 Thread 0x000001a2628df800 Exception <a 'java/lang/ClassNotFoundException'{0x00000000887d8d18}: java/lang/ObjectCustomizer> (0x00000000887d8d18) thrown at [./src/hotspot/share/classfile/systemDictionary.cpp, line 231]
Event: 12.116 Thread 0x000001a2628df800 Exception <a 'java/lang/ClassNotFoundException'{0x00000000887f1648}: pe/edu/upc/onewebs/ui/NewSeleneseITCustomizer> (0x00000000887f1648) thrown at [./src/hotspot/share/classfile/systemDictionary.cpp, line 231]
Event: 12.138 Thread 0x000001a2628df800 Exception <a 'java/lang/NoSuchMethodError'{0x00000000886d8e80}: 'java.lang.Object java.lang.invoke.DirectMethodHandle$Holder.invokeSpecial(java.lang.Object, java.lang.Object, java.lang.Object, java.lang.Object, java.lang.Object, int)'> (0x00000000886d8e80) thrown at [./src/hotspot/share/interpreter/linkResolver.cpp, line 773]
Event: 12.139 Thread 0x000001a2628df800 Exception <a 'java/lang/NoSuchMethodError'{0x00000000886dc578}: 'java.lang.Object java.lang.invoke.Invokers$Holder.linkToTargetMethod(java.lang.Object, java.lang.Object, java.lang.Object, int, java.lang.Object)'> (0x00000000886dc578) thrown at [./src/hotspot/share/interpreter/linkResolver.cpp, line 773]
Event: 12.238 Thread 0x000001a2628df800 Exception <a 'java/lang/ClassNotFoundException'{0x00000000881740c8}: java/lang/ClassLoader$ByteBuddyAccessor$Q1OglVoC> (0x00000000881740c8) thrown at [./src/hotspot/share/classfile/systemDictionary.cpp, line 231]
Event: 12.673 Thread 0x000001a2628df800 Exception <a 'sun/nio/fs/WindowsException'{0x0000000086f763b0}> (0x0000000086f763b0) thrown at [./src/hotspot/share/prims/jni.cpp, line 615]
Event: 12.857 Thread 0x000001a206479000 Exception <a 'java/lang/NoSuchMethodError'{0x0000000086622348}: 'void java.lang.invoke.DirectMethodHandle$Holder.invokeStatic(java.lang.Object, long)'> (0x0000000086622348) thrown at [./src/hotspot/share/interpreter/linkResolver.cpp, line 773]
Event: 12.857 Thread 0x000001a206479000 Exception <a 'java/lang/NoSuchMethodError'{0x0000000086627250}: 'java.lang.Object java.lang.invoke.DirectMethodHandle$Holder.invokeStatic(java.lang.Object, long)'> (0x0000000086627250) thrown at [./src/hotspot/share/interpreter/linkResolver.cpp, line 773]
Event: 12.859 Thread 0x000001a206479000 Exception <a 'java/lang/NoSuchMethodError'{0x0000000086634f00}: 'java.lang.Object java.lang.invoke.DirectMethodHandle$Holder.invokeStaticInit(java.lang.Object, java.lang.Object, long, java.lang.Object)'> (0x0000000086634f00) thrown at [./src/hotspot/share/interpreter/linkResolver.cpp, line 773]
Event: 12.859 Thread 0x000001a206479000 Exception <a 'java/lang/NoSuchMethodError'{0x000000008663a928}: 'java.lang.Object java.lang.invoke.DirectMethodHandle$Holder.invokeStatic(java.lang.Object, java.lang.Object, long)'> (0x000000008663a928) thrown at [./src/hotspot/share/interpreter/linkResolver.cpp, line 773]
Event: 12.860 Thread 0x000001a206479000 Exception <a 'java/lang/NoSuchMethodError'{0x0000000086640bf8}: 'java.lang.Object java.lang.invoke.Invokers$Holder.linkToTargetMethod(java.lang.Object, long, java.lang.Object)'> (0x0000000086640bf8) thrown at [./src/hotspot/share/interpreter/linkResolver.cpp, line 773]
Event: 13.430 Thread 0x000001a2628df800 Exception <a 'java/lang/IncompatibleClassChangeError'{0x00000000865cf610}: Found class java.lang.Object, but interface was expected> (0x00000000865cf610) thrown at [./src/hotspot/share/interpreter/linkResolver.cpp, line 839]
Event: 13.443 Thread 0x000001a2628df800 Exception <a 'java/lang/NoSuchMethodError'{0x00000000864a60c0}: 'double java.lang.invoke.DirectMethodHandle$Holder.invokeVirtual(java.lang.Object, java.lang.Object)'> (0x00000000864a60c0) thrown at [./src/hotspot/share/interpreter/linkResolver.cpp, line 773]
Event: 13.444 Thread 0x000001a2628df800 Exception <a 'java/lang/NoSuchMethodError'{0x00000000864ac100}: 'float java.lang.invoke.DirectMethodHandle$Holder.invokeVirtual(java.lang.Object, java.lang.Object)'> (0x00000000864ac100) thrown at [./src/hotspot/share/interpreter/linkResolver.cpp, line 773]
Event: 13.445 Thread 0x000001a2628df800 Exception <a 'java/lang/NoSuchMethodError'{0x00000000864b4118}: 'long java.lang.invoke.DirectMethodHandle$Holder.invokeVirtual(java.lang.Object, java.lang.Object)'> (0x00000000864b4118) thrown at [./src/hotspot/share/interpreter/linkResolver.cpp, line 773]
Event: 16.075 Thread 0x000001a2628df800 Exception <a 'java/lang/ClassNotFoundException'{0x000000008dad7060}: sun/misc/SharedSecrets> (0x000000008dad7060) thrown at [./src/hotspot/share/classfile/systemDictionary.cpp, line 231]
Event: 16.075 Thread 0x000001a2628df800 Exception <a 'java/lang/reflect/InvocationTargetException'{0x000000008dad7880}> (0x000000008dad7880) thrown at [./src/hotspot/share/runtime/reflection.cpp, line 1247]
Event: 16.075 Thread 0x000001a2628df800 Exception <a 'java/lang/NullPointerException'{0x000000008dad7ed0}> (0x000000008dad7ed0) thrown at [./src/hotspot/share/interpreter/linkResolver.cpp, line 1440]
Event: 16.075 Thread 0x000001a2628df800 Exception <a 'java/lang/reflect/InvocationTargetException'{0x000000008dad8448}> (0x000000008dad8448) thrown at [./src/hotspot/share/runtime/reflection.cpp, line 1247]

Events (20 events):
Event: 16.097 loading class org/apache/maven/surefire/api/report/SafeThrowable done
Event: 16.097 loading class java/util/ArrayList$SubList$1
Event: 16.097 loading class java/util/ArrayList$SubList$1 done
Event: 16.098 loading class org/apache/maven/surefire/report/SmartStackTraceParser
Event: 16.098 loading class org/apache/maven/surefire/report/SmartStackTraceParser done
Event: 16.099 loading class org/apache/maven/surefire/report/StackTraceFilter
Event: 16.099 loading class org/apache/maven/surefire/report/StackTraceFilter done
Event: 16.100 loading class org/apache/maven/surefire/report/ClassNameStackTraceFilter
Event: 16.100 loading class org/apache/maven/surefire/report/ClassNameStackTraceFilter done
Event: 16.116 loading class org/springframework/restdocs/ManualRestDocumentation
Event: 16.116 loading class org/springframework/restdocs/ManualRestDocumentation done
Event: 16.117 loading class org/springframework/restdocs$ManualRestDocumentation
Event: 16.117 loading class org/springframework/restdocs$ManualRestDocumentation done
Event: 16.125 Thread 0x000001a206474000 Thread added: 0x000001a206474000
Event: 16.128 Executing VM operation: RevokeBias
Event: 16.128 Executing VM operation: RevokeBias done
Event: 16.135 Thread 0x000001a206ad5000 Thread added: 0x000001a206ad5000
Event: 16.135 Thread 0x000001a206ad6800 Thread added: 0x000001a206ad6800
Event: 16.978 Executing VM operation: RevokeBias
Event: 16.978 Executing VM operation: RevokeBias done


Dynamic libraries:
0x00007ff798280000 - 0x00007ff79828d000 	C:\Program Files\Eclipse Foundation\jdk-11.0.12.7-hotspot\bin\java.exe
0x00007ff869a30000 - 0x00007ff869c25000 	C:\Windows\SYSTEM32\ntdll.dll
0x00007ff868970000 - 0x00007ff868a2e000 	C:\Windows\System32\KERNEL32.DLL
0x00007ff8675f0000 - 0x00007ff8678b9000 	C:\Windows\System32\KERNELBASE.dll
0x00007ff867290000 - 0x00007ff867390000 	C:\Windows\System32\ucrtbase.dll
0x00007ff85dc90000 - 0x00007ff85dca7000 	C:\Program Files\Eclipse Foundation\jdk-11.0.12.7-hotspot\bin\jli.dll
0x00007ff868d20000 - 0x00007ff868ec1000 	C:\Windows\System32\USER32.dll
0x00007ff867150000 - 0x00007ff867172000 	C:\Windows\System32\win32u.dll
0x00007ff8683f0000 - 0x00007ff86841b000 	C:\Windows\System32\GDI32.dll
0x00007ff867180000 - 0x00007ff86728b000 	C:\Windows\System32\gdi32full.dll
0x00007ff867390000 - 0x00007ff86742d000 	C:\Windows\System32\msvcp_win.dll
0x00007ff85dcb0000 - 0x00007ff85dcc5000 	C:\Program Files\Eclipse Foundation\jdk-11.0.12.7-hotspot\bin\VCRUNTIME140.dll
0x00007ff854300000 - 0x00007ff85459a000 	C:\Windows\WinSxS\amd64_microsoft.windows.common-controls_6595b64144ccf1df_6.0.19041.1110_none_60b5254171f9507e\COMCTL32.dll
0x00007ff8698d0000 - 0x00007ff86996e000 	C:\Windows\System32\msvcrt.dll
0x00007ff868bc0000 - 0x00007ff868bf0000 	C:\Windows\System32\IMM32.DLL
0x00007ff85dae0000 - 0x00007ff85db7b000 	C:\Program Files\Eclipse Foundation\jdk-11.0.12.7-hotspot\bin\msvcp140.dll
0x00007ff8537a0000 - 0x00007ff8542f9000 	C:\Program Files\Eclipse Foundation\jdk-11.0.12.7-hotspot\bin\server\jvm.dll
0x00007ff8693b0000 - 0x00007ff86945c000 	C:\Windows\System32\ADVAPI32.dll
0x00007ff868a30000 - 0x00007ff868acb000 	C:\Windows\System32\sechost.dll
0x00007ff868790000 - 0x00007ff8688ba000 	C:\Windows\System32\RPCRT4.dll
0x00007ff8694d0000 - 0x00007ff8694d8000 	C:\Windows\System32\PSAPI.DLL
0x00007ff85dc60000 - 0x00007ff85dc69000 	C:\Windows\SYSTEM32\WSOCK32.dll
0x00007ff869460000 - 0x00007ff8694cb000 	C:\Windows\System32\WS2_32.dll
0x00007ff85db90000 - 0x00007ff85dbb7000 	C:\Windows\SYSTEM32\WINMM.dll
0x00007ff85eb10000 - 0x00007ff85eb1a000 	C:\Windows\SYSTEM32\VERSION.dll
0x00007ff864f90000 - 0x00007ff864fa2000 	C:\Windows\SYSTEM32\kernel.appcore.dll
0x00007ff85db80000 - 0x00007ff85db90000 	C:\Program Files\Eclipse Foundation\jdk-11.0.12.7-hotspot\bin\verify.dll
0x00007ff858b30000 - 0x00007ff858d14000 	C:\Windows\SYSTEM32\DBGHELP.DLL
0x00007ff858b00000 - 0x00007ff858b2c000 	C:\Windows\SYSTEM32\dbgcore.DLL
0x00007ff8679f0000 - 0x00007ff867a73000 	C:\Windows\System32\bcryptPrimitives.dll
0x00007ff85dab0000 - 0x00007ff85dad8000 	C:\Program Files\Eclipse Foundation\jdk-11.0.12.7-hotspot\bin\java.dll
0x00007ff85daa0000 - 0x00007ff85daaa000 	C:\Program Files\Eclipse Foundation\jdk-11.0.12.7-hotspot\bin\jimage.dll
0x00007ff85da80000 - 0x00007ff85da97000 	C:\Program Files\Eclipse Foundation\jdk-11.0.12.7-hotspot\bin\zip.dll
0x00007ff867c20000 - 0x00007ff86835f000 	C:\Windows\System32\SHELL32.dll
0x00007ff865270000 - 0x00007ff865a00000 	C:\Windows\SYSTEM32\windows.storage.dll
0x00007ff868420000 - 0x00007ff868775000 	C:\Windows\System32\combase.dll
0x00007ff866ad0000 - 0x00007ff866afc000 	C:\Windows\SYSTEM32\Wldp.dll
0x00007ff8688c0000 - 0x00007ff86896d000 	C:\Windows\System32\SHCORE.dll
0x00007ff867ae0000 - 0x00007ff867b35000 	C:\Windows\System32\shlwapi.dll
0x00007ff867090000 - 0x00007ff8670af000 	C:\Windows\SYSTEM32\profapi.dll
0x00007ff85da60000 - 0x00007ff85da79000 	C:\Program Files\Eclipse Foundation\jdk-11.0.12.7-hotspot\bin\net.dll
0x00007ff85e870000 - 0x00007ff85e978000 	C:\Windows\SYSTEM32\WINHTTP.dll
0x00007ff866830000 - 0x00007ff86689a000 	C:\Windows\system32\mswsock.dll
0x00007ff85da40000 - 0x00007ff85da52000 	C:\Program Files\Eclipse Foundation\jdk-11.0.12.7-hotspot\bin\nio.dll
0x00007ff85da30000 - 0x00007ff85da39000 	C:\Program Files\Eclipse Foundation\jdk-11.0.12.7-hotspot\bin\management.dll
0x00007ff853400000 - 0x00007ff85340b000 	C:\Program Files\Eclipse Foundation\jdk-11.0.12.7-hotspot\bin\management_ext.dll
0x00007ff850f60000 - 0x00007ff850f77000 	C:\Windows\system32\napinsp.dll
0x00007ff850f40000 - 0x00007ff850f5b000 	C:\Windows\system32\pnrpnsp.dll
0x00007ff84efa0000 - 0x00007ff84efb5000 	C:\Windows\system32\wshbth.dll
0x00007ff862b40000 - 0x00007ff862b5d000 	C:\Windows\system32\NLAapi.dll
0x00007ff866520000 - 0x00007ff86655b000 	C:\Windows\SYSTEM32\IPHLPAPI.DLL
0x00007ff866560000 - 0x00007ff86662c000 	C:\Windows\SYSTEM32\DNSAPI.dll
0x00007ff8695f0000 - 0x00007ff8695f8000 	C:\Windows\System32\NSI.dll
0x00007ff84ef80000 - 0x00007ff84ef92000 	C:\Windows\System32\winrnr.dll
0x00007ff85e290000 - 0x00007ff85e29a000 	C:\Windows\System32\rasadhlp.dll
0x00007ff85e790000 - 0x00007ff85e80f000 	C:\Windows\System32\fwpuclnt.dll
0x00007ff867970000 - 0x00007ff867997000 	C:\Windows\System32\bcrypt.dll
0x00007ff866a20000 - 0x00007ff866a38000 	C:\Windows\SYSTEM32\CRYPTSP.dll
0x00007ff8661b0000 - 0x00007ff8661e4000 	C:\Windows\system32\rsaenh.dll
0x00007ff867010000 - 0x00007ff86703e000 	C:\Windows\SYSTEM32\USERENV.dll
0x00007ff866a40000 - 0x00007ff866a4c000 	C:\Windows\SYSTEM32\CRYPTBASE.dll
0x00007ff85f510000 - 0x00007ff85f527000 	C:\Windows\SYSTEM32\dhcpcsvc6.DLL
0x00007ff85f4f0000 - 0x00007ff85f50d000 	C:\Windows\SYSTEM32\dhcpcsvc.DLL
0x00007ff853540000 - 0x00007ff85354e000 	C:\Program Files\Eclipse Foundation\jdk-11.0.12.7-hotspot\bin\sunmscapi.dll
0x00007ff867490000 - 0x00007ff8675e6000 	C:\Windows\System32\CRYPT32.dll
0x00007ff866b40000 - 0x00007ff866b67000 	C:\Windows\SYSTEM32\ncrypt.dll
0x00007ff866b00000 - 0x00007ff866b3b000 	C:\Windows\SYSTEM32\NTASN1.dll
0x00007ff852d50000 - 0x00007ff852d75000 	C:\Program Files\Eclipse Foundation\jdk-11.0.12.7-hotspot\bin\sunec.dll

dbghelp: loaded successfully - version: 4.0.5 - missing functions: none
symbol engine: initialized successfully - sym options: 0x614 - pdb path: .;C:\Program Files\Eclipse Foundation\jdk-11.0.12.7-hotspot\bin;C:\Windows\SYSTEM32;C:\Windows\WinSxS\amd64_microsoft.windows.common-controls_6595b64144ccf1df_6.0.19041.1110_none_60b5254171f9507e;C:\Program Files\Eclipse Foundation\jdk-11.0.12.7-hotspot\bin\server

VM Arguments:
java_command: C:\Users\usuario_devops\AppData\Local\Temp\surefire12541490586104569408\surefirebooter8697553495498365960.jar C:\Users\usuario_devops\AppData\Local\Temp\surefire12541490586104569408 2021-11-03T18-05-51_640-jvmRun1 surefire11659067744059084404tmp surefire_011739431117387631937tmp
java_class_path (initial): C:\Users\usuario_devops\AppData\Local\Temp\surefire12541490586104569408\surefirebooter8697553495498365960.jar
Launcher Type: SUN_STANDARD

[Global flags]
     intx CICompilerCount                          = 2                                         {product} {ergonomic}
     uint ConcGCThreads                            = 1                                         {product} {ergonomic}
     uint G1ConcRefinementThreads                  = 2                                         {product} {ergonomic}
   size_t G1HeapRegionSize                         = 1048576                                   {product} {ergonomic}
    uintx GCDrainStackTargetSize                   = 64                                        {product} {ergonomic}
   size_t InitialHeapSize                          = 134217728                                 {product} {ergonomic}
   size_t MarkStackSize                            = 4194304                                   {product} {ergonomic}
   size_t MaxHeapSize                              = 2147483648                                {product} {ergonomic}
   size_t MaxNewSize                               = 1287651328                                {product} {ergonomic}
   size_t MinHeapDeltaBytes                        = 1048576                                   {product} {ergonomic}
    uintx NonNMethodCodeHeapSize                   = 5825164                                {pd product} {ergonomic}
    uintx NonProfiledCodeHeapSize                  = 122916538                              {pd product} {ergonomic}
    uintx ProfiledCodeHeapSize                     = 122916538                              {pd product} {ergonomic}
    uintx ReservedCodeCacheSize                    = 251658240                              {pd product} {ergonomic}
     bool SegmentedCodeCache                       = true                                      {product} {ergonomic}
     bool UseCompressedClassPointers               = true                                 {lp64_product} {ergonomic}
     bool UseCompressedOops                        = true                                 {lp64_product} {ergonomic}
     bool UseG1GC                                  = true                                      {product} {ergonomic}
     bool UseLargePagesIndividualAllocation        = false                                  {pd product} {ergonomic}

Logging:
Log output configuration:
 #0: stdout all=warning uptime,level,tags
 #1: stderr all=off uptime,level,tags

Environment Variables:
JAVA_HOME=C:\Program Files\Eclipse Foundation\jdk-11.0.12.7-hotspot\
PATH=C:\Program Files\Eclipse Foundation\jdk-11.0.12.7-hotspot\bin;C:\Program Files (x86)\Common Files\Oracle\Java\javapath;C:\Windows\system32;C:\Windows;C:\Windows\System32\Wbem;C:\Windows\System32\WindowsPowerShell\v1.0\;C:\Windows\System32\OpenSSH\;C:\Program Files\Git\cmd;C:\Users\usuario_devops\AppData\Local\Microsoft\WindowsApps;C:\Program Files\JetBrains\IntelliJ IDEA 2021.2.1\bin;;C:\Users\usuario_devops\.m2\wrapper\dists\apache-maven-3.6.3-bin\1iopthnavndlasol9gbrbg6bf2\apache-maven-3.6.3\bin;
USERNAME=usuario_devops
OS=Windows_NT
PROCESSOR_IDENTIFIER=Intel64 Family 6 Model 85 Stepping 4, GenuineIntel



---------------  S Y S T E M  ---------------

OS: Windows 10 , 64 bit Build 19041 (10.0.19041.1202)
OS uptime: 0 days 2:29 hours
Hyper-V virtualization detected

CPU:total 2 (initial active 2) (2 cores per cpu, 1 threads per core) family 6 model 85 stepping 4 microcode 0xffffffff, cmov, cx8, fxsr, mmx, sse, sse2, sse3, ssse3, sse4.1, sse4.2, popcnt, avx, avx2, aes, clmul, erms, rtm, 3dnowpref, lzcnt, tsc, bmi1, bmi2, adx, fma

Memory: 4k page, system-wide physical 8191M (598M free)
TotalPageFile size 10239M (AvailPageFile size 4M)
current process WorkingSet (physical memory assigned to process): 381M, peak: 381M
current process commit charge ("private bytes"): 425M, peak: 459M

vm_info: OpenJDK 64-Bit Server VM (11.0.12+7) for windows-amd64 JRE (11.0.12+7), built on Jul 21 2021 16:23:49 by "" with unknown MS VC++:1916

END.
